[2024-11-22T13:10:17.319+0000] {local_task_job_runner.py:123} INFO - ::group::Pre task execution logs
[2024-11-22T13:10:17.379+0000] {taskinstance.py:2613} INFO - Dependencies all met for dep_context=non-requeueable deps ti=<TaskInstance: fetch_and_store_amazon_books.create_table scheduled__2024-06-24T00:00:00+00:00 [queued]>
[2024-11-22T13:10:17.439+0000] {taskinstance.py:2613} INFO - Dependencies all met for dep_context=requeueable deps ti=<TaskInstance: fetch_and_store_amazon_books.create_table scheduled__2024-06-24T00:00:00+00:00 [queued]>
[2024-11-22T13:10:17.441+0000] {taskinstance.py:2866} INFO - Starting attempt 2 of 2
[2024-11-22T13:10:17.498+0000] {taskinstance.py:2889} INFO - Executing <Task(PostgresOperator): create_table> on 2024-06-24 00:00:00+00:00
[2024-11-22T13:10:17.526+0000] {warnings.py:112} WARNING - /home/***/.local/lib/python3.12/site-packages/***/task/task_runner/standard_task_runner.py:70: DeprecationWarning: This process (pid=520) is multi-threaded, use of fork() may lead to deadlocks in the child.
  pid = os.fork()

[2024-11-22T13:10:17.529+0000] {standard_task_runner.py:72} INFO - Started process 542 to run task
[2024-11-22T13:10:17.539+0000] {standard_task_runner.py:104} INFO - Running: ['***', 'tasks', 'run', 'fetch_and_store_amazon_books', 'create_table', 'scheduled__2024-06-24T00:00:00+00:00', '--job-id', '45', '--raw', '--subdir', 'DAGS_FOLDER/dag.py', '--cfg-path', '/tmp/tmphvmluig6']
[2024-11-22T13:10:17.541+0000] {standard_task_runner.py:105} INFO - Job 45: Subtask create_table
[2024-11-22T13:10:17.894+0000] {task_command.py:467} INFO - Running <TaskInstance: fetch_and_store_amazon_books.create_table scheduled__2024-06-24T00:00:00+00:00 [running]> on host cda6774c7b37
[2024-11-22T13:10:18.621+0000] {taskinstance.py:3132} INFO - Exporting env vars: AIRFLOW_CTX_DAG_OWNER='***' AIRFLOW_CTX_DAG_ID='fetch_and_store_amazon_books' AIRFLOW_CTX_TASK_ID='create_table' AIRFLOW_CTX_EXECUTION_DATE='2024-06-24T00:00:00+00:00' AIRFLOW_CTX_TRY_NUMBER='2' AIRFLOW_CTX_DAG_RUN_ID='scheduled__2024-06-24T00:00:00+00:00'
[2024-11-22T13:10:18.629+0000] {logging_mixin.py:190} INFO - Task instance is in running state
[2024-11-22T13:10:18.631+0000] {logging_mixin.py:190} INFO -  Previous state of the Task instance: queued
[2024-11-22T13:10:18.632+0000] {logging_mixin.py:190} INFO - Current task name:create_table state:running start_date:2024-11-22 13:10:17.384561+00:00
[2024-11-22T13:10:18.633+0000] {logging_mixin.py:190} INFO - Dag name:fetch_and_store_amazon_books and current dag run status:running
[2024-11-22T13:10:18.634+0000] {taskinstance.py:731} INFO - ::endgroup::
[2024-11-22T13:10:18.636+0000] {sql.py:278} INFO - Executing: 
    CREATE TABLE IF NOT EXISTS books (
        id SERIAL PRIMARY KEY,
        title TEXT NOT NULL,
        authors TEXT,
        price TEXT,
        rating TEXT
    );
    
[2024-11-22T13:10:18.666+0000] {base.py:84} INFO - Retrieving connection 'books_connection'
[2024-11-22T13:10:18.691+0000] {base.py:84} INFO - Retrieving connection 'books_connection'
[2024-11-22T13:10:18.710+0000] {sql.py:544} INFO - Running statement: 
    CREATE TABLE IF NOT EXISTS books (
        id SERIAL PRIMARY KEY,
        title TEXT NOT NULL,
        authors TEXT,
        price TEXT,
        rating TEXT
    );
    , parameters: None
[2024-11-22T13:10:18.744+0000] {taskinstance.py:340} INFO - ::group::Post task execution logs
[2024-11-22T13:10:18.746+0000] {taskinstance.py:352} INFO - Marking task as SUCCESS. dag_id=fetch_and_store_amazon_books, task_id=create_table, run_id=scheduled__2024-06-24T00:00:00+00:00, execution_date=20240624T000000, start_date=20241122T131017, end_date=20241122T131018
[2024-11-22T13:10:18.776+0000] {logging_mixin.py:190} INFO - Task instance in success state
[2024-11-22T13:10:18.777+0000] {logging_mixin.py:190} INFO -  Previous state of the Task instance: running
[2024-11-22T13:10:18.782+0000] {logging_mixin.py:190} INFO - Dag name:fetch_and_store_amazon_books queued_at:2024-11-22 13:03:06.167162+00:00
[2024-11-22T13:10:18.783+0000] {logging_mixin.py:190} INFO - Task hostname:cda6774c7b37 operator:PostgresOperator
[2024-11-22T13:10:18.846+0000] {local_task_job_runner.py:266} INFO - Task exited with return code 0
[2024-11-22T13:10:19.005+0000] {taskinstance.py:3895} INFO - 1 downstream tasks scheduled from follow-on schedule check
[2024-11-22T13:10:19.014+0000] {local_task_job_runner.py:245} INFO - ::endgroup::
