[2024-11-22T13:11:45.202+0000] {local_task_job_runner.py:123} INFO - ::group::Pre task execution logs
[2024-11-22T13:11:45.220+0000] {taskinstance.py:2613} INFO - Dependencies all met for dep_context=non-requeueable deps ti=<TaskInstance: fetch_and_store_amazon_books.create_table manual__2024-11-22T13:06:25.321741+00:00 [queued]>
[2024-11-22T13:11:45.230+0000] {taskinstance.py:2613} INFO - Dependencies all met for dep_context=requeueable deps ti=<TaskInstance: fetch_and_store_amazon_books.create_table manual__2024-11-22T13:06:25.321741+00:00 [queued]>
[2024-11-22T13:11:45.230+0000] {taskinstance.py:2866} INFO - Starting attempt 1 of 2
[2024-11-22T13:11:45.250+0000] {taskinstance.py:2889} INFO - Executing <Task(PostgresOperator): create_table> on 2024-11-22 13:06:25.321741+00:00
[2024-11-22T13:11:45.262+0000] {warnings.py:112} WARNING - /home/***/.local/lib/python3.12/site-packages/***/task/task_runner/standard_task_runner.py:70: DeprecationWarning: This process (pid=651) is multi-threaded, use of fork() may lead to deadlocks in the child.
  pid = os.fork()

[2024-11-22T13:11:45.264+0000] {standard_task_runner.py:72} INFO - Started process 655 to run task
[2024-11-22T13:11:45.266+0000] {standard_task_runner.py:104} INFO - Running: ['***', 'tasks', 'run', 'fetch_and_store_amazon_books', 'create_table', 'manual__2024-11-22T13:06:25.321741+00:00', '--job-id', '71', '--raw', '--subdir', 'DAGS_FOLDER/dag.py', '--cfg-path', '/tmp/tmpqu1qoijo']
[2024-11-22T13:11:45.268+0000] {standard_task_runner.py:105} INFO - Job 71: Subtask create_table
[2024-11-22T13:11:45.319+0000] {task_command.py:467} INFO - Running <TaskInstance: fetch_and_store_amazon_books.create_table manual__2024-11-22T13:06:25.321741+00:00 [running]> on host cda6774c7b37
[2024-11-22T13:11:45.403+0000] {taskinstance.py:3132} INFO - Exporting env vars: AIRFLOW_CTX_DAG_OWNER='***' AIRFLOW_CTX_DAG_ID='fetch_and_store_amazon_books' AIRFLOW_CTX_TASK_ID='create_table' AIRFLOW_CTX_EXECUTION_DATE='2024-11-22T13:06:25.321741+00:00' AIRFLOW_CTX_TRY_NUMBER='1' AIRFLOW_CTX_DAG_RUN_ID='manual__2024-11-22T13:06:25.321741+00:00'
[2024-11-22T13:11:45.404+0000] {logging_mixin.py:190} INFO - Task instance is in running state
[2024-11-22T13:11:45.404+0000] {logging_mixin.py:190} INFO -  Previous state of the Task instance: queued
[2024-11-22T13:11:45.405+0000] {logging_mixin.py:190} INFO - Current task name:create_table state:running start_date:2024-11-22 13:11:45.220983+00:00
[2024-11-22T13:11:45.405+0000] {logging_mixin.py:190} INFO - Dag name:fetch_and_store_amazon_books and current dag run status:running
[2024-11-22T13:11:45.405+0000] {taskinstance.py:731} INFO - ::endgroup::
[2024-11-22T13:11:45.406+0000] {sql.py:278} INFO - Executing: 
    CREATE TABLE IF NOT EXISTS books (
        id SERIAL PRIMARY KEY,
        title TEXT NOT NULL,
        authors TEXT,
        price TEXT,
        rating TEXT
    );
    
[2024-11-22T13:11:45.415+0000] {base.py:84} INFO - Retrieving connection 'books_connection'
[2024-11-22T13:11:45.423+0000] {base.py:84} INFO - Retrieving connection 'books_connection'
[2024-11-22T13:11:45.429+0000] {sql.py:544} INFO - Running statement: 
    CREATE TABLE IF NOT EXISTS books (
        id SERIAL PRIMARY KEY,
        title TEXT NOT NULL,
        authors TEXT,
        price TEXT,
        rating TEXT
    );
    , parameters: None
[2024-11-22T13:11:45.439+0000] {taskinstance.py:340} INFO - ::group::Post task execution logs
[2024-11-22T13:11:45.440+0000] {taskinstance.py:352} INFO - Marking task as SUCCESS. dag_id=fetch_and_store_amazon_books, task_id=create_table, run_id=manual__2024-11-22T13:06:25.321741+00:00, execution_date=20241122T130625, start_date=20241122T131145, end_date=20241122T131145
[2024-11-22T13:11:45.453+0000] {logging_mixin.py:190} INFO - Task instance in success state
[2024-11-22T13:11:45.453+0000] {logging_mixin.py:190} INFO -  Previous state of the Task instance: running
[2024-11-22T13:11:45.454+0000] {logging_mixin.py:190} INFO - Dag name:fetch_and_store_amazon_books queued_at:2024-11-22 13:06:25.414315+00:00
[2024-11-22T13:11:45.454+0000] {logging_mixin.py:190} INFO - Task hostname:cda6774c7b37 operator:PostgresOperator
[2024-11-22T13:11:45.480+0000] {local_task_job_runner.py:266} INFO - Task exited with return code 0
[2024-11-22T13:11:45.511+0000] {taskinstance.py:3895} INFO - 1 downstream tasks scheduled from follow-on schedule check
[2024-11-22T13:11:45.513+0000] {local_task_job_runner.py:245} INFO - ::endgroup::
