[2024-11-22T13:10:37.725+0000] {local_task_job_runner.py:123} INFO - ::group::Pre task execution logs
[2024-11-22T13:10:37.815+0000] {taskinstance.py:2613} INFO - Dependencies all met for dep_context=non-requeueable deps ti=<TaskInstance: fetch_and_store_amazon_books.create_table scheduled__2024-06-22T00:00:00+00:00 [queued]>
[2024-11-22T13:10:37.867+0000] {taskinstance.py:2613} INFO - Dependencies all met for dep_context=requeueable deps ti=<TaskInstance: fetch_and_store_amazon_books.create_table scheduled__2024-06-22T00:00:00+00:00 [queued]>
[2024-11-22T13:10:37.869+0000] {taskinstance.py:2866} INFO - Starting attempt 2 of 2
[2024-11-22T13:10:37.941+0000] {taskinstance.py:2889} INFO - Executing <Task(PostgresOperator): create_table> on 2024-06-22 00:00:00+00:00
[2024-11-22T13:10:37.973+0000] {warnings.py:112} WARNING - /home/***/.local/lib/python3.12/site-packages/***/task/task_runner/standard_task_runner.py:70: DeprecationWarning: This process (pid=556) is multi-threaded, use of fork() may lead to deadlocks in the child.
  pid = os.fork()

[2024-11-22T13:10:37.975+0000] {standard_task_runner.py:72} INFO - Started process 593 to run task
[2024-11-22T13:10:37.983+0000] {standard_task_runner.py:104} INFO - Running: ['***', 'tasks', 'run', 'fetch_and_store_amazon_books', 'create_table', 'scheduled__2024-06-22T00:00:00+00:00', '--job-id', '56', '--raw', '--subdir', 'DAGS_FOLDER/dag.py', '--cfg-path', '/tmp/tmpbotj7hse']
[2024-11-22T13:10:37.986+0000] {standard_task_runner.py:105} INFO - Job 56: Subtask create_table
[2024-11-22T13:10:38.271+0000] {task_command.py:467} INFO - Running <TaskInstance: fetch_and_store_amazon_books.create_table scheduled__2024-06-22T00:00:00+00:00 [running]> on host cda6774c7b37
[2024-11-22T13:10:38.771+0000] {taskinstance.py:3132} INFO - Exporting env vars: AIRFLOW_CTX_DAG_OWNER='***' AIRFLOW_CTX_DAG_ID='fetch_and_store_amazon_books' AIRFLOW_CTX_TASK_ID='create_table' AIRFLOW_CTX_EXECUTION_DATE='2024-06-22T00:00:00+00:00' AIRFLOW_CTX_TRY_NUMBER='2' AIRFLOW_CTX_DAG_RUN_ID='scheduled__2024-06-22T00:00:00+00:00'
[2024-11-22T13:10:38.796+0000] {logging_mixin.py:190} INFO - Task instance is in running state
[2024-11-22T13:10:38.799+0000] {logging_mixin.py:190} INFO -  Previous state of the Task instance: queued
[2024-11-22T13:10:38.804+0000] {logging_mixin.py:190} INFO - Current task name:create_table state:running start_date:2024-11-22 13:10:37.819029+00:00
[2024-11-22T13:10:38.806+0000] {logging_mixin.py:190} INFO - Dag name:fetch_and_store_amazon_books and current dag run status:running
[2024-11-22T13:10:38.808+0000] {taskinstance.py:731} INFO - ::endgroup::
[2024-11-22T13:10:38.811+0000] {sql.py:278} INFO - Executing: 
    CREATE TABLE IF NOT EXISTS books (
        id SERIAL PRIMARY KEY,
        title TEXT NOT NULL,
        authors TEXT,
        price TEXT,
        rating TEXT
    );
    
[2024-11-22T13:10:38.854+0000] {base.py:84} INFO - Retrieving connection 'books_connection'
[2024-11-22T13:10:38.897+0000] {base.py:84} INFO - Retrieving connection 'books_connection'
[2024-11-22T13:10:38.920+0000] {sql.py:544} INFO - Running statement: 
    CREATE TABLE IF NOT EXISTS books (
        id SERIAL PRIMARY KEY,
        title TEXT NOT NULL,
        authors TEXT,
        price TEXT,
        rating TEXT
    );
    , parameters: None
[2024-11-22T13:10:38.976+0000] {taskinstance.py:340} INFO - ::group::Post task execution logs
[2024-11-22T13:10:38.979+0000] {taskinstance.py:352} INFO - Marking task as SUCCESS. dag_id=fetch_and_store_amazon_books, task_id=create_table, run_id=scheduled__2024-06-22T00:00:00+00:00, execution_date=20240622T000000, start_date=20241122T131037, end_date=20241122T131038
[2024-11-22T13:10:39.016+0000] {logging_mixin.py:190} INFO - Task instance in success state
[2024-11-22T13:10:39.016+0000] {logging_mixin.py:190} INFO -  Previous state of the Task instance: running
[2024-11-22T13:10:39.017+0000] {logging_mixin.py:190} INFO - Dag name:fetch_and_store_amazon_books queued_at:2024-11-22 13:03:05.660094+00:00
[2024-11-22T13:10:39.018+0000] {logging_mixin.py:190} INFO - Task hostname:cda6774c7b37 operator:PostgresOperator
[2024-11-22T13:10:39.072+0000] {local_task_job_runner.py:266} INFO - Task exited with return code 0
[2024-11-22T13:10:39.156+0000] {taskinstance.py:3895} INFO - 1 downstream tasks scheduled from follow-on schedule check
[2024-11-22T13:10:39.158+0000] {local_task_job_runner.py:245} INFO - ::endgroup::
