[2024-11-22T14:36:14.708+0000] {local_task_job_runner.py:123} INFO - ::group::Pre task execution logs
[2024-11-22T14:36:14.725+0000] {taskinstance.py:2613} INFO - Dependencies all met for dep_context=non-requeueable deps ti=<TaskInstance: fetch_and_store_amazon_books.fetch_book_data manual__2024-11-22T14:36:10.315231+00:00 [queued]>
[2024-11-22T14:36:14.733+0000] {taskinstance.py:2613} INFO - Dependencies all met for dep_context=requeueable deps ti=<TaskInstance: fetch_and_store_amazon_books.fetch_book_data manual__2024-11-22T14:36:10.315231+00:00 [queued]>
[2024-11-22T14:36:14.733+0000] {taskinstance.py:2866} INFO - Starting attempt 1 of 2
[2024-11-22T14:36:14.746+0000] {taskinstance.py:2889} INFO - Executing <Task(PythonOperator): fetch_book_data> on 2024-11-22 14:36:10.315231+00:00
[2024-11-22T14:36:14.756+0000] {warnings.py:112} WARNING - /home/***/.local/lib/python3.12/site-packages/***/task/task_runner/standard_task_runner.py:70: DeprecationWarning: This process (pid=1804) is multi-threaded, use of fork() may lead to deadlocks in the child.
  pid = os.fork()

[2024-11-22T14:36:14.757+0000] {standard_task_runner.py:72} INFO - Started process 1806 to run task
[2024-11-22T14:36:14.758+0000] {standard_task_runner.py:104} INFO - Running: ['***', 'tasks', 'run', 'fetch_and_store_amazon_books', 'fetch_book_data', 'manual__2024-11-22T14:36:10.315231+00:00', '--job-id', '88', '--raw', '--subdir', 'DAGS_FOLDER/dag.py', '--cfg-path', '/tmp/tmp32gaegrw']
[2024-11-22T14:36:14.759+0000] {standard_task_runner.py:105} INFO - Job 88: Subtask fetch_book_data
[2024-11-22T14:36:14.806+0000] {task_command.py:467} INFO - Running <TaskInstance: fetch_and_store_amazon_books.fetch_book_data manual__2024-11-22T14:36:10.315231+00:00 [running]> on host cda6774c7b37
[2024-11-22T14:36:14.903+0000] {taskinstance.py:3132} INFO - Exporting env vars: AIRFLOW_CTX_DAG_OWNER='***' AIRFLOW_CTX_DAG_ID='fetch_and_store_amazon_books' AIRFLOW_CTX_TASK_ID='fetch_book_data' AIRFLOW_CTX_EXECUTION_DATE='2024-11-22T14:36:10.315231+00:00' AIRFLOW_CTX_TRY_NUMBER='1' AIRFLOW_CTX_DAG_RUN_ID='manual__2024-11-22T14:36:10.315231+00:00'
[2024-11-22T14:36:14.905+0000] {logging_mixin.py:190} INFO - Task instance is in running state
[2024-11-22T14:36:14.905+0000] {logging_mixin.py:190} INFO -  Previous state of the Task instance: queued
[2024-11-22T14:36:14.905+0000] {logging_mixin.py:190} INFO - Current task name:fetch_book_data state:running start_date:2024-11-22 14:36:14.725570+00:00
[2024-11-22T14:36:14.906+0000] {logging_mixin.py:190} INFO - Dag name:fetch_and_store_amazon_books and current dag run status:running
[2024-11-22T14:36:14.906+0000] {taskinstance.py:731} INFO - ::endgroup::
[2024-11-22T14:36:15.053+0000] {logging_mixin.py:190} INFO - Failed to retrieve the page
[2024-11-22T14:36:15.102+0000] {python.py:240} INFO - Done. Returned value was: None
[2024-11-22T14:36:15.134+0000] {taskinstance.py:340} INFO - ::group::Post task execution logs
[2024-11-22T14:36:15.136+0000] {taskinstance.py:352} INFO - Marking task as SUCCESS. dag_id=fetch_and_store_amazon_books, task_id=fetch_book_data, run_id=manual__2024-11-22T14:36:10.315231+00:00, execution_date=20241122T143610, start_date=20241122T143614, end_date=20241122T143615
[2024-11-22T14:36:15.164+0000] {logging_mixin.py:190} INFO - Task instance in success state
[2024-11-22T14:36:15.166+0000] {logging_mixin.py:190} INFO -  Previous state of the Task instance: running
[2024-11-22T14:36:15.166+0000] {logging_mixin.py:190} INFO - Dag name:fetch_and_store_amazon_books queued_at:2024-11-22 14:36:10.379735+00:00
[2024-11-22T14:36:15.168+0000] {logging_mixin.py:190} INFO - Task hostname:cda6774c7b37 operator:PythonOperator
[2024-11-22T14:36:15.214+0000] {local_task_job_runner.py:266} INFO - Task exited with return code 0
[2024-11-22T14:36:15.282+0000] {taskinstance.py:3895} INFO - 1 downstream tasks scheduled from follow-on schedule check
[2024-11-22T14:36:15.284+0000] {local_task_job_runner.py:245} INFO - ::endgroup::
