[2024-11-22T11:48:44.062+0000] {processor.py:186} INFO - Started process (PID=113) to work on /home/airflow/.local/lib/python3.12/site-packages/airflow/example_dags/example_latest_only_with_trigger.py
[2024-11-22T11:48:44.063+0000] {processor.py:914} INFO - Processing file /home/airflow/.local/lib/python3.12/site-packages/airflow/example_dags/example_latest_only_with_trigger.py for tasks to queue
[2024-11-22T11:48:44.066+0000] {logging_mixin.py:190} INFO - [2024-11-22T11:48:44.066+0000] {dagbag.py:588} INFO - Filling up the DagBag from /home/airflow/.local/lib/python3.12/site-packages/airflow/example_dags/example_latest_only_with_trigger.py
[2024-11-22T11:48:44.075+0000] {processor.py:925} INFO - DAG(s) 'latest_only_with_trigger' retrieved from /home/airflow/.local/lib/python3.12/site-packages/airflow/example_dags/example_latest_only_with_trigger.py
[2024-11-22T11:48:44.195+0000] {logging_mixin.py:190} INFO - [2024-11-22T11:48:44.194+0000] {override.py:1911} INFO - Created Permission View: can delete on DAG:latest_only_with_trigger
[2024-11-22T11:48:44.217+0000] {logging_mixin.py:190} INFO - [2024-11-22T11:48:44.216+0000] {override.py:1911} INFO - Created Permission View: can edit on DAG:latest_only_with_trigger
[2024-11-22T11:48:44.227+0000] {logging_mixin.py:190} INFO - [2024-11-22T11:48:44.226+0000] {override.py:1911} INFO - Created Permission View: can read on DAG:latest_only_with_trigger
[2024-11-22T11:48:44.235+0000] {logging_mixin.py:190} INFO - [2024-11-22T11:48:44.234+0000] {override.py:1911} INFO - Created Permission View: can delete on DAG Run:latest_only_with_trigger
[2024-11-22T11:48:44.243+0000] {logging_mixin.py:190} INFO - [2024-11-22T11:48:44.243+0000] {override.py:1911} INFO - Created Permission View: menu access on DAG Run:latest_only_with_trigger
[2024-11-22T11:48:44.252+0000] {logging_mixin.py:190} INFO - [2024-11-22T11:48:44.252+0000] {override.py:1911} INFO - Created Permission View: can create on DAG Run:latest_only_with_trigger
[2024-11-22T11:48:44.261+0000] {logging_mixin.py:190} INFO - [2024-11-22T11:48:44.261+0000] {override.py:1911} INFO - Created Permission View: can read on DAG Run:latest_only_with_trigger
[2024-11-22T11:48:44.262+0000] {logging_mixin.py:190} INFO - [2024-11-22T11:48:44.262+0000] {dag.py:3239} INFO - Sync 1 DAGs
[2024-11-22T11:48:44.281+0000] {logging_mixin.py:190} INFO - [2024-11-22T11:48:44.281+0000] {dag.py:3262} INFO - Creating ORM DAG for latest_only_with_trigger
[2024-11-22T11:48:44.295+0000] {logging_mixin.py:190} INFO - [2024-11-22T11:48:44.294+0000] {dag.py:4180} INFO - Setting next_dagrun for latest_only_with_trigger to 2024-11-22 04:00:00+00:00, run_after=2024-11-22 08:00:00+00:00
[2024-11-22T11:48:44.316+0000] {processor.py:208} INFO - Processing /home/airflow/.local/lib/python3.12/site-packages/airflow/example_dags/example_latest_only_with_trigger.py took 0.261 seconds
[2024-11-22T11:49:15.084+0000] {processor.py:186} INFO - Started process (PID=176) to work on /home/airflow/.local/lib/python3.12/site-packages/airflow/example_dags/example_latest_only_with_trigger.py
[2024-11-22T11:49:15.085+0000] {processor.py:914} INFO - Processing file /home/airflow/.local/lib/python3.12/site-packages/airflow/example_dags/example_latest_only_with_trigger.py for tasks to queue
[2024-11-22T11:49:15.088+0000] {logging_mixin.py:190} INFO - [2024-11-22T11:49:15.087+0000] {dagbag.py:588} INFO - Filling up the DagBag from /home/airflow/.local/lib/python3.12/site-packages/airflow/example_dags/example_latest_only_with_trigger.py
[2024-11-22T11:49:15.095+0000] {processor.py:925} INFO - DAG(s) 'latest_only_with_trigger' retrieved from /home/airflow/.local/lib/python3.12/site-packages/airflow/example_dags/example_latest_only_with_trigger.py
[2024-11-22T11:49:15.112+0000] {logging_mixin.py:190} INFO - [2024-11-22T11:49:15.112+0000] {dag.py:3239} INFO - Sync 1 DAGs
[2024-11-22T11:49:15.132+0000] {logging_mixin.py:190} INFO - [2024-11-22T11:49:15.132+0000] {dag.py:4180} INFO - Setting next_dagrun for latest_only_with_trigger to 2024-11-22 04:00:00+00:00, run_after=2024-11-22 08:00:00+00:00
[2024-11-22T11:49:15.148+0000] {processor.py:208} INFO - Processing /home/airflow/.local/lib/python3.12/site-packages/airflow/example_dags/example_latest_only_with_trigger.py took 0.069 seconds
[2024-11-22T11:49:45.451+0000] {processor.py:186} INFO - Started process (PID=238) to work on /home/airflow/.local/lib/python3.12/site-packages/airflow/example_dags/example_latest_only_with_trigger.py
[2024-11-22T11:49:45.452+0000] {processor.py:914} INFO - Processing file /home/airflow/.local/lib/python3.12/site-packages/airflow/example_dags/example_latest_only_with_trigger.py for tasks to queue
[2024-11-22T11:49:45.454+0000] {logging_mixin.py:190} INFO - [2024-11-22T11:49:45.453+0000] {dagbag.py:588} INFO - Filling up the DagBag from /home/airflow/.local/lib/python3.12/site-packages/airflow/example_dags/example_latest_only_with_trigger.py
[2024-11-22T11:49:45.460+0000] {processor.py:925} INFO - DAG(s) 'latest_only_with_trigger' retrieved from /home/airflow/.local/lib/python3.12/site-packages/airflow/example_dags/example_latest_only_with_trigger.py
[2024-11-22T11:49:45.476+0000] {logging_mixin.py:190} INFO - [2024-11-22T11:49:45.476+0000] {dag.py:3239} INFO - Sync 1 DAGs
[2024-11-22T11:49:45.496+0000] {logging_mixin.py:190} INFO - [2024-11-22T11:49:45.496+0000] {dag.py:4180} INFO - Setting next_dagrun for latest_only_with_trigger to 2024-11-22 04:00:00+00:00, run_after=2024-11-22 08:00:00+00:00
[2024-11-22T11:49:45.511+0000] {processor.py:208} INFO - Processing /home/airflow/.local/lib/python3.12/site-packages/airflow/example_dags/example_latest_only_with_trigger.py took 0.064 seconds
[2024-11-22T11:50:17.140+0000] {processor.py:186} INFO - Started process (PID=302) to work on /home/airflow/.local/lib/python3.12/site-packages/airflow/example_dags/example_latest_only_with_trigger.py
[2024-11-22T11:50:17.141+0000] {processor.py:914} INFO - Processing file /home/airflow/.local/lib/python3.12/site-packages/airflow/example_dags/example_latest_only_with_trigger.py for tasks to queue
[2024-11-22T11:50:17.143+0000] {logging_mixin.py:190} INFO - [2024-11-22T11:50:17.143+0000] {dagbag.py:588} INFO - Filling up the DagBag from /home/airflow/.local/lib/python3.12/site-packages/airflow/example_dags/example_latest_only_with_trigger.py
[2024-11-22T11:50:17.149+0000] {processor.py:925} INFO - DAG(s) 'latest_only_with_trigger' retrieved from /home/airflow/.local/lib/python3.12/site-packages/airflow/example_dags/example_latest_only_with_trigger.py
[2024-11-22T11:50:17.168+0000] {logging_mixin.py:190} INFO - [2024-11-22T11:50:17.168+0000] {dag.py:3239} INFO - Sync 1 DAGs
[2024-11-22T11:50:17.188+0000] {logging_mixin.py:190} INFO - [2024-11-22T11:50:17.188+0000] {dag.py:4180} INFO - Setting next_dagrun for latest_only_with_trigger to 2024-11-22 04:00:00+00:00, run_after=2024-11-22 08:00:00+00:00
[2024-11-22T11:50:17.208+0000] {processor.py:208} INFO - Processing /home/airflow/.local/lib/python3.12/site-packages/airflow/example_dags/example_latest_only_with_trigger.py took 0.072 seconds
[2024-11-22T11:50:48.644+0000] {processor.py:186} INFO - Started process (PID=365) to work on /home/airflow/.local/lib/python3.12/site-packages/airflow/example_dags/example_latest_only_with_trigger.py
[2024-11-22T11:50:48.645+0000] {processor.py:914} INFO - Processing file /home/airflow/.local/lib/python3.12/site-packages/airflow/example_dags/example_latest_only_with_trigger.py for tasks to queue
[2024-11-22T11:50:48.647+0000] {logging_mixin.py:190} INFO - [2024-11-22T11:50:48.647+0000] {dagbag.py:588} INFO - Filling up the DagBag from /home/airflow/.local/lib/python3.12/site-packages/airflow/example_dags/example_latest_only_with_trigger.py
[2024-11-22T11:50:48.654+0000] {processor.py:925} INFO - DAG(s) 'latest_only_with_trigger' retrieved from /home/airflow/.local/lib/python3.12/site-packages/airflow/example_dags/example_latest_only_with_trigger.py
[2024-11-22T11:50:48.676+0000] {logging_mixin.py:190} INFO - [2024-11-22T11:50:48.676+0000] {dag.py:3239} INFO - Sync 1 DAGs
[2024-11-22T11:50:48.701+0000] {logging_mixin.py:190} INFO - [2024-11-22T11:50:48.701+0000] {dag.py:4180} INFO - Setting next_dagrun for latest_only_with_trigger to 2024-11-22 04:00:00+00:00, run_after=2024-11-22 08:00:00+00:00
[2024-11-22T11:50:48.721+0000] {processor.py:208} INFO - Processing /home/airflow/.local/lib/python3.12/site-packages/airflow/example_dags/example_latest_only_with_trigger.py took 0.083 seconds
[2024-11-22T11:51:19.674+0000] {processor.py:186} INFO - Started process (PID=428) to work on /home/airflow/.local/lib/python3.12/site-packages/airflow/example_dags/example_latest_only_with_trigger.py
[2024-11-22T11:51:19.675+0000] {processor.py:914} INFO - Processing file /home/airflow/.local/lib/python3.12/site-packages/airflow/example_dags/example_latest_only_with_trigger.py for tasks to queue
[2024-11-22T11:51:19.677+0000] {logging_mixin.py:190} INFO - [2024-11-22T11:51:19.677+0000] {dagbag.py:588} INFO - Filling up the DagBag from /home/airflow/.local/lib/python3.12/site-packages/airflow/example_dags/example_latest_only_with_trigger.py
[2024-11-22T11:51:19.684+0000] {processor.py:925} INFO - DAG(s) 'latest_only_with_trigger' retrieved from /home/airflow/.local/lib/python3.12/site-packages/airflow/example_dags/example_latest_only_with_trigger.py
[2024-11-22T11:51:19.704+0000] {logging_mixin.py:190} INFO - [2024-11-22T11:51:19.704+0000] {dag.py:3239} INFO - Sync 1 DAGs
[2024-11-22T11:51:19.728+0000] {logging_mixin.py:190} INFO - [2024-11-22T11:51:19.727+0000] {dag.py:4180} INFO - Setting next_dagrun for latest_only_with_trigger to 2024-11-22 04:00:00+00:00, run_after=2024-11-22 08:00:00+00:00
[2024-11-22T11:51:19.748+0000] {processor.py:208} INFO - Processing /home/airflow/.local/lib/python3.12/site-packages/airflow/example_dags/example_latest_only_with_trigger.py took 0.080 seconds
[2024-11-22T11:51:50.052+0000] {processor.py:186} INFO - Started process (PID=490) to work on /home/airflow/.local/lib/python3.12/site-packages/airflow/example_dags/example_latest_only_with_trigger.py
[2024-11-22T11:51:50.053+0000] {processor.py:914} INFO - Processing file /home/airflow/.local/lib/python3.12/site-packages/airflow/example_dags/example_latest_only_with_trigger.py for tasks to queue
[2024-11-22T11:51:50.055+0000] {logging_mixin.py:190} INFO - [2024-11-22T11:51:50.054+0000] {dagbag.py:588} INFO - Filling up the DagBag from /home/airflow/.local/lib/python3.12/site-packages/airflow/example_dags/example_latest_only_with_trigger.py
[2024-11-22T11:51:50.062+0000] {processor.py:925} INFO - DAG(s) 'latest_only_with_trigger' retrieved from /home/airflow/.local/lib/python3.12/site-packages/airflow/example_dags/example_latest_only_with_trigger.py
[2024-11-22T11:51:50.083+0000] {logging_mixin.py:190} INFO - [2024-11-22T11:51:50.082+0000] {dag.py:3239} INFO - Sync 1 DAGs
[2024-11-22T11:51:50.108+0000] {logging_mixin.py:190} INFO - [2024-11-22T11:51:50.107+0000] {dag.py:4180} INFO - Setting next_dagrun for latest_only_with_trigger to 2024-11-22 04:00:00+00:00, run_after=2024-11-22 08:00:00+00:00
[2024-11-22T11:51:50.127+0000] {processor.py:208} INFO - Processing /home/airflow/.local/lib/python3.12/site-packages/airflow/example_dags/example_latest_only_with_trigger.py took 0.081 seconds
[2024-11-22T11:52:22.020+0000] {processor.py:186} INFO - Started process (PID=554) to work on /home/airflow/.local/lib/python3.12/site-packages/airflow/example_dags/example_latest_only_with_trigger.py
[2024-11-22T11:52:22.020+0000] {processor.py:914} INFO - Processing file /home/airflow/.local/lib/python3.12/site-packages/airflow/example_dags/example_latest_only_with_trigger.py for tasks to queue
[2024-11-22T11:52:22.022+0000] {logging_mixin.py:190} INFO - [2024-11-22T11:52:22.022+0000] {dagbag.py:588} INFO - Filling up the DagBag from /home/airflow/.local/lib/python3.12/site-packages/airflow/example_dags/example_latest_only_with_trigger.py
[2024-11-22T11:52:22.029+0000] {processor.py:925} INFO - DAG(s) 'latest_only_with_trigger' retrieved from /home/airflow/.local/lib/python3.12/site-packages/airflow/example_dags/example_latest_only_with_trigger.py
[2024-11-22T11:52:22.046+0000] {logging_mixin.py:190} INFO - [2024-11-22T11:52:22.046+0000] {dag.py:3239} INFO - Sync 1 DAGs
[2024-11-22T11:52:22.068+0000] {logging_mixin.py:190} INFO - [2024-11-22T11:52:22.068+0000] {dag.py:4180} INFO - Setting next_dagrun for latest_only_with_trigger to 2024-11-22 04:00:00+00:00, run_after=2024-11-22 08:00:00+00:00
[2024-11-22T11:52:22.085+0000] {processor.py:208} INFO - Processing /home/airflow/.local/lib/python3.12/site-packages/airflow/example_dags/example_latest_only_with_trigger.py took 0.070 seconds
[2024-11-22T11:52:53.892+0000] {processor.py:186} INFO - Started process (PID=617) to work on /home/airflow/.local/lib/python3.12/site-packages/airflow/example_dags/example_latest_only_with_trigger.py
[2024-11-22T11:52:53.893+0000] {processor.py:914} INFO - Processing file /home/airflow/.local/lib/python3.12/site-packages/airflow/example_dags/example_latest_only_with_trigger.py for tasks to queue
[2024-11-22T11:52:53.896+0000] {logging_mixin.py:190} INFO - [2024-11-22T11:52:53.895+0000] {dagbag.py:588} INFO - Filling up the DagBag from /home/airflow/.local/lib/python3.12/site-packages/airflow/example_dags/example_latest_only_with_trigger.py
[2024-11-22T11:52:53.902+0000] {processor.py:925} INFO - DAG(s) 'latest_only_with_trigger' retrieved from /home/airflow/.local/lib/python3.12/site-packages/airflow/example_dags/example_latest_only_with_trigger.py
[2024-11-22T11:52:53.923+0000] {logging_mixin.py:190} INFO - [2024-11-22T11:52:53.923+0000] {dag.py:3239} INFO - Sync 1 DAGs
[2024-11-22T11:52:53.947+0000] {logging_mixin.py:190} INFO - [2024-11-22T11:52:53.947+0000] {dag.py:4180} INFO - Setting next_dagrun for latest_only_with_trigger to 2024-11-22 04:00:00+00:00, run_after=2024-11-22 08:00:00+00:00
[2024-11-22T11:52:53.966+0000] {processor.py:208} INFO - Processing /home/airflow/.local/lib/python3.12/site-packages/airflow/example_dags/example_latest_only_with_trigger.py took 0.080 seconds
[2024-11-22T11:53:24.350+0000] {processor.py:186} INFO - Started process (PID=679) to work on /home/airflow/.local/lib/python3.12/site-packages/airflow/example_dags/example_latest_only_with_trigger.py
[2024-11-22T11:53:24.351+0000] {processor.py:914} INFO - Processing file /home/airflow/.local/lib/python3.12/site-packages/airflow/example_dags/example_latest_only_with_trigger.py for tasks to queue
[2024-11-22T11:53:24.353+0000] {logging_mixin.py:190} INFO - [2024-11-22T11:53:24.352+0000] {dagbag.py:588} INFO - Filling up the DagBag from /home/airflow/.local/lib/python3.12/site-packages/airflow/example_dags/example_latest_only_with_trigger.py
[2024-11-22T11:53:24.360+0000] {processor.py:925} INFO - DAG(s) 'latest_only_with_trigger' retrieved from /home/airflow/.local/lib/python3.12/site-packages/airflow/example_dags/example_latest_only_with_trigger.py
[2024-11-22T11:53:24.379+0000] {logging_mixin.py:190} INFO - [2024-11-22T11:53:24.378+0000] {dag.py:3239} INFO - Sync 1 DAGs
[2024-11-22T11:53:24.404+0000] {logging_mixin.py:190} INFO - [2024-11-22T11:53:24.404+0000] {dag.py:4180} INFO - Setting next_dagrun for latest_only_with_trigger to 2024-11-22 04:00:00+00:00, run_after=2024-11-22 08:00:00+00:00
[2024-11-22T11:53:24.428+0000] {processor.py:208} INFO - Processing /home/airflow/.local/lib/python3.12/site-packages/airflow/example_dags/example_latest_only_with_trigger.py took 0.083 seconds
[2024-11-22T11:53:55.541+0000] {processor.py:186} INFO - Started process (PID=741) to work on /home/airflow/.local/lib/python3.12/site-packages/airflow/example_dags/example_latest_only_with_trigger.py
[2024-11-22T11:53:55.543+0000] {processor.py:914} INFO - Processing file /home/airflow/.local/lib/python3.12/site-packages/airflow/example_dags/example_latest_only_with_trigger.py for tasks to queue
[2024-11-22T11:53:55.546+0000] {logging_mixin.py:190} INFO - [2024-11-22T11:53:55.546+0000] {dagbag.py:588} INFO - Filling up the DagBag from /home/airflow/.local/lib/python3.12/site-packages/airflow/example_dags/example_latest_only_with_trigger.py
[2024-11-22T11:53:55.558+0000] {processor.py:925} INFO - DAG(s) 'latest_only_with_trigger' retrieved from /home/airflow/.local/lib/python3.12/site-packages/airflow/example_dags/example_latest_only_with_trigger.py
[2024-11-22T11:53:55.581+0000] {logging_mixin.py:190} INFO - [2024-11-22T11:53:55.581+0000] {dag.py:3239} INFO - Sync 1 DAGs
[2024-11-22T11:53:55.620+0000] {logging_mixin.py:190} INFO - [2024-11-22T11:53:55.619+0000] {dag.py:4180} INFO - Setting next_dagrun for latest_only_with_trigger to 2024-11-22 04:00:00+00:00, run_after=2024-11-22 08:00:00+00:00
[2024-11-22T11:53:55.642+0000] {processor.py:208} INFO - Processing /home/airflow/.local/lib/python3.12/site-packages/airflow/example_dags/example_latest_only_with_trigger.py took 0.109 seconds
[2024-11-22T11:54:26.355+0000] {processor.py:186} INFO - Started process (PID=804) to work on /home/airflow/.local/lib/python3.12/site-packages/airflow/example_dags/example_latest_only_with_trigger.py
[2024-11-22T11:54:26.357+0000] {processor.py:914} INFO - Processing file /home/airflow/.local/lib/python3.12/site-packages/airflow/example_dags/example_latest_only_with_trigger.py for tasks to queue
[2024-11-22T11:54:26.359+0000] {logging_mixin.py:190} INFO - [2024-11-22T11:54:26.359+0000] {dagbag.py:588} INFO - Filling up the DagBag from /home/airflow/.local/lib/python3.12/site-packages/airflow/example_dags/example_latest_only_with_trigger.py
[2024-11-22T11:54:26.370+0000] {processor.py:925} INFO - DAG(s) 'latest_only_with_trigger' retrieved from /home/airflow/.local/lib/python3.12/site-packages/airflow/example_dags/example_latest_only_with_trigger.py
[2024-11-22T11:54:26.406+0000] {logging_mixin.py:190} INFO - [2024-11-22T11:54:26.406+0000] {dag.py:3239} INFO - Sync 1 DAGs
[2024-11-22T11:54:26.442+0000] {logging_mixin.py:190} INFO - [2024-11-22T11:54:26.442+0000] {dag.py:4180} INFO - Setting next_dagrun for latest_only_with_trigger to 2024-11-22 04:00:00+00:00, run_after=2024-11-22 08:00:00+00:00
[2024-11-22T11:54:26.466+0000] {processor.py:208} INFO - Processing /home/airflow/.local/lib/python3.12/site-packages/airflow/example_dags/example_latest_only_with_trigger.py took 0.119 seconds
[2024-11-22T11:54:56.942+0000] {processor.py:186} INFO - Started process (PID=867) to work on /home/airflow/.local/lib/python3.12/site-packages/airflow/example_dags/example_latest_only_with_trigger.py
[2024-11-22T11:54:56.943+0000] {processor.py:914} INFO - Processing file /home/airflow/.local/lib/python3.12/site-packages/airflow/example_dags/example_latest_only_with_trigger.py for tasks to queue
[2024-11-22T11:54:56.944+0000] {logging_mixin.py:190} INFO - [2024-11-22T11:54:56.944+0000] {dagbag.py:588} INFO - Filling up the DagBag from /home/airflow/.local/lib/python3.12/site-packages/airflow/example_dags/example_latest_only_with_trigger.py
[2024-11-22T11:54:56.950+0000] {processor.py:925} INFO - DAG(s) 'latest_only_with_trigger' retrieved from /home/airflow/.local/lib/python3.12/site-packages/airflow/example_dags/example_latest_only_with_trigger.py
[2024-11-22T11:54:56.966+0000] {logging_mixin.py:190} INFO - [2024-11-22T11:54:56.966+0000] {dag.py:3239} INFO - Sync 1 DAGs
[2024-11-22T11:54:56.986+0000] {logging_mixin.py:190} INFO - [2024-11-22T11:54:56.986+0000] {dag.py:4180} INFO - Setting next_dagrun for latest_only_with_trigger to 2024-11-22 04:00:00+00:00, run_after=2024-11-22 08:00:00+00:00
[2024-11-22T11:54:57.002+0000] {processor.py:208} INFO - Processing /home/airflow/.local/lib/python3.12/site-packages/airflow/example_dags/example_latest_only_with_trigger.py took 0.065 seconds
[2024-11-22T11:55:27.149+0000] {processor.py:186} INFO - Started process (PID=929) to work on /home/airflow/.local/lib/python3.12/site-packages/airflow/example_dags/example_latest_only_with_trigger.py
[2024-11-22T11:55:27.150+0000] {processor.py:914} INFO - Processing file /home/airflow/.local/lib/python3.12/site-packages/airflow/example_dags/example_latest_only_with_trigger.py for tasks to queue
[2024-11-22T11:55:27.152+0000] {logging_mixin.py:190} INFO - [2024-11-22T11:55:27.151+0000] {dagbag.py:588} INFO - Filling up the DagBag from /home/airflow/.local/lib/python3.12/site-packages/airflow/example_dags/example_latest_only_with_trigger.py
[2024-11-22T11:55:27.160+0000] {processor.py:925} INFO - DAG(s) 'latest_only_with_trigger' retrieved from /home/airflow/.local/lib/python3.12/site-packages/airflow/example_dags/example_latest_only_with_trigger.py
[2024-11-22T11:55:27.182+0000] {logging_mixin.py:190} INFO - [2024-11-22T11:55:27.182+0000] {dag.py:3239} INFO - Sync 1 DAGs
[2024-11-22T11:55:27.207+0000] {logging_mixin.py:190} INFO - [2024-11-22T11:55:27.207+0000] {dag.py:4180} INFO - Setting next_dagrun for latest_only_with_trigger to 2024-11-22 04:00:00+00:00, run_after=2024-11-22 08:00:00+00:00
[2024-11-22T11:55:27.227+0000] {processor.py:208} INFO - Processing /home/airflow/.local/lib/python3.12/site-packages/airflow/example_dags/example_latest_only_with_trigger.py took 0.084 seconds
[2024-11-22T11:55:57.423+0000] {processor.py:186} INFO - Started process (PID=991) to work on /home/airflow/.local/lib/python3.12/site-packages/airflow/example_dags/example_latest_only_with_trigger.py
[2024-11-22T11:55:57.424+0000] {processor.py:914} INFO - Processing file /home/airflow/.local/lib/python3.12/site-packages/airflow/example_dags/example_latest_only_with_trigger.py for tasks to queue
[2024-11-22T11:55:57.426+0000] {logging_mixin.py:190} INFO - [2024-11-22T11:55:57.425+0000] {dagbag.py:588} INFO - Filling up the DagBag from /home/airflow/.local/lib/python3.12/site-packages/airflow/example_dags/example_latest_only_with_trigger.py
[2024-11-22T11:55:57.432+0000] {processor.py:925} INFO - DAG(s) 'latest_only_with_trigger' retrieved from /home/airflow/.local/lib/python3.12/site-packages/airflow/example_dags/example_latest_only_with_trigger.py
[2024-11-22T11:55:57.449+0000] {logging_mixin.py:190} INFO - [2024-11-22T11:55:57.449+0000] {dag.py:3239} INFO - Sync 1 DAGs
[2024-11-22T11:55:57.471+0000] {logging_mixin.py:190} INFO - [2024-11-22T11:55:57.470+0000] {dag.py:4180} INFO - Setting next_dagrun for latest_only_with_trigger to 2024-11-22 04:00:00+00:00, run_after=2024-11-22 08:00:00+00:00
[2024-11-22T11:55:57.488+0000] {processor.py:208} INFO - Processing /home/airflow/.local/lib/python3.12/site-packages/airflow/example_dags/example_latest_only_with_trigger.py took 0.070 seconds
[2024-11-22T11:56:28.239+0000] {processor.py:186} INFO - Started process (PID=1054) to work on /home/airflow/.local/lib/python3.12/site-packages/airflow/example_dags/example_latest_only_with_trigger.py
[2024-11-22T11:56:28.240+0000] {processor.py:914} INFO - Processing file /home/airflow/.local/lib/python3.12/site-packages/airflow/example_dags/example_latest_only_with_trigger.py for tasks to queue
[2024-11-22T11:56:28.241+0000] {logging_mixin.py:190} INFO - [2024-11-22T11:56:28.241+0000] {dagbag.py:588} INFO - Filling up the DagBag from /home/airflow/.local/lib/python3.12/site-packages/airflow/example_dags/example_latest_only_with_trigger.py
[2024-11-22T11:56:28.248+0000] {processor.py:925} INFO - DAG(s) 'latest_only_with_trigger' retrieved from /home/airflow/.local/lib/python3.12/site-packages/airflow/example_dags/example_latest_only_with_trigger.py
[2024-11-22T11:56:28.265+0000] {logging_mixin.py:190} INFO - [2024-11-22T11:56:28.265+0000] {dag.py:3239} INFO - Sync 1 DAGs
[2024-11-22T11:56:28.286+0000] {logging_mixin.py:190} INFO - [2024-11-22T11:56:28.286+0000] {dag.py:4180} INFO - Setting next_dagrun for latest_only_with_trigger to 2024-11-22 04:00:00+00:00, run_after=2024-11-22 08:00:00+00:00
[2024-11-22T11:56:28.301+0000] {processor.py:208} INFO - Processing /home/airflow/.local/lib/python3.12/site-packages/airflow/example_dags/example_latest_only_with_trigger.py took 0.068 seconds
[2024-11-22T11:56:58.610+0000] {processor.py:186} INFO - Started process (PID=1117) to work on /home/airflow/.local/lib/python3.12/site-packages/airflow/example_dags/example_latest_only_with_trigger.py
[2024-11-22T11:56:58.611+0000] {processor.py:914} INFO - Processing file /home/airflow/.local/lib/python3.12/site-packages/airflow/example_dags/example_latest_only_with_trigger.py for tasks to queue
[2024-11-22T11:56:58.613+0000] {logging_mixin.py:190} INFO - [2024-11-22T11:56:58.612+0000] {dagbag.py:588} INFO - Filling up the DagBag from /home/airflow/.local/lib/python3.12/site-packages/airflow/example_dags/example_latest_only_with_trigger.py
[2024-11-22T11:56:58.620+0000] {processor.py:925} INFO - DAG(s) 'latest_only_with_trigger' retrieved from /home/airflow/.local/lib/python3.12/site-packages/airflow/example_dags/example_latest_only_with_trigger.py
[2024-11-22T11:56:58.647+0000] {logging_mixin.py:190} INFO - [2024-11-22T11:56:58.646+0000] {dag.py:3239} INFO - Sync 1 DAGs
[2024-11-22T11:56:58.671+0000] {logging_mixin.py:190} INFO - [2024-11-22T11:56:58.671+0000] {dag.py:4180} INFO - Setting next_dagrun for latest_only_with_trigger to 2024-11-22 04:00:00+00:00, run_after=2024-11-22 08:00:00+00:00
[2024-11-22T11:56:58.688+0000] {processor.py:208} INFO - Processing /home/airflow/.local/lib/python3.12/site-packages/airflow/example_dags/example_latest_only_with_trigger.py took 0.083 seconds
