[2024-11-22T11:48:45.422+0000] {processor.py:186} INFO - Started process (PID=121) to work on /home/airflow/.local/lib/python3.12/site-packages/airflow/example_dags/example_skip_dag.py
[2024-11-22T11:48:45.424+0000] {processor.py:914} INFO - Processing file /home/airflow/.local/lib/python3.12/site-packages/airflow/example_dags/example_skip_dag.py for tasks to queue
[2024-11-22T11:48:45.430+0000] {logging_mixin.py:190} INFO - [2024-11-22T11:48:45.428+0000] {dagbag.py:588} INFO - Filling up the DagBag from /home/airflow/.local/lib/python3.12/site-packages/airflow/example_dags/example_skip_dag.py
[2024-11-22T11:48:45.465+0000] {processor.py:925} INFO - DAG(s) 'example_skip_dag' retrieved from /home/airflow/.local/lib/python3.12/site-packages/airflow/example_dags/example_skip_dag.py
[2024-11-22T11:48:45.787+0000] {logging_mixin.py:190} INFO - [2024-11-22T11:48:45.785+0000] {override.py:1911} INFO - Created Permission View: can delete on DAG:example_skip_dag
[2024-11-22T11:48:45.816+0000] {logging_mixin.py:190} INFO - [2024-11-22T11:48:45.815+0000] {override.py:1911} INFO - Created Permission View: can edit on DAG:example_skip_dag
[2024-11-22T11:48:45.835+0000] {logging_mixin.py:190} INFO - [2024-11-22T11:48:45.834+0000] {override.py:1911} INFO - Created Permission View: can read on DAG:example_skip_dag
[2024-11-22T11:48:45.857+0000] {logging_mixin.py:190} INFO - [2024-11-22T11:48:45.855+0000] {override.py:1911} INFO - Created Permission View: can delete on DAG Run:example_skip_dag
[2024-11-22T11:48:45.876+0000] {logging_mixin.py:190} INFO - [2024-11-22T11:48:45.875+0000] {override.py:1911} INFO - Created Permission View: menu access on DAG Run:example_skip_dag
[2024-11-22T11:48:45.890+0000] {logging_mixin.py:190} INFO - [2024-11-22T11:48:45.889+0000] {override.py:1911} INFO - Created Permission View: can create on DAG Run:example_skip_dag
[2024-11-22T11:48:45.911+0000] {logging_mixin.py:190} INFO - [2024-11-22T11:48:45.910+0000] {override.py:1911} INFO - Created Permission View: can read on DAG Run:example_skip_dag
[2024-11-22T11:48:45.912+0000] {logging_mixin.py:190} INFO - [2024-11-22T11:48:45.911+0000] {dag.py:3239} INFO - Sync 1 DAGs
[2024-11-22T11:48:45.951+0000] {logging_mixin.py:190} INFO - [2024-11-22T11:48:45.950+0000] {dag.py:3262} INFO - Creating ORM DAG for example_skip_dag
[2024-11-22T11:48:45.979+0000] {logging_mixin.py:190} INFO - [2024-11-22T11:48:45.979+0000] {dag.py:4180} INFO - Setting next_dagrun for example_skip_dag to 2024-11-21 00:00:00+00:00, run_after=2024-11-22 00:00:00+00:00
[2024-11-22T11:48:46.020+0000] {processor.py:208} INFO - Processing /home/airflow/.local/lib/python3.12/site-packages/airflow/example_dags/example_skip_dag.py took 0.606 seconds
[2024-11-22T11:49:16.680+0000] {processor.py:186} INFO - Started process (PID=183) to work on /home/airflow/.local/lib/python3.12/site-packages/airflow/example_dags/example_skip_dag.py
[2024-11-22T11:49:16.691+0000] {processor.py:914} INFO - Processing file /home/airflow/.local/lib/python3.12/site-packages/airflow/example_dags/example_skip_dag.py for tasks to queue
[2024-11-22T11:49:16.693+0000] {logging_mixin.py:190} INFO - [2024-11-22T11:49:16.692+0000] {dagbag.py:588} INFO - Filling up the DagBag from /home/airflow/.local/lib/python3.12/site-packages/airflow/example_dags/example_skip_dag.py
[2024-11-22T11:49:16.700+0000] {processor.py:925} INFO - DAG(s) 'example_skip_dag' retrieved from /home/airflow/.local/lib/python3.12/site-packages/airflow/example_dags/example_skip_dag.py
[2024-11-22T11:49:16.722+0000] {logging_mixin.py:190} INFO - [2024-11-22T11:49:16.722+0000] {dag.py:3239} INFO - Sync 1 DAGs
[2024-11-22T11:49:16.746+0000] {logging_mixin.py:190} INFO - [2024-11-22T11:49:16.746+0000] {dag.py:4180} INFO - Setting next_dagrun for example_skip_dag to 2024-11-21 00:00:00+00:00, run_after=2024-11-22 00:00:00+00:00
[2024-11-22T11:49:16.763+0000] {processor.py:208} INFO - Processing /home/airflow/.local/lib/python3.12/site-packages/airflow/example_dags/example_skip_dag.py took 0.088 seconds
[2024-11-22T11:49:47.194+0000] {processor.py:186} INFO - Started process (PID=246) to work on /home/airflow/.local/lib/python3.12/site-packages/airflow/example_dags/example_skip_dag.py
[2024-11-22T11:49:47.195+0000] {processor.py:914} INFO - Processing file /home/airflow/.local/lib/python3.12/site-packages/airflow/example_dags/example_skip_dag.py for tasks to queue
[2024-11-22T11:49:47.198+0000] {logging_mixin.py:190} INFO - [2024-11-22T11:49:47.197+0000] {dagbag.py:588} INFO - Filling up the DagBag from /home/airflow/.local/lib/python3.12/site-packages/airflow/example_dags/example_skip_dag.py
[2024-11-22T11:49:47.206+0000] {processor.py:925} INFO - DAG(s) 'example_skip_dag' retrieved from /home/airflow/.local/lib/python3.12/site-packages/airflow/example_dags/example_skip_dag.py
[2024-11-22T11:49:47.228+0000] {logging_mixin.py:190} INFO - [2024-11-22T11:49:47.227+0000] {dag.py:3239} INFO - Sync 1 DAGs
[2024-11-22T11:49:47.254+0000] {logging_mixin.py:190} INFO - [2024-11-22T11:49:47.254+0000] {dag.py:4180} INFO - Setting next_dagrun for example_skip_dag to 2024-11-21 00:00:00+00:00, run_after=2024-11-22 00:00:00+00:00
[2024-11-22T11:49:47.274+0000] {processor.py:208} INFO - Processing /home/airflow/.local/lib/python3.12/site-packages/airflow/example_dags/example_skip_dag.py took 0.085 seconds
[2024-11-22T11:50:17.711+0000] {processor.py:186} INFO - Started process (PID=309) to work on /home/airflow/.local/lib/python3.12/site-packages/airflow/example_dags/example_skip_dag.py
[2024-11-22T11:50:17.712+0000] {processor.py:914} INFO - Processing file /home/airflow/.local/lib/python3.12/site-packages/airflow/example_dags/example_skip_dag.py for tasks to queue
[2024-11-22T11:50:17.714+0000] {logging_mixin.py:190} INFO - [2024-11-22T11:50:17.714+0000] {dagbag.py:588} INFO - Filling up the DagBag from /home/airflow/.local/lib/python3.12/site-packages/airflow/example_dags/example_skip_dag.py
[2024-11-22T11:50:17.721+0000] {processor.py:925} INFO - DAG(s) 'example_skip_dag' retrieved from /home/airflow/.local/lib/python3.12/site-packages/airflow/example_dags/example_skip_dag.py
[2024-11-22T11:50:17.740+0000] {logging_mixin.py:190} INFO - [2024-11-22T11:50:17.740+0000] {dag.py:3239} INFO - Sync 1 DAGs
[2024-11-22T11:50:17.763+0000] {logging_mixin.py:190} INFO - [2024-11-22T11:50:17.762+0000] {dag.py:4180} INFO - Setting next_dagrun for example_skip_dag to 2024-11-21 00:00:00+00:00, run_after=2024-11-22 00:00:00+00:00
[2024-11-22T11:50:17.781+0000] {processor.py:208} INFO - Processing /home/airflow/.local/lib/python3.12/site-packages/airflow/example_dags/example_skip_dag.py took 0.075 seconds
[2024-11-22T11:50:49.010+0000] {processor.py:186} INFO - Started process (PID=372) to work on /home/airflow/.local/lib/python3.12/site-packages/airflow/example_dags/example_skip_dag.py
[2024-11-22T11:50:49.012+0000] {processor.py:914} INFO - Processing file /home/airflow/.local/lib/python3.12/site-packages/airflow/example_dags/example_skip_dag.py for tasks to queue
[2024-11-22T11:50:49.014+0000] {logging_mixin.py:190} INFO - [2024-11-22T11:50:49.013+0000] {dagbag.py:588} INFO - Filling up the DagBag from /home/airflow/.local/lib/python3.12/site-packages/airflow/example_dags/example_skip_dag.py
[2024-11-22T11:50:49.020+0000] {processor.py:925} INFO - DAG(s) 'example_skip_dag' retrieved from /home/airflow/.local/lib/python3.12/site-packages/airflow/example_dags/example_skip_dag.py
[2024-11-22T11:50:49.039+0000] {logging_mixin.py:190} INFO - [2024-11-22T11:50:49.039+0000] {dag.py:3239} INFO - Sync 1 DAGs
[2024-11-22T11:50:49.061+0000] {logging_mixin.py:190} INFO - [2024-11-22T11:50:49.061+0000] {dag.py:4180} INFO - Setting next_dagrun for example_skip_dag to 2024-11-21 00:00:00+00:00, run_after=2024-11-22 00:00:00+00:00
[2024-11-22T11:50:49.076+0000] {processor.py:208} INFO - Processing /home/airflow/.local/lib/python3.12/site-packages/airflow/example_dags/example_skip_dag.py took 0.071 seconds
[2024-11-22T11:51:20.198+0000] {processor.py:186} INFO - Started process (PID=435) to work on /home/airflow/.local/lib/python3.12/site-packages/airflow/example_dags/example_skip_dag.py
[2024-11-22T11:51:20.199+0000] {processor.py:914} INFO - Processing file /home/airflow/.local/lib/python3.12/site-packages/airflow/example_dags/example_skip_dag.py for tasks to queue
[2024-11-22T11:51:20.201+0000] {logging_mixin.py:190} INFO - [2024-11-22T11:51:20.201+0000] {dagbag.py:588} INFO - Filling up the DagBag from /home/airflow/.local/lib/python3.12/site-packages/airflow/example_dags/example_skip_dag.py
[2024-11-22T11:51:20.208+0000] {processor.py:925} INFO - DAG(s) 'example_skip_dag' retrieved from /home/airflow/.local/lib/python3.12/site-packages/airflow/example_dags/example_skip_dag.py
[2024-11-22T11:51:20.228+0000] {logging_mixin.py:190} INFO - [2024-11-22T11:51:20.227+0000] {dag.py:3239} INFO - Sync 1 DAGs
[2024-11-22T11:51:20.251+0000] {logging_mixin.py:190} INFO - [2024-11-22T11:51:20.251+0000] {dag.py:4180} INFO - Setting next_dagrun for example_skip_dag to 2024-11-21 00:00:00+00:00, run_after=2024-11-22 00:00:00+00:00
[2024-11-22T11:51:20.269+0000] {processor.py:208} INFO - Processing /home/airflow/.local/lib/python3.12/site-packages/airflow/example_dags/example_skip_dag.py took 0.075 seconds
[2024-11-22T11:51:50.817+0000] {processor.py:186} INFO - Started process (PID=498) to work on /home/airflow/.local/lib/python3.12/site-packages/airflow/example_dags/example_skip_dag.py
[2024-11-22T11:51:50.818+0000] {processor.py:914} INFO - Processing file /home/airflow/.local/lib/python3.12/site-packages/airflow/example_dags/example_skip_dag.py for tasks to queue
[2024-11-22T11:51:50.821+0000] {logging_mixin.py:190} INFO - [2024-11-22T11:51:50.821+0000] {dagbag.py:588} INFO - Filling up the DagBag from /home/airflow/.local/lib/python3.12/site-packages/airflow/example_dags/example_skip_dag.py
[2024-11-22T11:51:50.832+0000] {processor.py:925} INFO - DAG(s) 'example_skip_dag' retrieved from /home/airflow/.local/lib/python3.12/site-packages/airflow/example_dags/example_skip_dag.py
[2024-11-22T11:51:50.861+0000] {logging_mixin.py:190} INFO - [2024-11-22T11:51:50.860+0000] {dag.py:3239} INFO - Sync 1 DAGs
[2024-11-22T11:51:50.883+0000] {logging_mixin.py:190} INFO - [2024-11-22T11:51:50.883+0000] {dag.py:4180} INFO - Setting next_dagrun for example_skip_dag to 2024-11-21 00:00:00+00:00, run_after=2024-11-22 00:00:00+00:00
[2024-11-22T11:51:50.900+0000] {processor.py:208} INFO - Processing /home/airflow/.local/lib/python3.12/site-packages/airflow/example_dags/example_skip_dag.py took 0.091 seconds
[2024-11-22T11:52:22.470+0000] {processor.py:186} INFO - Started process (PID=561) to work on /home/airflow/.local/lib/python3.12/site-packages/airflow/example_dags/example_skip_dag.py
[2024-11-22T11:52:22.470+0000] {processor.py:914} INFO - Processing file /home/airflow/.local/lib/python3.12/site-packages/airflow/example_dags/example_skip_dag.py for tasks to queue
[2024-11-22T11:52:22.472+0000] {logging_mixin.py:190} INFO - [2024-11-22T11:52:22.472+0000] {dagbag.py:588} INFO - Filling up the DagBag from /home/airflow/.local/lib/python3.12/site-packages/airflow/example_dags/example_skip_dag.py
[2024-11-22T11:52:22.478+0000] {processor.py:925} INFO - DAG(s) 'example_skip_dag' retrieved from /home/airflow/.local/lib/python3.12/site-packages/airflow/example_dags/example_skip_dag.py
[2024-11-22T11:52:22.496+0000] {logging_mixin.py:190} INFO - [2024-11-22T11:52:22.495+0000] {dag.py:3239} INFO - Sync 1 DAGs
[2024-11-22T11:52:22.515+0000] {logging_mixin.py:190} INFO - [2024-11-22T11:52:22.514+0000] {dag.py:4180} INFO - Setting next_dagrun for example_skip_dag to 2024-11-21 00:00:00+00:00, run_after=2024-11-22 00:00:00+00:00
[2024-11-22T11:52:22.528+0000] {processor.py:208} INFO - Processing /home/airflow/.local/lib/python3.12/site-packages/airflow/example_dags/example_skip_dag.py took 0.063 seconds
[2024-11-22T11:52:54.786+0000] {processor.py:186} INFO - Started process (PID=624) to work on /home/airflow/.local/lib/python3.12/site-packages/airflow/example_dags/example_skip_dag.py
[2024-11-22T11:52:54.787+0000] {processor.py:914} INFO - Processing file /home/airflow/.local/lib/python3.12/site-packages/airflow/example_dags/example_skip_dag.py for tasks to queue
[2024-11-22T11:52:54.789+0000] {logging_mixin.py:190} INFO - [2024-11-22T11:52:54.789+0000] {dagbag.py:588} INFO - Filling up the DagBag from /home/airflow/.local/lib/python3.12/site-packages/airflow/example_dags/example_skip_dag.py
[2024-11-22T11:52:54.798+0000] {processor.py:925} INFO - DAG(s) 'example_skip_dag' retrieved from /home/airflow/.local/lib/python3.12/site-packages/airflow/example_dags/example_skip_dag.py
[2024-11-22T11:52:54.824+0000] {logging_mixin.py:190} INFO - [2024-11-22T11:52:54.824+0000] {dag.py:3239} INFO - Sync 1 DAGs
[2024-11-22T11:52:54.855+0000] {logging_mixin.py:190} INFO - [2024-11-22T11:52:54.855+0000] {dag.py:4180} INFO - Setting next_dagrun for example_skip_dag to 2024-11-21 00:00:00+00:00, run_after=2024-11-22 00:00:00+00:00
[2024-11-22T11:52:54.874+0000] {processor.py:208} INFO - Processing /home/airflow/.local/lib/python3.12/site-packages/airflow/example_dags/example_skip_dag.py took 0.094 seconds
[2024-11-22T11:53:25.363+0000] {processor.py:186} INFO - Started process (PID=687) to work on /home/airflow/.local/lib/python3.12/site-packages/airflow/example_dags/example_skip_dag.py
[2024-11-22T11:53:25.363+0000] {processor.py:914} INFO - Processing file /home/airflow/.local/lib/python3.12/site-packages/airflow/example_dags/example_skip_dag.py for tasks to queue
[2024-11-22T11:53:25.365+0000] {logging_mixin.py:190} INFO - [2024-11-22T11:53:25.365+0000] {dagbag.py:588} INFO - Filling up the DagBag from /home/airflow/.local/lib/python3.12/site-packages/airflow/example_dags/example_skip_dag.py
[2024-11-22T11:53:25.371+0000] {processor.py:925} INFO - DAG(s) 'example_skip_dag' retrieved from /home/airflow/.local/lib/python3.12/site-packages/airflow/example_dags/example_skip_dag.py
[2024-11-22T11:53:25.390+0000] {logging_mixin.py:190} INFO - [2024-11-22T11:53:25.389+0000] {dag.py:3239} INFO - Sync 1 DAGs
[2024-11-22T11:53:25.411+0000] {logging_mixin.py:190} INFO - [2024-11-22T11:53:25.411+0000] {dag.py:4180} INFO - Setting next_dagrun for example_skip_dag to 2024-11-21 00:00:00+00:00, run_after=2024-11-22 00:00:00+00:00
[2024-11-22T11:53:25.428+0000] {processor.py:208} INFO - Processing /home/airflow/.local/lib/python3.12/site-packages/airflow/example_dags/example_skip_dag.py took 0.070 seconds
[2024-11-22T11:53:57.078+0000] {processor.py:186} INFO - Started process (PID=750) to work on /home/airflow/.local/lib/python3.12/site-packages/airflow/example_dags/example_skip_dag.py
[2024-11-22T11:53:57.079+0000] {processor.py:914} INFO - Processing file /home/airflow/.local/lib/python3.12/site-packages/airflow/example_dags/example_skip_dag.py for tasks to queue
[2024-11-22T11:53:57.081+0000] {logging_mixin.py:190} INFO - [2024-11-22T11:53:57.081+0000] {dagbag.py:588} INFO - Filling up the DagBag from /home/airflow/.local/lib/python3.12/site-packages/airflow/example_dags/example_skip_dag.py
[2024-11-22T11:53:57.089+0000] {processor.py:925} INFO - DAG(s) 'example_skip_dag' retrieved from /home/airflow/.local/lib/python3.12/site-packages/airflow/example_dags/example_skip_dag.py
[2024-11-22T11:53:57.110+0000] {logging_mixin.py:190} INFO - [2024-11-22T11:53:57.110+0000] {dag.py:3239} INFO - Sync 1 DAGs
[2024-11-22T11:53:57.135+0000] {logging_mixin.py:190} INFO - [2024-11-22T11:53:57.134+0000] {dag.py:4180} INFO - Setting next_dagrun for example_skip_dag to 2024-11-21 00:00:00+00:00, run_after=2024-11-22 00:00:00+00:00
[2024-11-22T11:53:57.153+0000] {processor.py:208} INFO - Processing /home/airflow/.local/lib/python3.12/site-packages/airflow/example_dags/example_skip_dag.py took 0.082 seconds
[2024-11-22T11:54:27.768+0000] {processor.py:186} INFO - Started process (PID=813) to work on /home/airflow/.local/lib/python3.12/site-packages/airflow/example_dags/example_skip_dag.py
[2024-11-22T11:54:27.768+0000] {processor.py:914} INFO - Processing file /home/airflow/.local/lib/python3.12/site-packages/airflow/example_dags/example_skip_dag.py for tasks to queue
[2024-11-22T11:54:27.770+0000] {logging_mixin.py:190} INFO - [2024-11-22T11:54:27.770+0000] {dagbag.py:588} INFO - Filling up the DagBag from /home/airflow/.local/lib/python3.12/site-packages/airflow/example_dags/example_skip_dag.py
[2024-11-22T11:54:27.777+0000] {processor.py:925} INFO - DAG(s) 'example_skip_dag' retrieved from /home/airflow/.local/lib/python3.12/site-packages/airflow/example_dags/example_skip_dag.py
[2024-11-22T11:54:27.795+0000] {logging_mixin.py:190} INFO - [2024-11-22T11:54:27.795+0000] {dag.py:3239} INFO - Sync 1 DAGs
[2024-11-22T11:54:27.821+0000] {logging_mixin.py:190} INFO - [2024-11-22T11:54:27.821+0000] {dag.py:4180} INFO - Setting next_dagrun for example_skip_dag to 2024-11-21 00:00:00+00:00, run_after=2024-11-22 00:00:00+00:00
[2024-11-22T11:54:27.836+0000] {processor.py:208} INFO - Processing /home/airflow/.local/lib/python3.12/site-packages/airflow/example_dags/example_skip_dag.py took 0.073 seconds
[2024-11-22T11:54:58.826+0000] {processor.py:186} INFO - Started process (PID=876) to work on /home/airflow/.local/lib/python3.12/site-packages/airflow/example_dags/example_skip_dag.py
[2024-11-22T11:54:58.827+0000] {processor.py:914} INFO - Processing file /home/airflow/.local/lib/python3.12/site-packages/airflow/example_dags/example_skip_dag.py for tasks to queue
[2024-11-22T11:54:58.830+0000] {logging_mixin.py:190} INFO - [2024-11-22T11:54:58.830+0000] {dagbag.py:588} INFO - Filling up the DagBag from /home/airflow/.local/lib/python3.12/site-packages/airflow/example_dags/example_skip_dag.py
[2024-11-22T11:54:58.837+0000] {processor.py:925} INFO - DAG(s) 'example_skip_dag' retrieved from /home/airflow/.local/lib/python3.12/site-packages/airflow/example_dags/example_skip_dag.py
[2024-11-22T11:54:58.861+0000] {logging_mixin.py:190} INFO - [2024-11-22T11:54:58.861+0000] {dag.py:3239} INFO - Sync 1 DAGs
[2024-11-22T11:54:58.897+0000] {logging_mixin.py:190} INFO - [2024-11-22T11:54:58.897+0000] {dag.py:4180} INFO - Setting next_dagrun for example_skip_dag to 2024-11-21 00:00:00+00:00, run_after=2024-11-22 00:00:00+00:00
[2024-11-22T11:54:58.917+0000] {processor.py:208} INFO - Processing /home/airflow/.local/lib/python3.12/site-packages/airflow/example_dags/example_skip_dag.py took 0.098 seconds
[2024-11-22T11:55:29.559+0000] {processor.py:186} INFO - Started process (PID=939) to work on /home/airflow/.local/lib/python3.12/site-packages/airflow/example_dags/example_skip_dag.py
[2024-11-22T11:55:29.560+0000] {processor.py:914} INFO - Processing file /home/airflow/.local/lib/python3.12/site-packages/airflow/example_dags/example_skip_dag.py for tasks to queue
[2024-11-22T11:55:29.562+0000] {logging_mixin.py:190} INFO - [2024-11-22T11:55:29.561+0000] {dagbag.py:588} INFO - Filling up the DagBag from /home/airflow/.local/lib/python3.12/site-packages/airflow/example_dags/example_skip_dag.py
[2024-11-22T11:55:29.568+0000] {processor.py:925} INFO - DAG(s) 'example_skip_dag' retrieved from /home/airflow/.local/lib/python3.12/site-packages/airflow/example_dags/example_skip_dag.py
[2024-11-22T11:55:29.586+0000] {logging_mixin.py:190} INFO - [2024-11-22T11:55:29.586+0000] {dag.py:3239} INFO - Sync 1 DAGs
[2024-11-22T11:55:29.607+0000] {logging_mixin.py:190} INFO - [2024-11-22T11:55:29.607+0000] {dag.py:4180} INFO - Setting next_dagrun for example_skip_dag to 2024-11-21 00:00:00+00:00, run_after=2024-11-22 00:00:00+00:00
[2024-11-22T11:55:29.624+0000] {processor.py:208} INFO - Processing /home/airflow/.local/lib/python3.12/site-packages/airflow/example_dags/example_skip_dag.py took 0.070 seconds
[2024-11-22T11:56:00.560+0000] {processor.py:186} INFO - Started process (PID=1002) to work on /home/airflow/.local/lib/python3.12/site-packages/airflow/example_dags/example_skip_dag.py
[2024-11-22T11:56:00.560+0000] {processor.py:914} INFO - Processing file /home/airflow/.local/lib/python3.12/site-packages/airflow/example_dags/example_skip_dag.py for tasks to queue
[2024-11-22T11:56:00.562+0000] {logging_mixin.py:190} INFO - [2024-11-22T11:56:00.562+0000] {dagbag.py:588} INFO - Filling up the DagBag from /home/airflow/.local/lib/python3.12/site-packages/airflow/example_dags/example_skip_dag.py
[2024-11-22T11:56:00.569+0000] {processor.py:925} INFO - DAG(s) 'example_skip_dag' retrieved from /home/airflow/.local/lib/python3.12/site-packages/airflow/example_dags/example_skip_dag.py
[2024-11-22T11:56:00.587+0000] {logging_mixin.py:190} INFO - [2024-11-22T11:56:00.587+0000] {dag.py:3239} INFO - Sync 1 DAGs
[2024-11-22T11:56:00.607+0000] {logging_mixin.py:190} INFO - [2024-11-22T11:56:00.607+0000] {dag.py:4180} INFO - Setting next_dagrun for example_skip_dag to 2024-11-21 00:00:00+00:00, run_after=2024-11-22 00:00:00+00:00
[2024-11-22T11:56:00.624+0000] {processor.py:208} INFO - Processing /home/airflow/.local/lib/python3.12/site-packages/airflow/example_dags/example_skip_dag.py took 0.069 seconds
[2024-11-22T11:56:31.660+0000] {processor.py:186} INFO - Started process (PID=1065) to work on /home/airflow/.local/lib/python3.12/site-packages/airflow/example_dags/example_skip_dag.py
[2024-11-22T11:56:31.661+0000] {processor.py:914} INFO - Processing file /home/airflow/.local/lib/python3.12/site-packages/airflow/example_dags/example_skip_dag.py for tasks to queue
[2024-11-22T11:56:31.662+0000] {logging_mixin.py:190} INFO - [2024-11-22T11:56:31.662+0000] {dagbag.py:588} INFO - Filling up the DagBag from /home/airflow/.local/lib/python3.12/site-packages/airflow/example_dags/example_skip_dag.py
[2024-11-22T11:56:31.668+0000] {processor.py:925} INFO - DAG(s) 'example_skip_dag' retrieved from /home/airflow/.local/lib/python3.12/site-packages/airflow/example_dags/example_skip_dag.py
[2024-11-22T11:56:31.685+0000] {logging_mixin.py:190} INFO - [2024-11-22T11:56:31.685+0000] {dag.py:3239} INFO - Sync 1 DAGs
[2024-11-22T11:56:31.706+0000] {logging_mixin.py:190} INFO - [2024-11-22T11:56:31.706+0000] {dag.py:4180} INFO - Setting next_dagrun for example_skip_dag to 2024-11-21 00:00:00+00:00, run_after=2024-11-22 00:00:00+00:00
[2024-11-22T11:56:31.728+0000] {processor.py:208} INFO - Processing /home/airflow/.local/lib/python3.12/site-packages/airflow/example_dags/example_skip_dag.py took 0.073 seconds
[2024-11-22T11:57:02.563+0000] {processor.py:186} INFO - Started process (PID=1128) to work on /home/airflow/.local/lib/python3.12/site-packages/airflow/example_dags/example_skip_dag.py
[2024-11-22T11:57:02.563+0000] {processor.py:914} INFO - Processing file /home/airflow/.local/lib/python3.12/site-packages/airflow/example_dags/example_skip_dag.py for tasks to queue
[2024-11-22T11:57:02.565+0000] {logging_mixin.py:190} INFO - [2024-11-22T11:57:02.565+0000] {dagbag.py:588} INFO - Filling up the DagBag from /home/airflow/.local/lib/python3.12/site-packages/airflow/example_dags/example_skip_dag.py
[2024-11-22T11:57:02.572+0000] {processor.py:925} INFO - DAG(s) 'example_skip_dag' retrieved from /home/airflow/.local/lib/python3.12/site-packages/airflow/example_dags/example_skip_dag.py
[2024-11-22T11:57:02.590+0000] {logging_mixin.py:190} INFO - [2024-11-22T11:57:02.590+0000] {dag.py:3239} INFO - Sync 1 DAGs
[2024-11-22T11:57:02.611+0000] {logging_mixin.py:190} INFO - [2024-11-22T11:57:02.611+0000] {dag.py:4180} INFO - Setting next_dagrun for example_skip_dag to 2024-11-21 00:00:00+00:00, run_after=2024-11-22 00:00:00+00:00
[2024-11-22T11:57:02.628+0000] {processor.py:208} INFO - Processing /home/airflow/.local/lib/python3.12/site-packages/airflow/example_dags/example_skip_dag.py took 0.070 seconds
