[2024-11-22T11:48:39.595+0000] {processor.py:186} INFO - Started process (PID=96) to work on /home/airflow/.local/lib/python3.12/site-packages/airflow/example_dags/example_inlet_event_extra.py
[2024-11-22T11:48:39.595+0000] {processor.py:914} INFO - Processing file /home/airflow/.local/lib/python3.12/site-packages/airflow/example_dags/example_inlet_event_extra.py for tasks to queue
[2024-11-22T11:48:39.598+0000] {logging_mixin.py:190} INFO - [2024-11-22T11:48:39.598+0000] {dagbag.py:588} INFO - Filling up the DagBag from /home/airflow/.local/lib/python3.12/site-packages/airflow/example_dags/example_inlet_event_extra.py
[2024-11-22T11:48:41.266+0000] {processor.py:925} INFO - DAG(s) 'read_dataset_event', 'read_dataset_event_from_classic' retrieved from /home/airflow/.local/lib/python3.12/site-packages/airflow/example_dags/example_inlet_event_extra.py
[2024-11-22T11:48:41.366+0000] {logging_mixin.py:190} INFO - [2024-11-22T11:48:41.366+0000] {override.py:1911} INFO - Created Permission View: can delete on DAG:read_dataset_event
[2024-11-22T11:48:41.376+0000] {logging_mixin.py:190} INFO - [2024-11-22T11:48:41.376+0000] {override.py:1911} INFO - Created Permission View: can edit on DAG:read_dataset_event
[2024-11-22T11:48:41.383+0000] {logging_mixin.py:190} INFO - [2024-11-22T11:48:41.382+0000] {override.py:1911} INFO - Created Permission View: can read on DAG:read_dataset_event
[2024-11-22T11:48:41.392+0000] {logging_mixin.py:190} INFO - [2024-11-22T11:48:41.391+0000] {override.py:1911} INFO - Created Permission View: can delete on DAG Run:read_dataset_event
[2024-11-22T11:48:41.399+0000] {logging_mixin.py:190} INFO - [2024-11-22T11:48:41.399+0000] {override.py:1911} INFO - Created Permission View: menu access on DAG Run:read_dataset_event
[2024-11-22T11:48:41.407+0000] {logging_mixin.py:190} INFO - [2024-11-22T11:48:41.407+0000] {override.py:1911} INFO - Created Permission View: can create on DAG Run:read_dataset_event
[2024-11-22T11:48:41.415+0000] {logging_mixin.py:190} INFO - [2024-11-22T11:48:41.415+0000] {override.py:1911} INFO - Created Permission View: can read on DAG Run:read_dataset_event
[2024-11-22T11:48:41.445+0000] {logging_mixin.py:190} INFO - [2024-11-22T11:48:41.445+0000] {override.py:1911} INFO - Created Permission View: can delete on DAG:read_dataset_event_from_classic
[2024-11-22T11:48:41.454+0000] {logging_mixin.py:190} INFO - [2024-11-22T11:48:41.454+0000] {override.py:1911} INFO - Created Permission View: can edit on DAG:read_dataset_event_from_classic
[2024-11-22T11:48:41.463+0000] {logging_mixin.py:190} INFO - [2024-11-22T11:48:41.462+0000] {override.py:1911} INFO - Created Permission View: can read on DAG:read_dataset_event_from_classic
[2024-11-22T11:48:41.471+0000] {logging_mixin.py:190} INFO - [2024-11-22T11:48:41.471+0000] {override.py:1911} INFO - Created Permission View: can delete on DAG Run:read_dataset_event_from_classic
[2024-11-22T11:48:41.480+0000] {logging_mixin.py:190} INFO - [2024-11-22T11:48:41.479+0000] {override.py:1911} INFO - Created Permission View: menu access on DAG Run:read_dataset_event_from_classic
[2024-11-22T11:48:41.488+0000] {logging_mixin.py:190} INFO - [2024-11-22T11:48:41.488+0000] {override.py:1911} INFO - Created Permission View: can create on DAG Run:read_dataset_event_from_classic
[2024-11-22T11:48:41.497+0000] {logging_mixin.py:190} INFO - [2024-11-22T11:48:41.496+0000] {override.py:1911} INFO - Created Permission View: can read on DAG Run:read_dataset_event_from_classic
[2024-11-22T11:48:41.497+0000] {logging_mixin.py:190} INFO - [2024-11-22T11:48:41.497+0000] {dag.py:3239} INFO - Sync 2 DAGs
[2024-11-22T11:48:41.516+0000] {logging_mixin.py:190} INFO - [2024-11-22T11:48:41.515+0000] {dag.py:3262} INFO - Creating ORM DAG for read_dataset_event_from_classic
[2024-11-22T11:48:41.517+0000] {logging_mixin.py:190} INFO - [2024-11-22T11:48:41.517+0000] {dag.py:3262} INFO - Creating ORM DAG for read_dataset_event
[2024-11-22T11:48:41.530+0000] {logging_mixin.py:190} INFO - [2024-11-22T11:48:41.530+0000] {dag.py:4180} INFO - Setting next_dagrun for read_dataset_event to 2024-11-21 00:00:00+00:00, run_after=2024-11-22 00:00:00+00:00
[2024-11-22T11:48:41.532+0000] {logging_mixin.py:190} INFO - [2024-11-22T11:48:41.532+0000] {dag.py:4180} INFO - Setting next_dagrun for read_dataset_event_from_classic to 2024-11-21 00:00:00+00:00, run_after=2024-11-22 00:00:00+00:00
[2024-11-22T11:48:41.553+0000] {processor.py:208} INFO - Processing /home/airflow/.local/lib/python3.12/site-packages/airflow/example_dags/example_inlet_event_extra.py took 1.965 seconds
[2024-11-22T11:49:11.756+0000] {processor.py:186} INFO - Started process (PID=163) to work on /home/airflow/.local/lib/python3.12/site-packages/airflow/example_dags/example_inlet_event_extra.py
[2024-11-22T11:49:11.757+0000] {processor.py:914} INFO - Processing file /home/airflow/.local/lib/python3.12/site-packages/airflow/example_dags/example_inlet_event_extra.py for tasks to queue
[2024-11-22T11:49:11.759+0000] {logging_mixin.py:190} INFO - [2024-11-22T11:49:11.758+0000] {dagbag.py:588} INFO - Filling up the DagBag from /home/airflow/.local/lib/python3.12/site-packages/airflow/example_dags/example_inlet_event_extra.py
[2024-11-22T11:49:12.316+0000] {processor.py:925} INFO - DAG(s) 'read_dataset_event_from_classic', 'read_dataset_event' retrieved from /home/airflow/.local/lib/python3.12/site-packages/airflow/example_dags/example_inlet_event_extra.py
[2024-11-22T11:49:12.332+0000] {logging_mixin.py:190} INFO - [2024-11-22T11:49:12.332+0000] {dag.py:3239} INFO - Sync 2 DAGs
[2024-11-22T11:49:12.353+0000] {logging_mixin.py:190} INFO - [2024-11-22T11:49:12.352+0000] {dag.py:4180} INFO - Setting next_dagrun for read_dataset_event to 2024-11-21 00:00:00+00:00, run_after=2024-11-22 00:00:00+00:00
[2024-11-22T11:49:12.357+0000] {logging_mixin.py:190} INFO - [2024-11-22T11:49:12.357+0000] {dag.py:4180} INFO - Setting next_dagrun for read_dataset_event_from_classic to 2024-11-21 00:00:00+00:00, run_after=2024-11-22 00:00:00+00:00
[2024-11-22T11:49:12.380+0000] {processor.py:208} INFO - Processing /home/airflow/.local/lib/python3.12/site-packages/airflow/example_dags/example_inlet_event_extra.py took 0.629 seconds
[2024-11-22T11:49:43.309+0000] {processor.py:186} INFO - Started process (PID=228) to work on /home/airflow/.local/lib/python3.12/site-packages/airflow/example_dags/example_inlet_event_extra.py
[2024-11-22T11:49:43.310+0000] {processor.py:914} INFO - Processing file /home/airflow/.local/lib/python3.12/site-packages/airflow/example_dags/example_inlet_event_extra.py for tasks to queue
[2024-11-22T11:49:43.312+0000] {logging_mixin.py:190} INFO - [2024-11-22T11:49:43.312+0000] {dagbag.py:588} INFO - Filling up the DagBag from /home/airflow/.local/lib/python3.12/site-packages/airflow/example_dags/example_inlet_event_extra.py
[2024-11-22T11:49:43.892+0000] {processor.py:925} INFO - DAG(s) 'read_dataset_event', 'read_dataset_event_from_classic' retrieved from /home/airflow/.local/lib/python3.12/site-packages/airflow/example_dags/example_inlet_event_extra.py
[2024-11-22T11:49:43.911+0000] {logging_mixin.py:190} INFO - [2024-11-22T11:49:43.910+0000] {dag.py:3239} INFO - Sync 2 DAGs
[2024-11-22T11:49:43.933+0000] {logging_mixin.py:190} INFO - [2024-11-22T11:49:43.933+0000] {dag.py:4180} INFO - Setting next_dagrun for read_dataset_event to 2024-11-21 00:00:00+00:00, run_after=2024-11-22 00:00:00+00:00
[2024-11-22T11:49:43.938+0000] {logging_mixin.py:190} INFO - [2024-11-22T11:49:43.938+0000] {dag.py:4180} INFO - Setting next_dagrun for read_dataset_event_from_classic to 2024-11-21 00:00:00+00:00, run_after=2024-11-22 00:00:00+00:00
[2024-11-22T11:49:43.965+0000] {processor.py:208} INFO - Processing /home/airflow/.local/lib/python3.12/site-packages/airflow/example_dags/example_inlet_event_extra.py took 0.661 seconds
[2024-11-22T11:50:14.929+0000] {processor.py:186} INFO - Started process (PID=291) to work on /home/airflow/.local/lib/python3.12/site-packages/airflow/example_dags/example_inlet_event_extra.py
[2024-11-22T11:50:14.940+0000] {processor.py:914} INFO - Processing file /home/airflow/.local/lib/python3.12/site-packages/airflow/example_dags/example_inlet_event_extra.py for tasks to queue
[2024-11-22T11:50:14.944+0000] {logging_mixin.py:190} INFO - [2024-11-22T11:50:14.943+0000] {dagbag.py:588} INFO - Filling up the DagBag from /home/airflow/.local/lib/python3.12/site-packages/airflow/example_dags/example_inlet_event_extra.py
[2024-11-22T11:50:16.158+0000] {processor.py:925} INFO - DAG(s) 'read_dataset_event', 'read_dataset_event_from_classic' retrieved from /home/airflow/.local/lib/python3.12/site-packages/airflow/example_dags/example_inlet_event_extra.py
[2024-11-22T11:50:16.178+0000] {logging_mixin.py:190} INFO - [2024-11-22T11:50:16.178+0000] {dag.py:3239} INFO - Sync 2 DAGs
[2024-11-22T11:50:16.204+0000] {logging_mixin.py:190} INFO - [2024-11-22T11:50:16.204+0000] {dag.py:4180} INFO - Setting next_dagrun for read_dataset_event to 2024-11-21 00:00:00+00:00, run_after=2024-11-22 00:00:00+00:00
[2024-11-22T11:50:16.209+0000] {logging_mixin.py:190} INFO - [2024-11-22T11:50:16.209+0000] {dag.py:4180} INFO - Setting next_dagrun for read_dataset_event_from_classic to 2024-11-21 00:00:00+00:00, run_after=2024-11-22 00:00:00+00:00
[2024-11-22T11:50:16.238+0000] {processor.py:208} INFO - Processing /home/airflow/.local/lib/python3.12/site-packages/airflow/example_dags/example_inlet_event_extra.py took 1.320 seconds
[2024-11-22T11:50:46.713+0000] {processor.py:186} INFO - Started process (PID=354) to work on /home/airflow/.local/lib/python3.12/site-packages/airflow/example_dags/example_inlet_event_extra.py
[2024-11-22T11:50:46.724+0000] {processor.py:914} INFO - Processing file /home/airflow/.local/lib/python3.12/site-packages/airflow/example_dags/example_inlet_event_extra.py for tasks to queue
[2024-11-22T11:50:46.726+0000] {logging_mixin.py:190} INFO - [2024-11-22T11:50:46.726+0000] {dagbag.py:588} INFO - Filling up the DagBag from /home/airflow/.local/lib/python3.12/site-packages/airflow/example_dags/example_inlet_event_extra.py
[2024-11-22T11:50:47.359+0000] {processor.py:925} INFO - DAG(s) 'read_dataset_event_from_classic', 'read_dataset_event' retrieved from /home/airflow/.local/lib/python3.12/site-packages/airflow/example_dags/example_inlet_event_extra.py
[2024-11-22T11:50:47.378+0000] {logging_mixin.py:190} INFO - [2024-11-22T11:50:47.378+0000] {dag.py:3239} INFO - Sync 2 DAGs
[2024-11-22T11:50:47.401+0000] {logging_mixin.py:190} INFO - [2024-11-22T11:50:47.401+0000] {dag.py:4180} INFO - Setting next_dagrun for read_dataset_event to 2024-11-21 00:00:00+00:00, run_after=2024-11-22 00:00:00+00:00
[2024-11-22T11:50:47.406+0000] {logging_mixin.py:190} INFO - [2024-11-22T11:50:47.406+0000] {dag.py:4180} INFO - Setting next_dagrun for read_dataset_event_from_classic to 2024-11-21 00:00:00+00:00, run_after=2024-11-22 00:00:00+00:00
[2024-11-22T11:50:47.436+0000] {processor.py:208} INFO - Processing /home/airflow/.local/lib/python3.12/site-packages/airflow/example_dags/example_inlet_event_extra.py took 0.727 seconds
[2024-11-22T11:51:17.802+0000] {processor.py:186} INFO - Started process (PID=417) to work on /home/airflow/.local/lib/python3.12/site-packages/airflow/example_dags/example_inlet_event_extra.py
[2024-11-22T11:51:17.813+0000] {processor.py:914} INFO - Processing file /home/airflow/.local/lib/python3.12/site-packages/airflow/example_dags/example_inlet_event_extra.py for tasks to queue
[2024-11-22T11:51:17.816+0000] {logging_mixin.py:190} INFO - [2024-11-22T11:51:17.815+0000] {dagbag.py:588} INFO - Filling up the DagBag from /home/airflow/.local/lib/python3.12/site-packages/airflow/example_dags/example_inlet_event_extra.py
[2024-11-22T11:51:18.394+0000] {processor.py:925} INFO - DAG(s) 'read_dataset_event_from_classic', 'read_dataset_event' retrieved from /home/airflow/.local/lib/python3.12/site-packages/airflow/example_dags/example_inlet_event_extra.py
[2024-11-22T11:51:18.411+0000] {logging_mixin.py:190} INFO - [2024-11-22T11:51:18.411+0000] {dag.py:3239} INFO - Sync 2 DAGs
[2024-11-22T11:51:18.434+0000] {logging_mixin.py:190} INFO - [2024-11-22T11:51:18.434+0000] {dag.py:4180} INFO - Setting next_dagrun for read_dataset_event to 2024-11-21 00:00:00+00:00, run_after=2024-11-22 00:00:00+00:00
[2024-11-22T11:51:18.439+0000] {logging_mixin.py:190} INFO - [2024-11-22T11:51:18.439+0000] {dag.py:4180} INFO - Setting next_dagrun for read_dataset_event_from_classic to 2024-11-21 00:00:00+00:00, run_after=2024-11-22 00:00:00+00:00
[2024-11-22T11:51:18.452+0000] {processor.py:208} INFO - Processing /home/airflow/.local/lib/python3.12/site-packages/airflow/example_dags/example_inlet_event_extra.py took 0.658 seconds
[2024-11-22T11:51:48.762+0000] {processor.py:186} INFO - Started process (PID=480) to work on /home/airflow/.local/lib/python3.12/site-packages/airflow/example_dags/example_inlet_event_extra.py
[2024-11-22T11:51:48.763+0000] {processor.py:914} INFO - Processing file /home/airflow/.local/lib/python3.12/site-packages/airflow/example_dags/example_inlet_event_extra.py for tasks to queue
[2024-11-22T11:51:48.765+0000] {logging_mixin.py:190} INFO - [2024-11-22T11:51:48.765+0000] {dagbag.py:588} INFO - Filling up the DagBag from /home/airflow/.local/lib/python3.12/site-packages/airflow/example_dags/example_inlet_event_extra.py
[2024-11-22T11:51:49.433+0000] {processor.py:925} INFO - DAG(s) 'read_dataset_event_from_classic', 'read_dataset_event' retrieved from /home/airflow/.local/lib/python3.12/site-packages/airflow/example_dags/example_inlet_event_extra.py
[2024-11-22T11:51:49.451+0000] {logging_mixin.py:190} INFO - [2024-11-22T11:51:49.451+0000] {dag.py:3239} INFO - Sync 2 DAGs
[2024-11-22T11:51:49.474+0000] {logging_mixin.py:190} INFO - [2024-11-22T11:51:49.474+0000] {dag.py:4180} INFO - Setting next_dagrun for read_dataset_event to 2024-11-21 00:00:00+00:00, run_after=2024-11-22 00:00:00+00:00
[2024-11-22T11:51:49.479+0000] {logging_mixin.py:190} INFO - [2024-11-22T11:51:49.479+0000] {dag.py:4180} INFO - Setting next_dagrun for read_dataset_event_from_classic to 2024-11-21 00:00:00+00:00, run_after=2024-11-22 00:00:00+00:00
[2024-11-22T11:51:49.492+0000] {processor.py:208} INFO - Processing /home/airflow/.local/lib/python3.12/site-packages/airflow/example_dags/example_inlet_event_extra.py took 0.735 seconds
[2024-11-22T11:52:20.004+0000] {processor.py:186} INFO - Started process (PID=543) to work on /home/airflow/.local/lib/python3.12/site-packages/airflow/example_dags/example_inlet_event_extra.py
[2024-11-22T11:52:20.005+0000] {processor.py:914} INFO - Processing file /home/airflow/.local/lib/python3.12/site-packages/airflow/example_dags/example_inlet_event_extra.py for tasks to queue
[2024-11-22T11:52:20.009+0000] {logging_mixin.py:190} INFO - [2024-11-22T11:52:20.008+0000] {dagbag.py:588} INFO - Filling up the DagBag from /home/airflow/.local/lib/python3.12/site-packages/airflow/example_dags/example_inlet_event_extra.py
[2024-11-22T11:52:20.728+0000] {processor.py:925} INFO - DAG(s) 'read_dataset_event_from_classic', 'read_dataset_event' retrieved from /home/airflow/.local/lib/python3.12/site-packages/airflow/example_dags/example_inlet_event_extra.py
[2024-11-22T11:52:20.750+0000] {logging_mixin.py:190} INFO - [2024-11-22T11:52:20.750+0000] {dag.py:3239} INFO - Sync 2 DAGs
[2024-11-22T11:52:20.785+0000] {logging_mixin.py:190} INFO - [2024-11-22T11:52:20.785+0000] {dag.py:4180} INFO - Setting next_dagrun for read_dataset_event to 2024-11-21 00:00:00+00:00, run_after=2024-11-22 00:00:00+00:00
[2024-11-22T11:52:20.792+0000] {logging_mixin.py:190} INFO - [2024-11-22T11:52:20.792+0000] {dag.py:4180} INFO - Setting next_dagrun for read_dataset_event_from_classic to 2024-11-21 00:00:00+00:00, run_after=2024-11-22 00:00:00+00:00
[2024-11-22T11:52:20.826+0000] {processor.py:208} INFO - Processing /home/airflow/.local/lib/python3.12/site-packages/airflow/example_dags/example_inlet_event_extra.py took 0.829 seconds
[2024-11-22T11:52:51.660+0000] {processor.py:186} INFO - Started process (PID=606) to work on /home/airflow/.local/lib/python3.12/site-packages/airflow/example_dags/example_inlet_event_extra.py
[2024-11-22T11:52:51.661+0000] {processor.py:914} INFO - Processing file /home/airflow/.local/lib/python3.12/site-packages/airflow/example_dags/example_inlet_event_extra.py for tasks to queue
[2024-11-22T11:52:51.663+0000] {logging_mixin.py:190} INFO - [2024-11-22T11:52:51.663+0000] {dagbag.py:588} INFO - Filling up the DagBag from /home/airflow/.local/lib/python3.12/site-packages/airflow/example_dags/example_inlet_event_extra.py
[2024-11-22T11:52:52.384+0000] {processor.py:925} INFO - DAG(s) 'read_dataset_event', 'read_dataset_event_from_classic' retrieved from /home/airflow/.local/lib/python3.12/site-packages/airflow/example_dags/example_inlet_event_extra.py
[2024-11-22T11:52:52.430+0000] {logging_mixin.py:190} INFO - [2024-11-22T11:52:52.430+0000] {dag.py:3239} INFO - Sync 2 DAGs
[2024-11-22T11:52:52.472+0000] {logging_mixin.py:190} INFO - [2024-11-22T11:52:52.472+0000] {dag.py:4180} INFO - Setting next_dagrun for read_dataset_event to 2024-11-21 00:00:00+00:00, run_after=2024-11-22 00:00:00+00:00
[2024-11-22T11:52:52.480+0000] {logging_mixin.py:190} INFO - [2024-11-22T11:52:52.480+0000] {dag.py:4180} INFO - Setting next_dagrun for read_dataset_event_from_classic to 2024-11-21 00:00:00+00:00, run_after=2024-11-22 00:00:00+00:00
[2024-11-22T11:52:52.505+0000] {processor.py:208} INFO - Processing /home/airflow/.local/lib/python3.12/site-packages/airflow/example_dags/example_inlet_event_extra.py took 0.851 seconds
[2024-11-22T11:53:23.026+0000] {processor.py:186} INFO - Started process (PID=669) to work on /home/airflow/.local/lib/python3.12/site-packages/airflow/example_dags/example_inlet_event_extra.py
[2024-11-22T11:53:23.028+0000] {processor.py:914} INFO - Processing file /home/airflow/.local/lib/python3.12/site-packages/airflow/example_dags/example_inlet_event_extra.py for tasks to queue
[2024-11-22T11:53:23.030+0000] {logging_mixin.py:190} INFO - [2024-11-22T11:53:23.030+0000] {dagbag.py:588} INFO - Filling up the DagBag from /home/airflow/.local/lib/python3.12/site-packages/airflow/example_dags/example_inlet_event_extra.py
[2024-11-22T11:53:23.657+0000] {processor.py:925} INFO - DAG(s) 'read_dataset_event_from_classic', 'read_dataset_event' retrieved from /home/airflow/.local/lib/python3.12/site-packages/airflow/example_dags/example_inlet_event_extra.py
[2024-11-22T11:53:23.675+0000] {logging_mixin.py:190} INFO - [2024-11-22T11:53:23.675+0000] {dag.py:3239} INFO - Sync 2 DAGs
[2024-11-22T11:53:23.699+0000] {logging_mixin.py:190} INFO - [2024-11-22T11:53:23.698+0000] {dag.py:4180} INFO - Setting next_dagrun for read_dataset_event to 2024-11-21 00:00:00+00:00, run_after=2024-11-22 00:00:00+00:00
[2024-11-22T11:53:23.704+0000] {logging_mixin.py:190} INFO - [2024-11-22T11:53:23.703+0000] {dag.py:4180} INFO - Setting next_dagrun for read_dataset_event_from_classic to 2024-11-21 00:00:00+00:00, run_after=2024-11-22 00:00:00+00:00
[2024-11-22T11:53:23.719+0000] {processor.py:208} INFO - Processing /home/airflow/.local/lib/python3.12/site-packages/airflow/example_dags/example_inlet_event_extra.py took 0.701 seconds
[2024-11-22T11:53:53.877+0000] {processor.py:186} INFO - Started process (PID=732) to work on /home/airflow/.local/lib/python3.12/site-packages/airflow/example_dags/example_inlet_event_extra.py
[2024-11-22T11:53:53.879+0000] {processor.py:914} INFO - Processing file /home/airflow/.local/lib/python3.12/site-packages/airflow/example_dags/example_inlet_event_extra.py for tasks to queue
[2024-11-22T11:53:53.883+0000] {logging_mixin.py:190} INFO - [2024-11-22T11:53:53.882+0000] {dagbag.py:588} INFO - Filling up the DagBag from /home/airflow/.local/lib/python3.12/site-packages/airflow/example_dags/example_inlet_event_extra.py
[2024-11-22T11:53:54.510+0000] {processor.py:925} INFO - DAG(s) 'read_dataset_event_from_classic', 'read_dataset_event' retrieved from /home/airflow/.local/lib/python3.12/site-packages/airflow/example_dags/example_inlet_event_extra.py
[2024-11-22T11:53:54.528+0000] {logging_mixin.py:190} INFO - [2024-11-22T11:53:54.528+0000] {dag.py:3239} INFO - Sync 2 DAGs
[2024-11-22T11:53:54.551+0000] {logging_mixin.py:190} INFO - [2024-11-22T11:53:54.551+0000] {dag.py:4180} INFO - Setting next_dagrun for read_dataset_event to 2024-11-21 00:00:00+00:00, run_after=2024-11-22 00:00:00+00:00
[2024-11-22T11:53:54.556+0000] {logging_mixin.py:190} INFO - [2024-11-22T11:53:54.556+0000] {dag.py:4180} INFO - Setting next_dagrun for read_dataset_event_from_classic to 2024-11-21 00:00:00+00:00, run_after=2024-11-22 00:00:00+00:00
[2024-11-22T11:53:54.583+0000] {processor.py:208} INFO - Processing /home/airflow/.local/lib/python3.12/site-packages/airflow/example_dags/example_inlet_event_extra.py took 0.714 seconds
[2024-11-22T11:54:25.309+0000] {processor.py:186} INFO - Started process (PID=795) to work on /home/airflow/.local/lib/python3.12/site-packages/airflow/example_dags/example_inlet_event_extra.py
[2024-11-22T11:54:25.321+0000] {processor.py:914} INFO - Processing file /home/airflow/.local/lib/python3.12/site-packages/airflow/example_dags/example_inlet_event_extra.py for tasks to queue
[2024-11-22T11:54:25.324+0000] {logging_mixin.py:190} INFO - [2024-11-22T11:54:25.323+0000] {dagbag.py:588} INFO - Filling up the DagBag from /home/airflow/.local/lib/python3.12/site-packages/airflow/example_dags/example_inlet_event_extra.py
[2024-11-22T11:54:26.045+0000] {processor.py:925} INFO - DAG(s) 'read_dataset_event_from_classic', 'read_dataset_event' retrieved from /home/airflow/.local/lib/python3.12/site-packages/airflow/example_dags/example_inlet_event_extra.py
[2024-11-22T11:54:26.063+0000] {logging_mixin.py:190} INFO - [2024-11-22T11:54:26.062+0000] {dag.py:3239} INFO - Sync 2 DAGs
[2024-11-22T11:54:26.084+0000] {logging_mixin.py:190} INFO - [2024-11-22T11:54:26.084+0000] {dag.py:4180} INFO - Setting next_dagrun for read_dataset_event to 2024-11-21 00:00:00+00:00, run_after=2024-11-22 00:00:00+00:00
[2024-11-22T11:54:26.089+0000] {logging_mixin.py:190} INFO - [2024-11-22T11:54:26.089+0000] {dag.py:4180} INFO - Setting next_dagrun for read_dataset_event_from_classic to 2024-11-21 00:00:00+00:00, run_after=2024-11-22 00:00:00+00:00
[2024-11-22T11:54:26.102+0000] {processor.py:208} INFO - Processing /home/airflow/.local/lib/python3.12/site-packages/airflow/example_dags/example_inlet_event_extra.py took 0.803 seconds
[2024-11-22T11:54:56.153+0000] {processor.py:186} INFO - Started process (PID=863) to work on /home/airflow/.local/lib/python3.12/site-packages/airflow/example_dags/example_inlet_event_extra.py
[2024-11-22T11:54:56.154+0000] {processor.py:914} INFO - Processing file /home/airflow/.local/lib/python3.12/site-packages/airflow/example_dags/example_inlet_event_extra.py for tasks to queue
[2024-11-22T11:54:56.155+0000] {logging_mixin.py:190} INFO - [2024-11-22T11:54:56.155+0000] {dagbag.py:588} INFO - Filling up the DagBag from /home/airflow/.local/lib/python3.12/site-packages/airflow/example_dags/example_inlet_event_extra.py
[2024-11-22T11:54:56.673+0000] {processor.py:925} INFO - DAG(s) 'read_dataset_event', 'read_dataset_event_from_classic' retrieved from /home/airflow/.local/lib/python3.12/site-packages/airflow/example_dags/example_inlet_event_extra.py
[2024-11-22T11:54:56.690+0000] {logging_mixin.py:190} INFO - [2024-11-22T11:54:56.690+0000] {dag.py:3239} INFO - Sync 2 DAGs
[2024-11-22T11:54:56.712+0000] {logging_mixin.py:190} INFO - [2024-11-22T11:54:56.712+0000] {dag.py:4180} INFO - Setting next_dagrun for read_dataset_event to 2024-11-21 00:00:00+00:00, run_after=2024-11-22 00:00:00+00:00
[2024-11-22T11:54:56.716+0000] {logging_mixin.py:190} INFO - [2024-11-22T11:54:56.716+0000] {dag.py:4180} INFO - Setting next_dagrun for read_dataset_event_from_classic to 2024-11-21 00:00:00+00:00, run_after=2024-11-22 00:00:00+00:00
[2024-11-22T11:54:56.739+0000] {processor.py:208} INFO - Processing /home/airflow/.local/lib/python3.12/site-packages/airflow/example_dags/example_inlet_event_extra.py took 0.590 seconds
[2024-11-22T11:55:26.860+0000] {processor.py:186} INFO - Started process (PID=926) to work on /home/airflow/.local/lib/python3.12/site-packages/airflow/example_dags/example_inlet_event_extra.py
[2024-11-22T11:55:26.862+0000] {processor.py:914} INFO - Processing file /home/airflow/.local/lib/python3.12/site-packages/airflow/example_dags/example_inlet_event_extra.py for tasks to queue
[2024-11-22T11:55:26.865+0000] {logging_mixin.py:190} INFO - [2024-11-22T11:55:26.864+0000] {dagbag.py:588} INFO - Filling up the DagBag from /home/airflow/.local/lib/python3.12/site-packages/airflow/example_dags/example_inlet_event_extra.py
[2024-11-22T11:55:27.433+0000] {processor.py:925} INFO - DAG(s) 'read_dataset_event_from_classic', 'read_dataset_event' retrieved from /home/airflow/.local/lib/python3.12/site-packages/airflow/example_dags/example_inlet_event_extra.py
[2024-11-22T11:55:27.450+0000] {logging_mixin.py:190} INFO - [2024-11-22T11:55:27.450+0000] {dag.py:3239} INFO - Sync 2 DAGs
[2024-11-22T11:55:27.471+0000] {logging_mixin.py:190} INFO - [2024-11-22T11:55:27.471+0000] {dag.py:4180} INFO - Setting next_dagrun for read_dataset_event to 2024-11-21 00:00:00+00:00, run_after=2024-11-22 00:00:00+00:00
[2024-11-22T11:55:27.476+0000] {logging_mixin.py:190} INFO - [2024-11-22T11:55:27.475+0000] {dag.py:4180} INFO - Setting next_dagrun for read_dataset_event_from_classic to 2024-11-21 00:00:00+00:00, run_after=2024-11-22 00:00:00+00:00
[2024-11-22T11:55:27.488+0000] {processor.py:208} INFO - Processing /home/airflow/.local/lib/python3.12/site-packages/airflow/example_dags/example_inlet_event_extra.py took 0.637 seconds
[2024-11-22T11:55:57.573+0000] {processor.py:186} INFO - Started process (PID=993) to work on /home/airflow/.local/lib/python3.12/site-packages/airflow/example_dags/example_inlet_event_extra.py
[2024-11-22T11:55:57.574+0000] {processor.py:914} INFO - Processing file /home/airflow/.local/lib/python3.12/site-packages/airflow/example_dags/example_inlet_event_extra.py for tasks to queue
[2024-11-22T11:55:57.576+0000] {logging_mixin.py:190} INFO - [2024-11-22T11:55:57.576+0000] {dagbag.py:588} INFO - Filling up the DagBag from /home/airflow/.local/lib/python3.12/site-packages/airflow/example_dags/example_inlet_event_extra.py
[2024-11-22T11:55:58.090+0000] {processor.py:925} INFO - DAG(s) 'read_dataset_event_from_classic', 'read_dataset_event' retrieved from /home/airflow/.local/lib/python3.12/site-packages/airflow/example_dags/example_inlet_event_extra.py
[2024-11-22T11:55:58.105+0000] {logging_mixin.py:190} INFO - [2024-11-22T11:55:58.105+0000] {dag.py:3239} INFO - Sync 2 DAGs
[2024-11-22T11:55:58.127+0000] {logging_mixin.py:190} INFO - [2024-11-22T11:55:58.127+0000] {dag.py:4180} INFO - Setting next_dagrun for read_dataset_event to 2024-11-21 00:00:00+00:00, run_after=2024-11-22 00:00:00+00:00
[2024-11-22T11:55:58.131+0000] {logging_mixin.py:190} INFO - [2024-11-22T11:55:58.131+0000] {dag.py:4180} INFO - Setting next_dagrun for read_dataset_event_from_classic to 2024-11-21 00:00:00+00:00, run_after=2024-11-22 00:00:00+00:00
[2024-11-22T11:55:58.154+0000] {processor.py:208} INFO - Processing /home/airflow/.local/lib/python3.12/site-packages/airflow/example_dags/example_inlet_event_extra.py took 0.586 seconds
[2024-11-22T11:56:28.326+0000] {processor.py:186} INFO - Started process (PID=1056) to work on /home/airflow/.local/lib/python3.12/site-packages/airflow/example_dags/example_inlet_event_extra.py
[2024-11-22T11:56:28.326+0000] {processor.py:914} INFO - Processing file /home/airflow/.local/lib/python3.12/site-packages/airflow/example_dags/example_inlet_event_extra.py for tasks to queue
[2024-11-22T11:56:28.328+0000] {logging_mixin.py:190} INFO - [2024-11-22T11:56:28.328+0000] {dagbag.py:588} INFO - Filling up the DagBag from /home/airflow/.local/lib/python3.12/site-packages/airflow/example_dags/example_inlet_event_extra.py
[2024-11-22T11:56:28.934+0000] {processor.py:925} INFO - DAG(s) 'read_dataset_event_from_classic', 'read_dataset_event' retrieved from /home/airflow/.local/lib/python3.12/site-packages/airflow/example_dags/example_inlet_event_extra.py
[2024-11-22T11:56:28.951+0000] {logging_mixin.py:190} INFO - [2024-11-22T11:56:28.951+0000] {dag.py:3239} INFO - Sync 2 DAGs
[2024-11-22T11:56:28.974+0000] {logging_mixin.py:190} INFO - [2024-11-22T11:56:28.974+0000] {dag.py:4180} INFO - Setting next_dagrun for read_dataset_event to 2024-11-21 00:00:00+00:00, run_after=2024-11-22 00:00:00+00:00
[2024-11-22T11:56:28.979+0000] {logging_mixin.py:190} INFO - [2024-11-22T11:56:28.978+0000] {dag.py:4180} INFO - Setting next_dagrun for read_dataset_event_from_classic to 2024-11-21 00:00:00+00:00, run_after=2024-11-22 00:00:00+00:00
[2024-11-22T11:56:28.991+0000] {processor.py:208} INFO - Processing /home/airflow/.local/lib/python3.12/site-packages/airflow/example_dags/example_inlet_event_extra.py took 0.670 seconds
[2024-11-22T11:56:59.747+0000] {processor.py:186} INFO - Started process (PID=1119) to work on /home/airflow/.local/lib/python3.12/site-packages/airflow/example_dags/example_inlet_event_extra.py
[2024-11-22T11:56:59.748+0000] {processor.py:914} INFO - Processing file /home/airflow/.local/lib/python3.12/site-packages/airflow/example_dags/example_inlet_event_extra.py for tasks to queue
[2024-11-22T11:56:59.751+0000] {logging_mixin.py:190} INFO - [2024-11-22T11:56:59.751+0000] {dagbag.py:588} INFO - Filling up the DagBag from /home/airflow/.local/lib/python3.12/site-packages/airflow/example_dags/example_inlet_event_extra.py
[2024-11-22T11:57:00.340+0000] {processor.py:925} INFO - DAG(s) 'read_dataset_event', 'read_dataset_event_from_classic' retrieved from /home/airflow/.local/lib/python3.12/site-packages/airflow/example_dags/example_inlet_event_extra.py
[2024-11-22T11:57:00.357+0000] {logging_mixin.py:190} INFO - [2024-11-22T11:57:00.356+0000] {dag.py:3239} INFO - Sync 2 DAGs
[2024-11-22T11:57:00.380+0000] {logging_mixin.py:190} INFO - [2024-11-22T11:57:00.380+0000] {dag.py:4180} INFO - Setting next_dagrun for read_dataset_event to 2024-11-21 00:00:00+00:00, run_after=2024-11-22 00:00:00+00:00
[2024-11-22T11:57:00.385+0000] {logging_mixin.py:190} INFO - [2024-11-22T11:57:00.384+0000] {dag.py:4180} INFO - Setting next_dagrun for read_dataset_event_from_classic to 2024-11-21 00:00:00+00:00, run_after=2024-11-22 00:00:00+00:00
[2024-11-22T11:57:00.408+0000] {processor.py:208} INFO - Processing /home/airflow/.local/lib/python3.12/site-packages/airflow/example_dags/example_inlet_event_extra.py took 0.670 seconds
