[2024-11-22T11:48:42.404+0000] {processor.py:186} INFO - Started process (PID=106) to work on /home/airflow/.local/lib/python3.12/site-packages/airflow/example_dags/example_task_group_decorator.py
[2024-11-22T11:48:42.405+0000] {processor.py:914} INFO - Processing file /home/airflow/.local/lib/python3.12/site-packages/airflow/example_dags/example_task_group_decorator.py for tasks to queue
[2024-11-22T11:48:42.408+0000] {logging_mixin.py:190} INFO - [2024-11-22T11:48:42.407+0000] {dagbag.py:588} INFO - Filling up the DagBag from /home/airflow/.local/lib/python3.12/site-packages/airflow/example_dags/example_task_group_decorator.py
[2024-11-22T11:48:42.431+0000] {processor.py:925} INFO - DAG(s) 'example_task_group_decorator' retrieved from /home/airflow/.local/lib/python3.12/site-packages/airflow/example_dags/example_task_group_decorator.py
[2024-11-22T11:48:42.541+0000] {logging_mixin.py:190} INFO - [2024-11-22T11:48:42.540+0000] {override.py:1911} INFO - Created Permission View: can delete on DAG:example_task_group_decorator
[2024-11-22T11:48:42.549+0000] {logging_mixin.py:190} INFO - [2024-11-22T11:48:42.549+0000] {override.py:1911} INFO - Created Permission View: can edit on DAG:example_task_group_decorator
[2024-11-22T11:48:42.555+0000] {logging_mixin.py:190} INFO - [2024-11-22T11:48:42.555+0000] {override.py:1911} INFO - Created Permission View: can read on DAG:example_task_group_decorator
[2024-11-22T11:48:42.561+0000] {logging_mixin.py:190} INFO - [2024-11-22T11:48:42.560+0000] {override.py:1911} INFO - Created Permission View: can delete on DAG Run:example_task_group_decorator
[2024-11-22T11:48:42.566+0000] {logging_mixin.py:190} INFO - [2024-11-22T11:48:42.566+0000] {override.py:1911} INFO - Created Permission View: menu access on DAG Run:example_task_group_decorator
[2024-11-22T11:48:42.572+0000] {logging_mixin.py:190} INFO - [2024-11-22T11:48:42.572+0000] {override.py:1911} INFO - Created Permission View: can create on DAG Run:example_task_group_decorator
[2024-11-22T11:48:42.578+0000] {logging_mixin.py:190} INFO - [2024-11-22T11:48:42.578+0000] {override.py:1911} INFO - Created Permission View: can read on DAG Run:example_task_group_decorator
[2024-11-22T11:48:42.578+0000] {logging_mixin.py:190} INFO - [2024-11-22T11:48:42.578+0000] {dag.py:3239} INFO - Sync 1 DAGs
[2024-11-22T11:48:42.591+0000] {logging_mixin.py:190} INFO - [2024-11-22T11:48:42.591+0000] {dag.py:3262} INFO - Creating ORM DAG for example_task_group_decorator
[2024-11-22T11:48:42.592+0000] {logging_mixin.py:190} INFO - [2024-11-22T11:48:42.592+0000] {dag.py:4180} INFO - Setting next_dagrun for example_task_group_decorator to None, run_after=None
[2024-11-22T11:48:42.605+0000] {processor.py:208} INFO - Processing /home/airflow/.local/lib/python3.12/site-packages/airflow/example_dags/example_task_group_decorator.py took 0.208 seconds
[2024-11-22T11:49:13.091+0000] {processor.py:186} INFO - Started process (PID=168) to work on /home/airflow/.local/lib/python3.12/site-packages/airflow/example_dags/example_task_group_decorator.py
[2024-11-22T11:49:13.093+0000] {processor.py:914} INFO - Processing file /home/airflow/.local/lib/python3.12/site-packages/airflow/example_dags/example_task_group_decorator.py for tasks to queue
[2024-11-22T11:49:13.095+0000] {logging_mixin.py:190} INFO - [2024-11-22T11:49:13.095+0000] {dagbag.py:588} INFO - Filling up the DagBag from /home/airflow/.local/lib/python3.12/site-packages/airflow/example_dags/example_task_group_decorator.py
[2024-11-22T11:49:13.109+0000] {processor.py:925} INFO - DAG(s) 'example_task_group_decorator' retrieved from /home/airflow/.local/lib/python3.12/site-packages/airflow/example_dags/example_task_group_decorator.py
[2024-11-22T11:49:13.130+0000] {logging_mixin.py:190} INFO - [2024-11-22T11:49:13.130+0000] {dag.py:3239} INFO - Sync 1 DAGs
[2024-11-22T11:49:13.142+0000] {logging_mixin.py:190} INFO - [2024-11-22T11:49:13.142+0000] {dag.py:4180} INFO - Setting next_dagrun for example_task_group_decorator to None, run_after=None
[2024-11-22T11:49:13.157+0000] {processor.py:208} INFO - Processing /home/airflow/.local/lib/python3.12/site-packages/airflow/example_dags/example_task_group_decorator.py took 0.075 seconds
[2024-11-22T11:49:44.053+0000] {processor.py:186} INFO - Started process (PID=231) to work on /home/airflow/.local/lib/python3.12/site-packages/airflow/example_dags/example_task_group_decorator.py
[2024-11-22T11:49:44.054+0000] {processor.py:914} INFO - Processing file /home/airflow/.local/lib/python3.12/site-packages/airflow/example_dags/example_task_group_decorator.py for tasks to queue
[2024-11-22T11:49:44.056+0000] {logging_mixin.py:190} INFO - [2024-11-22T11:49:44.055+0000] {dagbag.py:588} INFO - Filling up the DagBag from /home/airflow/.local/lib/python3.12/site-packages/airflow/example_dags/example_task_group_decorator.py
[2024-11-22T11:49:44.070+0000] {processor.py:925} INFO - DAG(s) 'example_task_group_decorator' retrieved from /home/airflow/.local/lib/python3.12/site-packages/airflow/example_dags/example_task_group_decorator.py
[2024-11-22T11:49:44.092+0000] {logging_mixin.py:190} INFO - [2024-11-22T11:49:44.092+0000] {dag.py:3239} INFO - Sync 1 DAGs
[2024-11-22T11:49:44.105+0000] {logging_mixin.py:190} INFO - [2024-11-22T11:49:44.105+0000] {dag.py:4180} INFO - Setting next_dagrun for example_task_group_decorator to None, run_after=None
[2024-11-22T11:49:44.121+0000] {processor.py:208} INFO - Processing /home/airflow/.local/lib/python3.12/site-packages/airflow/example_dags/example_task_group_decorator.py took 0.073 seconds
[2024-11-22T11:50:16.359+0000] {processor.py:186} INFO - Started process (PID=295) to work on /home/airflow/.local/lib/python3.12/site-packages/airflow/example_dags/example_task_group_decorator.py
[2024-11-22T11:50:16.360+0000] {processor.py:914} INFO - Processing file /home/airflow/.local/lib/python3.12/site-packages/airflow/example_dags/example_task_group_decorator.py for tasks to queue
[2024-11-22T11:50:16.362+0000] {logging_mixin.py:190} INFO - [2024-11-22T11:50:16.361+0000] {dagbag.py:588} INFO - Filling up the DagBag from /home/airflow/.local/lib/python3.12/site-packages/airflow/example_dags/example_task_group_decorator.py
[2024-11-22T11:50:16.375+0000] {processor.py:925} INFO - DAG(s) 'example_task_group_decorator' retrieved from /home/airflow/.local/lib/python3.12/site-packages/airflow/example_dags/example_task_group_decorator.py
[2024-11-22T11:50:16.397+0000] {logging_mixin.py:190} INFO - [2024-11-22T11:50:16.397+0000] {dag.py:3239} INFO - Sync 1 DAGs
[2024-11-22T11:50:16.410+0000] {logging_mixin.py:190} INFO - [2024-11-22T11:50:16.410+0000] {dag.py:4180} INFO - Setting next_dagrun for example_task_group_decorator to None, run_after=None
[2024-11-22T11:50:16.429+0000] {processor.py:208} INFO - Processing /home/airflow/.local/lib/python3.12/site-packages/airflow/example_dags/example_task_group_decorator.py took 0.075 seconds
[2024-11-22T11:50:47.511+0000] {processor.py:186} INFO - Started process (PID=357) to work on /home/airflow/.local/lib/python3.12/site-packages/airflow/example_dags/example_task_group_decorator.py
[2024-11-22T11:50:47.512+0000] {processor.py:914} INFO - Processing file /home/airflow/.local/lib/python3.12/site-packages/airflow/example_dags/example_task_group_decorator.py for tasks to queue
[2024-11-22T11:50:47.514+0000] {logging_mixin.py:190} INFO - [2024-11-22T11:50:47.513+0000] {dagbag.py:588} INFO - Filling up the DagBag from /home/airflow/.local/lib/python3.12/site-packages/airflow/example_dags/example_task_group_decorator.py
[2024-11-22T11:50:47.528+0000] {processor.py:925} INFO - DAG(s) 'example_task_group_decorator' retrieved from /home/airflow/.local/lib/python3.12/site-packages/airflow/example_dags/example_task_group_decorator.py
[2024-11-22T11:50:47.552+0000] {logging_mixin.py:190} INFO - [2024-11-22T11:50:47.552+0000] {dag.py:3239} INFO - Sync 1 DAGs
[2024-11-22T11:50:47.566+0000] {logging_mixin.py:190} INFO - [2024-11-22T11:50:47.566+0000] {dag.py:4180} INFO - Setting next_dagrun for example_task_group_decorator to None, run_after=None
[2024-11-22T11:50:47.585+0000] {processor.py:208} INFO - Processing /home/airflow/.local/lib/python3.12/site-packages/airflow/example_dags/example_task_group_decorator.py took 0.079 seconds
[2024-11-22T11:51:18.549+0000] {processor.py:186} INFO - Started process (PID=420) to work on /home/airflow/.local/lib/python3.12/site-packages/airflow/example_dags/example_task_group_decorator.py
[2024-11-22T11:51:18.550+0000] {processor.py:914} INFO - Processing file /home/airflow/.local/lib/python3.12/site-packages/airflow/example_dags/example_task_group_decorator.py for tasks to queue
[2024-11-22T11:51:18.551+0000] {logging_mixin.py:190} INFO - [2024-11-22T11:51:18.551+0000] {dagbag.py:588} INFO - Filling up the DagBag from /home/airflow/.local/lib/python3.12/site-packages/airflow/example_dags/example_task_group_decorator.py
[2024-11-22T11:51:18.565+0000] {processor.py:925} INFO - DAG(s) 'example_task_group_decorator' retrieved from /home/airflow/.local/lib/python3.12/site-packages/airflow/example_dags/example_task_group_decorator.py
[2024-11-22T11:51:18.585+0000] {logging_mixin.py:190} INFO - [2024-11-22T11:51:18.585+0000] {dag.py:3239} INFO - Sync 1 DAGs
[2024-11-22T11:51:18.597+0000] {logging_mixin.py:190} INFO - [2024-11-22T11:51:18.597+0000] {dag.py:4180} INFO - Setting next_dagrun for example_task_group_decorator to None, run_after=None
[2024-11-22T11:51:18.613+0000] {processor.py:208} INFO - Processing /home/airflow/.local/lib/python3.12/site-packages/airflow/example_dags/example_task_group_decorator.py took 0.068 seconds
[2024-11-22T11:51:49.588+0000] {processor.py:186} INFO - Started process (PID=483) to work on /home/airflow/.local/lib/python3.12/site-packages/airflow/example_dags/example_task_group_decorator.py
[2024-11-22T11:51:49.588+0000] {processor.py:914} INFO - Processing file /home/airflow/.local/lib/python3.12/site-packages/airflow/example_dags/example_task_group_decorator.py for tasks to queue
[2024-11-22T11:51:49.591+0000] {logging_mixin.py:190} INFO - [2024-11-22T11:51:49.590+0000] {dagbag.py:588} INFO - Filling up the DagBag from /home/airflow/.local/lib/python3.12/site-packages/airflow/example_dags/example_task_group_decorator.py
[2024-11-22T11:51:49.605+0000] {processor.py:925} INFO - DAG(s) 'example_task_group_decorator' retrieved from /home/airflow/.local/lib/python3.12/site-packages/airflow/example_dags/example_task_group_decorator.py
[2024-11-22T11:51:49.627+0000] {logging_mixin.py:190} INFO - [2024-11-22T11:51:49.627+0000] {dag.py:3239} INFO - Sync 1 DAGs
[2024-11-22T11:51:49.640+0000] {logging_mixin.py:190} INFO - [2024-11-22T11:51:49.639+0000] {dag.py:4180} INFO - Setting next_dagrun for example_task_group_decorator to None, run_after=None
[2024-11-22T11:51:49.656+0000] {processor.py:208} INFO - Processing /home/airflow/.local/lib/python3.12/site-packages/airflow/example_dags/example_task_group_decorator.py took 0.074 seconds
[2024-11-22T11:52:20.918+0000] {processor.py:186} INFO - Started process (PID=546) to work on /home/airflow/.local/lib/python3.12/site-packages/airflow/example_dags/example_task_group_decorator.py
[2024-11-22T11:52:20.919+0000] {processor.py:914} INFO - Processing file /home/airflow/.local/lib/python3.12/site-packages/airflow/example_dags/example_task_group_decorator.py for tasks to queue
[2024-11-22T11:52:20.921+0000] {logging_mixin.py:190} INFO - [2024-11-22T11:52:20.921+0000] {dagbag.py:588} INFO - Filling up the DagBag from /home/airflow/.local/lib/python3.12/site-packages/airflow/example_dags/example_task_group_decorator.py
[2024-11-22T11:52:20.943+0000] {processor.py:925} INFO - DAG(s) 'example_task_group_decorator' retrieved from /home/airflow/.local/lib/python3.12/site-packages/airflow/example_dags/example_task_group_decorator.py
[2024-11-22T11:52:20.983+0000] {logging_mixin.py:190} INFO - [2024-11-22T11:52:20.982+0000] {dag.py:3239} INFO - Sync 1 DAGs
[2024-11-22T11:52:21.009+0000] {logging_mixin.py:190} INFO - [2024-11-22T11:52:21.009+0000] {dag.py:4180} INFO - Setting next_dagrun for example_task_group_decorator to None, run_after=None
[2024-11-22T11:52:21.041+0000] {processor.py:208} INFO - Processing /home/airflow/.local/lib/python3.12/site-packages/airflow/example_dags/example_task_group_decorator.py took 0.130 seconds
[2024-11-22T11:52:52.647+0000] {processor.py:186} INFO - Started process (PID=609) to work on /home/airflow/.local/lib/python3.12/site-packages/airflow/example_dags/example_task_group_decorator.py
[2024-11-22T11:52:52.648+0000] {processor.py:914} INFO - Processing file /home/airflow/.local/lib/python3.12/site-packages/airflow/example_dags/example_task_group_decorator.py for tasks to queue
[2024-11-22T11:52:52.650+0000] {logging_mixin.py:190} INFO - [2024-11-22T11:52:52.650+0000] {dagbag.py:588} INFO - Filling up the DagBag from /home/airflow/.local/lib/python3.12/site-packages/airflow/example_dags/example_task_group_decorator.py
[2024-11-22T11:52:52.665+0000] {processor.py:925} INFO - DAG(s) 'example_task_group_decorator' retrieved from /home/airflow/.local/lib/python3.12/site-packages/airflow/example_dags/example_task_group_decorator.py
[2024-11-22T11:52:52.689+0000] {logging_mixin.py:190} INFO - [2024-11-22T11:52:52.689+0000] {dag.py:3239} INFO - Sync 1 DAGs
[2024-11-22T11:52:52.703+0000] {logging_mixin.py:190} INFO - [2024-11-22T11:52:52.703+0000] {dag.py:4180} INFO - Setting next_dagrun for example_task_group_decorator to None, run_after=None
[2024-11-22T11:52:52.721+0000] {processor.py:208} INFO - Processing /home/airflow/.local/lib/python3.12/site-packages/airflow/example_dags/example_task_group_decorator.py took 0.080 seconds
[2024-11-22T11:53:23.905+0000] {processor.py:186} INFO - Started process (PID=672) to work on /home/airflow/.local/lib/python3.12/site-packages/airflow/example_dags/example_task_group_decorator.py
[2024-11-22T11:53:23.906+0000] {processor.py:914} INFO - Processing file /home/airflow/.local/lib/python3.12/site-packages/airflow/example_dags/example_task_group_decorator.py for tasks to queue
[2024-11-22T11:53:23.908+0000] {logging_mixin.py:190} INFO - [2024-11-22T11:53:23.907+0000] {dagbag.py:588} INFO - Filling up the DagBag from /home/airflow/.local/lib/python3.12/site-packages/airflow/example_dags/example_task_group_decorator.py
[2024-11-22T11:53:23.923+0000] {processor.py:925} INFO - DAG(s) 'example_task_group_decorator' retrieved from /home/airflow/.local/lib/python3.12/site-packages/airflow/example_dags/example_task_group_decorator.py
[2024-11-22T11:53:23.949+0000] {logging_mixin.py:190} INFO - [2024-11-22T11:53:23.949+0000] {dag.py:3239} INFO - Sync 1 DAGs
[2024-11-22T11:53:23.964+0000] {logging_mixin.py:190} INFO - [2024-11-22T11:53:23.964+0000] {dag.py:4180} INFO - Setting next_dagrun for example_task_group_decorator to None, run_after=None
[2024-11-22T11:53:23.983+0000] {processor.py:208} INFO - Processing /home/airflow/.local/lib/python3.12/site-packages/airflow/example_dags/example_task_group_decorator.py took 0.084 seconds
[2024-11-22T11:53:54.756+0000] {processor.py:186} INFO - Started process (PID=735) to work on /home/airflow/.local/lib/python3.12/site-packages/airflow/example_dags/example_task_group_decorator.py
[2024-11-22T11:53:54.756+0000] {processor.py:914} INFO - Processing file /home/airflow/.local/lib/python3.12/site-packages/airflow/example_dags/example_task_group_decorator.py for tasks to queue
[2024-11-22T11:53:54.758+0000] {logging_mixin.py:190} INFO - [2024-11-22T11:53:54.758+0000] {dagbag.py:588} INFO - Filling up the DagBag from /home/airflow/.local/lib/python3.12/site-packages/airflow/example_dags/example_task_group_decorator.py
[2024-11-22T11:53:54.774+0000] {processor.py:925} INFO - DAG(s) 'example_task_group_decorator' retrieved from /home/airflow/.local/lib/python3.12/site-packages/airflow/example_dags/example_task_group_decorator.py
[2024-11-22T11:53:54.802+0000] {logging_mixin.py:190} INFO - [2024-11-22T11:53:54.802+0000] {dag.py:3239} INFO - Sync 1 DAGs
[2024-11-22T11:53:54.817+0000] {logging_mixin.py:190} INFO - [2024-11-22T11:53:54.816+0000] {dag.py:4180} INFO - Setting next_dagrun for example_task_group_decorator to None, run_after=None
[2024-11-22T11:53:54.834+0000] {processor.py:208} INFO - Processing /home/airflow/.local/lib/python3.12/site-packages/airflow/example_dags/example_task_group_decorator.py took 0.083 seconds
[2024-11-22T11:54:25.422+0000] {processor.py:186} INFO - Started process (PID=797) to work on /home/airflow/.local/lib/python3.12/site-packages/airflow/example_dags/example_task_group_decorator.py
[2024-11-22T11:54:25.423+0000] {processor.py:914} INFO - Processing file /home/airflow/.local/lib/python3.12/site-packages/airflow/example_dags/example_task_group_decorator.py for tasks to queue
[2024-11-22T11:54:25.425+0000] {logging_mixin.py:190} INFO - [2024-11-22T11:54:25.424+0000] {dagbag.py:588} INFO - Filling up the DagBag from /home/airflow/.local/lib/python3.12/site-packages/airflow/example_dags/example_task_group_decorator.py
[2024-11-22T11:54:25.443+0000] {processor.py:925} INFO - DAG(s) 'example_task_group_decorator' retrieved from /home/airflow/.local/lib/python3.12/site-packages/airflow/example_dags/example_task_group_decorator.py
[2024-11-22T11:54:25.488+0000] {logging_mixin.py:190} INFO - [2024-11-22T11:54:25.488+0000] {dag.py:3239} INFO - Sync 1 DAGs
[2024-11-22T11:54:25.507+0000] {logging_mixin.py:190} INFO - [2024-11-22T11:54:25.506+0000] {dag.py:4180} INFO - Setting next_dagrun for example_task_group_decorator to None, run_after=None
[2024-11-22T11:54:25.525+0000] {processor.py:208} INFO - Processing /home/airflow/.local/lib/python3.12/site-packages/airflow/example_dags/example_task_group_decorator.py took 0.108 seconds
[2024-11-22T11:54:55.878+0000] {processor.py:186} INFO - Started process (PID=859) to work on /home/airflow/.local/lib/python3.12/site-packages/airflow/example_dags/example_task_group_decorator.py
[2024-11-22T11:54:55.878+0000] {processor.py:914} INFO - Processing file /home/airflow/.local/lib/python3.12/site-packages/airflow/example_dags/example_task_group_decorator.py for tasks to queue
[2024-11-22T11:54:55.880+0000] {logging_mixin.py:190} INFO - [2024-11-22T11:54:55.880+0000] {dagbag.py:588} INFO - Filling up the DagBag from /home/airflow/.local/lib/python3.12/site-packages/airflow/example_dags/example_task_group_decorator.py
[2024-11-22T11:54:55.897+0000] {processor.py:925} INFO - DAG(s) 'example_task_group_decorator' retrieved from /home/airflow/.local/lib/python3.12/site-packages/airflow/example_dags/example_task_group_decorator.py
[2024-11-22T11:54:55.925+0000] {logging_mixin.py:190} INFO - [2024-11-22T11:54:55.925+0000] {dag.py:3239} INFO - Sync 1 DAGs
[2024-11-22T11:54:55.939+0000] {logging_mixin.py:190} INFO - [2024-11-22T11:54:55.939+0000] {dag.py:4180} INFO - Setting next_dagrun for example_task_group_decorator to None, run_after=None
[2024-11-22T11:54:55.956+0000] {processor.py:208} INFO - Processing /home/airflow/.local/lib/python3.12/site-packages/airflow/example_dags/example_task_group_decorator.py took 0.084 seconds
[2024-11-22T11:55:26.589+0000] {processor.py:186} INFO - Started process (PID=922) to work on /home/airflow/.local/lib/python3.12/site-packages/airflow/example_dags/example_task_group_decorator.py
[2024-11-22T11:55:26.592+0000] {processor.py:914} INFO - Processing file /home/airflow/.local/lib/python3.12/site-packages/airflow/example_dags/example_task_group_decorator.py for tasks to queue
[2024-11-22T11:55:26.596+0000] {logging_mixin.py:190} INFO - [2024-11-22T11:55:26.595+0000] {dagbag.py:588} INFO - Filling up the DagBag from /home/airflow/.local/lib/python3.12/site-packages/airflow/example_dags/example_task_group_decorator.py
[2024-11-22T11:55:26.615+0000] {processor.py:925} INFO - DAG(s) 'example_task_group_decorator' retrieved from /home/airflow/.local/lib/python3.12/site-packages/airflow/example_dags/example_task_group_decorator.py
[2024-11-22T11:55:26.639+0000] {logging_mixin.py:190} INFO - [2024-11-22T11:55:26.639+0000] {dag.py:3239} INFO - Sync 1 DAGs
[2024-11-22T11:55:26.652+0000] {logging_mixin.py:190} INFO - [2024-11-22T11:55:26.651+0000] {dag.py:4180} INFO - Setting next_dagrun for example_task_group_decorator to None, run_after=None
[2024-11-22T11:55:26.671+0000] {processor.py:208} INFO - Processing /home/airflow/.local/lib/python3.12/site-packages/airflow/example_dags/example_task_group_decorator.py took 0.088 seconds
[2024-11-22T11:55:57.104+0000] {processor.py:186} INFO - Started process (PID=985) to work on /home/airflow/.local/lib/python3.12/site-packages/airflow/example_dags/example_task_group_decorator.py
[2024-11-22T11:55:57.106+0000] {processor.py:914} INFO - Processing file /home/airflow/.local/lib/python3.12/site-packages/airflow/example_dags/example_task_group_decorator.py for tasks to queue
[2024-11-22T11:55:57.112+0000] {logging_mixin.py:190} INFO - [2024-11-22T11:55:57.112+0000] {dagbag.py:588} INFO - Filling up the DagBag from /home/airflow/.local/lib/python3.12/site-packages/airflow/example_dags/example_task_group_decorator.py
[2024-11-22T11:55:57.144+0000] {processor.py:925} INFO - DAG(s) 'example_task_group_decorator' retrieved from /home/airflow/.local/lib/python3.12/site-packages/airflow/example_dags/example_task_group_decorator.py
[2024-11-22T11:55:57.166+0000] {logging_mixin.py:190} INFO - [2024-11-22T11:55:57.165+0000] {dag.py:3239} INFO - Sync 1 DAGs
[2024-11-22T11:55:57.178+0000] {logging_mixin.py:190} INFO - [2024-11-22T11:55:57.178+0000] {dag.py:4180} INFO - Setting next_dagrun for example_task_group_decorator to None, run_after=None
[2024-11-22T11:55:57.195+0000] {processor.py:208} INFO - Processing /home/airflow/.local/lib/python3.12/site-packages/airflow/example_dags/example_task_group_decorator.py took 0.098 seconds
[2024-11-22T11:56:27.795+0000] {processor.py:186} INFO - Started process (PID=1048) to work on /home/airflow/.local/lib/python3.12/site-packages/airflow/example_dags/example_task_group_decorator.py
[2024-11-22T11:56:27.796+0000] {processor.py:914} INFO - Processing file /home/airflow/.local/lib/python3.12/site-packages/airflow/example_dags/example_task_group_decorator.py for tasks to queue
[2024-11-22T11:56:27.798+0000] {logging_mixin.py:190} INFO - [2024-11-22T11:56:27.798+0000] {dagbag.py:588} INFO - Filling up the DagBag from /home/airflow/.local/lib/python3.12/site-packages/airflow/example_dags/example_task_group_decorator.py
[2024-11-22T11:56:27.813+0000] {processor.py:925} INFO - DAG(s) 'example_task_group_decorator' retrieved from /home/airflow/.local/lib/python3.12/site-packages/airflow/example_dags/example_task_group_decorator.py
[2024-11-22T11:56:27.837+0000] {logging_mixin.py:190} INFO - [2024-11-22T11:56:27.837+0000] {dag.py:3239} INFO - Sync 1 DAGs
[2024-11-22T11:56:27.851+0000] {logging_mixin.py:190} INFO - [2024-11-22T11:56:27.850+0000] {dag.py:4180} INFO - Setting next_dagrun for example_task_group_decorator to None, run_after=None
[2024-11-22T11:56:27.866+0000] {processor.py:208} INFO - Processing /home/airflow/.local/lib/python3.12/site-packages/airflow/example_dags/example_task_group_decorator.py took 0.076 seconds
[2024-11-22T11:56:58.328+0000] {processor.py:186} INFO - Started process (PID=1111) to work on /home/airflow/.local/lib/python3.12/site-packages/airflow/example_dags/example_task_group_decorator.py
[2024-11-22T11:56:58.329+0000] {processor.py:914} INFO - Processing file /home/airflow/.local/lib/python3.12/site-packages/airflow/example_dags/example_task_group_decorator.py for tasks to queue
[2024-11-22T11:56:58.331+0000] {logging_mixin.py:190} INFO - [2024-11-22T11:56:58.331+0000] {dagbag.py:588} INFO - Filling up the DagBag from /home/airflow/.local/lib/python3.12/site-packages/airflow/example_dags/example_task_group_decorator.py
[2024-11-22T11:56:58.346+0000] {processor.py:925} INFO - DAG(s) 'example_task_group_decorator' retrieved from /home/airflow/.local/lib/python3.12/site-packages/airflow/example_dags/example_task_group_decorator.py
[2024-11-22T11:56:58.368+0000] {logging_mixin.py:190} INFO - [2024-11-22T11:56:58.368+0000] {dag.py:3239} INFO - Sync 1 DAGs
[2024-11-22T11:56:58.381+0000] {logging_mixin.py:190} INFO - [2024-11-22T11:56:58.381+0000] {dag.py:4180} INFO - Setting next_dagrun for example_task_group_decorator to None, run_after=None
[2024-11-22T11:56:58.398+0000] {processor.py:208} INFO - Processing /home/airflow/.local/lib/python3.12/site-packages/airflow/example_dags/example_task_group_decorator.py took 0.077 seconds
