[2024-11-22T11:48:38.641+0000] {processor.py:186} INFO - Started process (PID=87) to work on /home/airflow/.local/lib/python3.12/site-packages/airflow/example_dags/example_xcomargs.py
[2024-11-22T11:48:38.642+0000] {processor.py:914} INFO - Processing file /home/airflow/.local/lib/python3.12/site-packages/airflow/example_dags/example_xcomargs.py for tasks to queue
[2024-11-22T11:48:38.645+0000] {logging_mixin.py:190} INFO - [2024-11-22T11:48:38.644+0000] {dagbag.py:588} INFO - Filling up the DagBag from /home/airflow/.local/lib/python3.12/site-packages/airflow/example_dags/example_xcomargs.py
[2024-11-22T11:48:38.663+0000] {processor.py:925} INFO - DAG(s) 'example_xcom_args', 'example_xcom_args_with_operators' retrieved from /home/airflow/.local/lib/python3.12/site-packages/airflow/example_dags/example_xcomargs.py
[2024-11-22T11:48:38.774+0000] {logging_mixin.py:190} INFO - [2024-11-22T11:48:38.774+0000] {override.py:1911} INFO - Created Permission View: can delete on DAG:example_xcom_args
[2024-11-22T11:48:38.783+0000] {logging_mixin.py:190} INFO - [2024-11-22T11:48:38.783+0000] {override.py:1911} INFO - Created Permission View: can edit on DAG:example_xcom_args
[2024-11-22T11:48:38.789+0000] {logging_mixin.py:190} INFO - [2024-11-22T11:48:38.789+0000] {override.py:1911} INFO - Created Permission View: can read on DAG:example_xcom_args
[2024-11-22T11:48:38.795+0000] {logging_mixin.py:190} INFO - [2024-11-22T11:48:38.795+0000] {override.py:1911} INFO - Created Permission View: can delete on DAG Run:example_xcom_args
[2024-11-22T11:48:38.801+0000] {logging_mixin.py:190} INFO - [2024-11-22T11:48:38.800+0000] {override.py:1911} INFO - Created Permission View: menu access on DAG Run:example_xcom_args
[2024-11-22T11:48:38.806+0000] {logging_mixin.py:190} INFO - [2024-11-22T11:48:38.806+0000] {override.py:1911} INFO - Created Permission View: can create on DAG Run:example_xcom_args
[2024-11-22T11:48:38.811+0000] {logging_mixin.py:190} INFO - [2024-11-22T11:48:38.811+0000] {override.py:1911} INFO - Created Permission View: can read on DAG Run:example_xcom_args
[2024-11-22T11:48:38.823+0000] {logging_mixin.py:190} INFO - [2024-11-22T11:48:38.823+0000] {override.py:1911} INFO - Created Permission View: can delete on DAG:example_xcom_args_with_operators
[2024-11-22T11:48:38.829+0000] {logging_mixin.py:190} INFO - [2024-11-22T11:48:38.828+0000] {override.py:1911} INFO - Created Permission View: can edit on DAG:example_xcom_args_with_operators
[2024-11-22T11:48:38.834+0000] {logging_mixin.py:190} INFO - [2024-11-22T11:48:38.834+0000] {override.py:1911} INFO - Created Permission View: can read on DAG:example_xcom_args_with_operators
[2024-11-22T11:48:38.840+0000] {logging_mixin.py:190} INFO - [2024-11-22T11:48:38.840+0000] {override.py:1911} INFO - Created Permission View: can delete on DAG Run:example_xcom_args_with_operators
[2024-11-22T11:48:38.846+0000] {logging_mixin.py:190} INFO - [2024-11-22T11:48:38.845+0000] {override.py:1911} INFO - Created Permission View: menu access on DAG Run:example_xcom_args_with_operators
[2024-11-22T11:48:38.851+0000] {logging_mixin.py:190} INFO - [2024-11-22T11:48:38.851+0000] {override.py:1911} INFO - Created Permission View: can create on DAG Run:example_xcom_args_with_operators
[2024-11-22T11:48:38.857+0000] {logging_mixin.py:190} INFO - [2024-11-22T11:48:38.857+0000] {override.py:1911} INFO - Created Permission View: can read on DAG Run:example_xcom_args_with_operators
[2024-11-22T11:48:38.858+0000] {logging_mixin.py:190} INFO - [2024-11-22T11:48:38.858+0000] {dag.py:3239} INFO - Sync 2 DAGs
[2024-11-22T11:48:38.871+0000] {logging_mixin.py:190} INFO - [2024-11-22T11:48:38.870+0000] {dag.py:3262} INFO - Creating ORM DAG for example_xcom_args
[2024-11-22T11:48:38.871+0000] {logging_mixin.py:190} INFO - [2024-11-22T11:48:38.871+0000] {dag.py:3262} INFO - Creating ORM DAG for example_xcom_args_with_operators
[2024-11-22T11:48:38.872+0000] {logging_mixin.py:190} INFO - [2024-11-22T11:48:38.871+0000] {dag.py:4180} INFO - Setting next_dagrun for example_xcom_args to None, run_after=None
[2024-11-22T11:48:38.872+0000] {logging_mixin.py:190} INFO - [2024-11-22T11:48:38.872+0000] {dag.py:4180} INFO - Setting next_dagrun for example_xcom_args_with_operators to None, run_after=None
[2024-11-22T11:48:38.890+0000] {processor.py:208} INFO - Processing /home/airflow/.local/lib/python3.12/site-packages/airflow/example_dags/example_xcomargs.py took 0.254 seconds
[2024-11-22T11:49:09.056+0000] {processor.py:186} INFO - Started process (PID=150) to work on /home/airflow/.local/lib/python3.12/site-packages/airflow/example_dags/example_xcomargs.py
[2024-11-22T11:49:09.057+0000] {processor.py:914} INFO - Processing file /home/airflow/.local/lib/python3.12/site-packages/airflow/example_dags/example_xcomargs.py for tasks to queue
[2024-11-22T11:49:09.059+0000] {logging_mixin.py:190} INFO - [2024-11-22T11:49:09.058+0000] {dagbag.py:588} INFO - Filling up the DagBag from /home/airflow/.local/lib/python3.12/site-packages/airflow/example_dags/example_xcomargs.py
[2024-11-22T11:49:09.068+0000] {processor.py:925} INFO - DAG(s) 'example_xcom_args_with_operators', 'example_xcom_args' retrieved from /home/airflow/.local/lib/python3.12/site-packages/airflow/example_dags/example_xcomargs.py
[2024-11-22T11:49:09.088+0000] {logging_mixin.py:190} INFO - [2024-11-22T11:49:09.088+0000] {dag.py:3239} INFO - Sync 2 DAGs
[2024-11-22T11:49:09.102+0000] {logging_mixin.py:190} INFO - [2024-11-22T11:49:09.101+0000] {dag.py:4180} INFO - Setting next_dagrun for example_xcom_args to None, run_after=None
[2024-11-22T11:49:09.105+0000] {logging_mixin.py:190} INFO - [2024-11-22T11:49:09.105+0000] {dag.py:4180} INFO - Setting next_dagrun for example_xcom_args_with_operators to None, run_after=None
[2024-11-22T11:49:09.119+0000] {processor.py:208} INFO - Processing /home/airflow/.local/lib/python3.12/site-packages/airflow/example_dags/example_xcomargs.py took 0.067 seconds
[2024-11-22T11:49:39.468+0000] {processor.py:186} INFO - Started process (PID=213) to work on /home/airflow/.local/lib/python3.12/site-packages/airflow/example_dags/example_xcomargs.py
[2024-11-22T11:49:39.469+0000] {processor.py:914} INFO - Processing file /home/airflow/.local/lib/python3.12/site-packages/airflow/example_dags/example_xcomargs.py for tasks to queue
[2024-11-22T11:49:39.471+0000] {logging_mixin.py:190} INFO - [2024-11-22T11:49:39.471+0000] {dagbag.py:588} INFO - Filling up the DagBag from /home/airflow/.local/lib/python3.12/site-packages/airflow/example_dags/example_xcomargs.py
[2024-11-22T11:49:39.483+0000] {processor.py:925} INFO - DAG(s) 'example_xcom_args_with_operators', 'example_xcom_args' retrieved from /home/airflow/.local/lib/python3.12/site-packages/airflow/example_dags/example_xcomargs.py
[2024-11-22T11:49:39.512+0000] {logging_mixin.py:190} INFO - [2024-11-22T11:49:39.511+0000] {dag.py:3239} INFO - Sync 2 DAGs
[2024-11-22T11:49:39.529+0000] {logging_mixin.py:190} INFO - [2024-11-22T11:49:39.529+0000] {dag.py:4180} INFO - Setting next_dagrun for example_xcom_args to None, run_after=None
[2024-11-22T11:49:39.534+0000] {logging_mixin.py:190} INFO - [2024-11-22T11:49:39.534+0000] {dag.py:4180} INFO - Setting next_dagrun for example_xcom_args_with_operators to None, run_after=None
[2024-11-22T11:49:39.557+0000] {processor.py:208} INFO - Processing /home/airflow/.local/lib/python3.12/site-packages/airflow/example_dags/example_xcomargs.py took 0.096 seconds
[2024-11-22T11:50:10.093+0000] {processor.py:186} INFO - Started process (PID=276) to work on /home/airflow/.local/lib/python3.12/site-packages/airflow/example_dags/example_xcomargs.py
[2024-11-22T11:50:10.095+0000] {processor.py:914} INFO - Processing file /home/airflow/.local/lib/python3.12/site-packages/airflow/example_dags/example_xcomargs.py for tasks to queue
[2024-11-22T11:50:10.103+0000] {logging_mixin.py:190} INFO - [2024-11-22T11:50:10.102+0000] {dagbag.py:588} INFO - Filling up the DagBag from /home/airflow/.local/lib/python3.12/site-packages/airflow/example_dags/example_xcomargs.py
[2024-11-22T11:50:10.131+0000] {processor.py:925} INFO - DAG(s) 'example_xcom_args_with_operators', 'example_xcom_args' retrieved from /home/airflow/.local/lib/python3.12/site-packages/airflow/example_dags/example_xcomargs.py
[2024-11-22T11:50:10.181+0000] {logging_mixin.py:190} INFO - [2024-11-22T11:50:10.180+0000] {dag.py:3239} INFO - Sync 2 DAGs
[2024-11-22T11:50:10.215+0000] {logging_mixin.py:190} INFO - [2024-11-22T11:50:10.215+0000] {dag.py:4180} INFO - Setting next_dagrun for example_xcom_args to None, run_after=None
[2024-11-22T11:50:10.225+0000] {logging_mixin.py:190} INFO - [2024-11-22T11:50:10.225+0000] {dag.py:4180} INFO - Setting next_dagrun for example_xcom_args_with_operators to None, run_after=None
[2024-11-22T11:50:10.260+0000] {processor.py:208} INFO - Processing /home/airflow/.local/lib/python3.12/site-packages/airflow/example_dags/example_xcomargs.py took 0.176 seconds
[2024-11-22T11:50:40.937+0000] {processor.py:186} INFO - Started process (PID=339) to work on /home/airflow/.local/lib/python3.12/site-packages/airflow/example_dags/example_xcomargs.py
[2024-11-22T11:50:40.938+0000] {processor.py:914} INFO - Processing file /home/airflow/.local/lib/python3.12/site-packages/airflow/example_dags/example_xcomargs.py for tasks to queue
[2024-11-22T11:50:40.940+0000] {logging_mixin.py:190} INFO - [2024-11-22T11:50:40.940+0000] {dagbag.py:588} INFO - Filling up the DagBag from /home/airflow/.local/lib/python3.12/site-packages/airflow/example_dags/example_xcomargs.py
[2024-11-22T11:50:40.950+0000] {processor.py:925} INFO - DAG(s) 'example_xcom_args_with_operators', 'example_xcom_args' retrieved from /home/airflow/.local/lib/python3.12/site-packages/airflow/example_dags/example_xcomargs.py
[2024-11-22T11:50:40.971+0000] {logging_mixin.py:190} INFO - [2024-11-22T11:50:40.971+0000] {dag.py:3239} INFO - Sync 2 DAGs
[2024-11-22T11:50:40.986+0000] {logging_mixin.py:190} INFO - [2024-11-22T11:50:40.985+0000] {dag.py:4180} INFO - Setting next_dagrun for example_xcom_args to None, run_after=None
[2024-11-22T11:50:40.989+0000] {logging_mixin.py:190} INFO - [2024-11-22T11:50:40.989+0000] {dag.py:4180} INFO - Setting next_dagrun for example_xcom_args_with_operators to None, run_after=None
[2024-11-22T11:50:41.003+0000] {processor.py:208} INFO - Processing /home/airflow/.local/lib/python3.12/site-packages/airflow/example_dags/example_xcomargs.py took 0.071 seconds
[2024-11-22T11:51:11.959+0000] {processor.py:186} INFO - Started process (PID=402) to work on /home/airflow/.local/lib/python3.12/site-packages/airflow/example_dags/example_xcomargs.py
[2024-11-22T11:51:11.960+0000] {processor.py:914} INFO - Processing file /home/airflow/.local/lib/python3.12/site-packages/airflow/example_dags/example_xcomargs.py for tasks to queue
[2024-11-22T11:51:11.962+0000] {logging_mixin.py:190} INFO - [2024-11-22T11:51:11.962+0000] {dagbag.py:588} INFO - Filling up the DagBag from /home/airflow/.local/lib/python3.12/site-packages/airflow/example_dags/example_xcomargs.py
[2024-11-22T11:51:11.972+0000] {processor.py:925} INFO - DAG(s) 'example_xcom_args', 'example_xcom_args_with_operators' retrieved from /home/airflow/.local/lib/python3.12/site-packages/airflow/example_dags/example_xcomargs.py
[2024-11-22T11:51:11.996+0000] {logging_mixin.py:190} INFO - [2024-11-22T11:51:11.995+0000] {dag.py:3239} INFO - Sync 2 DAGs
[2024-11-22T11:51:12.012+0000] {logging_mixin.py:190} INFO - [2024-11-22T11:51:12.011+0000] {dag.py:4180} INFO - Setting next_dagrun for example_xcom_args to None, run_after=None
[2024-11-22T11:51:12.016+0000] {logging_mixin.py:190} INFO - [2024-11-22T11:51:12.015+0000] {dag.py:4180} INFO - Setting next_dagrun for example_xcom_args_with_operators to None, run_after=None
[2024-11-22T11:51:12.031+0000] {processor.py:208} INFO - Processing /home/airflow/.local/lib/python3.12/site-packages/airflow/example_dags/example_xcomargs.py took 0.077 seconds
[2024-11-22T11:51:42.663+0000] {processor.py:186} INFO - Started process (PID=465) to work on /home/airflow/.local/lib/python3.12/site-packages/airflow/example_dags/example_xcomargs.py
[2024-11-22T11:51:42.664+0000] {processor.py:914} INFO - Processing file /home/airflow/.local/lib/python3.12/site-packages/airflow/example_dags/example_xcomargs.py for tasks to queue
[2024-11-22T11:51:42.666+0000] {logging_mixin.py:190} INFO - [2024-11-22T11:51:42.666+0000] {dagbag.py:588} INFO - Filling up the DagBag from /home/airflow/.local/lib/python3.12/site-packages/airflow/example_dags/example_xcomargs.py
[2024-11-22T11:51:42.675+0000] {processor.py:925} INFO - DAG(s) 'example_xcom_args_with_operators', 'example_xcom_args' retrieved from /home/airflow/.local/lib/python3.12/site-packages/airflow/example_dags/example_xcomargs.py
[2024-11-22T11:51:42.701+0000] {logging_mixin.py:190} INFO - [2024-11-22T11:51:42.701+0000] {dag.py:3239} INFO - Sync 2 DAGs
[2024-11-22T11:51:42.720+0000] {logging_mixin.py:190} INFO - [2024-11-22T11:51:42.720+0000] {dag.py:4180} INFO - Setting next_dagrun for example_xcom_args to None, run_after=None
[2024-11-22T11:51:42.727+0000] {logging_mixin.py:190} INFO - [2024-11-22T11:51:42.727+0000] {dag.py:4180} INFO - Setting next_dagrun for example_xcom_args_with_operators to None, run_after=None
[2024-11-22T11:51:42.747+0000] {processor.py:208} INFO - Processing /home/airflow/.local/lib/python3.12/site-packages/airflow/example_dags/example_xcomargs.py took 0.090 seconds
[2024-11-22T11:52:12.891+0000] {processor.py:186} INFO - Started process (PID=528) to work on /home/airflow/.local/lib/python3.12/site-packages/airflow/example_dags/example_xcomargs.py
[2024-11-22T11:52:12.891+0000] {processor.py:914} INFO - Processing file /home/airflow/.local/lib/python3.12/site-packages/airflow/example_dags/example_xcomargs.py for tasks to queue
[2024-11-22T11:52:12.893+0000] {logging_mixin.py:190} INFO - [2024-11-22T11:52:12.893+0000] {dagbag.py:588} INFO - Filling up the DagBag from /home/airflow/.local/lib/python3.12/site-packages/airflow/example_dags/example_xcomargs.py
[2024-11-22T11:52:12.906+0000] {processor.py:925} INFO - DAG(s) 'example_xcom_args_with_operators', 'example_xcom_args' retrieved from /home/airflow/.local/lib/python3.12/site-packages/airflow/example_dags/example_xcomargs.py
[2024-11-22T11:52:12.929+0000] {logging_mixin.py:190} INFO - [2024-11-22T11:52:12.929+0000] {dag.py:3239} INFO - Sync 2 DAGs
[2024-11-22T11:52:12.943+0000] {logging_mixin.py:190} INFO - [2024-11-22T11:52:12.943+0000] {dag.py:4180} INFO - Setting next_dagrun for example_xcom_args to None, run_after=None
[2024-11-22T11:52:12.947+0000] {logging_mixin.py:190} INFO - [2024-11-22T11:52:12.947+0000] {dag.py:4180} INFO - Setting next_dagrun for example_xcom_args_with_operators to None, run_after=None
[2024-11-22T11:52:12.962+0000] {processor.py:208} INFO - Processing /home/airflow/.local/lib/python3.12/site-packages/airflow/example_dags/example_xcomargs.py took 0.077 seconds
[2024-11-22T11:52:43.735+0000] {processor.py:186} INFO - Started process (PID=591) to work on /home/airflow/.local/lib/python3.12/site-packages/airflow/example_dags/example_xcomargs.py
[2024-11-22T11:52:43.737+0000] {processor.py:914} INFO - Processing file /home/airflow/.local/lib/python3.12/site-packages/airflow/example_dags/example_xcomargs.py for tasks to queue
[2024-11-22T11:52:43.739+0000] {logging_mixin.py:190} INFO - [2024-11-22T11:52:43.739+0000] {dagbag.py:588} INFO - Filling up the DagBag from /home/airflow/.local/lib/python3.12/site-packages/airflow/example_dags/example_xcomargs.py
[2024-11-22T11:52:43.752+0000] {processor.py:925} INFO - DAG(s) 'example_xcom_args_with_operators', 'example_xcom_args' retrieved from /home/airflow/.local/lib/python3.12/site-packages/airflow/example_dags/example_xcomargs.py
[2024-11-22T11:52:43.783+0000] {logging_mixin.py:190} INFO - [2024-11-22T11:52:43.783+0000] {dag.py:3239} INFO - Sync 2 DAGs
[2024-11-22T11:52:43.810+0000] {logging_mixin.py:190} INFO - [2024-11-22T11:52:43.810+0000] {dag.py:4180} INFO - Setting next_dagrun for example_xcom_args to None, run_after=None
[2024-11-22T11:52:43.822+0000] {logging_mixin.py:190} INFO - [2024-11-22T11:52:43.821+0000] {dag.py:4180} INFO - Setting next_dagrun for example_xcom_args_with_operators to None, run_after=None
[2024-11-22T11:52:43.855+0000] {processor.py:208} INFO - Processing /home/airflow/.local/lib/python3.12/site-packages/airflow/example_dags/example_xcomargs.py took 0.125 seconds
[2024-11-22T11:53:13.922+0000] {processor.py:186} INFO - Started process (PID=654) to work on /home/airflow/.local/lib/python3.12/site-packages/airflow/example_dags/example_xcomargs.py
[2024-11-22T11:53:13.922+0000] {processor.py:914} INFO - Processing file /home/airflow/.local/lib/python3.12/site-packages/airflow/example_dags/example_xcomargs.py for tasks to queue
[2024-11-22T11:53:13.924+0000] {logging_mixin.py:190} INFO - [2024-11-22T11:53:13.924+0000] {dagbag.py:588} INFO - Filling up the DagBag from /home/airflow/.local/lib/python3.12/site-packages/airflow/example_dags/example_xcomargs.py
[2024-11-22T11:53:13.932+0000] {processor.py:925} INFO - DAG(s) 'example_xcom_args_with_operators', 'example_xcom_args' retrieved from /home/airflow/.local/lib/python3.12/site-packages/airflow/example_dags/example_xcomargs.py
[2024-11-22T11:53:13.955+0000] {logging_mixin.py:190} INFO - [2024-11-22T11:53:13.955+0000] {dag.py:3239} INFO - Sync 2 DAGs
[2024-11-22T11:53:13.968+0000] {logging_mixin.py:190} INFO - [2024-11-22T11:53:13.968+0000] {dag.py:4180} INFO - Setting next_dagrun for example_xcom_args to None, run_after=None
[2024-11-22T11:53:13.972+0000] {logging_mixin.py:190} INFO - [2024-11-22T11:53:13.972+0000] {dag.py:4180} INFO - Setting next_dagrun for example_xcom_args_with_operators to None, run_after=None
[2024-11-22T11:53:13.986+0000] {processor.py:208} INFO - Processing /home/airflow/.local/lib/python3.12/site-packages/airflow/example_dags/example_xcomargs.py took 0.070 seconds
[2024-11-22T11:53:44.894+0000] {processor.py:186} INFO - Started process (PID=717) to work on /home/airflow/.local/lib/python3.12/site-packages/airflow/example_dags/example_xcomargs.py
[2024-11-22T11:53:44.895+0000] {processor.py:914} INFO - Processing file /home/airflow/.local/lib/python3.12/site-packages/airflow/example_dags/example_xcomargs.py for tasks to queue
[2024-11-22T11:53:44.897+0000] {logging_mixin.py:190} INFO - [2024-11-22T11:53:44.896+0000] {dagbag.py:588} INFO - Filling up the DagBag from /home/airflow/.local/lib/python3.12/site-packages/airflow/example_dags/example_xcomargs.py
[2024-11-22T11:53:44.908+0000] {processor.py:925} INFO - DAG(s) 'example_xcom_args', 'example_xcom_args_with_operators' retrieved from /home/airflow/.local/lib/python3.12/site-packages/airflow/example_dags/example_xcomargs.py
[2024-11-22T11:53:44.931+0000] {logging_mixin.py:190} INFO - [2024-11-22T11:53:44.931+0000] {dag.py:3239} INFO - Sync 2 DAGs
[2024-11-22T11:53:44.946+0000] {logging_mixin.py:190} INFO - [2024-11-22T11:53:44.945+0000] {dag.py:4180} INFO - Setting next_dagrun for example_xcom_args to None, run_after=None
[2024-11-22T11:53:44.949+0000] {logging_mixin.py:190} INFO - [2024-11-22T11:53:44.949+0000] {dag.py:4180} INFO - Setting next_dagrun for example_xcom_args_with_operators to None, run_after=None
[2024-11-22T11:53:44.966+0000] {processor.py:208} INFO - Processing /home/airflow/.local/lib/python3.12/site-packages/airflow/example_dags/example_xcomargs.py took 0.078 seconds
[2024-11-22T11:54:15.297+0000] {processor.py:186} INFO - Started process (PID=780) to work on /home/airflow/.local/lib/python3.12/site-packages/airflow/example_dags/example_xcomargs.py
[2024-11-22T11:54:15.298+0000] {processor.py:914} INFO - Processing file /home/airflow/.local/lib/python3.12/site-packages/airflow/example_dags/example_xcomargs.py for tasks to queue
[2024-11-22T11:54:15.300+0000] {logging_mixin.py:190} INFO - [2024-11-22T11:54:15.300+0000] {dagbag.py:588} INFO - Filling up the DagBag from /home/airflow/.local/lib/python3.12/site-packages/airflow/example_dags/example_xcomargs.py
[2024-11-22T11:54:15.309+0000] {processor.py:925} INFO - DAG(s) 'example_xcom_args_with_operators', 'example_xcom_args' retrieved from /home/airflow/.local/lib/python3.12/site-packages/airflow/example_dags/example_xcomargs.py
[2024-11-22T11:54:15.336+0000] {logging_mixin.py:190} INFO - [2024-11-22T11:54:15.336+0000] {dag.py:3239} INFO - Sync 2 DAGs
[2024-11-22T11:54:15.354+0000] {logging_mixin.py:190} INFO - [2024-11-22T11:54:15.354+0000] {dag.py:4180} INFO - Setting next_dagrun for example_xcom_args to None, run_after=None
[2024-11-22T11:54:15.358+0000] {logging_mixin.py:190} INFO - [2024-11-22T11:54:15.357+0000] {dag.py:4180} INFO - Setting next_dagrun for example_xcom_args_with_operators to None, run_after=None
[2024-11-22T11:54:15.373+0000] {processor.py:208} INFO - Processing /home/airflow/.local/lib/python3.12/site-packages/airflow/example_dags/example_xcomargs.py took 0.081 seconds
[2024-11-22T11:54:46.020+0000] {processor.py:186} INFO - Started process (PID=843) to work on /home/airflow/.local/lib/python3.12/site-packages/airflow/example_dags/example_xcomargs.py
[2024-11-22T11:54:46.021+0000] {processor.py:914} INFO - Processing file /home/airflow/.local/lib/python3.12/site-packages/airflow/example_dags/example_xcomargs.py for tasks to queue
[2024-11-22T11:54:46.023+0000] {logging_mixin.py:190} INFO - [2024-11-22T11:54:46.022+0000] {dagbag.py:588} INFO - Filling up the DagBag from /home/airflow/.local/lib/python3.12/site-packages/airflow/example_dags/example_xcomargs.py
[2024-11-22T11:54:46.031+0000] {processor.py:925} INFO - DAG(s) 'example_xcom_args_with_operators', 'example_xcom_args' retrieved from /home/airflow/.local/lib/python3.12/site-packages/airflow/example_dags/example_xcomargs.py
[2024-11-22T11:54:46.052+0000] {logging_mixin.py:190} INFO - [2024-11-22T11:54:46.052+0000] {dag.py:3239} INFO - Sync 2 DAGs
[2024-11-22T11:54:46.066+0000] {logging_mixin.py:190} INFO - [2024-11-22T11:54:46.065+0000] {dag.py:4180} INFO - Setting next_dagrun for example_xcom_args to None, run_after=None
[2024-11-22T11:54:46.070+0000] {logging_mixin.py:190} INFO - [2024-11-22T11:54:46.069+0000] {dag.py:4180} INFO - Setting next_dagrun for example_xcom_args_with_operators to None, run_after=None
[2024-11-22T11:54:46.084+0000] {processor.py:208} INFO - Processing /home/airflow/.local/lib/python3.12/site-packages/airflow/example_dags/example_xcomargs.py took 0.069 seconds
[2024-11-22T11:55:16.690+0000] {processor.py:186} INFO - Started process (PID=906) to work on /home/airflow/.local/lib/python3.12/site-packages/airflow/example_dags/example_xcomargs.py
[2024-11-22T11:55:16.691+0000] {processor.py:914} INFO - Processing file /home/airflow/.local/lib/python3.12/site-packages/airflow/example_dags/example_xcomargs.py for tasks to queue
[2024-11-22T11:55:16.692+0000] {logging_mixin.py:190} INFO - [2024-11-22T11:55:16.692+0000] {dagbag.py:588} INFO - Filling up the DagBag from /home/airflow/.local/lib/python3.12/site-packages/airflow/example_dags/example_xcomargs.py
[2024-11-22T11:55:16.705+0000] {processor.py:925} INFO - DAG(s) 'example_xcom_args', 'example_xcom_args_with_operators' retrieved from /home/airflow/.local/lib/python3.12/site-packages/airflow/example_dags/example_xcomargs.py
[2024-11-22T11:55:16.744+0000] {logging_mixin.py:190} INFO - [2024-11-22T11:55:16.744+0000] {dag.py:3239} INFO - Sync 2 DAGs
[2024-11-22T11:55:16.759+0000] {logging_mixin.py:190} INFO - [2024-11-22T11:55:16.759+0000] {dag.py:4180} INFO - Setting next_dagrun for example_xcom_args to None, run_after=None
[2024-11-22T11:55:16.763+0000] {logging_mixin.py:190} INFO - [2024-11-22T11:55:16.763+0000] {dag.py:4180} INFO - Setting next_dagrun for example_xcom_args_with_operators to None, run_after=None
[2024-11-22T11:55:16.777+0000] {processor.py:208} INFO - Processing /home/airflow/.local/lib/python3.12/site-packages/airflow/example_dags/example_xcomargs.py took 0.092 seconds
[2024-11-22T11:55:47.594+0000] {processor.py:186} INFO - Started process (PID=969) to work on /home/airflow/.local/lib/python3.12/site-packages/airflow/example_dags/example_xcomargs.py
[2024-11-22T11:55:47.595+0000] {processor.py:914} INFO - Processing file /home/airflow/.local/lib/python3.12/site-packages/airflow/example_dags/example_xcomargs.py for tasks to queue
[2024-11-22T11:55:47.598+0000] {logging_mixin.py:190} INFO - [2024-11-22T11:55:47.597+0000] {dagbag.py:588} INFO - Filling up the DagBag from /home/airflow/.local/lib/python3.12/site-packages/airflow/example_dags/example_xcomargs.py
[2024-11-22T11:55:47.611+0000] {processor.py:925} INFO - DAG(s) 'example_xcom_args_with_operators', 'example_xcom_args' retrieved from /home/airflow/.local/lib/python3.12/site-packages/airflow/example_dags/example_xcomargs.py
[2024-11-22T11:55:47.647+0000] {logging_mixin.py:190} INFO - [2024-11-22T11:55:47.647+0000] {dag.py:3239} INFO - Sync 2 DAGs
[2024-11-22T11:55:47.667+0000] {logging_mixin.py:190} INFO - [2024-11-22T11:55:47.667+0000] {dag.py:4180} INFO - Setting next_dagrun for example_xcom_args to None, run_after=None
[2024-11-22T11:55:47.671+0000] {logging_mixin.py:190} INFO - [2024-11-22T11:55:47.671+0000] {dag.py:4180} INFO - Setting next_dagrun for example_xcom_args_with_operators to None, run_after=None
[2024-11-22T11:55:47.695+0000] {processor.py:208} INFO - Processing /home/airflow/.local/lib/python3.12/site-packages/airflow/example_dags/example_xcomargs.py took 0.109 seconds
[2024-11-22T11:56:17.795+0000] {processor.py:186} INFO - Started process (PID=1032) to work on /home/airflow/.local/lib/python3.12/site-packages/airflow/example_dags/example_xcomargs.py
[2024-11-22T11:56:17.795+0000] {processor.py:914} INFO - Processing file /home/airflow/.local/lib/python3.12/site-packages/airflow/example_dags/example_xcomargs.py for tasks to queue
[2024-11-22T11:56:17.797+0000] {logging_mixin.py:190} INFO - [2024-11-22T11:56:17.797+0000] {dagbag.py:588} INFO - Filling up the DagBag from /home/airflow/.local/lib/python3.12/site-packages/airflow/example_dags/example_xcomargs.py
[2024-11-22T11:56:17.807+0000] {processor.py:925} INFO - DAG(s) 'example_xcom_args_with_operators', 'example_xcom_args' retrieved from /home/airflow/.local/lib/python3.12/site-packages/airflow/example_dags/example_xcomargs.py
[2024-11-22T11:56:17.838+0000] {logging_mixin.py:190} INFO - [2024-11-22T11:56:17.838+0000] {dag.py:3239} INFO - Sync 2 DAGs
[2024-11-22T11:56:17.859+0000] {logging_mixin.py:190} INFO - [2024-11-22T11:56:17.858+0000] {dag.py:4180} INFO - Setting next_dagrun for example_xcom_args to None, run_after=None
[2024-11-22T11:56:17.863+0000] {logging_mixin.py:190} INFO - [2024-11-22T11:56:17.863+0000] {dag.py:4180} INFO - Setting next_dagrun for example_xcom_args_with_operators to None, run_after=None
[2024-11-22T11:56:17.880+0000] {processor.py:208} INFO - Processing /home/airflow/.local/lib/python3.12/site-packages/airflow/example_dags/example_xcomargs.py took 0.091 seconds
[2024-11-22T11:56:48.185+0000] {processor.py:186} INFO - Started process (PID=1095) to work on /home/airflow/.local/lib/python3.12/site-packages/airflow/example_dags/example_xcomargs.py
[2024-11-22T11:56:48.186+0000] {processor.py:914} INFO - Processing file /home/airflow/.local/lib/python3.12/site-packages/airflow/example_dags/example_xcomargs.py for tasks to queue
[2024-11-22T11:56:48.189+0000] {logging_mixin.py:190} INFO - [2024-11-22T11:56:48.188+0000] {dagbag.py:588} INFO - Filling up the DagBag from /home/airflow/.local/lib/python3.12/site-packages/airflow/example_dags/example_xcomargs.py
[2024-11-22T11:56:48.203+0000] {processor.py:925} INFO - DAG(s) 'example_xcom_args', 'example_xcom_args_with_operators' retrieved from /home/airflow/.local/lib/python3.12/site-packages/airflow/example_dags/example_xcomargs.py
[2024-11-22T11:56:48.229+0000] {logging_mixin.py:190} INFO - [2024-11-22T11:56:48.228+0000] {dag.py:3239} INFO - Sync 2 DAGs
[2024-11-22T11:56:48.256+0000] {logging_mixin.py:190} INFO - [2024-11-22T11:56:48.255+0000] {dag.py:4180} INFO - Setting next_dagrun for example_xcom_args to None, run_after=None
[2024-11-22T11:56:48.261+0000] {logging_mixin.py:190} INFO - [2024-11-22T11:56:48.261+0000] {dag.py:4180} INFO - Setting next_dagrun for example_xcom_args_with_operators to None, run_after=None
[2024-11-22T11:56:48.282+0000] {processor.py:208} INFO - Processing /home/airflow/.local/lib/python3.12/site-packages/airflow/example_dags/example_xcomargs.py took 0.106 seconds
