[2024-11-22T11:48:37.362+0000] {processor.py:186} INFO - Started process (PID=77) to work on /home/airflow/.local/lib/python3.12/site-packages/airflow/example_dags/example_sla_dag.py
[2024-11-22T11:48:37.363+0000] {processor.py:914} INFO - Processing file /home/airflow/.local/lib/python3.12/site-packages/airflow/example_dags/example_sla_dag.py for tasks to queue
[2024-11-22T11:48:37.365+0000] {logging_mixin.py:190} INFO - [2024-11-22T11:48:37.364+0000] {dagbag.py:588} INFO - Filling up the DagBag from /home/airflow/.local/lib/python3.12/site-packages/airflow/example_dags/example_sla_dag.py
[2024-11-22T11:48:37.374+0000] {processor.py:925} INFO - DAG(s) 'example_sla_dag' retrieved from /home/airflow/.local/lib/python3.12/site-packages/airflow/example_dags/example_sla_dag.py
[2024-11-22T11:48:37.492+0000] {logging_mixin.py:190} INFO - [2024-11-22T11:48:37.490+0000] {override.py:1911} INFO - Created Permission View: can delete on DAG:example_sla_dag
[2024-11-22T11:48:37.512+0000] {logging_mixin.py:190} INFO - [2024-11-22T11:48:37.511+0000] {override.py:1911} INFO - Created Permission View: can edit on DAG:example_sla_dag
[2024-11-22T11:48:37.535+0000] {logging_mixin.py:190} INFO - [2024-11-22T11:48:37.534+0000] {override.py:1911} INFO - Created Permission View: can read on DAG:example_sla_dag
[2024-11-22T11:48:37.574+0000] {logging_mixin.py:190} INFO - [2024-11-22T11:48:37.573+0000] {override.py:1911} INFO - Created Permission View: can delete on DAG Run:example_sla_dag
[2024-11-22T11:48:37.580+0000] {logging_mixin.py:190} INFO - [2024-11-22T11:48:37.580+0000] {override.py:1911} INFO - Created Permission View: menu access on DAG Run:example_sla_dag
[2024-11-22T11:48:37.586+0000] {logging_mixin.py:190} INFO - [2024-11-22T11:48:37.586+0000] {override.py:1911} INFO - Created Permission View: can create on DAG Run:example_sla_dag
[2024-11-22T11:48:37.592+0000] {logging_mixin.py:190} INFO - [2024-11-22T11:48:37.591+0000] {override.py:1911} INFO - Created Permission View: can read on DAG Run:example_sla_dag
[2024-11-22T11:48:37.592+0000] {logging_mixin.py:190} INFO - [2024-11-22T11:48:37.592+0000] {dag.py:3239} INFO - Sync 1 DAGs
[2024-11-22T11:48:37.605+0000] {logging_mixin.py:190} INFO - [2024-11-22T11:48:37.604+0000] {dag.py:3262} INFO - Creating ORM DAG for example_sla_dag
[2024-11-22T11:48:37.618+0000] {logging_mixin.py:190} INFO - [2024-11-22T11:48:37.617+0000] {dag.py:4180} INFO - Setting next_dagrun for example_sla_dag to 2024-11-22 11:46:00+00:00, run_after=2024-11-22 11:48:00+00:00
[2024-11-22T11:48:37.631+0000] {processor.py:208} INFO - Processing /home/airflow/.local/lib/python3.12/site-packages/airflow/example_dags/example_sla_dag.py took 0.273 seconds
[2024-11-22T11:49:08.561+0000] {processor.py:186} INFO - Started process (PID=140) to work on /home/airflow/.local/lib/python3.12/site-packages/airflow/example_dags/example_sla_dag.py
[2024-11-22T11:49:08.572+0000] {processor.py:914} INFO - Processing file /home/airflow/.local/lib/python3.12/site-packages/airflow/example_dags/example_sla_dag.py for tasks to queue
[2024-11-22T11:49:08.574+0000] {logging_mixin.py:190} INFO - [2024-11-22T11:49:08.573+0000] {dagbag.py:588} INFO - Filling up the DagBag from /home/airflow/.local/lib/python3.12/site-packages/airflow/example_dags/example_sla_dag.py
[2024-11-22T11:49:08.582+0000] {processor.py:925} INFO - DAG(s) 'example_sla_dag' retrieved from /home/airflow/.local/lib/python3.12/site-packages/airflow/example_dags/example_sla_dag.py
[2024-11-22T11:49:08.598+0000] {logging_mixin.py:190} INFO - [2024-11-22T11:49:08.598+0000] {dag.py:3239} INFO - Sync 1 DAGs
[2024-11-22T11:49:08.620+0000] {logging_mixin.py:190} INFO - [2024-11-22T11:49:08.620+0000] {dag.py:4180} INFO - Setting next_dagrun for example_sla_dag to 2024-11-22 11:46:00+00:00, run_after=2024-11-22 11:48:00+00:00
[2024-11-22T11:49:08.636+0000] {processor.py:208} INFO - Processing /home/airflow/.local/lib/python3.12/site-packages/airflow/example_dags/example_sla_dag.py took 0.081 seconds
[2024-11-22T11:49:38.879+0000] {processor.py:186} INFO - Started process (PID=203) to work on /home/airflow/.local/lib/python3.12/site-packages/airflow/example_dags/example_sla_dag.py
[2024-11-22T11:49:38.880+0000] {processor.py:914} INFO - Processing file /home/airflow/.local/lib/python3.12/site-packages/airflow/example_dags/example_sla_dag.py for tasks to queue
[2024-11-22T11:49:38.882+0000] {logging_mixin.py:190} INFO - [2024-11-22T11:49:38.882+0000] {dagbag.py:588} INFO - Filling up the DagBag from /home/airflow/.local/lib/python3.12/site-packages/airflow/example_dags/example_sla_dag.py
[2024-11-22T11:49:38.891+0000] {processor.py:925} INFO - DAG(s) 'example_sla_dag' retrieved from /home/airflow/.local/lib/python3.12/site-packages/airflow/example_dags/example_sla_dag.py
[2024-11-22T11:49:38.909+0000] {logging_mixin.py:190} INFO - [2024-11-22T11:49:38.909+0000] {dag.py:3239} INFO - Sync 1 DAGs
[2024-11-22T11:49:38.935+0000] {logging_mixin.py:190} INFO - [2024-11-22T11:49:38.935+0000] {dag.py:4180} INFO - Setting next_dagrun for example_sla_dag to 2024-11-22 11:46:00+00:00, run_after=2024-11-22 11:48:00+00:00
[2024-11-22T11:49:38.954+0000] {processor.py:208} INFO - Processing /home/airflow/.local/lib/python3.12/site-packages/airflow/example_dags/example_sla_dag.py took 0.080 seconds
[2024-11-22T11:50:09.042+0000] {processor.py:186} INFO - Started process (PID=266) to work on /home/airflow/.local/lib/python3.12/site-packages/airflow/example_dags/example_sla_dag.py
[2024-11-22T11:50:09.043+0000] {processor.py:914} INFO - Processing file /home/airflow/.local/lib/python3.12/site-packages/airflow/example_dags/example_sla_dag.py for tasks to queue
[2024-11-22T11:50:09.045+0000] {logging_mixin.py:190} INFO - [2024-11-22T11:50:09.044+0000] {dagbag.py:588} INFO - Filling up the DagBag from /home/airflow/.local/lib/python3.12/site-packages/airflow/example_dags/example_sla_dag.py
[2024-11-22T11:50:09.056+0000] {processor.py:925} INFO - DAG(s) 'example_sla_dag' retrieved from /home/airflow/.local/lib/python3.12/site-packages/airflow/example_dags/example_sla_dag.py
[2024-11-22T11:50:09.074+0000] {logging_mixin.py:190} INFO - [2024-11-22T11:50:09.074+0000] {dag.py:3239} INFO - Sync 1 DAGs
[2024-11-22T11:50:09.101+0000] {logging_mixin.py:190} INFO - [2024-11-22T11:50:09.101+0000] {dag.py:4180} INFO - Setting next_dagrun for example_sla_dag to 2024-11-22 11:48:00+00:00, run_after=2024-11-22 11:50:00+00:00
[2024-11-22T11:50:09.119+0000] {processor.py:208} INFO - Processing /home/airflow/.local/lib/python3.12/site-packages/airflow/example_dags/example_sla_dag.py took 0.082 seconds
[2024-11-22T11:50:39.249+0000] {processor.py:186} INFO - Started process (PID=329) to work on /home/airflow/.local/lib/python3.12/site-packages/airflow/example_dags/example_sla_dag.py
[2024-11-22T11:50:39.250+0000] {processor.py:914} INFO - Processing file /home/airflow/.local/lib/python3.12/site-packages/airflow/example_dags/example_sla_dag.py for tasks to queue
[2024-11-22T11:50:39.253+0000] {logging_mixin.py:190} INFO - [2024-11-22T11:50:39.252+0000] {dagbag.py:588} INFO - Filling up the DagBag from /home/airflow/.local/lib/python3.12/site-packages/airflow/example_dags/example_sla_dag.py
[2024-11-22T11:50:39.267+0000] {processor.py:925} INFO - DAG(s) 'example_sla_dag' retrieved from /home/airflow/.local/lib/python3.12/site-packages/airflow/example_dags/example_sla_dag.py
[2024-11-22T11:50:39.293+0000] {logging_mixin.py:190} INFO - [2024-11-22T11:50:39.293+0000] {dag.py:3239} INFO - Sync 1 DAGs
[2024-11-22T11:50:39.331+0000] {logging_mixin.py:190} INFO - [2024-11-22T11:50:39.331+0000] {dag.py:4180} INFO - Setting next_dagrun for example_sla_dag to 2024-11-22 11:48:00+00:00, run_after=2024-11-22 11:50:00+00:00
[2024-11-22T11:50:39.354+0000] {processor.py:208} INFO - Processing /home/airflow/.local/lib/python3.12/site-packages/airflow/example_dags/example_sla_dag.py took 0.114 seconds
[2024-11-22T11:51:09.453+0000] {processor.py:186} INFO - Started process (PID=392) to work on /home/airflow/.local/lib/python3.12/site-packages/airflow/example_dags/example_sla_dag.py
[2024-11-22T11:51:09.454+0000] {processor.py:914} INFO - Processing file /home/airflow/.local/lib/python3.12/site-packages/airflow/example_dags/example_sla_dag.py for tasks to queue
[2024-11-22T11:51:09.456+0000] {logging_mixin.py:190} INFO - [2024-11-22T11:51:09.455+0000] {dagbag.py:588} INFO - Filling up the DagBag from /home/airflow/.local/lib/python3.12/site-packages/airflow/example_dags/example_sla_dag.py
[2024-11-22T11:51:09.464+0000] {processor.py:925} INFO - DAG(s) 'example_sla_dag' retrieved from /home/airflow/.local/lib/python3.12/site-packages/airflow/example_dags/example_sla_dag.py
[2024-11-22T11:51:09.478+0000] {logging_mixin.py:190} INFO - [2024-11-22T11:51:09.478+0000] {dag.py:3239} INFO - Sync 1 DAGs
[2024-11-22T11:51:09.500+0000] {logging_mixin.py:190} INFO - [2024-11-22T11:51:09.500+0000] {dag.py:4180} INFO - Setting next_dagrun for example_sla_dag to 2024-11-22 11:48:00+00:00, run_after=2024-11-22 11:50:00+00:00
[2024-11-22T11:51:09.515+0000] {processor.py:208} INFO - Processing /home/airflow/.local/lib/python3.12/site-packages/airflow/example_dags/example_sla_dag.py took 0.066 seconds
[2024-11-22T11:51:39.945+0000] {processor.py:186} INFO - Started process (PID=455) to work on /home/airflow/.local/lib/python3.12/site-packages/airflow/example_dags/example_sla_dag.py
[2024-11-22T11:51:39.946+0000] {processor.py:914} INFO - Processing file /home/airflow/.local/lib/python3.12/site-packages/airflow/example_dags/example_sla_dag.py for tasks to queue
[2024-11-22T11:51:39.948+0000] {logging_mixin.py:190} INFO - [2024-11-22T11:51:39.947+0000] {dagbag.py:588} INFO - Filling up the DagBag from /home/airflow/.local/lib/python3.12/site-packages/airflow/example_dags/example_sla_dag.py
[2024-11-22T11:51:39.956+0000] {processor.py:925} INFO - DAG(s) 'example_sla_dag' retrieved from /home/airflow/.local/lib/python3.12/site-packages/airflow/example_dags/example_sla_dag.py
[2024-11-22T11:51:39.971+0000] {logging_mixin.py:190} INFO - [2024-11-22T11:51:39.971+0000] {dag.py:3239} INFO - Sync 1 DAGs
[2024-11-22T11:51:39.992+0000] {logging_mixin.py:190} INFO - [2024-11-22T11:51:39.992+0000] {dag.py:4180} INFO - Setting next_dagrun for example_sla_dag to 2024-11-22 11:48:00+00:00, run_after=2024-11-22 11:50:00+00:00
[2024-11-22T11:51:40.007+0000] {processor.py:208} INFO - Processing /home/airflow/.local/lib/python3.12/site-packages/airflow/example_dags/example_sla_dag.py took 0.066 seconds
[2024-11-22T11:52:10.344+0000] {processor.py:186} INFO - Started process (PID=518) to work on /home/airflow/.local/lib/python3.12/site-packages/airflow/example_dags/example_sla_dag.py
[2024-11-22T11:52:10.345+0000] {processor.py:914} INFO - Processing file /home/airflow/.local/lib/python3.12/site-packages/airflow/example_dags/example_sla_dag.py for tasks to queue
[2024-11-22T11:52:10.346+0000] {logging_mixin.py:190} INFO - [2024-11-22T11:52:10.346+0000] {dagbag.py:588} INFO - Filling up the DagBag from /home/airflow/.local/lib/python3.12/site-packages/airflow/example_dags/example_sla_dag.py
[2024-11-22T11:52:10.354+0000] {processor.py:925} INFO - DAG(s) 'example_sla_dag' retrieved from /home/airflow/.local/lib/python3.12/site-packages/airflow/example_dags/example_sla_dag.py
[2024-11-22T11:52:10.369+0000] {logging_mixin.py:190} INFO - [2024-11-22T11:52:10.369+0000] {dag.py:3239} INFO - Sync 1 DAGs
[2024-11-22T11:52:10.390+0000] {logging_mixin.py:190} INFO - [2024-11-22T11:52:10.390+0000] {dag.py:4180} INFO - Setting next_dagrun for example_sla_dag to 2024-11-22 11:50:00+00:00, run_after=2024-11-22 11:52:00+00:00
[2024-11-22T11:52:10.405+0000] {processor.py:208} INFO - Processing /home/airflow/.local/lib/python3.12/site-packages/airflow/example_dags/example_sla_dag.py took 0.065 seconds
[2024-11-22T11:52:41.052+0000] {processor.py:186} INFO - Started process (PID=581) to work on /home/airflow/.local/lib/python3.12/site-packages/airflow/example_dags/example_sla_dag.py
[2024-11-22T11:52:41.053+0000] {processor.py:914} INFO - Processing file /home/airflow/.local/lib/python3.12/site-packages/airflow/example_dags/example_sla_dag.py for tasks to queue
[2024-11-22T11:52:41.054+0000] {logging_mixin.py:190} INFO - [2024-11-22T11:52:41.054+0000] {dagbag.py:588} INFO - Filling up the DagBag from /home/airflow/.local/lib/python3.12/site-packages/airflow/example_dags/example_sla_dag.py
[2024-11-22T11:52:41.062+0000] {processor.py:925} INFO - DAG(s) 'example_sla_dag' retrieved from /home/airflow/.local/lib/python3.12/site-packages/airflow/example_dags/example_sla_dag.py
[2024-11-22T11:52:41.078+0000] {logging_mixin.py:190} INFO - [2024-11-22T11:52:41.078+0000] {dag.py:3239} INFO - Sync 1 DAGs
[2024-11-22T11:52:41.103+0000] {logging_mixin.py:190} INFO - [2024-11-22T11:52:41.103+0000] {dag.py:4180} INFO - Setting next_dagrun for example_sla_dag to 2024-11-22 11:50:00+00:00, run_after=2024-11-22 11:52:00+00:00
[2024-11-22T11:52:41.117+0000] {processor.py:208} INFO - Processing /home/airflow/.local/lib/python3.12/site-packages/airflow/example_dags/example_sla_dag.py took 0.070 seconds
[2024-11-22T11:53:11.207+0000] {processor.py:186} INFO - Started process (PID=644) to work on /home/airflow/.local/lib/python3.12/site-packages/airflow/example_dags/example_sla_dag.py
[2024-11-22T11:53:11.208+0000] {processor.py:914} INFO - Processing file /home/airflow/.local/lib/python3.12/site-packages/airflow/example_dags/example_sla_dag.py for tasks to queue
[2024-11-22T11:53:11.210+0000] {logging_mixin.py:190} INFO - [2024-11-22T11:53:11.210+0000] {dagbag.py:588} INFO - Filling up the DagBag from /home/airflow/.local/lib/python3.12/site-packages/airflow/example_dags/example_sla_dag.py
[2024-11-22T11:53:11.218+0000] {processor.py:925} INFO - DAG(s) 'example_sla_dag' retrieved from /home/airflow/.local/lib/python3.12/site-packages/airflow/example_dags/example_sla_dag.py
[2024-11-22T11:53:11.233+0000] {logging_mixin.py:190} INFO - [2024-11-22T11:53:11.232+0000] {dag.py:3239} INFO - Sync 1 DAGs
[2024-11-22T11:53:11.254+0000] {logging_mixin.py:190} INFO - [2024-11-22T11:53:11.253+0000] {dag.py:4180} INFO - Setting next_dagrun for example_sla_dag to 2024-11-22 11:50:00+00:00, run_after=2024-11-22 11:52:00+00:00
[2024-11-22T11:53:11.267+0000] {processor.py:208} INFO - Processing /home/airflow/.local/lib/python3.12/site-packages/airflow/example_dags/example_sla_dag.py took 0.065 seconds
[2024-11-22T11:53:41.354+0000] {processor.py:186} INFO - Started process (PID=707) to work on /home/airflow/.local/lib/python3.12/site-packages/airflow/example_dags/example_sla_dag.py
[2024-11-22T11:53:41.355+0000] {processor.py:914} INFO - Processing file /home/airflow/.local/lib/python3.12/site-packages/airflow/example_dags/example_sla_dag.py for tasks to queue
[2024-11-22T11:53:41.356+0000] {logging_mixin.py:190} INFO - [2024-11-22T11:53:41.356+0000] {dagbag.py:588} INFO - Filling up the DagBag from /home/airflow/.local/lib/python3.12/site-packages/airflow/example_dags/example_sla_dag.py
[2024-11-22T11:53:41.364+0000] {processor.py:925} INFO - DAG(s) 'example_sla_dag' retrieved from /home/airflow/.local/lib/python3.12/site-packages/airflow/example_dags/example_sla_dag.py
[2024-11-22T11:53:41.381+0000] {logging_mixin.py:190} INFO - [2024-11-22T11:53:41.381+0000] {dag.py:3239} INFO - Sync 1 DAGs
[2024-11-22T11:53:41.404+0000] {logging_mixin.py:190} INFO - [2024-11-22T11:53:41.404+0000] {dag.py:4180} INFO - Setting next_dagrun for example_sla_dag to 2024-11-22 11:50:00+00:00, run_after=2024-11-22 11:52:00+00:00
[2024-11-22T11:53:41.418+0000] {processor.py:208} INFO - Processing /home/airflow/.local/lib/python3.12/site-packages/airflow/example_dags/example_sla_dag.py took 0.069 seconds
[2024-11-22T11:54:11.700+0000] {processor.py:186} INFO - Started process (PID=770) to work on /home/airflow/.local/lib/python3.12/site-packages/airflow/example_dags/example_sla_dag.py
[2024-11-22T11:54:11.700+0000] {processor.py:914} INFO - Processing file /home/airflow/.local/lib/python3.12/site-packages/airflow/example_dags/example_sla_dag.py for tasks to queue
[2024-11-22T11:54:11.702+0000] {logging_mixin.py:190} INFO - [2024-11-22T11:54:11.702+0000] {dagbag.py:588} INFO - Filling up the DagBag from /home/airflow/.local/lib/python3.12/site-packages/airflow/example_dags/example_sla_dag.py
[2024-11-22T11:54:11.710+0000] {processor.py:925} INFO - DAG(s) 'example_sla_dag' retrieved from /home/airflow/.local/lib/python3.12/site-packages/airflow/example_dags/example_sla_dag.py
[2024-11-22T11:54:11.725+0000] {logging_mixin.py:190} INFO - [2024-11-22T11:54:11.725+0000] {dag.py:3239} INFO - Sync 1 DAGs
[2024-11-22T11:54:11.747+0000] {logging_mixin.py:190} INFO - [2024-11-22T11:54:11.746+0000] {dag.py:4180} INFO - Setting next_dagrun for example_sla_dag to 2024-11-22 11:52:00+00:00, run_after=2024-11-22 11:54:00+00:00
[2024-11-22T11:54:11.762+0000] {processor.py:208} INFO - Processing /home/airflow/.local/lib/python3.12/site-packages/airflow/example_dags/example_sla_dag.py took 0.066 seconds
[2024-11-22T11:54:42.519+0000] {processor.py:186} INFO - Started process (PID=833) to work on /home/airflow/.local/lib/python3.12/site-packages/airflow/example_dags/example_sla_dag.py
[2024-11-22T11:54:42.520+0000] {processor.py:914} INFO - Processing file /home/airflow/.local/lib/python3.12/site-packages/airflow/example_dags/example_sla_dag.py for tasks to queue
[2024-11-22T11:54:42.522+0000] {logging_mixin.py:190} INFO - [2024-11-22T11:54:42.521+0000] {dagbag.py:588} INFO - Filling up the DagBag from /home/airflow/.local/lib/python3.12/site-packages/airflow/example_dags/example_sla_dag.py
[2024-11-22T11:54:42.529+0000] {processor.py:925} INFO - DAG(s) 'example_sla_dag' retrieved from /home/airflow/.local/lib/python3.12/site-packages/airflow/example_dags/example_sla_dag.py
[2024-11-22T11:54:42.545+0000] {logging_mixin.py:190} INFO - [2024-11-22T11:54:42.545+0000] {dag.py:3239} INFO - Sync 1 DAGs
[2024-11-22T11:54:42.566+0000] {logging_mixin.py:190} INFO - [2024-11-22T11:54:42.566+0000] {dag.py:4180} INFO - Setting next_dagrun for example_sla_dag to 2024-11-22 11:52:00+00:00, run_after=2024-11-22 11:54:00+00:00
[2024-11-22T11:54:42.579+0000] {processor.py:208} INFO - Processing /home/airflow/.local/lib/python3.12/site-packages/airflow/example_dags/example_sla_dag.py took 0.065 seconds
[2024-11-22T11:55:13.183+0000] {processor.py:186} INFO - Started process (PID=896) to work on /home/airflow/.local/lib/python3.12/site-packages/airflow/example_dags/example_sla_dag.py
[2024-11-22T11:55:13.184+0000] {processor.py:914} INFO - Processing file /home/airflow/.local/lib/python3.12/site-packages/airflow/example_dags/example_sla_dag.py for tasks to queue
[2024-11-22T11:55:13.185+0000] {logging_mixin.py:190} INFO - [2024-11-22T11:55:13.185+0000] {dagbag.py:588} INFO - Filling up the DagBag from /home/airflow/.local/lib/python3.12/site-packages/airflow/example_dags/example_sla_dag.py
[2024-11-22T11:55:13.193+0000] {processor.py:925} INFO - DAG(s) 'example_sla_dag' retrieved from /home/airflow/.local/lib/python3.12/site-packages/airflow/example_dags/example_sla_dag.py
[2024-11-22T11:55:13.208+0000] {logging_mixin.py:190} INFO - [2024-11-22T11:55:13.208+0000] {dag.py:3239} INFO - Sync 1 DAGs
[2024-11-22T11:55:13.230+0000] {logging_mixin.py:190} INFO - [2024-11-22T11:55:13.230+0000] {dag.py:4180} INFO - Setting next_dagrun for example_sla_dag to 2024-11-22 11:52:00+00:00, run_after=2024-11-22 11:54:00+00:00
[2024-11-22T11:55:13.244+0000] {processor.py:208} INFO - Processing /home/airflow/.local/lib/python3.12/site-packages/airflow/example_dags/example_sla_dag.py took 0.065 seconds
[2024-11-22T11:55:43.955+0000] {processor.py:186} INFO - Started process (PID=959) to work on /home/airflow/.local/lib/python3.12/site-packages/airflow/example_dags/example_sla_dag.py
[2024-11-22T11:55:43.955+0000] {processor.py:914} INFO - Processing file /home/airflow/.local/lib/python3.12/site-packages/airflow/example_dags/example_sla_dag.py for tasks to queue
[2024-11-22T11:55:43.957+0000] {logging_mixin.py:190} INFO - [2024-11-22T11:55:43.957+0000] {dagbag.py:588} INFO - Filling up the DagBag from /home/airflow/.local/lib/python3.12/site-packages/airflow/example_dags/example_sla_dag.py
[2024-11-22T11:55:43.965+0000] {processor.py:925} INFO - DAG(s) 'example_sla_dag' retrieved from /home/airflow/.local/lib/python3.12/site-packages/airflow/example_dags/example_sla_dag.py
[2024-11-22T11:55:43.984+0000] {logging_mixin.py:190} INFO - [2024-11-22T11:55:43.983+0000] {dag.py:3239} INFO - Sync 1 DAGs
[2024-11-22T11:55:44.009+0000] {logging_mixin.py:190} INFO - [2024-11-22T11:55:44.008+0000] {dag.py:4180} INFO - Setting next_dagrun for example_sla_dag to 2024-11-22 11:52:00+00:00, run_after=2024-11-22 11:54:00+00:00
[2024-11-22T11:55:44.025+0000] {processor.py:208} INFO - Processing /home/airflow/.local/lib/python3.12/site-packages/airflow/example_dags/example_sla_dag.py took 0.075 seconds
[2024-11-22T11:56:14.267+0000] {processor.py:186} INFO - Started process (PID=1022) to work on /home/airflow/.local/lib/python3.12/site-packages/airflow/example_dags/example_sla_dag.py
[2024-11-22T11:56:14.268+0000] {processor.py:914} INFO - Processing file /home/airflow/.local/lib/python3.12/site-packages/airflow/example_dags/example_sla_dag.py for tasks to queue
[2024-11-22T11:56:14.269+0000] {logging_mixin.py:190} INFO - [2024-11-22T11:56:14.269+0000] {dagbag.py:588} INFO - Filling up the DagBag from /home/airflow/.local/lib/python3.12/site-packages/airflow/example_dags/example_sla_dag.py
[2024-11-22T11:56:14.277+0000] {processor.py:925} INFO - DAG(s) 'example_sla_dag' retrieved from /home/airflow/.local/lib/python3.12/site-packages/airflow/example_dags/example_sla_dag.py
[2024-11-22T11:56:14.293+0000] {logging_mixin.py:190} INFO - [2024-11-22T11:56:14.293+0000] {dag.py:3239} INFO - Sync 1 DAGs
[2024-11-22T11:56:14.314+0000] {logging_mixin.py:190} INFO - [2024-11-22T11:56:14.314+0000] {dag.py:4180} INFO - Setting next_dagrun for example_sla_dag to 2024-11-22 11:54:00+00:00, run_after=2024-11-22 11:56:00+00:00
[2024-11-22T11:56:14.329+0000] {processor.py:208} INFO - Processing /home/airflow/.local/lib/python3.12/site-packages/airflow/example_dags/example_sla_dag.py took 0.067 seconds
[2024-11-22T11:56:44.593+0000] {processor.py:186} INFO - Started process (PID=1085) to work on /home/airflow/.local/lib/python3.12/site-packages/airflow/example_dags/example_sla_dag.py
[2024-11-22T11:56:44.594+0000] {processor.py:914} INFO - Processing file /home/airflow/.local/lib/python3.12/site-packages/airflow/example_dags/example_sla_dag.py for tasks to queue
[2024-11-22T11:56:44.596+0000] {logging_mixin.py:190} INFO - [2024-11-22T11:56:44.596+0000] {dagbag.py:588} INFO - Filling up the DagBag from /home/airflow/.local/lib/python3.12/site-packages/airflow/example_dags/example_sla_dag.py
[2024-11-22T11:56:44.606+0000] {processor.py:925} INFO - DAG(s) 'example_sla_dag' retrieved from /home/airflow/.local/lib/python3.12/site-packages/airflow/example_dags/example_sla_dag.py
[2024-11-22T11:56:44.634+0000] {logging_mixin.py:190} INFO - [2024-11-22T11:56:44.633+0000] {dag.py:3239} INFO - Sync 1 DAGs
[2024-11-22T11:56:44.672+0000] {logging_mixin.py:190} INFO - [2024-11-22T11:56:44.672+0000] {dag.py:4180} INFO - Setting next_dagrun for example_sla_dag to 2024-11-22 11:54:00+00:00, run_after=2024-11-22 11:56:00+00:00
[2024-11-22T11:56:44.690+0000] {processor.py:208} INFO - Processing /home/airflow/.local/lib/python3.12/site-packages/airflow/example_dags/example_sla_dag.py took 0.103 seconds
