[2024-11-22T11:48:38.235+0000] {processor.py:186} INFO - Started process (PID=84) to work on /home/airflow/.local/lib/python3.12/site-packages/airflow/example_dags/example_task_group.py
[2024-11-22T11:48:38.236+0000] {processor.py:914} INFO - Processing file /home/airflow/.local/lib/python3.12/site-packages/airflow/example_dags/example_task_group.py for tasks to queue
[2024-11-22T11:48:38.237+0000] {logging_mixin.py:190} INFO - [2024-11-22T11:48:38.237+0000] {dagbag.py:588} INFO - Filling up the DagBag from /home/airflow/.local/lib/python3.12/site-packages/airflow/example_dags/example_task_group.py
[2024-11-22T11:48:38.246+0000] {processor.py:925} INFO - DAG(s) 'example_task_group' retrieved from /home/airflow/.local/lib/python3.12/site-packages/airflow/example_dags/example_task_group.py
[2024-11-22T11:48:38.351+0000] {logging_mixin.py:190} INFO - [2024-11-22T11:48:38.350+0000] {override.py:1911} INFO - Created Permission View: can delete on DAG:example_task_group
[2024-11-22T11:48:38.362+0000] {logging_mixin.py:190} INFO - [2024-11-22T11:48:38.361+0000] {override.py:1911} INFO - Created Permission View: can edit on DAG:example_task_group
[2024-11-22T11:48:38.367+0000] {logging_mixin.py:190} INFO - [2024-11-22T11:48:38.367+0000] {override.py:1911} INFO - Created Permission View: can read on DAG:example_task_group
[2024-11-22T11:48:38.373+0000] {logging_mixin.py:190} INFO - [2024-11-22T11:48:38.373+0000] {override.py:1911} INFO - Created Permission View: can delete on DAG Run:example_task_group
[2024-11-22T11:48:38.380+0000] {logging_mixin.py:190} INFO - [2024-11-22T11:48:38.379+0000] {override.py:1911} INFO - Created Permission View: menu access on DAG Run:example_task_group
[2024-11-22T11:48:38.386+0000] {logging_mixin.py:190} INFO - [2024-11-22T11:48:38.385+0000] {override.py:1911} INFO - Created Permission View: can create on DAG Run:example_task_group
[2024-11-22T11:48:38.391+0000] {logging_mixin.py:190} INFO - [2024-11-22T11:48:38.391+0000] {override.py:1911} INFO - Created Permission View: can read on DAG Run:example_task_group
[2024-11-22T11:48:38.391+0000] {logging_mixin.py:190} INFO - [2024-11-22T11:48:38.391+0000] {dag.py:3239} INFO - Sync 1 DAGs
[2024-11-22T11:48:38.404+0000] {logging_mixin.py:190} INFO - [2024-11-22T11:48:38.403+0000] {dag.py:3262} INFO - Creating ORM DAG for example_task_group
[2024-11-22T11:48:38.404+0000] {logging_mixin.py:190} INFO - [2024-11-22T11:48:38.404+0000] {dag.py:4180} INFO - Setting next_dagrun for example_task_group to None, run_after=None
[2024-11-22T11:48:38.420+0000] {processor.py:208} INFO - Processing /home/airflow/.local/lib/python3.12/site-packages/airflow/example_dags/example_task_group.py took 0.190 seconds
[2024-11-22T11:49:08.914+0000] {processor.py:186} INFO - Started process (PID=147) to work on /home/airflow/.local/lib/python3.12/site-packages/airflow/example_dags/example_task_group.py
[2024-11-22T11:49:08.915+0000] {processor.py:914} INFO - Processing file /home/airflow/.local/lib/python3.12/site-packages/airflow/example_dags/example_task_group.py for tasks to queue
[2024-11-22T11:49:08.917+0000] {logging_mixin.py:190} INFO - [2024-11-22T11:49:08.917+0000] {dagbag.py:588} INFO - Filling up the DagBag from /home/airflow/.local/lib/python3.12/site-packages/airflow/example_dags/example_task_group.py
[2024-11-22T11:49:08.924+0000] {processor.py:925} INFO - DAG(s) 'example_task_group' retrieved from /home/airflow/.local/lib/python3.12/site-packages/airflow/example_dags/example_task_group.py
[2024-11-22T11:49:08.944+0000] {logging_mixin.py:190} INFO - [2024-11-22T11:49:08.944+0000] {dag.py:3239} INFO - Sync 1 DAGs
[2024-11-22T11:49:08.957+0000] {logging_mixin.py:190} INFO - [2024-11-22T11:49:08.957+0000] {dag.py:4180} INFO - Setting next_dagrun for example_task_group to None, run_after=None
[2024-11-22T11:49:08.974+0000] {processor.py:208} INFO - Processing /home/airflow/.local/lib/python3.12/site-packages/airflow/example_dags/example_task_group.py took 0.064 seconds
[2024-11-22T11:49:39.281+0000] {processor.py:186} INFO - Started process (PID=210) to work on /home/airflow/.local/lib/python3.12/site-packages/airflow/example_dags/example_task_group.py
[2024-11-22T11:49:39.281+0000] {processor.py:914} INFO - Processing file /home/airflow/.local/lib/python3.12/site-packages/airflow/example_dags/example_task_group.py for tasks to queue
[2024-11-22T11:49:39.283+0000] {logging_mixin.py:190} INFO - [2024-11-22T11:49:39.283+0000] {dagbag.py:588} INFO - Filling up the DagBag from /home/airflow/.local/lib/python3.12/site-packages/airflow/example_dags/example_task_group.py
[2024-11-22T11:49:39.292+0000] {processor.py:925} INFO - DAG(s) 'example_task_group' retrieved from /home/airflow/.local/lib/python3.12/site-packages/airflow/example_dags/example_task_group.py
[2024-11-22T11:49:39.311+0000] {logging_mixin.py:190} INFO - [2024-11-22T11:49:39.311+0000] {dag.py:3239} INFO - Sync 1 DAGs
[2024-11-22T11:49:39.324+0000] {logging_mixin.py:190} INFO - [2024-11-22T11:49:39.324+0000] {dag.py:4180} INFO - Setting next_dagrun for example_task_group to None, run_after=None
[2024-11-22T11:49:39.341+0000] {processor.py:208} INFO - Processing /home/airflow/.local/lib/python3.12/site-packages/airflow/example_dags/example_task_group.py took 0.066 seconds
[2024-11-22T11:50:09.607+0000] {processor.py:186} INFO - Started process (PID=272) to work on /home/airflow/.local/lib/python3.12/site-packages/airflow/example_dags/example_task_group.py
[2024-11-22T11:50:09.612+0000] {processor.py:914} INFO - Processing file /home/airflow/.local/lib/python3.12/site-packages/airflow/example_dags/example_task_group.py for tasks to queue
[2024-11-22T11:50:09.617+0000] {logging_mixin.py:190} INFO - [2024-11-22T11:50:09.616+0000] {dagbag.py:588} INFO - Filling up the DagBag from /home/airflow/.local/lib/python3.12/site-packages/airflow/example_dags/example_task_group.py
[2024-11-22T11:50:09.641+0000] {processor.py:925} INFO - DAG(s) 'example_task_group' retrieved from /home/airflow/.local/lib/python3.12/site-packages/airflow/example_dags/example_task_group.py
[2024-11-22T11:50:09.699+0000] {logging_mixin.py:190} INFO - [2024-11-22T11:50:09.699+0000] {dag.py:3239} INFO - Sync 1 DAGs
[2024-11-22T11:50:09.740+0000] {logging_mixin.py:190} INFO - [2024-11-22T11:50:09.740+0000] {dag.py:4180} INFO - Setting next_dagrun for example_task_group to None, run_after=None
[2024-11-22T11:50:09.789+0000] {processor.py:208} INFO - Processing /home/airflow/.local/lib/python3.12/site-packages/airflow/example_dags/example_task_group.py took 0.196 seconds
[2024-11-22T11:50:40.759+0000] {processor.py:186} INFO - Started process (PID=336) to work on /home/airflow/.local/lib/python3.12/site-packages/airflow/example_dags/example_task_group.py
[2024-11-22T11:50:40.763+0000] {processor.py:914} INFO - Processing file /home/airflow/.local/lib/python3.12/site-packages/airflow/example_dags/example_task_group.py for tasks to queue
[2024-11-22T11:50:40.764+0000] {logging_mixin.py:190} INFO - [2024-11-22T11:50:40.764+0000] {dagbag.py:588} INFO - Filling up the DagBag from /home/airflow/.local/lib/python3.12/site-packages/airflow/example_dags/example_task_group.py
[2024-11-22T11:50:40.772+0000] {processor.py:925} INFO - DAG(s) 'example_task_group' retrieved from /home/airflow/.local/lib/python3.12/site-packages/airflow/example_dags/example_task_group.py
[2024-11-22T11:50:40.790+0000] {logging_mixin.py:190} INFO - [2024-11-22T11:50:40.789+0000] {dag.py:3239} INFO - Sync 1 DAGs
[2024-11-22T11:50:40.804+0000] {logging_mixin.py:190} INFO - [2024-11-22T11:50:40.804+0000] {dag.py:4180} INFO - Setting next_dagrun for example_task_group to None, run_after=None
[2024-11-22T11:50:40.821+0000] {processor.py:208} INFO - Processing /home/airflow/.local/lib/python3.12/site-packages/airflow/example_dags/example_task_group.py took 0.067 seconds
[2024-11-22T11:51:11.763+0000] {processor.py:186} INFO - Started process (PID=399) to work on /home/airflow/.local/lib/python3.12/site-packages/airflow/example_dags/example_task_group.py
[2024-11-22T11:51:11.768+0000] {processor.py:914} INFO - Processing file /home/airflow/.local/lib/python3.12/site-packages/airflow/example_dags/example_task_group.py for tasks to queue
[2024-11-22T11:51:11.770+0000] {logging_mixin.py:190} INFO - [2024-11-22T11:51:11.769+0000] {dagbag.py:588} INFO - Filling up the DagBag from /home/airflow/.local/lib/python3.12/site-packages/airflow/example_dags/example_task_group.py
[2024-11-22T11:51:11.777+0000] {processor.py:925} INFO - DAG(s) 'example_task_group' retrieved from /home/airflow/.local/lib/python3.12/site-packages/airflow/example_dags/example_task_group.py
[2024-11-22T11:51:11.800+0000] {logging_mixin.py:190} INFO - [2024-11-22T11:51:11.800+0000] {dag.py:3239} INFO - Sync 1 DAGs
[2024-11-22T11:51:11.819+0000] {logging_mixin.py:190} INFO - [2024-11-22T11:51:11.818+0000] {dag.py:4180} INFO - Setting next_dagrun for example_task_group to None, run_after=None
[2024-11-22T11:51:11.838+0000] {processor.py:208} INFO - Processing /home/airflow/.local/lib/python3.12/site-packages/airflow/example_dags/example_task_group.py took 0.079 seconds
[2024-11-22T11:51:42.368+0000] {processor.py:186} INFO - Started process (PID=462) to work on /home/airflow/.local/lib/python3.12/site-packages/airflow/example_dags/example_task_group.py
[2024-11-22T11:51:42.372+0000] {processor.py:914} INFO - Processing file /home/airflow/.local/lib/python3.12/site-packages/airflow/example_dags/example_task_group.py for tasks to queue
[2024-11-22T11:51:42.374+0000] {logging_mixin.py:190} INFO - [2024-11-22T11:51:42.373+0000] {dagbag.py:588} INFO - Filling up the DagBag from /home/airflow/.local/lib/python3.12/site-packages/airflow/example_dags/example_task_group.py
[2024-11-22T11:51:42.382+0000] {processor.py:925} INFO - DAG(s) 'example_task_group' retrieved from /home/airflow/.local/lib/python3.12/site-packages/airflow/example_dags/example_task_group.py
[2024-11-22T11:51:42.401+0000] {logging_mixin.py:190} INFO - [2024-11-22T11:51:42.401+0000] {dag.py:3239} INFO - Sync 1 DAGs
[2024-11-22T11:51:42.414+0000] {logging_mixin.py:190} INFO - [2024-11-22T11:51:42.413+0000] {dag.py:4180} INFO - Setting next_dagrun for example_task_group to None, run_after=None
[2024-11-22T11:51:42.431+0000] {processor.py:208} INFO - Processing /home/airflow/.local/lib/python3.12/site-packages/airflow/example_dags/example_task_group.py took 0.069 seconds
[2024-11-22T11:52:12.683+0000] {processor.py:186} INFO - Started process (PID=525) to work on /home/airflow/.local/lib/python3.12/site-packages/airflow/example_dags/example_task_group.py
[2024-11-22T11:52:12.684+0000] {processor.py:914} INFO - Processing file /home/airflow/.local/lib/python3.12/site-packages/airflow/example_dags/example_task_group.py for tasks to queue
[2024-11-22T11:52:12.686+0000] {logging_mixin.py:190} INFO - [2024-11-22T11:52:12.686+0000] {dagbag.py:588} INFO - Filling up the DagBag from /home/airflow/.local/lib/python3.12/site-packages/airflow/example_dags/example_task_group.py
[2024-11-22T11:52:12.694+0000] {processor.py:925} INFO - DAG(s) 'example_task_group' retrieved from /home/airflow/.local/lib/python3.12/site-packages/airflow/example_dags/example_task_group.py
[2024-11-22T11:52:12.717+0000] {logging_mixin.py:190} INFO - [2024-11-22T11:52:12.716+0000] {dag.py:3239} INFO - Sync 1 DAGs
[2024-11-22T11:52:12.733+0000] {logging_mixin.py:190} INFO - [2024-11-22T11:52:12.733+0000] {dag.py:4180} INFO - Setting next_dagrun for example_task_group to None, run_after=None
[2024-11-22T11:52:12.750+0000] {processor.py:208} INFO - Processing /home/airflow/.local/lib/python3.12/site-packages/airflow/example_dags/example_task_group.py took 0.072 seconds
[2024-11-22T11:52:43.380+0000] {processor.py:186} INFO - Started process (PID=588) to work on /home/airflow/.local/lib/python3.12/site-packages/airflow/example_dags/example_task_group.py
[2024-11-22T11:52:43.382+0000] {processor.py:914} INFO - Processing file /home/airflow/.local/lib/python3.12/site-packages/airflow/example_dags/example_task_group.py for tasks to queue
[2024-11-22T11:52:43.386+0000] {logging_mixin.py:190} INFO - [2024-11-22T11:52:43.386+0000] {dagbag.py:588} INFO - Filling up the DagBag from /home/airflow/.local/lib/python3.12/site-packages/airflow/example_dags/example_task_group.py
[2024-11-22T11:52:43.404+0000] {processor.py:925} INFO - DAG(s) 'example_task_group' retrieved from /home/airflow/.local/lib/python3.12/site-packages/airflow/example_dags/example_task_group.py
[2024-11-22T11:52:43.439+0000] {logging_mixin.py:190} INFO - [2024-11-22T11:52:43.438+0000] {dag.py:3239} INFO - Sync 1 DAGs
[2024-11-22T11:52:43.463+0000] {logging_mixin.py:190} INFO - [2024-11-22T11:52:43.463+0000] {dag.py:4180} INFO - Setting next_dagrun for example_task_group to None, run_after=None
[2024-11-22T11:52:43.498+0000] {processor.py:208} INFO - Processing /home/airflow/.local/lib/python3.12/site-packages/airflow/example_dags/example_task_group.py took 0.128 seconds
[2024-11-22T11:53:13.608+0000] {processor.py:186} INFO - Started process (PID=650) to work on /home/airflow/.local/lib/python3.12/site-packages/airflow/example_dags/example_task_group.py
[2024-11-22T11:53:13.610+0000] {processor.py:914} INFO - Processing file /home/airflow/.local/lib/python3.12/site-packages/airflow/example_dags/example_task_group.py for tasks to queue
[2024-11-22T11:53:13.614+0000] {logging_mixin.py:190} INFO - [2024-11-22T11:53:13.613+0000] {dagbag.py:588} INFO - Filling up the DagBag from /home/airflow/.local/lib/python3.12/site-packages/airflow/example_dags/example_task_group.py
[2024-11-22T11:53:13.625+0000] {processor.py:925} INFO - DAG(s) 'example_task_group' retrieved from /home/airflow/.local/lib/python3.12/site-packages/airflow/example_dags/example_task_group.py
[2024-11-22T11:53:13.645+0000] {logging_mixin.py:190} INFO - [2024-11-22T11:53:13.645+0000] {dag.py:3239} INFO - Sync 1 DAGs
[2024-11-22T11:53:13.657+0000] {logging_mixin.py:190} INFO - [2024-11-22T11:53:13.657+0000] {dag.py:4180} INFO - Setting next_dagrun for example_task_group to None, run_after=None
[2024-11-22T11:53:13.672+0000] {processor.py:208} INFO - Processing /home/airflow/.local/lib/python3.12/site-packages/airflow/example_dags/example_task_group.py took 0.083 seconds
[2024-11-22T11:53:44.687+0000] {processor.py:186} INFO - Started process (PID=714) to work on /home/airflow/.local/lib/python3.12/site-packages/airflow/example_dags/example_task_group.py
[2024-11-22T11:53:44.690+0000] {processor.py:914} INFO - Processing file /home/airflow/.local/lib/python3.12/site-packages/airflow/example_dags/example_task_group.py for tasks to queue
[2024-11-22T11:53:44.692+0000] {logging_mixin.py:190} INFO - [2024-11-22T11:53:44.692+0000] {dagbag.py:588} INFO - Filling up the DagBag from /home/airflow/.local/lib/python3.12/site-packages/airflow/example_dags/example_task_group.py
[2024-11-22T11:53:44.701+0000] {processor.py:925} INFO - DAG(s) 'example_task_group' retrieved from /home/airflow/.local/lib/python3.12/site-packages/airflow/example_dags/example_task_group.py
[2024-11-22T11:53:44.725+0000] {logging_mixin.py:190} INFO - [2024-11-22T11:53:44.724+0000] {dag.py:3239} INFO - Sync 1 DAGs
[2024-11-22T11:53:44.741+0000] {logging_mixin.py:190} INFO - [2024-11-22T11:53:44.741+0000] {dag.py:4180} INFO - Setting next_dagrun for example_task_group to None, run_after=None
[2024-11-22T11:53:44.759+0000] {processor.py:208} INFO - Processing /home/airflow/.local/lib/python3.12/site-packages/airflow/example_dags/example_task_group.py took 0.078 seconds
[2024-11-22T11:54:15.107+0000] {processor.py:186} INFO - Started process (PID=777) to work on /home/airflow/.local/lib/python3.12/site-packages/airflow/example_dags/example_task_group.py
[2024-11-22T11:54:15.109+0000] {processor.py:914} INFO - Processing file /home/airflow/.local/lib/python3.12/site-packages/airflow/example_dags/example_task_group.py for tasks to queue
[2024-11-22T11:54:15.113+0000] {logging_mixin.py:190} INFO - [2024-11-22T11:54:15.112+0000] {dagbag.py:588} INFO - Filling up the DagBag from /home/airflow/.local/lib/python3.12/site-packages/airflow/example_dags/example_task_group.py
[2024-11-22T11:54:15.123+0000] {processor.py:925} INFO - DAG(s) 'example_task_group' retrieved from /home/airflow/.local/lib/python3.12/site-packages/airflow/example_dags/example_task_group.py
[2024-11-22T11:54:15.144+0000] {logging_mixin.py:190} INFO - [2024-11-22T11:54:15.144+0000] {dag.py:3239} INFO - Sync 1 DAGs
[2024-11-22T11:54:15.158+0000] {logging_mixin.py:190} INFO - [2024-11-22T11:54:15.158+0000] {dag.py:4180} INFO - Setting next_dagrun for example_task_group to None, run_after=None
[2024-11-22T11:54:15.175+0000] {processor.py:208} INFO - Processing /home/airflow/.local/lib/python3.12/site-packages/airflow/example_dags/example_task_group.py took 0.074 seconds
[2024-11-22T11:54:45.853+0000] {processor.py:186} INFO - Started process (PID=840) to work on /home/airflow/.local/lib/python3.12/site-packages/airflow/example_dags/example_task_group.py
[2024-11-22T11:54:45.854+0000] {processor.py:914} INFO - Processing file /home/airflow/.local/lib/python3.12/site-packages/airflow/example_dags/example_task_group.py for tasks to queue
[2024-11-22T11:54:45.856+0000] {logging_mixin.py:190} INFO - [2024-11-22T11:54:45.855+0000] {dagbag.py:588} INFO - Filling up the DagBag from /home/airflow/.local/lib/python3.12/site-packages/airflow/example_dags/example_task_group.py
[2024-11-22T11:54:45.863+0000] {processor.py:925} INFO - DAG(s) 'example_task_group' retrieved from /home/airflow/.local/lib/python3.12/site-packages/airflow/example_dags/example_task_group.py
[2024-11-22T11:54:45.881+0000] {logging_mixin.py:190} INFO - [2024-11-22T11:54:45.880+0000] {dag.py:3239} INFO - Sync 1 DAGs
[2024-11-22T11:54:45.893+0000] {logging_mixin.py:190} INFO - [2024-11-22T11:54:45.893+0000] {dag.py:4180} INFO - Setting next_dagrun for example_task_group to None, run_after=None
[2024-11-22T11:54:45.909+0000] {processor.py:208} INFO - Processing /home/airflow/.local/lib/python3.12/site-packages/airflow/example_dags/example_task_group.py took 0.062 seconds
[2024-11-22T11:55:16.513+0000] {processor.py:186} INFO - Started process (PID=903) to work on /home/airflow/.local/lib/python3.12/site-packages/airflow/example_dags/example_task_group.py
[2024-11-22T11:55:16.514+0000] {processor.py:914} INFO - Processing file /home/airflow/.local/lib/python3.12/site-packages/airflow/example_dags/example_task_group.py for tasks to queue
[2024-11-22T11:55:16.516+0000] {logging_mixin.py:190} INFO - [2024-11-22T11:55:16.515+0000] {dagbag.py:588} INFO - Filling up the DagBag from /home/airflow/.local/lib/python3.12/site-packages/airflow/example_dags/example_task_group.py
[2024-11-22T11:55:16.524+0000] {processor.py:925} INFO - DAG(s) 'example_task_group' retrieved from /home/airflow/.local/lib/python3.12/site-packages/airflow/example_dags/example_task_group.py
[2024-11-22T11:55:16.548+0000] {logging_mixin.py:190} INFO - [2024-11-22T11:55:16.548+0000] {dag.py:3239} INFO - Sync 1 DAGs
[2024-11-22T11:55:16.563+0000] {logging_mixin.py:190} INFO - [2024-11-22T11:55:16.563+0000] {dag.py:4180} INFO - Setting next_dagrun for example_task_group to None, run_after=None
[2024-11-22T11:55:16.579+0000] {processor.py:208} INFO - Processing /home/airflow/.local/lib/python3.12/site-packages/airflow/example_dags/example_task_group.py took 0.073 seconds
[2024-11-22T11:55:47.365+0000] {processor.py:186} INFO - Started process (PID=966) to work on /home/airflow/.local/lib/python3.12/site-packages/airflow/example_dags/example_task_group.py
[2024-11-22T11:55:47.366+0000] {processor.py:914} INFO - Processing file /home/airflow/.local/lib/python3.12/site-packages/airflow/example_dags/example_task_group.py for tasks to queue
[2024-11-22T11:55:47.368+0000] {logging_mixin.py:190} INFO - [2024-11-22T11:55:47.368+0000] {dagbag.py:588} INFO - Filling up the DagBag from /home/airflow/.local/lib/python3.12/site-packages/airflow/example_dags/example_task_group.py
[2024-11-22T11:55:47.379+0000] {processor.py:925} INFO - DAG(s) 'example_task_group' retrieved from /home/airflow/.local/lib/python3.12/site-packages/airflow/example_dags/example_task_group.py
[2024-11-22T11:55:47.398+0000] {logging_mixin.py:190} INFO - [2024-11-22T11:55:47.397+0000] {dag.py:3239} INFO - Sync 1 DAGs
[2024-11-22T11:55:47.411+0000] {logging_mixin.py:190} INFO - [2024-11-22T11:55:47.411+0000] {dag.py:4180} INFO - Setting next_dagrun for example_task_group to None, run_after=None
[2024-11-22T11:55:47.429+0000] {processor.py:208} INFO - Processing /home/airflow/.local/lib/python3.12/site-packages/airflow/example_dags/example_task_group.py took 0.070 seconds
[2024-11-22T11:56:17.619+0000] {processor.py:186} INFO - Started process (PID=1029) to work on /home/airflow/.local/lib/python3.12/site-packages/airflow/example_dags/example_task_group.py
[2024-11-22T11:56:17.620+0000] {processor.py:914} INFO - Processing file /home/airflow/.local/lib/python3.12/site-packages/airflow/example_dags/example_task_group.py for tasks to queue
[2024-11-22T11:56:17.621+0000] {logging_mixin.py:190} INFO - [2024-11-22T11:56:17.621+0000] {dagbag.py:588} INFO - Filling up the DagBag from /home/airflow/.local/lib/python3.12/site-packages/airflow/example_dags/example_task_group.py
[2024-11-22T11:56:17.629+0000] {processor.py:925} INFO - DAG(s) 'example_task_group' retrieved from /home/airflow/.local/lib/python3.12/site-packages/airflow/example_dags/example_task_group.py
[2024-11-22T11:56:17.647+0000] {logging_mixin.py:190} INFO - [2024-11-22T11:56:17.647+0000] {dag.py:3239} INFO - Sync 1 DAGs
[2024-11-22T11:56:17.662+0000] {logging_mixin.py:190} INFO - [2024-11-22T11:56:17.661+0000] {dag.py:4180} INFO - Setting next_dagrun for example_task_group to None, run_after=None
[2024-11-22T11:56:17.678+0000] {processor.py:208} INFO - Processing /home/airflow/.local/lib/python3.12/site-packages/airflow/example_dags/example_task_group.py took 0.064 seconds
[2024-11-22T11:56:47.969+0000] {processor.py:186} INFO - Started process (PID=1092) to work on /home/airflow/.local/lib/python3.12/site-packages/airflow/example_dags/example_task_group.py
[2024-11-22T11:56:47.973+0000] {processor.py:914} INFO - Processing file /home/airflow/.local/lib/python3.12/site-packages/airflow/example_dags/example_task_group.py for tasks to queue
[2024-11-22T11:56:47.975+0000] {logging_mixin.py:190} INFO - [2024-11-22T11:56:47.975+0000] {dagbag.py:588} INFO - Filling up the DagBag from /home/airflow/.local/lib/python3.12/site-packages/airflow/example_dags/example_task_group.py
[2024-11-22T11:56:47.982+0000] {processor.py:925} INFO - DAG(s) 'example_task_group' retrieved from /home/airflow/.local/lib/python3.12/site-packages/airflow/example_dags/example_task_group.py
[2024-11-22T11:56:48.001+0000] {logging_mixin.py:190} INFO - [2024-11-22T11:56:48.001+0000] {dag.py:3239} INFO - Sync 1 DAGs
[2024-11-22T11:56:48.017+0000] {logging_mixin.py:190} INFO - [2024-11-22T11:56:48.017+0000] {dag.py:4180} INFO - Setting next_dagrun for example_task_group to None, run_after=None
[2024-11-22T11:56:48.042+0000] {processor.py:208} INFO - Processing /home/airflow/.local/lib/python3.12/site-packages/airflow/example_dags/example_task_group.py took 0.078 seconds
