[2024-11-22T11:48:43.483+0000] {processor.py:186} INFO - Started process (PID=111) to work on /home/airflow/.local/lib/python3.12/site-packages/airflow/example_dags/example_display_name.py
[2024-11-22T11:48:43.484+0000] {processor.py:914} INFO - Processing file /home/airflow/.local/lib/python3.12/site-packages/airflow/example_dags/example_display_name.py for tasks to queue
[2024-11-22T11:48:43.486+0000] {logging_mixin.py:190} INFO - [2024-11-22T11:48:43.486+0000] {dagbag.py:588} INFO - Filling up the DagBag from /home/airflow/.local/lib/python3.12/site-packages/airflow/example_dags/example_display_name.py
[2024-11-22T11:48:43.493+0000] {processor.py:925} INFO - DAG(s) 'example_display_name' retrieved from /home/airflow/.local/lib/python3.12/site-packages/airflow/example_dags/example_display_name.py
[2024-11-22T11:48:43.623+0000] {logging_mixin.py:190} INFO - [2024-11-22T11:48:43.622+0000] {override.py:1911} INFO - Created Permission View: can delete on DAG:example_display_name
[2024-11-22T11:48:43.641+0000] {logging_mixin.py:190} INFO - [2024-11-22T11:48:43.640+0000] {override.py:1911} INFO - Created Permission View: can edit on DAG:example_display_name
[2024-11-22T11:48:43.651+0000] {logging_mixin.py:190} INFO - [2024-11-22T11:48:43.650+0000] {override.py:1911} INFO - Created Permission View: can read on DAG:example_display_name
[2024-11-22T11:48:43.662+0000] {logging_mixin.py:190} INFO - [2024-11-22T11:48:43.661+0000] {override.py:1911} INFO - Created Permission View: can delete on DAG Run:example_display_name
[2024-11-22T11:48:43.673+0000] {logging_mixin.py:190} INFO - [2024-11-22T11:48:43.672+0000] {override.py:1911} INFO - Created Permission View: menu access on DAG Run:example_display_name
[2024-11-22T11:48:43.684+0000] {logging_mixin.py:190} INFO - [2024-11-22T11:48:43.683+0000] {override.py:1911} INFO - Created Permission View: can create on DAG Run:example_display_name
[2024-11-22T11:48:43.693+0000] {logging_mixin.py:190} INFO - [2024-11-22T11:48:43.693+0000] {override.py:1911} INFO - Created Permission View: can read on DAG Run:example_display_name
[2024-11-22T11:48:43.694+0000] {logging_mixin.py:190} INFO - [2024-11-22T11:48:43.694+0000] {dag.py:3239} INFO - Sync 1 DAGs
[2024-11-22T11:48:43.715+0000] {logging_mixin.py:190} INFO - [2024-11-22T11:48:43.714+0000] {dag.py:3262} INFO - Creating ORM DAG for example_display_name
[2024-11-22T11:48:43.716+0000] {logging_mixin.py:190} INFO - [2024-11-22T11:48:43.716+0000] {dag.py:4180} INFO - Setting next_dagrun for example_display_name to None, run_after=None
[2024-11-22T11:48:43.741+0000] {processor.py:208} INFO - Processing /home/airflow/.local/lib/python3.12/site-packages/airflow/example_dags/example_display_name.py took 0.262 seconds
[2024-11-22T11:49:13.884+0000] {processor.py:186} INFO - Started process (PID=173) to work on /home/airflow/.local/lib/python3.12/site-packages/airflow/example_dags/example_display_name.py
[2024-11-22T11:49:13.885+0000] {processor.py:914} INFO - Processing file /home/airflow/.local/lib/python3.12/site-packages/airflow/example_dags/example_display_name.py for tasks to queue
[2024-11-22T11:49:13.887+0000] {logging_mixin.py:190} INFO - [2024-11-22T11:49:13.887+0000] {dagbag.py:588} INFO - Filling up the DagBag from /home/airflow/.local/lib/python3.12/site-packages/airflow/example_dags/example_display_name.py
[2024-11-22T11:49:13.894+0000] {processor.py:925} INFO - DAG(s) 'example_display_name' retrieved from /home/airflow/.local/lib/python3.12/site-packages/airflow/example_dags/example_display_name.py
[2024-11-22T11:49:13.910+0000] {logging_mixin.py:190} INFO - [2024-11-22T11:49:13.910+0000] {dag.py:3239} INFO - Sync 1 DAGs
[2024-11-22T11:49:13.923+0000] {logging_mixin.py:190} INFO - [2024-11-22T11:49:13.922+0000] {dag.py:4180} INFO - Setting next_dagrun for example_display_name to None, run_after=None
[2024-11-22T11:49:13.938+0000] {processor.py:208} INFO - Processing /home/airflow/.local/lib/python3.12/site-packages/airflow/example_dags/example_display_name.py took 0.059 seconds
[2024-11-22T11:49:44.348+0000] {processor.py:186} INFO - Started process (PID=236) to work on /home/airflow/.local/lib/python3.12/site-packages/airflow/example_dags/example_display_name.py
[2024-11-22T11:49:44.349+0000] {processor.py:914} INFO - Processing file /home/airflow/.local/lib/python3.12/site-packages/airflow/example_dags/example_display_name.py for tasks to queue
[2024-11-22T11:49:44.351+0000] {logging_mixin.py:190} INFO - [2024-11-22T11:49:44.350+0000] {dagbag.py:588} INFO - Filling up the DagBag from /home/airflow/.local/lib/python3.12/site-packages/airflow/example_dags/example_display_name.py
[2024-11-22T11:49:44.357+0000] {processor.py:925} INFO - DAG(s) 'example_display_name' retrieved from /home/airflow/.local/lib/python3.12/site-packages/airflow/example_dags/example_display_name.py
[2024-11-22T11:49:44.372+0000] {logging_mixin.py:190} INFO - [2024-11-22T11:49:44.372+0000] {dag.py:3239} INFO - Sync 1 DAGs
[2024-11-22T11:49:44.384+0000] {logging_mixin.py:190} INFO - [2024-11-22T11:49:44.384+0000] {dag.py:4180} INFO - Setting next_dagrun for example_display_name to None, run_after=None
[2024-11-22T11:49:44.399+0000] {processor.py:208} INFO - Processing /home/airflow/.local/lib/python3.12/site-packages/airflow/example_dags/example_display_name.py took 0.056 seconds
[2024-11-22T11:50:16.759+0000] {processor.py:186} INFO - Started process (PID=299) to work on /home/airflow/.local/lib/python3.12/site-packages/airflow/example_dags/example_display_name.py
[2024-11-22T11:50:16.760+0000] {processor.py:914} INFO - Processing file /home/airflow/.local/lib/python3.12/site-packages/airflow/example_dags/example_display_name.py for tasks to queue
[2024-11-22T11:50:16.763+0000] {logging_mixin.py:190} INFO - [2024-11-22T11:50:16.763+0000] {dagbag.py:588} INFO - Filling up the DagBag from /home/airflow/.local/lib/python3.12/site-packages/airflow/example_dags/example_display_name.py
[2024-11-22T11:50:16.773+0000] {processor.py:925} INFO - DAG(s) 'example_display_name' retrieved from /home/airflow/.local/lib/python3.12/site-packages/airflow/example_dags/example_display_name.py
[2024-11-22T11:50:16.793+0000] {logging_mixin.py:190} INFO - [2024-11-22T11:50:16.793+0000] {dag.py:3239} INFO - Sync 1 DAGs
[2024-11-22T11:50:16.812+0000] {logging_mixin.py:190} INFO - [2024-11-22T11:50:16.811+0000] {dag.py:4180} INFO - Setting next_dagrun for example_display_name to None, run_after=None
[2024-11-22T11:50:16.837+0000] {processor.py:208} INFO - Processing /home/airflow/.local/lib/python3.12/site-packages/airflow/example_dags/example_display_name.py took 0.086 seconds
[2024-11-22T11:50:48.499+0000] {processor.py:186} INFO - Started process (PID=363) to work on /home/airflow/.local/lib/python3.12/site-packages/airflow/example_dags/example_display_name.py
[2024-11-22T11:50:48.500+0000] {processor.py:914} INFO - Processing file /home/airflow/.local/lib/python3.12/site-packages/airflow/example_dags/example_display_name.py for tasks to queue
[2024-11-22T11:50:48.503+0000] {logging_mixin.py:190} INFO - [2024-11-22T11:50:48.502+0000] {dagbag.py:588} INFO - Filling up the DagBag from /home/airflow/.local/lib/python3.12/site-packages/airflow/example_dags/example_display_name.py
[2024-11-22T11:50:48.514+0000] {processor.py:925} INFO - DAG(s) 'example_display_name' retrieved from /home/airflow/.local/lib/python3.12/site-packages/airflow/example_dags/example_display_name.py
[2024-11-22T11:50:48.543+0000] {logging_mixin.py:190} INFO - [2024-11-22T11:50:48.543+0000] {dag.py:3239} INFO - Sync 1 DAGs
[2024-11-22T11:50:48.564+0000] {logging_mixin.py:190} INFO - [2024-11-22T11:50:48.564+0000] {dag.py:4180} INFO - Setting next_dagrun for example_display_name to None, run_after=None
[2024-11-22T11:50:48.590+0000] {processor.py:208} INFO - Processing /home/airflow/.local/lib/python3.12/site-packages/airflow/example_dags/example_display_name.py took 0.099 seconds
[2024-11-22T11:51:19.491+0000] {processor.py:186} INFO - Started process (PID=426) to work on /home/airflow/.local/lib/python3.12/site-packages/airflow/example_dags/example_display_name.py
[2024-11-22T11:51:19.492+0000] {processor.py:914} INFO - Processing file /home/airflow/.local/lib/python3.12/site-packages/airflow/example_dags/example_display_name.py for tasks to queue
[2024-11-22T11:51:19.494+0000] {logging_mixin.py:190} INFO - [2024-11-22T11:51:19.494+0000] {dagbag.py:588} INFO - Filling up the DagBag from /home/airflow/.local/lib/python3.12/site-packages/airflow/example_dags/example_display_name.py
[2024-11-22T11:51:19.500+0000] {processor.py:925} INFO - DAG(s) 'example_display_name' retrieved from /home/airflow/.local/lib/python3.12/site-packages/airflow/example_dags/example_display_name.py
[2024-11-22T11:51:19.516+0000] {logging_mixin.py:190} INFO - [2024-11-22T11:51:19.516+0000] {dag.py:3239} INFO - Sync 1 DAGs
[2024-11-22T11:51:19.530+0000] {logging_mixin.py:190} INFO - [2024-11-22T11:51:19.529+0000] {dag.py:4180} INFO - Setting next_dagrun for example_display_name to None, run_after=None
[2024-11-22T11:51:19.545+0000] {processor.py:208} INFO - Processing /home/airflow/.local/lib/python3.12/site-packages/airflow/example_dags/example_display_name.py took 0.059 seconds
[2024-11-22T11:51:49.884+0000] {processor.py:186} INFO - Started process (PID=488) to work on /home/airflow/.local/lib/python3.12/site-packages/airflow/example_dags/example_display_name.py
[2024-11-22T11:51:49.885+0000] {processor.py:914} INFO - Processing file /home/airflow/.local/lib/python3.12/site-packages/airflow/example_dags/example_display_name.py for tasks to queue
[2024-11-22T11:51:49.887+0000] {logging_mixin.py:190} INFO - [2024-11-22T11:51:49.887+0000] {dagbag.py:588} INFO - Filling up the DagBag from /home/airflow/.local/lib/python3.12/site-packages/airflow/example_dags/example_display_name.py
[2024-11-22T11:51:49.893+0000] {processor.py:925} INFO - DAG(s) 'example_display_name' retrieved from /home/airflow/.local/lib/python3.12/site-packages/airflow/example_dags/example_display_name.py
[2024-11-22T11:51:49.909+0000] {logging_mixin.py:190} INFO - [2024-11-22T11:51:49.908+0000] {dag.py:3239} INFO - Sync 1 DAGs
[2024-11-22T11:51:49.921+0000] {logging_mixin.py:190} INFO - [2024-11-22T11:51:49.920+0000] {dag.py:4180} INFO - Setting next_dagrun for example_display_name to None, run_after=None
[2024-11-22T11:51:49.936+0000] {processor.py:208} INFO - Processing /home/airflow/.local/lib/python3.12/site-packages/airflow/example_dags/example_display_name.py took 0.056 seconds
[2024-11-22T11:52:21.205+0000] {processor.py:186} INFO - Started process (PID=550) to work on /home/airflow/.local/lib/python3.12/site-packages/airflow/example_dags/example_display_name.py
[2024-11-22T11:52:21.205+0000] {processor.py:914} INFO - Processing file /home/airflow/.local/lib/python3.12/site-packages/airflow/example_dags/example_display_name.py for tasks to queue
[2024-11-22T11:52:21.208+0000] {logging_mixin.py:190} INFO - [2024-11-22T11:52:21.207+0000] {dagbag.py:588} INFO - Filling up the DagBag from /home/airflow/.local/lib/python3.12/site-packages/airflow/example_dags/example_display_name.py
[2024-11-22T11:52:21.215+0000] {processor.py:925} INFO - DAG(s) 'example_display_name' retrieved from /home/airflow/.local/lib/python3.12/site-packages/airflow/example_dags/example_display_name.py
[2024-11-22T11:52:21.235+0000] {logging_mixin.py:190} INFO - [2024-11-22T11:52:21.235+0000] {dag.py:3239} INFO - Sync 1 DAGs
[2024-11-22T11:52:21.254+0000] {logging_mixin.py:190} INFO - [2024-11-22T11:52:21.253+0000] {dag.py:4180} INFO - Setting next_dagrun for example_display_name to None, run_after=None
[2024-11-22T11:52:21.276+0000] {processor.py:208} INFO - Processing /home/airflow/.local/lib/python3.12/site-packages/airflow/example_dags/example_display_name.py took 0.077 seconds
[2024-11-22T11:52:52.839+0000] {processor.py:186} INFO - Started process (PID=613) to work on /home/airflow/.local/lib/python3.12/site-packages/airflow/example_dags/example_display_name.py
[2024-11-22T11:52:52.839+0000] {processor.py:914} INFO - Processing file /home/airflow/.local/lib/python3.12/site-packages/airflow/example_dags/example_display_name.py for tasks to queue
[2024-11-22T11:52:52.842+0000] {logging_mixin.py:190} INFO - [2024-11-22T11:52:52.841+0000] {dagbag.py:588} INFO - Filling up the DagBag from /home/airflow/.local/lib/python3.12/site-packages/airflow/example_dags/example_display_name.py
[2024-11-22T11:52:52.848+0000] {processor.py:925} INFO - DAG(s) 'example_display_name' retrieved from /home/airflow/.local/lib/python3.12/site-packages/airflow/example_dags/example_display_name.py
[2024-11-22T11:52:52.865+0000] {logging_mixin.py:190} INFO - [2024-11-22T11:52:52.864+0000] {dag.py:3239} INFO - Sync 1 DAGs
[2024-11-22T11:52:52.879+0000] {logging_mixin.py:190} INFO - [2024-11-22T11:52:52.879+0000] {dag.py:4180} INFO - Setting next_dagrun for example_display_name to None, run_after=None
[2024-11-22T11:52:52.903+0000] {processor.py:208} INFO - Processing /home/airflow/.local/lib/python3.12/site-packages/airflow/example_dags/example_display_name.py took 0.069 seconds
[2024-11-22T11:53:24.107+0000] {processor.py:186} INFO - Started process (PID=676) to work on /home/airflow/.local/lib/python3.12/site-packages/airflow/example_dags/example_display_name.py
[2024-11-22T11:53:24.107+0000] {processor.py:914} INFO - Processing file /home/airflow/.local/lib/python3.12/site-packages/airflow/example_dags/example_display_name.py for tasks to queue
[2024-11-22T11:53:24.109+0000] {logging_mixin.py:190} INFO - [2024-11-22T11:53:24.109+0000] {dagbag.py:588} INFO - Filling up the DagBag from /home/airflow/.local/lib/python3.12/site-packages/airflow/example_dags/example_display_name.py
[2024-11-22T11:53:24.117+0000] {processor.py:925} INFO - DAG(s) 'example_display_name' retrieved from /home/airflow/.local/lib/python3.12/site-packages/airflow/example_dags/example_display_name.py
[2024-11-22T11:53:24.138+0000] {logging_mixin.py:190} INFO - [2024-11-22T11:53:24.137+0000] {dag.py:3239} INFO - Sync 1 DAGs
[2024-11-22T11:53:24.158+0000] {logging_mixin.py:190} INFO - [2024-11-22T11:53:24.158+0000] {dag.py:4180} INFO - Setting next_dagrun for example_display_name to None, run_after=None
[2024-11-22T11:53:24.189+0000] {processor.py:208} INFO - Processing /home/airflow/.local/lib/python3.12/site-packages/airflow/example_dags/example_display_name.py took 0.088 seconds
[2024-11-22T11:53:55.289+0000] {processor.py:186} INFO - Started process (PID=739) to work on /home/airflow/.local/lib/python3.12/site-packages/airflow/example_dags/example_display_name.py
[2024-11-22T11:53:55.290+0000] {processor.py:914} INFO - Processing file /home/airflow/.local/lib/python3.12/site-packages/airflow/example_dags/example_display_name.py for tasks to queue
[2024-11-22T11:53:55.292+0000] {logging_mixin.py:190} INFO - [2024-11-22T11:53:55.291+0000] {dagbag.py:588} INFO - Filling up the DagBag from /home/airflow/.local/lib/python3.12/site-packages/airflow/example_dags/example_display_name.py
[2024-11-22T11:53:55.301+0000] {processor.py:925} INFO - DAG(s) 'example_display_name' retrieved from /home/airflow/.local/lib/python3.12/site-packages/airflow/example_dags/example_display_name.py
[2024-11-22T11:53:55.324+0000] {logging_mixin.py:190} INFO - [2024-11-22T11:53:55.324+0000] {dag.py:3239} INFO - Sync 1 DAGs
[2024-11-22T11:53:55.345+0000] {logging_mixin.py:190} INFO - [2024-11-22T11:53:55.345+0000] {dag.py:4180} INFO - Setting next_dagrun for example_display_name to None, run_after=None
[2024-11-22T11:53:55.369+0000] {processor.py:208} INFO - Processing /home/airflow/.local/lib/python3.12/site-packages/airflow/example_dags/example_display_name.py took 0.085 seconds
[2024-11-22T11:54:26.135+0000] {processor.py:186} INFO - Started process (PID=802) to work on /home/airflow/.local/lib/python3.12/site-packages/airflow/example_dags/example_display_name.py
[2024-11-22T11:54:26.136+0000] {processor.py:914} INFO - Processing file /home/airflow/.local/lib/python3.12/site-packages/airflow/example_dags/example_display_name.py for tasks to queue
[2024-11-22T11:54:26.137+0000] {logging_mixin.py:190} INFO - [2024-11-22T11:54:26.137+0000] {dagbag.py:588} INFO - Filling up the DagBag from /home/airflow/.local/lib/python3.12/site-packages/airflow/example_dags/example_display_name.py
[2024-11-22T11:54:26.143+0000] {processor.py:925} INFO - DAG(s) 'example_display_name' retrieved from /home/airflow/.local/lib/python3.12/site-packages/airflow/example_dags/example_display_name.py
[2024-11-22T11:54:26.163+0000] {logging_mixin.py:190} INFO - [2024-11-22T11:54:26.162+0000] {dag.py:3239} INFO - Sync 1 DAGs
[2024-11-22T11:54:26.184+0000] {logging_mixin.py:190} INFO - [2024-11-22T11:54:26.183+0000] {dag.py:4180} INFO - Setting next_dagrun for example_display_name to None, run_after=None
[2024-11-22T11:54:26.200+0000] {processor.py:208} INFO - Processing /home/airflow/.local/lib/python3.12/site-packages/airflow/example_dags/example_display_name.py took 0.069 seconds
[2024-11-22T11:54:56.774+0000] {processor.py:186} INFO - Started process (PID=865) to work on /home/airflow/.local/lib/python3.12/site-packages/airflow/example_dags/example_display_name.py
[2024-11-22T11:54:56.775+0000] {processor.py:914} INFO - Processing file /home/airflow/.local/lib/python3.12/site-packages/airflow/example_dags/example_display_name.py for tasks to queue
[2024-11-22T11:54:56.777+0000] {logging_mixin.py:190} INFO - [2024-11-22T11:54:56.776+0000] {dagbag.py:588} INFO - Filling up the DagBag from /home/airflow/.local/lib/python3.12/site-packages/airflow/example_dags/example_display_name.py
[2024-11-22T11:54:56.783+0000] {processor.py:925} INFO - DAG(s) 'example_display_name' retrieved from /home/airflow/.local/lib/python3.12/site-packages/airflow/example_dags/example_display_name.py
[2024-11-22T11:54:56.799+0000] {logging_mixin.py:190} INFO - [2024-11-22T11:54:56.799+0000] {dag.py:3239} INFO - Sync 1 DAGs
[2024-11-22T11:54:56.811+0000] {logging_mixin.py:190} INFO - [2024-11-22T11:54:56.811+0000] {dag.py:4180} INFO - Setting next_dagrun for example_display_name to None, run_after=None
[2024-11-22T11:54:56.827+0000] {processor.py:208} INFO - Processing /home/airflow/.local/lib/python3.12/site-packages/airflow/example_dags/example_display_name.py took 0.058 seconds
[2024-11-22T11:55:26.973+0000] {processor.py:186} INFO - Started process (PID=927) to work on /home/airflow/.local/lib/python3.12/site-packages/airflow/example_dags/example_display_name.py
[2024-11-22T11:55:26.974+0000] {processor.py:914} INFO - Processing file /home/airflow/.local/lib/python3.12/site-packages/airflow/example_dags/example_display_name.py for tasks to queue
[2024-11-22T11:55:26.976+0000] {logging_mixin.py:190} INFO - [2024-11-22T11:55:26.975+0000] {dagbag.py:588} INFO - Filling up the DagBag from /home/airflow/.local/lib/python3.12/site-packages/airflow/example_dags/example_display_name.py
[2024-11-22T11:55:26.982+0000] {processor.py:925} INFO - DAG(s) 'example_display_name' retrieved from /home/airflow/.local/lib/python3.12/site-packages/airflow/example_dags/example_display_name.py
[2024-11-22T11:55:26.998+0000] {logging_mixin.py:190} INFO - [2024-11-22T11:55:26.997+0000] {dag.py:3239} INFO - Sync 1 DAGs
[2024-11-22T11:55:27.010+0000] {logging_mixin.py:190} INFO - [2024-11-22T11:55:27.010+0000] {dag.py:4180} INFO - Setting next_dagrun for example_display_name to None, run_after=None
[2024-11-22T11:55:27.026+0000] {processor.py:208} INFO - Processing /home/airflow/.local/lib/python3.12/site-packages/airflow/example_dags/example_display_name.py took 0.058 seconds
[2024-11-22T11:55:57.323+0000] {processor.py:186} INFO - Started process (PID=989) to work on /home/airflow/.local/lib/python3.12/site-packages/airflow/example_dags/example_display_name.py
[2024-11-22T11:55:57.324+0000] {processor.py:914} INFO - Processing file /home/airflow/.local/lib/python3.12/site-packages/airflow/example_dags/example_display_name.py for tasks to queue
[2024-11-22T11:55:57.326+0000] {logging_mixin.py:190} INFO - [2024-11-22T11:55:57.326+0000] {dagbag.py:588} INFO - Filling up the DagBag from /home/airflow/.local/lib/python3.12/site-packages/airflow/example_dags/example_display_name.py
[2024-11-22T11:55:57.333+0000] {processor.py:925} INFO - DAG(s) 'example_display_name' retrieved from /home/airflow/.local/lib/python3.12/site-packages/airflow/example_dags/example_display_name.py
[2024-11-22T11:55:57.349+0000] {logging_mixin.py:190} INFO - [2024-11-22T11:55:57.349+0000] {dag.py:3239} INFO - Sync 1 DAGs
[2024-11-22T11:55:57.362+0000] {logging_mixin.py:190} INFO - [2024-11-22T11:55:57.362+0000] {dag.py:4180} INFO - Setting next_dagrun for example_display_name to None, run_after=None
[2024-11-22T11:55:57.378+0000] {processor.py:208} INFO - Processing /home/airflow/.local/lib/python3.12/site-packages/airflow/example_dags/example_display_name.py took 0.060 seconds
[2024-11-22T11:56:27.987+0000] {processor.py:186} INFO - Started process (PID=1052) to work on /home/airflow/.local/lib/python3.12/site-packages/airflow/example_dags/example_display_name.py
[2024-11-22T11:56:27.988+0000] {processor.py:914} INFO - Processing file /home/airflow/.local/lib/python3.12/site-packages/airflow/example_dags/example_display_name.py for tasks to queue
[2024-11-22T11:56:27.989+0000] {logging_mixin.py:190} INFO - [2024-11-22T11:56:27.989+0000] {dagbag.py:588} INFO - Filling up the DagBag from /home/airflow/.local/lib/python3.12/site-packages/airflow/example_dags/example_display_name.py
[2024-11-22T11:56:27.996+0000] {processor.py:925} INFO - DAG(s) 'example_display_name' retrieved from /home/airflow/.local/lib/python3.12/site-packages/airflow/example_dags/example_display_name.py
[2024-11-22T11:56:28.017+0000] {logging_mixin.py:190} INFO - [2024-11-22T11:56:28.017+0000] {dag.py:3239} INFO - Sync 1 DAGs
[2024-11-22T11:56:28.035+0000] {logging_mixin.py:190} INFO - [2024-11-22T11:56:28.034+0000] {dag.py:4180} INFO - Setting next_dagrun for example_display_name to None, run_after=None
[2024-11-22T11:56:28.069+0000] {processor.py:208} INFO - Processing /home/airflow/.local/lib/python3.12/site-packages/airflow/example_dags/example_display_name.py took 0.087 seconds
[2024-11-22T11:56:58.519+0000] {processor.py:186} INFO - Started process (PID=1115) to work on /home/airflow/.local/lib/python3.12/site-packages/airflow/example_dags/example_display_name.py
[2024-11-22T11:56:58.519+0000] {processor.py:914} INFO - Processing file /home/airflow/.local/lib/python3.12/site-packages/airflow/example_dags/example_display_name.py for tasks to queue
[2024-11-22T11:56:58.521+0000] {logging_mixin.py:190} INFO - [2024-11-22T11:56:58.521+0000] {dagbag.py:588} INFO - Filling up the DagBag from /home/airflow/.local/lib/python3.12/site-packages/airflow/example_dags/example_display_name.py
[2024-11-22T11:56:58.527+0000] {processor.py:925} INFO - DAG(s) 'example_display_name' retrieved from /home/airflow/.local/lib/python3.12/site-packages/airflow/example_dags/example_display_name.py
[2024-11-22T11:56:58.544+0000] {logging_mixin.py:190} INFO - [2024-11-22T11:56:58.544+0000] {dag.py:3239} INFO - Sync 1 DAGs
[2024-11-22T11:56:58.557+0000] {logging_mixin.py:190} INFO - [2024-11-22T11:56:58.556+0000] {dag.py:4180} INFO - Setting next_dagrun for example_display_name to None, run_after=None
[2024-11-22T11:56:58.572+0000] {processor.py:208} INFO - Processing /home/airflow/.local/lib/python3.12/site-packages/airflow/example_dags/example_display_name.py took 0.059 seconds
