[2024-11-22T11:48:41.035+0000] {processor.py:186} INFO - Started process (PID=102) to work on /home/airflow/.local/lib/python3.12/site-packages/airflow/example_dags/example_datasets.py
[2024-11-22T11:48:41.036+0000] {processor.py:914} INFO - Processing file /home/airflow/.local/lib/python3.12/site-packages/airflow/example_dags/example_datasets.py for tasks to queue
[2024-11-22T11:48:41.039+0000] {logging_mixin.py:190} INFO - [2024-11-22T11:48:41.039+0000] {dagbag.py:588} INFO - Filling up the DagBag from /home/airflow/.local/lib/python3.12/site-packages/airflow/example_dags/example_datasets.py
[2024-11-22T11:48:41.652+0000] {processor.py:925} INFO - DAG(s) 'consume_1_and_2_with_dataset_expressions', 'dataset_produces_2', 'dataset_consumes_1', 'dataset_consumes_1_never_scheduled', 'dataset_consumes_unknown_never_scheduled', 'conditional_dataset_and_time_based_timetable', 'consume_1_or_both_2_and_3_with_dataset_expressions', 'dataset_produces_1', 'dataset_consumes_1_and_2', 'consume_1_or_2_with_dataset_expressions' retrieved from /home/airflow/.local/lib/python3.12/site-packages/airflow/example_dags/example_datasets.py
[2024-11-22T11:48:41.747+0000] {logging_mixin.py:190} INFO - [2024-11-22T11:48:41.746+0000] {override.py:1911} INFO - Created Permission View: can delete on DAG:consume_1_and_2_with_dataset_expressions
[2024-11-22T11:48:41.756+0000] {logging_mixin.py:190} INFO - [2024-11-22T11:48:41.756+0000] {override.py:1911} INFO - Created Permission View: can edit on DAG:consume_1_and_2_with_dataset_expressions
[2024-11-22T11:48:41.763+0000] {logging_mixin.py:190} INFO - [2024-11-22T11:48:41.763+0000] {override.py:1911} INFO - Created Permission View: can read on DAG:consume_1_and_2_with_dataset_expressions
[2024-11-22T11:48:41.770+0000] {logging_mixin.py:190} INFO - [2024-11-22T11:48:41.770+0000] {override.py:1911} INFO - Created Permission View: can delete on DAG Run:consume_1_and_2_with_dataset_expressions
[2024-11-22T11:48:41.776+0000] {logging_mixin.py:190} INFO - [2024-11-22T11:48:41.776+0000] {override.py:1911} INFO - Created Permission View: menu access on DAG Run:consume_1_and_2_with_dataset_expressions
[2024-11-22T11:48:41.782+0000] {logging_mixin.py:190} INFO - [2024-11-22T11:48:41.782+0000] {override.py:1911} INFO - Created Permission View: can create on DAG Run:consume_1_and_2_with_dataset_expressions
[2024-11-22T11:48:41.789+0000] {logging_mixin.py:190} INFO - [2024-11-22T11:48:41.789+0000] {override.py:1911} INFO - Created Permission View: can read on DAG Run:consume_1_and_2_with_dataset_expressions
[2024-11-22T11:48:41.801+0000] {logging_mixin.py:190} INFO - [2024-11-22T11:48:41.801+0000] {override.py:1911} INFO - Created Permission View: can delete on DAG:dataset_produces_2
[2024-11-22T11:48:41.808+0000] {logging_mixin.py:190} INFO - [2024-11-22T11:48:41.808+0000] {override.py:1911} INFO - Created Permission View: can edit on DAG:dataset_produces_2
[2024-11-22T11:48:41.816+0000] {logging_mixin.py:190} INFO - [2024-11-22T11:48:41.816+0000] {override.py:1911} INFO - Created Permission View: can read on DAG:dataset_produces_2
[2024-11-22T11:48:41.824+0000] {logging_mixin.py:190} INFO - [2024-11-22T11:48:41.824+0000] {override.py:1911} INFO - Created Permission View: can delete on DAG Run:dataset_produces_2
[2024-11-22T11:48:41.832+0000] {logging_mixin.py:190} INFO - [2024-11-22T11:48:41.832+0000] {override.py:1911} INFO - Created Permission View: menu access on DAG Run:dataset_produces_2
[2024-11-22T11:48:41.840+0000] {logging_mixin.py:190} INFO - [2024-11-22T11:48:41.839+0000] {override.py:1911} INFO - Created Permission View: can create on DAG Run:dataset_produces_2
[2024-11-22T11:48:41.848+0000] {logging_mixin.py:190} INFO - [2024-11-22T11:48:41.847+0000] {override.py:1911} INFO - Created Permission View: can read on DAG Run:dataset_produces_2
[2024-11-22T11:48:41.862+0000] {logging_mixin.py:190} INFO - [2024-11-22T11:48:41.861+0000] {override.py:1911} INFO - Created Permission View: can delete on DAG:dataset_consumes_1
[2024-11-22T11:48:41.869+0000] {logging_mixin.py:190} INFO - [2024-11-22T11:48:41.869+0000] {override.py:1911} INFO - Created Permission View: can edit on DAG:dataset_consumes_1
[2024-11-22T11:48:41.876+0000] {logging_mixin.py:190} INFO - [2024-11-22T11:48:41.876+0000] {override.py:1911} INFO - Created Permission View: can read on DAG:dataset_consumes_1
[2024-11-22T11:48:41.883+0000] {logging_mixin.py:190} INFO - [2024-11-22T11:48:41.882+0000] {override.py:1911} INFO - Created Permission View: can delete on DAG Run:dataset_consumes_1
[2024-11-22T11:48:41.889+0000] {logging_mixin.py:190} INFO - [2024-11-22T11:48:41.888+0000] {override.py:1911} INFO - Created Permission View: menu access on DAG Run:dataset_consumes_1
[2024-11-22T11:48:41.895+0000] {logging_mixin.py:190} INFO - [2024-11-22T11:48:41.895+0000] {override.py:1911} INFO - Created Permission View: can create on DAG Run:dataset_consumes_1
[2024-11-22T11:48:41.901+0000] {logging_mixin.py:190} INFO - [2024-11-22T11:48:41.901+0000] {override.py:1911} INFO - Created Permission View: can read on DAG Run:dataset_consumes_1
[2024-11-22T11:48:41.912+0000] {logging_mixin.py:190} INFO - [2024-11-22T11:48:41.912+0000] {override.py:1911} INFO - Created Permission View: can delete on DAG:dataset_consumes_1_never_scheduled
[2024-11-22T11:48:41.918+0000] {logging_mixin.py:190} INFO - [2024-11-22T11:48:41.918+0000] {override.py:1911} INFO - Created Permission View: can edit on DAG:dataset_consumes_1_never_scheduled
[2024-11-22T11:48:41.924+0000] {logging_mixin.py:190} INFO - [2024-11-22T11:48:41.924+0000] {override.py:1911} INFO - Created Permission View: can read on DAG:dataset_consumes_1_never_scheduled
[2024-11-22T11:48:41.932+0000] {logging_mixin.py:190} INFO - [2024-11-22T11:48:41.932+0000] {override.py:1911} INFO - Created Permission View: can delete on DAG Run:dataset_consumes_1_never_scheduled
[2024-11-22T11:48:41.939+0000] {logging_mixin.py:190} INFO - [2024-11-22T11:48:41.938+0000] {override.py:1911} INFO - Created Permission View: menu access on DAG Run:dataset_consumes_1_never_scheduled
[2024-11-22T11:48:41.945+0000] {logging_mixin.py:190} INFO - [2024-11-22T11:48:41.945+0000] {override.py:1911} INFO - Created Permission View: can create on DAG Run:dataset_consumes_1_never_scheduled
[2024-11-22T11:48:41.951+0000] {logging_mixin.py:190} INFO - [2024-11-22T11:48:41.951+0000] {override.py:1911} INFO - Created Permission View: can read on DAG Run:dataset_consumes_1_never_scheduled
[2024-11-22T11:48:41.962+0000] {logging_mixin.py:190} INFO - [2024-11-22T11:48:41.962+0000] {override.py:1911} INFO - Created Permission View: can delete on DAG:dataset_consumes_unknown_never_scheduled
[2024-11-22T11:48:41.968+0000] {logging_mixin.py:190} INFO - [2024-11-22T11:48:41.968+0000] {override.py:1911} INFO - Created Permission View: can edit on DAG:dataset_consumes_unknown_never_scheduled
[2024-11-22T11:48:41.974+0000] {logging_mixin.py:190} INFO - [2024-11-22T11:48:41.974+0000] {override.py:1911} INFO - Created Permission View: can read on DAG:dataset_consumes_unknown_never_scheduled
[2024-11-22T11:48:41.981+0000] {logging_mixin.py:190} INFO - [2024-11-22T11:48:41.981+0000] {override.py:1911} INFO - Created Permission View: can delete on DAG Run:dataset_consumes_unknown_never_scheduled
[2024-11-22T11:48:41.988+0000] {logging_mixin.py:190} INFO - [2024-11-22T11:48:41.987+0000] {override.py:1911} INFO - Created Permission View: menu access on DAG Run:dataset_consumes_unknown_never_scheduled
[2024-11-22T11:48:41.995+0000] {logging_mixin.py:190} INFO - [2024-11-22T11:48:41.994+0000] {override.py:1911} INFO - Created Permission View: can create on DAG Run:dataset_consumes_unknown_never_scheduled
[2024-11-22T11:48:42.002+0000] {logging_mixin.py:190} INFO - [2024-11-22T11:48:42.001+0000] {override.py:1911} INFO - Created Permission View: can read on DAG Run:dataset_consumes_unknown_never_scheduled
[2024-11-22T11:48:42.016+0000] {logging_mixin.py:190} INFO - [2024-11-22T11:48:42.016+0000] {override.py:1911} INFO - Created Permission View: can delete on DAG:conditional_dataset_and_time_based_timetable
[2024-11-22T11:48:42.024+0000] {logging_mixin.py:190} INFO - [2024-11-22T11:48:42.024+0000] {override.py:1911} INFO - Created Permission View: can edit on DAG:conditional_dataset_and_time_based_timetable
[2024-11-22T11:48:42.033+0000] {logging_mixin.py:190} INFO - [2024-11-22T11:48:42.033+0000] {override.py:1911} INFO - Created Permission View: can read on DAG:conditional_dataset_and_time_based_timetable
[2024-11-22T11:48:42.040+0000] {logging_mixin.py:190} INFO - [2024-11-22T11:48:42.039+0000] {override.py:1911} INFO - Created Permission View: can delete on DAG Run:conditional_dataset_and_time_based_timetable
[2024-11-22T11:48:42.045+0000] {logging_mixin.py:190} INFO - [2024-11-22T11:48:42.045+0000] {override.py:1911} INFO - Created Permission View: menu access on DAG Run:conditional_dataset_and_time_based_timetable
[2024-11-22T11:48:42.051+0000] {logging_mixin.py:190} INFO - [2024-11-22T11:48:42.051+0000] {override.py:1911} INFO - Created Permission View: can create on DAG Run:conditional_dataset_and_time_based_timetable
[2024-11-22T11:48:42.056+0000] {logging_mixin.py:190} INFO - [2024-11-22T11:48:42.056+0000] {override.py:1911} INFO - Created Permission View: can read on DAG Run:conditional_dataset_and_time_based_timetable
[2024-11-22T11:48:42.066+0000] {logging_mixin.py:190} INFO - [2024-11-22T11:48:42.066+0000] {override.py:1911} INFO - Created Permission View: can delete on DAG:consume_1_or_both_2_and_3_with_dataset_expressions
[2024-11-22T11:48:42.072+0000] {logging_mixin.py:190} INFO - [2024-11-22T11:48:42.072+0000] {override.py:1911} INFO - Created Permission View: can edit on DAG:consume_1_or_both_2_and_3_with_dataset_expressions
[2024-11-22T11:48:42.078+0000] {logging_mixin.py:190} INFO - [2024-11-22T11:48:42.077+0000] {override.py:1911} INFO - Created Permission View: can read on DAG:consume_1_or_both_2_and_3_with_dataset_expressions
[2024-11-22T11:48:42.087+0000] {logging_mixin.py:190} INFO - [2024-11-22T11:48:42.087+0000] {override.py:1911} INFO - Created Permission View: can delete on DAG Run:consume_1_or_both_2_and_3_with_dataset_expressions
[2024-11-22T11:48:42.101+0000] {logging_mixin.py:190} INFO - [2024-11-22T11:48:42.100+0000] {override.py:1911} INFO - Created Permission View: menu access on DAG Run:consume_1_or_both_2_and_3_with_dataset_expressions
[2024-11-22T11:48:42.110+0000] {logging_mixin.py:190} INFO - [2024-11-22T11:48:42.110+0000] {override.py:1911} INFO - Created Permission View: can create on DAG Run:consume_1_or_both_2_and_3_with_dataset_expressions
[2024-11-22T11:48:42.118+0000] {logging_mixin.py:190} INFO - [2024-11-22T11:48:42.117+0000] {override.py:1911} INFO - Created Permission View: can read on DAG Run:consume_1_or_both_2_and_3_with_dataset_expressions
[2024-11-22T11:48:42.132+0000] {logging_mixin.py:190} INFO - [2024-11-22T11:48:42.132+0000] {override.py:1911} INFO - Created Permission View: can delete on DAG:dataset_produces_1
[2024-11-22T11:48:42.140+0000] {logging_mixin.py:190} INFO - [2024-11-22T11:48:42.140+0000] {override.py:1911} INFO - Created Permission View: can edit on DAG:dataset_produces_1
[2024-11-22T11:48:42.147+0000] {logging_mixin.py:190} INFO - [2024-11-22T11:48:42.146+0000] {override.py:1911} INFO - Created Permission View: can read on DAG:dataset_produces_1
[2024-11-22T11:48:42.154+0000] {logging_mixin.py:190} INFO - [2024-11-22T11:48:42.154+0000] {override.py:1911} INFO - Created Permission View: can delete on DAG Run:dataset_produces_1
[2024-11-22T11:48:42.161+0000] {logging_mixin.py:190} INFO - [2024-11-22T11:48:42.161+0000] {override.py:1911} INFO - Created Permission View: menu access on DAG Run:dataset_produces_1
[2024-11-22T11:48:42.168+0000] {logging_mixin.py:190} INFO - [2024-11-22T11:48:42.168+0000] {override.py:1911} INFO - Created Permission View: can create on DAG Run:dataset_produces_1
[2024-11-22T11:48:42.176+0000] {logging_mixin.py:190} INFO - [2024-11-22T11:48:42.176+0000] {override.py:1911} INFO - Created Permission View: can read on DAG Run:dataset_produces_1
[2024-11-22T11:48:42.191+0000] {logging_mixin.py:190} INFO - [2024-11-22T11:48:42.190+0000] {override.py:1911} INFO - Created Permission View: can delete on DAG:dataset_consumes_1_and_2
[2024-11-22T11:48:42.198+0000] {logging_mixin.py:190} INFO - [2024-11-22T11:48:42.198+0000] {override.py:1911} INFO - Created Permission View: can edit on DAG:dataset_consumes_1_and_2
[2024-11-22T11:48:42.206+0000] {logging_mixin.py:190} INFO - [2024-11-22T11:48:42.205+0000] {override.py:1911} INFO - Created Permission View: can read on DAG:dataset_consumes_1_and_2
[2024-11-22T11:48:42.213+0000] {logging_mixin.py:190} INFO - [2024-11-22T11:48:42.212+0000] {override.py:1911} INFO - Created Permission View: can delete on DAG Run:dataset_consumes_1_and_2
[2024-11-22T11:48:42.219+0000] {logging_mixin.py:190} INFO - [2024-11-22T11:48:42.218+0000] {override.py:1911} INFO - Created Permission View: menu access on DAG Run:dataset_consumes_1_and_2
[2024-11-22T11:48:42.225+0000] {logging_mixin.py:190} INFO - [2024-11-22T11:48:42.224+0000] {override.py:1911} INFO - Created Permission View: can create on DAG Run:dataset_consumes_1_and_2
[2024-11-22T11:48:42.231+0000] {logging_mixin.py:190} INFO - [2024-11-22T11:48:42.230+0000] {override.py:1911} INFO - Created Permission View: can read on DAG Run:dataset_consumes_1_and_2
[2024-11-22T11:48:42.241+0000] {logging_mixin.py:190} INFO - [2024-11-22T11:48:42.241+0000] {override.py:1911} INFO - Created Permission View: can delete on DAG:consume_1_or_2_with_dataset_expressions
[2024-11-22T11:48:42.247+0000] {logging_mixin.py:190} INFO - [2024-11-22T11:48:42.246+0000] {override.py:1911} INFO - Created Permission View: can edit on DAG:consume_1_or_2_with_dataset_expressions
[2024-11-22T11:48:42.253+0000] {logging_mixin.py:190} INFO - [2024-11-22T11:48:42.253+0000] {override.py:1911} INFO - Created Permission View: can read on DAG:consume_1_or_2_with_dataset_expressions
[2024-11-22T11:48:42.259+0000] {logging_mixin.py:190} INFO - [2024-11-22T11:48:42.259+0000] {override.py:1911} INFO - Created Permission View: can delete on DAG Run:consume_1_or_2_with_dataset_expressions
[2024-11-22T11:48:42.266+0000] {logging_mixin.py:190} INFO - [2024-11-22T11:48:42.265+0000] {override.py:1911} INFO - Created Permission View: menu access on DAG Run:consume_1_or_2_with_dataset_expressions
[2024-11-22T11:48:42.272+0000] {logging_mixin.py:190} INFO - [2024-11-22T11:48:42.272+0000] {override.py:1911} INFO - Created Permission View: can create on DAG Run:consume_1_or_2_with_dataset_expressions
[2024-11-22T11:48:42.278+0000] {logging_mixin.py:190} INFO - [2024-11-22T11:48:42.278+0000] {override.py:1911} INFO - Created Permission View: can read on DAG Run:consume_1_or_2_with_dataset_expressions
[2024-11-22T11:48:42.279+0000] {logging_mixin.py:190} INFO - [2024-11-22T11:48:42.279+0000] {dag.py:3239} INFO - Sync 10 DAGs
[2024-11-22T11:48:42.292+0000] {logging_mixin.py:190} INFO - [2024-11-22T11:48:42.292+0000] {dag.py:3262} INFO - Creating ORM DAG for dataset_consumes_1
[2024-11-22T11:48:42.293+0000] {logging_mixin.py:190} INFO - [2024-11-22T11:48:42.293+0000] {dag.py:3262} INFO - Creating ORM DAG for dataset_consumes_1_and_2
[2024-11-22T11:48:42.293+0000] {logging_mixin.py:190} INFO - [2024-11-22T11:48:42.293+0000] {dag.py:3262} INFO - Creating ORM DAG for consume_1_or_2_with_dataset_expressions
[2024-11-22T11:48:42.294+0000] {logging_mixin.py:190} INFO - [2024-11-22T11:48:42.294+0000] {dag.py:3262} INFO - Creating ORM DAG for dataset_consumes_unknown_never_scheduled
[2024-11-22T11:48:42.294+0000] {logging_mixin.py:190} INFO - [2024-11-22T11:48:42.294+0000] {dag.py:3262} INFO - Creating ORM DAG for consume_1_or_both_2_and_3_with_dataset_expressions
[2024-11-22T11:48:42.295+0000] {logging_mixin.py:190} INFO - [2024-11-22T11:48:42.295+0000] {dag.py:3262} INFO - Creating ORM DAG for conditional_dataset_and_time_based_timetable
[2024-11-22T11:48:42.295+0000] {logging_mixin.py:190} INFO - [2024-11-22T11:48:42.295+0000] {dag.py:3262} INFO - Creating ORM DAG for dataset_produces_1
[2024-11-22T11:48:42.296+0000] {logging_mixin.py:190} INFO - [2024-11-22T11:48:42.296+0000] {dag.py:3262} INFO - Creating ORM DAG for dataset_produces_2
[2024-11-22T11:48:42.297+0000] {logging_mixin.py:190} INFO - [2024-11-22T11:48:42.296+0000] {dag.py:3262} INFO - Creating ORM DAG for dataset_consumes_1_never_scheduled
[2024-11-22T11:48:42.297+0000] {logging_mixin.py:190} INFO - [2024-11-22T11:48:42.297+0000] {dag.py:3262} INFO - Creating ORM DAG for consume_1_and_2_with_dataset_expressions
[2024-11-22T11:48:42.307+0000] {logging_mixin.py:190} INFO - [2024-11-22T11:48:42.307+0000] {dag.py:4180} INFO - Setting next_dagrun for conditional_dataset_and_time_based_timetable to 2024-11-20 01:00:00+00:00, run_after=2024-11-20 01:00:00+00:00
[2024-11-22T11:48:42.308+0000] {logging_mixin.py:190} INFO - [2024-11-22T11:48:42.307+0000] {dag.py:4180} INFO - Setting next_dagrun for consume_1_and_2_with_dataset_expressions to None, run_after=None
[2024-11-22T11:48:42.308+0000] {logging_mixin.py:190} INFO - [2024-11-22T11:48:42.308+0000] {dag.py:4180} INFO - Setting next_dagrun for consume_1_or_2_with_dataset_expressions to None, run_after=None
[2024-11-22T11:48:42.308+0000] {logging_mixin.py:190} INFO - [2024-11-22T11:48:42.308+0000] {dag.py:4180} INFO - Setting next_dagrun for consume_1_or_both_2_and_3_with_dataset_expressions to None, run_after=None
[2024-11-22T11:48:42.308+0000] {logging_mixin.py:190} INFO - [2024-11-22T11:48:42.308+0000] {dag.py:4180} INFO - Setting next_dagrun for dataset_consumes_1 to None, run_after=None
[2024-11-22T11:48:42.309+0000] {logging_mixin.py:190} INFO - [2024-11-22T11:48:42.309+0000] {dag.py:4180} INFO - Setting next_dagrun for dataset_consumes_1_and_2 to None, run_after=None
[2024-11-22T11:48:42.310+0000] {logging_mixin.py:190} INFO - [2024-11-22T11:48:42.309+0000] {dag.py:4180} INFO - Setting next_dagrun for dataset_consumes_1_never_scheduled to None, run_after=None
[2024-11-22T11:48:42.310+0000] {logging_mixin.py:190} INFO - [2024-11-22T11:48:42.310+0000] {dag.py:4180} INFO - Setting next_dagrun for dataset_consumes_unknown_never_scheduled to None, run_after=None
[2024-11-22T11:48:42.312+0000] {logging_mixin.py:190} INFO - [2024-11-22T11:48:42.312+0000] {dag.py:4180} INFO - Setting next_dagrun for dataset_produces_1 to 2024-11-21 00:00:00+00:00, run_after=2024-11-22 00:00:00+00:00
[2024-11-22T11:48:42.312+0000] {logging_mixin.py:190} INFO - [2024-11-22T11:48:42.312+0000] {dag.py:4180} INFO - Setting next_dagrun for dataset_produces_2 to None, run_after=None
[2024-11-22T11:48:42.361+0000] {processor.py:208} INFO - Processing /home/airflow/.local/lib/python3.12/site-packages/airflow/example_dags/example_datasets.py took 1.333 seconds
[2024-11-22T11:49:12.407+0000] {processor.py:186} INFO - Started process (PID=166) to work on /home/airflow/.local/lib/python3.12/site-packages/airflow/example_dags/example_datasets.py
[2024-11-22T11:49:12.408+0000] {processor.py:914} INFO - Processing file /home/airflow/.local/lib/python3.12/site-packages/airflow/example_dags/example_datasets.py for tasks to queue
[2024-11-22T11:49:12.410+0000] {logging_mixin.py:190} INFO - [2024-11-22T11:49:12.409+0000] {dagbag.py:588} INFO - Filling up the DagBag from /home/airflow/.local/lib/python3.12/site-packages/airflow/example_dags/example_datasets.py
[2024-11-22T11:49:12.944+0000] {processor.py:925} INFO - DAG(s) 'dataset_produces_1', 'dataset_consumes_unknown_never_scheduled', 'consume_1_and_2_with_dataset_expressions', 'dataset_consumes_1_never_scheduled', 'dataset_consumes_1', 'consume_1_or_both_2_and_3_with_dataset_expressions', 'dataset_consumes_1_and_2', 'consume_1_or_2_with_dataset_expressions', 'conditional_dataset_and_time_based_timetable', 'dataset_produces_2' retrieved from /home/airflow/.local/lib/python3.12/site-packages/airflow/example_dags/example_datasets.py
[2024-11-22T11:49:12.979+0000] {logging_mixin.py:190} INFO - [2024-11-22T11:49:12.979+0000] {dag.py:3239} INFO - Sync 10 DAGs
[2024-11-22T11:49:13.001+0000] {logging_mixin.py:190} INFO - [2024-11-22T11:49:13.000+0000] {dag.py:4180} INFO - Setting next_dagrun for conditional_dataset_and_time_based_timetable to 2024-11-20 01:00:00+00:00, run_after=2024-11-20 01:00:00+00:00
[2024-11-22T11:49:13.005+0000] {logging_mixin.py:190} INFO - [2024-11-22T11:49:13.005+0000] {dag.py:4180} INFO - Setting next_dagrun for consume_1_and_2_with_dataset_expressions to None, run_after=None
[2024-11-22T11:49:13.006+0000] {logging_mixin.py:190} INFO - [2024-11-22T11:49:13.006+0000] {dag.py:4180} INFO - Setting next_dagrun for consume_1_or_2_with_dataset_expressions to None, run_after=None
[2024-11-22T11:49:13.007+0000] {logging_mixin.py:190} INFO - [2024-11-22T11:49:13.007+0000] {dag.py:4180} INFO - Setting next_dagrun for consume_1_or_both_2_and_3_with_dataset_expressions to None, run_after=None
[2024-11-22T11:49:13.008+0000] {logging_mixin.py:190} INFO - [2024-11-22T11:49:13.008+0000] {dag.py:4180} INFO - Setting next_dagrun for dataset_consumes_1 to None, run_after=None
[2024-11-22T11:49:13.009+0000] {logging_mixin.py:190} INFO - [2024-11-22T11:49:13.009+0000] {dag.py:4180} INFO - Setting next_dagrun for dataset_consumes_1_and_2 to None, run_after=None
[2024-11-22T11:49:13.010+0000] {logging_mixin.py:190} INFO - [2024-11-22T11:49:13.010+0000] {dag.py:4180} INFO - Setting next_dagrun for dataset_consumes_1_never_scheduled to None, run_after=None
[2024-11-22T11:49:13.011+0000] {logging_mixin.py:190} INFO - [2024-11-22T11:49:13.011+0000] {dag.py:4180} INFO - Setting next_dagrun for dataset_consumes_unknown_never_scheduled to None, run_after=None
[2024-11-22T11:49:13.013+0000] {logging_mixin.py:190} INFO - [2024-11-22T11:49:13.013+0000] {dag.py:4180} INFO - Setting next_dagrun for dataset_produces_1 to 2024-11-21 00:00:00+00:00, run_after=2024-11-22 00:00:00+00:00
[2024-11-22T11:49:13.014+0000] {logging_mixin.py:190} INFO - [2024-11-22T11:49:13.014+0000] {dag.py:4180} INFO - Setting next_dagrun for dataset_produces_2 to None, run_after=None
[2024-11-22T11:49:13.051+0000] {processor.py:208} INFO - Processing /home/airflow/.local/lib/python3.12/site-packages/airflow/example_dags/example_datasets.py took 0.649 seconds
[2024-11-22T11:49:43.317+0000] {processor.py:186} INFO - Started process (PID=229) to work on /home/airflow/.local/lib/python3.12/site-packages/airflow/example_dags/example_datasets.py
[2024-11-22T11:49:43.317+0000] {processor.py:914} INFO - Processing file /home/airflow/.local/lib/python3.12/site-packages/airflow/example_dags/example_datasets.py for tasks to queue
[2024-11-22T11:49:43.319+0000] {logging_mixin.py:190} INFO - [2024-11-22T11:49:43.319+0000] {dagbag.py:588} INFO - Filling up the DagBag from /home/airflow/.local/lib/python3.12/site-packages/airflow/example_dags/example_datasets.py
[2024-11-22T11:49:43.908+0000] {processor.py:925} INFO - DAG(s) 'dataset_produces_2', 'dataset_consumes_1', 'consume_1_or_2_with_dataset_expressions', 'consume_1_and_2_with_dataset_expressions', 'consume_1_or_both_2_and_3_with_dataset_expressions', 'dataset_consumes_1_never_scheduled', 'dataset_consumes_1_and_2', 'conditional_dataset_and_time_based_timetable', 'dataset_consumes_unknown_never_scheduled', 'dataset_produces_1' retrieved from /home/airflow/.local/lib/python3.12/site-packages/airflow/example_dags/example_datasets.py
[2024-11-22T11:49:43.948+0000] {logging_mixin.py:190} INFO - [2024-11-22T11:49:43.948+0000] {dag.py:3239} INFO - Sync 10 DAGs
[2024-11-22T11:49:43.972+0000] {logging_mixin.py:190} INFO - [2024-11-22T11:49:43.971+0000] {dag.py:4180} INFO - Setting next_dagrun for conditional_dataset_and_time_based_timetable to 2024-11-20 01:00:00+00:00, run_after=2024-11-20 01:00:00+00:00
[2024-11-22T11:49:43.976+0000] {logging_mixin.py:190} INFO - [2024-11-22T11:49:43.975+0000] {dag.py:4180} INFO - Setting next_dagrun for consume_1_and_2_with_dataset_expressions to None, run_after=None
[2024-11-22T11:49:43.977+0000] {logging_mixin.py:190} INFO - [2024-11-22T11:49:43.977+0000] {dag.py:4180} INFO - Setting next_dagrun for consume_1_or_2_with_dataset_expressions to None, run_after=None
[2024-11-22T11:49:43.978+0000] {logging_mixin.py:190} INFO - [2024-11-22T11:49:43.978+0000] {dag.py:4180} INFO - Setting next_dagrun for consume_1_or_both_2_and_3_with_dataset_expressions to None, run_after=None
[2024-11-22T11:49:43.979+0000] {logging_mixin.py:190} INFO - [2024-11-22T11:49:43.979+0000] {dag.py:4180} INFO - Setting next_dagrun for dataset_consumes_1 to None, run_after=None
[2024-11-22T11:49:43.981+0000] {logging_mixin.py:190} INFO - [2024-11-22T11:49:43.980+0000] {dag.py:4180} INFO - Setting next_dagrun for dataset_consumes_1_and_2 to None, run_after=None
[2024-11-22T11:49:43.982+0000] {logging_mixin.py:190} INFO - [2024-11-22T11:49:43.982+0000] {dag.py:4180} INFO - Setting next_dagrun for dataset_consumes_1_never_scheduled to None, run_after=None
[2024-11-22T11:49:43.983+0000] {logging_mixin.py:190} INFO - [2024-11-22T11:49:43.983+0000] {dag.py:4180} INFO - Setting next_dagrun for dataset_consumes_unknown_never_scheduled to None, run_after=None
[2024-11-22T11:49:43.986+0000] {logging_mixin.py:190} INFO - [2024-11-22T11:49:43.985+0000] {dag.py:4180} INFO - Setting next_dagrun for dataset_produces_1 to 2024-11-21 00:00:00+00:00, run_after=2024-11-22 00:00:00+00:00
[2024-11-22T11:49:43.987+0000] {logging_mixin.py:190} INFO - [2024-11-22T11:49:43.987+0000] {dag.py:4180} INFO - Setting next_dagrun for dataset_produces_2 to None, run_after=None
[2024-11-22T11:49:44.022+0000] {processor.py:208} INFO - Processing /home/airflow/.local/lib/python3.12/site-packages/airflow/example_dags/example_datasets.py took 0.711 seconds
[2024-11-22T11:50:14.945+0000] {processor.py:186} INFO - Started process (PID=292) to work on /home/airflow/.local/lib/python3.12/site-packages/airflow/example_dags/example_datasets.py
[2024-11-22T11:50:14.946+0000] {processor.py:914} INFO - Processing file /home/airflow/.local/lib/python3.12/site-packages/airflow/example_dags/example_datasets.py for tasks to queue
[2024-11-22T11:50:14.951+0000] {logging_mixin.py:190} INFO - [2024-11-22T11:50:14.950+0000] {dagbag.py:588} INFO - Filling up the DagBag from /home/airflow/.local/lib/python3.12/site-packages/airflow/example_dags/example_datasets.py
[2024-11-22T11:50:16.163+0000] {processor.py:925} INFO - DAG(s) 'dataset_consumes_1_never_scheduled', 'consume_1_or_2_with_dataset_expressions', 'dataset_consumes_1_and_2', 'dataset_consumes_1', 'conditional_dataset_and_time_based_timetable', 'dataset_produces_2', 'consume_1_and_2_with_dataset_expressions', 'consume_1_or_both_2_and_3_with_dataset_expressions', 'dataset_produces_1', 'dataset_consumes_unknown_never_scheduled' retrieved from /home/airflow/.local/lib/python3.12/site-packages/airflow/example_dags/example_datasets.py
[2024-11-22T11:50:16.204+0000] {logging_mixin.py:190} INFO - [2024-11-22T11:50:16.204+0000] {dag.py:3239} INFO - Sync 10 DAGs
[2024-11-22T11:50:16.229+0000] {logging_mixin.py:190} INFO - [2024-11-22T11:50:16.229+0000] {dag.py:4180} INFO - Setting next_dagrun for conditional_dataset_and_time_based_timetable to 2024-11-20 01:00:00+00:00, run_after=2024-11-20 01:00:00+00:00
[2024-11-22T11:50:16.233+0000] {logging_mixin.py:190} INFO - [2024-11-22T11:50:16.232+0000] {dag.py:4180} INFO - Setting next_dagrun for consume_1_and_2_with_dataset_expressions to None, run_after=None
[2024-11-22T11:50:16.234+0000] {logging_mixin.py:190} INFO - [2024-11-22T11:50:16.234+0000] {dag.py:4180} INFO - Setting next_dagrun for consume_1_or_2_with_dataset_expressions to None, run_after=None
[2024-11-22T11:50:16.235+0000] {logging_mixin.py:190} INFO - [2024-11-22T11:50:16.235+0000] {dag.py:4180} INFO - Setting next_dagrun for consume_1_or_both_2_and_3_with_dataset_expressions to None, run_after=None
[2024-11-22T11:50:16.236+0000] {logging_mixin.py:190} INFO - [2024-11-22T11:50:16.236+0000] {dag.py:4180} INFO - Setting next_dagrun for dataset_consumes_1 to None, run_after=None
[2024-11-22T11:50:16.238+0000] {logging_mixin.py:190} INFO - [2024-11-22T11:50:16.237+0000] {dag.py:4180} INFO - Setting next_dagrun for dataset_consumes_1_and_2 to None, run_after=None
[2024-11-22T11:50:16.239+0000] {logging_mixin.py:190} INFO - [2024-11-22T11:50:16.238+0000] {dag.py:4180} INFO - Setting next_dagrun for dataset_consumes_1_never_scheduled to None, run_after=None
[2024-11-22T11:50:16.240+0000] {logging_mixin.py:190} INFO - [2024-11-22T11:50:16.240+0000] {dag.py:4180} INFO - Setting next_dagrun for dataset_consumes_unknown_never_scheduled to None, run_after=None
[2024-11-22T11:50:16.243+0000] {logging_mixin.py:190} INFO - [2024-11-22T11:50:16.243+0000] {dag.py:4180} INFO - Setting next_dagrun for dataset_produces_1 to 2024-11-21 00:00:00+00:00, run_after=2024-11-22 00:00:00+00:00
[2024-11-22T11:50:16.244+0000] {logging_mixin.py:190} INFO - [2024-11-22T11:50:16.244+0000] {dag.py:4180} INFO - Setting next_dagrun for dataset_produces_2 to None, run_after=None
[2024-11-22T11:50:16.278+0000] {processor.py:208} INFO - Processing /home/airflow/.local/lib/python3.12/site-packages/airflow/example_dags/example_datasets.py took 1.344 seconds
[2024-11-22T11:50:46.721+0000] {processor.py:186} INFO - Started process (PID=355) to work on /home/airflow/.local/lib/python3.12/site-packages/airflow/example_dags/example_datasets.py
[2024-11-22T11:50:46.724+0000] {processor.py:914} INFO - Processing file /home/airflow/.local/lib/python3.12/site-packages/airflow/example_dags/example_datasets.py for tasks to queue
[2024-11-22T11:50:46.726+0000] {logging_mixin.py:190} INFO - [2024-11-22T11:50:46.725+0000] {dagbag.py:588} INFO - Filling up the DagBag from /home/airflow/.local/lib/python3.12/site-packages/airflow/example_dags/example_datasets.py
[2024-11-22T11:50:47.354+0000] {processor.py:925} INFO - DAG(s) 'dataset_produces_2', 'conditional_dataset_and_time_based_timetable', 'consume_1_or_2_with_dataset_expressions', 'dataset_produces_1', 'dataset_consumes_1_and_2', 'dataset_consumes_1_never_scheduled', 'dataset_consumes_1', 'consume_1_and_2_with_dataset_expressions', 'dataset_consumes_unknown_never_scheduled', 'consume_1_or_both_2_and_3_with_dataset_expressions' retrieved from /home/airflow/.local/lib/python3.12/site-packages/airflow/example_dags/example_datasets.py
[2024-11-22T11:50:47.397+0000] {logging_mixin.py:190} INFO - [2024-11-22T11:50:47.397+0000] {dag.py:3239} INFO - Sync 10 DAGs
[2024-11-22T11:50:47.423+0000] {logging_mixin.py:190} INFO - [2024-11-22T11:50:47.422+0000] {dag.py:4180} INFO - Setting next_dagrun for conditional_dataset_and_time_based_timetable to 2024-11-20 01:00:00+00:00, run_after=2024-11-20 01:00:00+00:00
[2024-11-22T11:50:47.426+0000] {logging_mixin.py:190} INFO - [2024-11-22T11:50:47.426+0000] {dag.py:4180} INFO - Setting next_dagrun for consume_1_and_2_with_dataset_expressions to None, run_after=None
[2024-11-22T11:50:47.428+0000] {logging_mixin.py:190} INFO - [2024-11-22T11:50:47.427+0000] {dag.py:4180} INFO - Setting next_dagrun for consume_1_or_2_with_dataset_expressions to None, run_after=None
[2024-11-22T11:50:47.429+0000] {logging_mixin.py:190} INFO - [2024-11-22T11:50:47.429+0000] {dag.py:4180} INFO - Setting next_dagrun for consume_1_or_both_2_and_3_with_dataset_expressions to None, run_after=None
[2024-11-22T11:50:47.430+0000] {logging_mixin.py:190} INFO - [2024-11-22T11:50:47.430+0000] {dag.py:4180} INFO - Setting next_dagrun for dataset_consumes_1 to None, run_after=None
[2024-11-22T11:50:47.431+0000] {logging_mixin.py:190} INFO - [2024-11-22T11:50:47.431+0000] {dag.py:4180} INFO - Setting next_dagrun for dataset_consumes_1_and_2 to None, run_after=None
[2024-11-22T11:50:47.432+0000] {logging_mixin.py:190} INFO - [2024-11-22T11:50:47.432+0000] {dag.py:4180} INFO - Setting next_dagrun for dataset_consumes_1_never_scheduled to None, run_after=None
[2024-11-22T11:50:47.434+0000] {logging_mixin.py:190} INFO - [2024-11-22T11:50:47.433+0000] {dag.py:4180} INFO - Setting next_dagrun for dataset_consumes_unknown_never_scheduled to None, run_after=None
[2024-11-22T11:50:47.436+0000] {logging_mixin.py:190} INFO - [2024-11-22T11:50:47.436+0000] {dag.py:4180} INFO - Setting next_dagrun for dataset_produces_1 to 2024-11-21 00:00:00+00:00, run_after=2024-11-22 00:00:00+00:00
[2024-11-22T11:50:47.438+0000] {logging_mixin.py:190} INFO - [2024-11-22T11:50:47.438+0000] {dag.py:4180} INFO - Setting next_dagrun for dataset_produces_2 to None, run_after=None
[2024-11-22T11:50:47.475+0000] {processor.py:208} INFO - Processing /home/airflow/.local/lib/python3.12/site-packages/airflow/example_dags/example_datasets.py took 0.759 seconds
[2024-11-22T11:51:17.812+0000] {processor.py:186} INFO - Started process (PID=418) to work on /home/airflow/.local/lib/python3.12/site-packages/airflow/example_dags/example_datasets.py
[2024-11-22T11:51:17.813+0000] {processor.py:914} INFO - Processing file /home/airflow/.local/lib/python3.12/site-packages/airflow/example_dags/example_datasets.py for tasks to queue
[2024-11-22T11:51:17.815+0000] {logging_mixin.py:190} INFO - [2024-11-22T11:51:17.815+0000] {dagbag.py:588} INFO - Filling up the DagBag from /home/airflow/.local/lib/python3.12/site-packages/airflow/example_dags/example_datasets.py
[2024-11-22T11:51:18.408+0000] {processor.py:925} INFO - DAG(s) 'consume_1_or_2_with_dataset_expressions', 'dataset_consumes_1', 'consume_1_and_2_with_dataset_expressions', 'dataset_consumes_1_never_scheduled', 'dataset_produces_2', 'consume_1_or_both_2_and_3_with_dataset_expressions', 'conditional_dataset_and_time_based_timetable', 'dataset_consumes_unknown_never_scheduled', 'dataset_produces_1', 'dataset_consumes_1_and_2' retrieved from /home/airflow/.local/lib/python3.12/site-packages/airflow/example_dags/example_datasets.py
[2024-11-22T11:51:18.448+0000] {logging_mixin.py:190} INFO - [2024-11-22T11:51:18.447+0000] {dag.py:3239} INFO - Sync 10 DAGs
[2024-11-22T11:51:18.472+0000] {logging_mixin.py:190} INFO - [2024-11-22T11:51:18.472+0000] {dag.py:4180} INFO - Setting next_dagrun for conditional_dataset_and_time_based_timetable to 2024-11-20 01:00:00+00:00, run_after=2024-11-20 01:00:00+00:00
[2024-11-22T11:51:18.476+0000] {logging_mixin.py:190} INFO - [2024-11-22T11:51:18.476+0000] {dag.py:4180} INFO - Setting next_dagrun for consume_1_and_2_with_dataset_expressions to None, run_after=None
[2024-11-22T11:51:18.477+0000] {logging_mixin.py:190} INFO - [2024-11-22T11:51:18.477+0000] {dag.py:4180} INFO - Setting next_dagrun for consume_1_or_2_with_dataset_expressions to None, run_after=None
[2024-11-22T11:51:18.479+0000] {logging_mixin.py:190} INFO - [2024-11-22T11:51:18.478+0000] {dag.py:4180} INFO - Setting next_dagrun for consume_1_or_both_2_and_3_with_dataset_expressions to None, run_after=None
[2024-11-22T11:51:18.480+0000] {logging_mixin.py:190} INFO - [2024-11-22T11:51:18.480+0000] {dag.py:4180} INFO - Setting next_dagrun for dataset_consumes_1 to None, run_after=None
[2024-11-22T11:51:18.481+0000] {logging_mixin.py:190} INFO - [2024-11-22T11:51:18.481+0000] {dag.py:4180} INFO - Setting next_dagrun for dataset_consumes_1_and_2 to None, run_after=None
[2024-11-22T11:51:18.482+0000] {logging_mixin.py:190} INFO - [2024-11-22T11:51:18.482+0000] {dag.py:4180} INFO - Setting next_dagrun for dataset_consumes_1_never_scheduled to None, run_after=None
[2024-11-22T11:51:18.484+0000] {logging_mixin.py:190} INFO - [2024-11-22T11:51:18.483+0000] {dag.py:4180} INFO - Setting next_dagrun for dataset_consumes_unknown_never_scheduled to None, run_after=None
[2024-11-22T11:51:18.486+0000] {logging_mixin.py:190} INFO - [2024-11-22T11:51:18.486+0000] {dag.py:4180} INFO - Setting next_dagrun for dataset_produces_1 to 2024-11-21 00:00:00+00:00, run_after=2024-11-22 00:00:00+00:00
[2024-11-22T11:51:18.487+0000] {logging_mixin.py:190} INFO - [2024-11-22T11:51:18.487+0000] {dag.py:4180} INFO - Setting next_dagrun for dataset_produces_2 to None, run_after=None
[2024-11-22T11:51:18.520+0000] {processor.py:208} INFO - Processing /home/airflow/.local/lib/python3.12/site-packages/airflow/example_dags/example_datasets.py took 0.715 seconds
[2024-11-22T11:51:48.770+0000] {processor.py:186} INFO - Started process (PID=481) to work on /home/airflow/.local/lib/python3.12/site-packages/airflow/example_dags/example_datasets.py
[2024-11-22T11:51:48.771+0000] {processor.py:914} INFO - Processing file /home/airflow/.local/lib/python3.12/site-packages/airflow/example_dags/example_datasets.py for tasks to queue
[2024-11-22T11:51:48.773+0000] {logging_mixin.py:190} INFO - [2024-11-22T11:51:48.773+0000] {dagbag.py:588} INFO - Filling up the DagBag from /home/airflow/.local/lib/python3.12/site-packages/airflow/example_dags/example_datasets.py
[2024-11-22T11:51:49.439+0000] {processor.py:925} INFO - DAG(s) 'consume_1_or_both_2_and_3_with_dataset_expressions', 'dataset_produces_1', 'dataset_consumes_unknown_never_scheduled', 'conditional_dataset_and_time_based_timetable', 'dataset_consumes_1_never_scheduled', 'consume_1_or_2_with_dataset_expressions', 'dataset_consumes_1_and_2', 'dataset_consumes_1', 'dataset_produces_2', 'consume_1_and_2_with_dataset_expressions' retrieved from /home/airflow/.local/lib/python3.12/site-packages/airflow/example_dags/example_datasets.py
[2024-11-22T11:51:49.480+0000] {logging_mixin.py:190} INFO - [2024-11-22T11:51:49.480+0000] {dag.py:3239} INFO - Sync 10 DAGs
[2024-11-22T11:51:49.504+0000] {logging_mixin.py:190} INFO - [2024-11-22T11:51:49.504+0000] {dag.py:4180} INFO - Setting next_dagrun for conditional_dataset_and_time_based_timetable to 2024-11-20 01:00:00+00:00, run_after=2024-11-20 01:00:00+00:00
[2024-11-22T11:51:49.508+0000] {logging_mixin.py:190} INFO - [2024-11-22T11:51:49.508+0000] {dag.py:4180} INFO - Setting next_dagrun for consume_1_and_2_with_dataset_expressions to None, run_after=None
[2024-11-22T11:51:49.510+0000] {logging_mixin.py:190} INFO - [2024-11-22T11:51:49.509+0000] {dag.py:4180} INFO - Setting next_dagrun for consume_1_or_2_with_dataset_expressions to None, run_after=None
[2024-11-22T11:51:49.511+0000] {logging_mixin.py:190} INFO - [2024-11-22T11:51:49.510+0000] {dag.py:4180} INFO - Setting next_dagrun for consume_1_or_both_2_and_3_with_dataset_expressions to None, run_after=None
[2024-11-22T11:51:49.512+0000] {logging_mixin.py:190} INFO - [2024-11-22T11:51:49.512+0000] {dag.py:4180} INFO - Setting next_dagrun for dataset_consumes_1 to None, run_after=None
[2024-11-22T11:51:49.513+0000] {logging_mixin.py:190} INFO - [2024-11-22T11:51:49.513+0000] {dag.py:4180} INFO - Setting next_dagrun for dataset_consumes_1_and_2 to None, run_after=None
[2024-11-22T11:51:49.515+0000] {logging_mixin.py:190} INFO - [2024-11-22T11:51:49.514+0000] {dag.py:4180} INFO - Setting next_dagrun for dataset_consumes_1_never_scheduled to None, run_after=None
[2024-11-22T11:51:49.516+0000] {logging_mixin.py:190} INFO - [2024-11-22T11:51:49.516+0000] {dag.py:4180} INFO - Setting next_dagrun for dataset_consumes_unknown_never_scheduled to None, run_after=None
[2024-11-22T11:51:49.518+0000] {logging_mixin.py:190} INFO - [2024-11-22T11:51:49.518+0000] {dag.py:4180} INFO - Setting next_dagrun for dataset_produces_1 to 2024-11-21 00:00:00+00:00, run_after=2024-11-22 00:00:00+00:00
[2024-11-22T11:51:49.520+0000] {logging_mixin.py:190} INFO - [2024-11-22T11:51:49.519+0000] {dag.py:4180} INFO - Setting next_dagrun for dataset_produces_2 to None, run_after=None
[2024-11-22T11:51:49.555+0000] {processor.py:208} INFO - Processing /home/airflow/.local/lib/python3.12/site-packages/airflow/example_dags/example_datasets.py took 0.790 seconds
[2024-11-22T11:52:20.015+0000] {processor.py:186} INFO - Started process (PID=544) to work on /home/airflow/.local/lib/python3.12/site-packages/airflow/example_dags/example_datasets.py
[2024-11-22T11:52:20.016+0000] {processor.py:914} INFO - Processing file /home/airflow/.local/lib/python3.12/site-packages/airflow/example_dags/example_datasets.py for tasks to queue
[2024-11-22T11:52:20.018+0000] {logging_mixin.py:190} INFO - [2024-11-22T11:52:20.018+0000] {dagbag.py:588} INFO - Filling up the DagBag from /home/airflow/.local/lib/python3.12/site-packages/airflow/example_dags/example_datasets.py
[2024-11-22T11:52:20.734+0000] {processor.py:925} INFO - DAG(s) 'dataset_consumes_1_never_scheduled', 'consume_1_or_both_2_and_3_with_dataset_expressions', 'dataset_consumes_1', 'consume_1_or_2_with_dataset_expressions', 'dataset_produces_2', 'consume_1_and_2_with_dataset_expressions', 'conditional_dataset_and_time_based_timetable', 'dataset_consumes_1_and_2', 'dataset_produces_1', 'dataset_consumes_unknown_never_scheduled' retrieved from /home/airflow/.local/lib/python3.12/site-packages/airflow/example_dags/example_datasets.py
[2024-11-22T11:52:20.792+0000] {logging_mixin.py:190} INFO - [2024-11-22T11:52:20.791+0000] {dag.py:3239} INFO - Sync 10 DAGs
[2024-11-22T11:52:20.824+0000] {logging_mixin.py:190} INFO - [2024-11-22T11:52:20.823+0000] {dag.py:4180} INFO - Setting next_dagrun for conditional_dataset_and_time_based_timetable to 2024-11-20 01:00:00+00:00, run_after=2024-11-20 01:00:00+00:00
[2024-11-22T11:52:20.829+0000] {logging_mixin.py:190} INFO - [2024-11-22T11:52:20.829+0000] {dag.py:4180} INFO - Setting next_dagrun for consume_1_and_2_with_dataset_expressions to None, run_after=None
[2024-11-22T11:52:20.831+0000] {logging_mixin.py:190} INFO - [2024-11-22T11:52:20.831+0000] {dag.py:4180} INFO - Setting next_dagrun for consume_1_or_2_with_dataset_expressions to None, run_after=None
[2024-11-22T11:52:20.833+0000] {logging_mixin.py:190} INFO - [2024-11-22T11:52:20.833+0000] {dag.py:4180} INFO - Setting next_dagrun for consume_1_or_both_2_and_3_with_dataset_expressions to None, run_after=None
[2024-11-22T11:52:20.835+0000] {logging_mixin.py:190} INFO - [2024-11-22T11:52:20.834+0000] {dag.py:4180} INFO - Setting next_dagrun for dataset_consumes_1 to None, run_after=None
[2024-11-22T11:52:20.836+0000] {logging_mixin.py:190} INFO - [2024-11-22T11:52:20.836+0000] {dag.py:4180} INFO - Setting next_dagrun for dataset_consumes_1_and_2 to None, run_after=None
[2024-11-22T11:52:20.838+0000] {logging_mixin.py:190} INFO - [2024-11-22T11:52:20.837+0000] {dag.py:4180} INFO - Setting next_dagrun for dataset_consumes_1_never_scheduled to None, run_after=None
[2024-11-22T11:52:20.839+0000] {logging_mixin.py:190} INFO - [2024-11-22T11:52:20.839+0000] {dag.py:4180} INFO - Setting next_dagrun for dataset_consumes_unknown_never_scheduled to None, run_after=None
[2024-11-22T11:52:20.843+0000] {logging_mixin.py:190} INFO - [2024-11-22T11:52:20.843+0000] {dag.py:4180} INFO - Setting next_dagrun for dataset_produces_1 to 2024-11-21 00:00:00+00:00, run_after=2024-11-22 00:00:00+00:00
[2024-11-22T11:52:20.845+0000] {logging_mixin.py:190} INFO - [2024-11-22T11:52:20.844+0000] {dag.py:4180} INFO - Setting next_dagrun for dataset_produces_2 to None, run_after=None
[2024-11-22T11:52:20.882+0000] {processor.py:208} INFO - Processing /home/airflow/.local/lib/python3.12/site-packages/airflow/example_dags/example_datasets.py took 0.873 seconds
[2024-11-22T11:52:51.668+0000] {processor.py:186} INFO - Started process (PID=607) to work on /home/airflow/.local/lib/python3.12/site-packages/airflow/example_dags/example_datasets.py
[2024-11-22T11:52:51.669+0000] {processor.py:914} INFO - Processing file /home/airflow/.local/lib/python3.12/site-packages/airflow/example_dags/example_datasets.py for tasks to queue
[2024-11-22T11:52:51.671+0000] {logging_mixin.py:190} INFO - [2024-11-22T11:52:51.671+0000] {dagbag.py:588} INFO - Filling up the DagBag from /home/airflow/.local/lib/python3.12/site-packages/airflow/example_dags/example_datasets.py
[2024-11-22T11:52:52.501+0000] {processor.py:925} INFO - DAG(s) 'consume_1_or_2_with_dataset_expressions', 'dataset_consumes_1_and_2', 'dataset_produces_1', 'dataset_consumes_unknown_never_scheduled', 'consume_1_or_both_2_and_3_with_dataset_expressions', 'dataset_consumes_1_never_scheduled', 'dataset_consumes_1', 'dataset_produces_2', 'conditional_dataset_and_time_based_timetable', 'consume_1_and_2_with_dataset_expressions' retrieved from /home/airflow/.local/lib/python3.12/site-packages/airflow/example_dags/example_datasets.py
[2024-11-22T11:52:52.568+0000] {logging_mixin.py:190} INFO - [2024-11-22T11:52:52.568+0000] {dag.py:3239} INFO - Sync 10 DAGs
[2024-11-22T11:52:52.596+0000] {logging_mixin.py:190} INFO - [2024-11-22T11:52:52.596+0000] {dag.py:4180} INFO - Setting next_dagrun for conditional_dataset_and_time_based_timetable to 2024-11-20 01:00:00+00:00, run_after=2024-11-20 01:00:00+00:00
[2024-11-22T11:52:52.601+0000] {logging_mixin.py:190} INFO - [2024-11-22T11:52:52.600+0000] {dag.py:4180} INFO - Setting next_dagrun for consume_1_and_2_with_dataset_expressions to None, run_after=None
[2024-11-22T11:52:52.602+0000] {logging_mixin.py:190} INFO - [2024-11-22T11:52:52.602+0000] {dag.py:4180} INFO - Setting next_dagrun for consume_1_or_2_with_dataset_expressions to None, run_after=None
[2024-11-22T11:52:52.603+0000] {logging_mixin.py:190} INFO - [2024-11-22T11:52:52.603+0000] {dag.py:4180} INFO - Setting next_dagrun for consume_1_or_both_2_and_3_with_dataset_expressions to None, run_after=None
[2024-11-22T11:52:52.605+0000] {logging_mixin.py:190} INFO - [2024-11-22T11:52:52.604+0000] {dag.py:4180} INFO - Setting next_dagrun for dataset_consumes_1 to None, run_after=None
[2024-11-22T11:52:52.606+0000] {logging_mixin.py:190} INFO - [2024-11-22T11:52:52.606+0000] {dag.py:4180} INFO - Setting next_dagrun for dataset_consumes_1_and_2 to None, run_after=None
[2024-11-22T11:52:52.607+0000] {logging_mixin.py:190} INFO - [2024-11-22T11:52:52.607+0000] {dag.py:4180} INFO - Setting next_dagrun for dataset_consumes_1_never_scheduled to None, run_after=None
[2024-11-22T11:52:52.609+0000] {logging_mixin.py:190} INFO - [2024-11-22T11:52:52.609+0000] {dag.py:4180} INFO - Setting next_dagrun for dataset_consumes_unknown_never_scheduled to None, run_after=None
[2024-11-22T11:52:52.612+0000] {logging_mixin.py:190} INFO - [2024-11-22T11:52:52.612+0000] {dag.py:4180} INFO - Setting next_dagrun for dataset_produces_1 to 2024-11-21 00:00:00+00:00, run_after=2024-11-22 00:00:00+00:00
[2024-11-22T11:52:52.614+0000] {logging_mixin.py:190} INFO - [2024-11-22T11:52:52.613+0000] {dag.py:4180} INFO - Setting next_dagrun for dataset_produces_2 to None, run_after=None
[2024-11-22T11:52:52.649+0000] {processor.py:208} INFO - Processing /home/airflow/.local/lib/python3.12/site-packages/airflow/example_dags/example_datasets.py took 0.986 seconds
[2024-11-22T11:53:23.036+0000] {processor.py:186} INFO - Started process (PID=670) to work on /home/airflow/.local/lib/python3.12/site-packages/airflow/example_dags/example_datasets.py
[2024-11-22T11:53:23.037+0000] {processor.py:914} INFO - Processing file /home/airflow/.local/lib/python3.12/site-packages/airflow/example_dags/example_datasets.py for tasks to queue
[2024-11-22T11:53:23.039+0000] {logging_mixin.py:190} INFO - [2024-11-22T11:53:23.038+0000] {dagbag.py:588} INFO - Filling up the DagBag from /home/airflow/.local/lib/python3.12/site-packages/airflow/example_dags/example_datasets.py
[2024-11-22T11:53:23.679+0000] {processor.py:925} INFO - DAG(s) 'dataset_consumes_1_and_2', 'conditional_dataset_and_time_based_timetable', 'dataset_consumes_1_never_scheduled', 'consume_1_and_2_with_dataset_expressions', 'dataset_produces_1', 'dataset_consumes_1', 'consume_1_or_both_2_and_3_with_dataset_expressions', 'dataset_consumes_unknown_never_scheduled', 'dataset_produces_2', 'consume_1_or_2_with_dataset_expressions' retrieved from /home/airflow/.local/lib/python3.12/site-packages/airflow/example_dags/example_datasets.py
[2024-11-22T11:53:23.729+0000] {logging_mixin.py:190} INFO - [2024-11-22T11:53:23.728+0000] {dag.py:3239} INFO - Sync 10 DAGs
[2024-11-22T11:53:23.757+0000] {logging_mixin.py:190} INFO - [2024-11-22T11:53:23.757+0000] {dag.py:4180} INFO - Setting next_dagrun for conditional_dataset_and_time_based_timetable to 2024-11-20 01:00:00+00:00, run_after=2024-11-20 01:00:00+00:00
[2024-11-22T11:53:23.770+0000] {logging_mixin.py:190} INFO - [2024-11-22T11:53:23.769+0000] {dag.py:4180} INFO - Setting next_dagrun for consume_1_and_2_with_dataset_expressions to None, run_after=None
[2024-11-22T11:53:23.772+0000] {logging_mixin.py:190} INFO - [2024-11-22T11:53:23.772+0000] {dag.py:4180} INFO - Setting next_dagrun for consume_1_or_2_with_dataset_expressions to None, run_after=None
[2024-11-22T11:53:23.774+0000] {logging_mixin.py:190} INFO - [2024-11-22T11:53:23.774+0000] {dag.py:4180} INFO - Setting next_dagrun for consume_1_or_both_2_and_3_with_dataset_expressions to None, run_after=None
[2024-11-22T11:53:23.777+0000] {logging_mixin.py:190} INFO - [2024-11-22T11:53:23.777+0000] {dag.py:4180} INFO - Setting next_dagrun for dataset_consumes_1 to None, run_after=None
[2024-11-22T11:53:23.781+0000] {logging_mixin.py:190} INFO - [2024-11-22T11:53:23.780+0000] {dag.py:4180} INFO - Setting next_dagrun for dataset_consumes_1_and_2 to None, run_after=None
[2024-11-22T11:53:23.783+0000] {logging_mixin.py:190} INFO - [2024-11-22T11:53:23.783+0000] {dag.py:4180} INFO - Setting next_dagrun for dataset_consumes_1_never_scheduled to None, run_after=None
[2024-11-22T11:53:23.786+0000] {logging_mixin.py:190} INFO - [2024-11-22T11:53:23.785+0000] {dag.py:4180} INFO - Setting next_dagrun for dataset_consumes_unknown_never_scheduled to None, run_after=None
[2024-11-22T11:53:23.790+0000] {logging_mixin.py:190} INFO - [2024-11-22T11:53:23.789+0000] {dag.py:4180} INFO - Setting next_dagrun for dataset_produces_1 to 2024-11-21 00:00:00+00:00, run_after=2024-11-22 00:00:00+00:00
[2024-11-22T11:53:23.792+0000] {logging_mixin.py:190} INFO - [2024-11-22T11:53:23.791+0000] {dag.py:4180} INFO - Setting next_dagrun for dataset_produces_2 to None, run_after=None
[2024-11-22T11:53:23.867+0000] {processor.py:208} INFO - Processing /home/airflow/.local/lib/python3.12/site-packages/airflow/example_dags/example_datasets.py took 0.837 seconds
[2024-11-22T11:53:54.622+0000] {processor.py:186} INFO - Started process (PID=733) to work on /home/airflow/.local/lib/python3.12/site-packages/airflow/example_dags/example_datasets.py
[2024-11-22T11:53:54.623+0000] {processor.py:914} INFO - Processing file /home/airflow/.local/lib/python3.12/site-packages/airflow/example_dags/example_datasets.py for tasks to queue
[2024-11-22T11:53:54.627+0000] {logging_mixin.py:190} INFO - [2024-11-22T11:53:54.627+0000] {dagbag.py:588} INFO - Filling up the DagBag from /home/airflow/.local/lib/python3.12/site-packages/airflow/example_dags/example_datasets.py
[2024-11-22T11:53:55.370+0000] {processor.py:925} INFO - DAG(s) 'dataset_produces_2', 'dataset_consumes_1', 'dataset_consumes_1_never_scheduled', 'consume_1_or_both_2_and_3_with_dataset_expressions', 'dataset_consumes_unknown_never_scheduled', 'dataset_consumes_1_and_2', 'dataset_produces_1', 'consume_1_or_2_with_dataset_expressions', 'consume_1_and_2_with_dataset_expressions', 'conditional_dataset_and_time_based_timetable' retrieved from /home/airflow/.local/lib/python3.12/site-packages/airflow/example_dags/example_datasets.py
[2024-11-22T11:53:55.444+0000] {logging_mixin.py:190} INFO - [2024-11-22T11:53:55.444+0000] {dag.py:3239} INFO - Sync 10 DAGs
[2024-11-22T11:53:55.486+0000] {logging_mixin.py:190} INFO - [2024-11-22T11:53:55.485+0000] {dag.py:4180} INFO - Setting next_dagrun for conditional_dataset_and_time_based_timetable to 2024-11-20 01:00:00+00:00, run_after=2024-11-20 01:00:00+00:00
[2024-11-22T11:53:55.499+0000] {logging_mixin.py:190} INFO - [2024-11-22T11:53:55.498+0000] {dag.py:4180} INFO - Setting next_dagrun for consume_1_and_2_with_dataset_expressions to None, run_after=None
[2024-11-22T11:53:55.501+0000] {logging_mixin.py:190} INFO - [2024-11-22T11:53:55.500+0000] {dag.py:4180} INFO - Setting next_dagrun for consume_1_or_2_with_dataset_expressions to None, run_after=None
[2024-11-22T11:53:55.503+0000] {logging_mixin.py:190} INFO - [2024-11-22T11:53:55.502+0000] {dag.py:4180} INFO - Setting next_dagrun for consume_1_or_both_2_and_3_with_dataset_expressions to None, run_after=None
[2024-11-22T11:53:55.505+0000] {logging_mixin.py:190} INFO - [2024-11-22T11:53:55.504+0000] {dag.py:4180} INFO - Setting next_dagrun for dataset_consumes_1 to None, run_after=None
[2024-11-22T11:53:55.506+0000] {logging_mixin.py:190} INFO - [2024-11-22T11:53:55.506+0000] {dag.py:4180} INFO - Setting next_dagrun for dataset_consumes_1_and_2 to None, run_after=None
[2024-11-22T11:53:55.507+0000] {logging_mixin.py:190} INFO - [2024-11-22T11:53:55.507+0000] {dag.py:4180} INFO - Setting next_dagrun for dataset_consumes_1_never_scheduled to None, run_after=None
[2024-11-22T11:53:55.509+0000] {logging_mixin.py:190} INFO - [2024-11-22T11:53:55.509+0000] {dag.py:4180} INFO - Setting next_dagrun for dataset_consumes_unknown_never_scheduled to None, run_after=None
[2024-11-22T11:53:55.511+0000] {logging_mixin.py:190} INFO - [2024-11-22T11:53:55.511+0000] {dag.py:4180} INFO - Setting next_dagrun for dataset_produces_1 to 2024-11-21 00:00:00+00:00, run_after=2024-11-22 00:00:00+00:00
[2024-11-22T11:53:55.513+0000] {logging_mixin.py:190} INFO - [2024-11-22T11:53:55.513+0000] {dag.py:4180} INFO - Setting next_dagrun for dataset_produces_2 to None, run_after=None
[2024-11-22T11:53:55.566+0000] {processor.py:208} INFO - Processing /home/airflow/.local/lib/python3.12/site-packages/airflow/example_dags/example_datasets.py took 0.951 seconds
[2024-11-22T11:54:25.972+0000] {processor.py:186} INFO - Started process (PID=801) to work on /home/airflow/.local/lib/python3.12/site-packages/airflow/example_dags/example_datasets.py
[2024-11-22T11:54:25.974+0000] {processor.py:914} INFO - Processing file /home/airflow/.local/lib/python3.12/site-packages/airflow/example_dags/example_datasets.py for tasks to queue
[2024-11-22T11:54:25.978+0000] {logging_mixin.py:190} INFO - [2024-11-22T11:54:25.977+0000] {dagbag.py:588} INFO - Filling up the DagBag from /home/airflow/.local/lib/python3.12/site-packages/airflow/example_dags/example_datasets.py
[2024-11-22T11:54:26.611+0000] {processor.py:925} INFO - DAG(s) 'conditional_dataset_and_time_based_timetable', 'dataset_consumes_1', 'dataset_consumes_1_never_scheduled', 'dataset_produces_2', 'dataset_produces_1', 'dataset_consumes_1_and_2', 'consume_1_or_2_with_dataset_expressions', 'consume_1_and_2_with_dataset_expressions', 'dataset_consumes_unknown_never_scheduled', 'consume_1_or_both_2_and_3_with_dataset_expressions' retrieved from /home/airflow/.local/lib/python3.12/site-packages/airflow/example_dags/example_datasets.py
[2024-11-22T11:54:26.645+0000] {logging_mixin.py:190} INFO - [2024-11-22T11:54:26.645+0000] {dag.py:3239} INFO - Sync 10 DAGs
[2024-11-22T11:54:26.668+0000] {logging_mixin.py:190} INFO - [2024-11-22T11:54:26.667+0000] {dag.py:4180} INFO - Setting next_dagrun for conditional_dataset_and_time_based_timetable to 2024-11-20 01:00:00+00:00, run_after=2024-11-20 01:00:00+00:00
[2024-11-22T11:54:26.671+0000] {logging_mixin.py:190} INFO - [2024-11-22T11:54:26.671+0000] {dag.py:4180} INFO - Setting next_dagrun for consume_1_and_2_with_dataset_expressions to None, run_after=None
[2024-11-22T11:54:26.672+0000] {logging_mixin.py:190} INFO - [2024-11-22T11:54:26.672+0000] {dag.py:4180} INFO - Setting next_dagrun for consume_1_or_2_with_dataset_expressions to None, run_after=None
[2024-11-22T11:54:26.673+0000] {logging_mixin.py:190} INFO - [2024-11-22T11:54:26.673+0000] {dag.py:4180} INFO - Setting next_dagrun for consume_1_or_both_2_and_3_with_dataset_expressions to None, run_after=None
[2024-11-22T11:54:26.674+0000] {logging_mixin.py:190} INFO - [2024-11-22T11:54:26.674+0000] {dag.py:4180} INFO - Setting next_dagrun for dataset_consumes_1 to None, run_after=None
[2024-11-22T11:54:26.675+0000] {logging_mixin.py:190} INFO - [2024-11-22T11:54:26.675+0000] {dag.py:4180} INFO - Setting next_dagrun for dataset_consumes_1_and_2 to None, run_after=None
[2024-11-22T11:54:26.676+0000] {logging_mixin.py:190} INFO - [2024-11-22T11:54:26.676+0000] {dag.py:4180} INFO - Setting next_dagrun for dataset_consumes_1_never_scheduled to None, run_after=None
[2024-11-22T11:54:26.677+0000] {logging_mixin.py:190} INFO - [2024-11-22T11:54:26.677+0000] {dag.py:4180} INFO - Setting next_dagrun for dataset_consumes_unknown_never_scheduled to None, run_after=None
[2024-11-22T11:54:26.679+0000] {logging_mixin.py:190} INFO - [2024-11-22T11:54:26.679+0000] {dag.py:4180} INFO - Setting next_dagrun for dataset_produces_1 to 2024-11-21 00:00:00+00:00, run_after=2024-11-22 00:00:00+00:00
[2024-11-22T11:54:26.680+0000] {logging_mixin.py:190} INFO - [2024-11-22T11:54:26.680+0000] {dag.py:4180} INFO - Setting next_dagrun for dataset_produces_2 to None, run_after=None
[2024-11-22T11:54:26.707+0000] {processor.py:208} INFO - Processing /home/airflow/.local/lib/python3.12/site-packages/airflow/example_dags/example_datasets.py took 0.744 seconds
[2024-11-22T11:54:56.767+0000] {processor.py:186} INFO - Started process (PID=864) to work on /home/airflow/.local/lib/python3.12/site-packages/airflow/example_dags/example_datasets.py
[2024-11-22T11:54:56.768+0000] {processor.py:914} INFO - Processing file /home/airflow/.local/lib/python3.12/site-packages/airflow/example_dags/example_datasets.py for tasks to queue
[2024-11-22T11:54:56.770+0000] {logging_mixin.py:190} INFO - [2024-11-22T11:54:56.770+0000] {dagbag.py:588} INFO - Filling up the DagBag from /home/airflow/.local/lib/python3.12/site-packages/airflow/example_dags/example_datasets.py
[2024-11-22T11:54:57.342+0000] {processor.py:925} INFO - DAG(s) 'consume_1_and_2_with_dataset_expressions', 'dataset_consumes_1', 'dataset_consumes_1_and_2', 'conditional_dataset_and_time_based_timetable', 'dataset_produces_1', 'consume_1_or_2_with_dataset_expressions', 'dataset_produces_2', 'dataset_consumes_unknown_never_scheduled', 'consume_1_or_both_2_and_3_with_dataset_expressions', 'dataset_consumes_1_never_scheduled' retrieved from /home/airflow/.local/lib/python3.12/site-packages/airflow/example_dags/example_datasets.py
[2024-11-22T11:54:57.382+0000] {logging_mixin.py:190} INFO - [2024-11-22T11:54:57.382+0000] {dag.py:3239} INFO - Sync 10 DAGs
[2024-11-22T11:54:57.406+0000] {logging_mixin.py:190} INFO - [2024-11-22T11:54:57.406+0000] {dag.py:4180} INFO - Setting next_dagrun for conditional_dataset_and_time_based_timetable to 2024-11-20 01:00:00+00:00, run_after=2024-11-20 01:00:00+00:00
[2024-11-22T11:54:57.411+0000] {logging_mixin.py:190} INFO - [2024-11-22T11:54:57.410+0000] {dag.py:4180} INFO - Setting next_dagrun for consume_1_and_2_with_dataset_expressions to None, run_after=None
[2024-11-22T11:54:57.412+0000] {logging_mixin.py:190} INFO - [2024-11-22T11:54:57.412+0000] {dag.py:4180} INFO - Setting next_dagrun for consume_1_or_2_with_dataset_expressions to None, run_after=None
[2024-11-22T11:54:57.414+0000] {logging_mixin.py:190} INFO - [2024-11-22T11:54:57.414+0000] {dag.py:4180} INFO - Setting next_dagrun for consume_1_or_both_2_and_3_with_dataset_expressions to None, run_after=None
[2024-11-22T11:54:57.415+0000] {logging_mixin.py:190} INFO - [2024-11-22T11:54:57.415+0000] {dag.py:4180} INFO - Setting next_dagrun for dataset_consumes_1 to None, run_after=None
[2024-11-22T11:54:57.416+0000] {logging_mixin.py:190} INFO - [2024-11-22T11:54:57.416+0000] {dag.py:4180} INFO - Setting next_dagrun for dataset_consumes_1_and_2 to None, run_after=None
[2024-11-22T11:54:57.417+0000] {logging_mixin.py:190} INFO - [2024-11-22T11:54:57.417+0000] {dag.py:4180} INFO - Setting next_dagrun for dataset_consumes_1_never_scheduled to None, run_after=None
[2024-11-22T11:54:57.418+0000] {logging_mixin.py:190} INFO - [2024-11-22T11:54:57.418+0000] {dag.py:4180} INFO - Setting next_dagrun for dataset_consumes_unknown_never_scheduled to None, run_after=None
[2024-11-22T11:54:57.421+0000] {logging_mixin.py:190} INFO - [2024-11-22T11:54:57.421+0000] {dag.py:4180} INFO - Setting next_dagrun for dataset_produces_1 to 2024-11-21 00:00:00+00:00, run_after=2024-11-22 00:00:00+00:00
[2024-11-22T11:54:57.422+0000] {logging_mixin.py:190} INFO - [2024-11-22T11:54:57.422+0000] {dag.py:4180} INFO - Setting next_dagrun for dataset_produces_2 to None, run_after=None
[2024-11-22T11:54:57.463+0000] {processor.py:208} INFO - Processing /home/airflow/.local/lib/python3.12/site-packages/airflow/example_dags/example_datasets.py took 0.701 seconds
[2024-11-22T11:55:27.516+0000] {processor.py:186} INFO - Started process (PID=931) to work on /home/airflow/.local/lib/python3.12/site-packages/airflow/example_dags/example_datasets.py
[2024-11-22T11:55:27.517+0000] {processor.py:914} INFO - Processing file /home/airflow/.local/lib/python3.12/site-packages/airflow/example_dags/example_datasets.py for tasks to queue
[2024-11-22T11:55:27.518+0000] {logging_mixin.py:190} INFO - [2024-11-22T11:55:27.518+0000] {dagbag.py:588} INFO - Filling up the DagBag from /home/airflow/.local/lib/python3.12/site-packages/airflow/example_dags/example_datasets.py
[2024-11-22T11:55:28.035+0000] {processor.py:925} INFO - DAG(s) 'dataset_consumes_1_never_scheduled', 'dataset_produces_2', 'conditional_dataset_and_time_based_timetable', 'dataset_consumes_1', 'dataset_consumes_1_and_2', 'dataset_consumes_unknown_never_scheduled', 'consume_1_or_2_with_dataset_expressions', 'dataset_produces_1', 'consume_1_or_both_2_and_3_with_dataset_expressions', 'consume_1_and_2_with_dataset_expressions' retrieved from /home/airflow/.local/lib/python3.12/site-packages/airflow/example_dags/example_datasets.py
[2024-11-22T11:55:28.070+0000] {logging_mixin.py:190} INFO - [2024-11-22T11:55:28.069+0000] {dag.py:3239} INFO - Sync 10 DAGs
[2024-11-22T11:55:28.090+0000] {logging_mixin.py:190} INFO - [2024-11-22T11:55:28.090+0000] {dag.py:4180} INFO - Setting next_dagrun for conditional_dataset_and_time_based_timetable to 2024-11-20 01:00:00+00:00, run_after=2024-11-20 01:00:00+00:00
[2024-11-22T11:55:28.093+0000] {logging_mixin.py:190} INFO - [2024-11-22T11:55:28.093+0000] {dag.py:4180} INFO - Setting next_dagrun for consume_1_and_2_with_dataset_expressions to None, run_after=None
[2024-11-22T11:55:28.094+0000] {logging_mixin.py:190} INFO - [2024-11-22T11:55:28.094+0000] {dag.py:4180} INFO - Setting next_dagrun for consume_1_or_2_with_dataset_expressions to None, run_after=None
[2024-11-22T11:55:28.095+0000] {logging_mixin.py:190} INFO - [2024-11-22T11:55:28.095+0000] {dag.py:4180} INFO - Setting next_dagrun for consume_1_or_both_2_and_3_with_dataset_expressions to None, run_after=None
[2024-11-22T11:55:28.096+0000] {logging_mixin.py:190} INFO - [2024-11-22T11:55:28.096+0000] {dag.py:4180} INFO - Setting next_dagrun for dataset_consumes_1 to None, run_after=None
[2024-11-22T11:55:28.097+0000] {logging_mixin.py:190} INFO - [2024-11-22T11:55:28.097+0000] {dag.py:4180} INFO - Setting next_dagrun for dataset_consumes_1_and_2 to None, run_after=None
[2024-11-22T11:55:28.098+0000] {logging_mixin.py:190} INFO - [2024-11-22T11:55:28.098+0000] {dag.py:4180} INFO - Setting next_dagrun for dataset_consumes_1_never_scheduled to None, run_after=None
[2024-11-22T11:55:28.099+0000] {logging_mixin.py:190} INFO - [2024-11-22T11:55:28.099+0000] {dag.py:4180} INFO - Setting next_dagrun for dataset_consumes_unknown_never_scheduled to None, run_after=None
[2024-11-22T11:55:28.101+0000] {logging_mixin.py:190} INFO - [2024-11-22T11:55:28.101+0000] {dag.py:4180} INFO - Setting next_dagrun for dataset_produces_1 to 2024-11-21 00:00:00+00:00, run_after=2024-11-22 00:00:00+00:00
[2024-11-22T11:55:28.102+0000] {logging_mixin.py:190} INFO - [2024-11-22T11:55:28.102+0000] {dag.py:4180} INFO - Setting next_dagrun for dataset_produces_2 to None, run_after=None
[2024-11-22T11:55:28.137+0000] {processor.py:208} INFO - Processing /home/airflow/.local/lib/python3.12/site-packages/airflow/example_dags/example_datasets.py took 0.626 seconds
[2024-11-22T11:55:58.182+0000] {processor.py:186} INFO - Started process (PID=994) to work on /home/airflow/.local/lib/python3.12/site-packages/airflow/example_dags/example_datasets.py
[2024-11-22T11:55:58.183+0000] {processor.py:914} INFO - Processing file /home/airflow/.local/lib/python3.12/site-packages/airflow/example_dags/example_datasets.py for tasks to queue
[2024-11-22T11:55:58.184+0000] {logging_mixin.py:190} INFO - [2024-11-22T11:55:58.184+0000] {dagbag.py:588} INFO - Filling up the DagBag from /home/airflow/.local/lib/python3.12/site-packages/airflow/example_dags/example_datasets.py
[2024-11-22T11:55:58.699+0000] {processor.py:925} INFO - DAG(s) 'dataset_consumes_1_and_2', 'dataset_consumes_1', 'conditional_dataset_and_time_based_timetable', 'dataset_consumes_unknown_never_scheduled', 'dataset_produces_1', 'dataset_produces_2', 'consume_1_or_2_with_dataset_expressions', 'consume_1_or_both_2_and_3_with_dataset_expressions', 'consume_1_and_2_with_dataset_expressions', 'dataset_consumes_1_never_scheduled' retrieved from /home/airflow/.local/lib/python3.12/site-packages/airflow/example_dags/example_datasets.py
[2024-11-22T11:55:58.736+0000] {logging_mixin.py:190} INFO - [2024-11-22T11:55:58.736+0000] {dag.py:3239} INFO - Sync 10 DAGs
[2024-11-22T11:55:58.758+0000] {logging_mixin.py:190} INFO - [2024-11-22T11:55:58.758+0000] {dag.py:4180} INFO - Setting next_dagrun for conditional_dataset_and_time_based_timetable to 2024-11-20 01:00:00+00:00, run_after=2024-11-20 01:00:00+00:00
[2024-11-22T11:55:58.762+0000] {logging_mixin.py:190} INFO - [2024-11-22T11:55:58.761+0000] {dag.py:4180} INFO - Setting next_dagrun for consume_1_and_2_with_dataset_expressions to None, run_after=None
[2024-11-22T11:55:58.763+0000] {logging_mixin.py:190} INFO - [2024-11-22T11:55:58.763+0000] {dag.py:4180} INFO - Setting next_dagrun for consume_1_or_2_with_dataset_expressions to None, run_after=None
[2024-11-22T11:55:58.764+0000] {logging_mixin.py:190} INFO - [2024-11-22T11:55:58.764+0000] {dag.py:4180} INFO - Setting next_dagrun for consume_1_or_both_2_and_3_with_dataset_expressions to None, run_after=None
[2024-11-22T11:55:58.765+0000] {logging_mixin.py:190} INFO - [2024-11-22T11:55:58.765+0000] {dag.py:4180} INFO - Setting next_dagrun for dataset_consumes_1 to None, run_after=None
[2024-11-22T11:55:58.766+0000] {logging_mixin.py:190} INFO - [2024-11-22T11:55:58.766+0000] {dag.py:4180} INFO - Setting next_dagrun for dataset_consumes_1_and_2 to None, run_after=None
[2024-11-22T11:55:58.767+0000] {logging_mixin.py:190} INFO - [2024-11-22T11:55:58.767+0000] {dag.py:4180} INFO - Setting next_dagrun for dataset_consumes_1_never_scheduled to None, run_after=None
[2024-11-22T11:55:58.768+0000] {logging_mixin.py:190} INFO - [2024-11-22T11:55:58.768+0000] {dag.py:4180} INFO - Setting next_dagrun for dataset_consumes_unknown_never_scheduled to None, run_after=None
[2024-11-22T11:55:58.770+0000] {logging_mixin.py:190} INFO - [2024-11-22T11:55:58.770+0000] {dag.py:4180} INFO - Setting next_dagrun for dataset_produces_1 to 2024-11-21 00:00:00+00:00, run_after=2024-11-22 00:00:00+00:00
[2024-11-22T11:55:58.771+0000] {logging_mixin.py:190} INFO - [2024-11-22T11:55:58.771+0000] {dag.py:4180} INFO - Setting next_dagrun for dataset_produces_2 to None, run_after=None
[2024-11-22T11:55:58.796+0000] {processor.py:208} INFO - Processing /home/airflow/.local/lib/python3.12/site-packages/airflow/example_dags/example_datasets.py took 0.618 seconds
[2024-11-22T11:56:29.020+0000] {processor.py:186} INFO - Started process (PID=1057) to work on /home/airflow/.local/lib/python3.12/site-packages/airflow/example_dags/example_datasets.py
[2024-11-22T11:56:29.020+0000] {processor.py:914} INFO - Processing file /home/airflow/.local/lib/python3.12/site-packages/airflow/example_dags/example_datasets.py for tasks to queue
[2024-11-22T11:56:29.022+0000] {logging_mixin.py:190} INFO - [2024-11-22T11:56:29.022+0000] {dagbag.py:588} INFO - Filling up the DagBag from /home/airflow/.local/lib/python3.12/site-packages/airflow/example_dags/example_datasets.py
[2024-11-22T11:56:29.565+0000] {processor.py:925} INFO - DAG(s) 'dataset_consumes_1_and_2', 'dataset_produces_2', 'consume_1_or_both_2_and_3_with_dataset_expressions', 'dataset_consumes_1_never_scheduled', 'dataset_produces_1', 'dataset_consumes_unknown_never_scheduled', 'consume_1_and_2_with_dataset_expressions', 'consume_1_or_2_with_dataset_expressions', 'dataset_consumes_1', 'conditional_dataset_and_time_based_timetable' retrieved from /home/airflow/.local/lib/python3.12/site-packages/airflow/example_dags/example_datasets.py
[2024-11-22T11:56:29.605+0000] {logging_mixin.py:190} INFO - [2024-11-22T11:56:29.604+0000] {dag.py:3239} INFO - Sync 10 DAGs
[2024-11-22T11:56:29.633+0000] {logging_mixin.py:190} INFO - [2024-11-22T11:56:29.633+0000] {dag.py:4180} INFO - Setting next_dagrun for conditional_dataset_and_time_based_timetable to 2024-11-20 01:00:00+00:00, run_after=2024-11-20 01:00:00+00:00
[2024-11-22T11:56:29.638+0000] {logging_mixin.py:190} INFO - [2024-11-22T11:56:29.638+0000] {dag.py:4180} INFO - Setting next_dagrun for consume_1_and_2_with_dataset_expressions to None, run_after=None
[2024-11-22T11:56:29.642+0000] {logging_mixin.py:190} INFO - [2024-11-22T11:56:29.641+0000] {dag.py:4180} INFO - Setting next_dagrun for consume_1_or_2_with_dataset_expressions to None, run_after=None
[2024-11-22T11:56:29.644+0000] {logging_mixin.py:190} INFO - [2024-11-22T11:56:29.644+0000] {dag.py:4180} INFO - Setting next_dagrun for consume_1_or_both_2_and_3_with_dataset_expressions to None, run_after=None
[2024-11-22T11:56:29.646+0000] {logging_mixin.py:190} INFO - [2024-11-22T11:56:29.646+0000] {dag.py:4180} INFO - Setting next_dagrun for dataset_consumes_1 to None, run_after=None
[2024-11-22T11:56:29.647+0000] {logging_mixin.py:190} INFO - [2024-11-22T11:56:29.647+0000] {dag.py:4180} INFO - Setting next_dagrun for dataset_consumes_1_and_2 to None, run_after=None
[2024-11-22T11:56:29.649+0000] {logging_mixin.py:190} INFO - [2024-11-22T11:56:29.648+0000] {dag.py:4180} INFO - Setting next_dagrun for dataset_consumes_1_never_scheduled to None, run_after=None
[2024-11-22T11:56:29.650+0000] {logging_mixin.py:190} INFO - [2024-11-22T11:56:29.650+0000] {dag.py:4180} INFO - Setting next_dagrun for dataset_consumes_unknown_never_scheduled to None, run_after=None
[2024-11-22T11:56:29.652+0000] {logging_mixin.py:190} INFO - [2024-11-22T11:56:29.652+0000] {dag.py:4180} INFO - Setting next_dagrun for dataset_produces_1 to 2024-11-21 00:00:00+00:00, run_after=2024-11-22 00:00:00+00:00
[2024-11-22T11:56:29.654+0000] {logging_mixin.py:190} INFO - [2024-11-22T11:56:29.654+0000] {dag.py:4180} INFO - Setting next_dagrun for dataset_produces_2 to None, run_after=None
[2024-11-22T11:56:29.714+0000] {processor.py:208} INFO - Processing /home/airflow/.local/lib/python3.12/site-packages/airflow/example_dags/example_datasets.py took 0.699 seconds
[2024-11-22T11:56:59.797+0000] {processor.py:186} INFO - Started process (PID=1120) to work on /home/airflow/.local/lib/python3.12/site-packages/airflow/example_dags/example_datasets.py
[2024-11-22T11:56:59.797+0000] {processor.py:914} INFO - Processing file /home/airflow/.local/lib/python3.12/site-packages/airflow/example_dags/example_datasets.py for tasks to queue
[2024-11-22T11:56:59.799+0000] {logging_mixin.py:190} INFO - [2024-11-22T11:56:59.799+0000] {dagbag.py:588} INFO - Filling up the DagBag from /home/airflow/.local/lib/python3.12/site-packages/airflow/example_dags/example_datasets.py
[2024-11-22T11:57:00.382+0000] {processor.py:925} INFO - DAG(s) 'dataset_produces_1', 'dataset_consumes_1_and_2', 'dataset_consumes_1', 'consume_1_or_both_2_and_3_with_dataset_expressions', 'conditional_dataset_and_time_based_timetable', 'consume_1_and_2_with_dataset_expressions', 'dataset_consumes_unknown_never_scheduled', 'dataset_produces_2', 'dataset_consumes_1_never_scheduled', 'consume_1_or_2_with_dataset_expressions' retrieved from /home/airflow/.local/lib/python3.12/site-packages/airflow/example_dags/example_datasets.py
[2024-11-22T11:57:00.426+0000] {logging_mixin.py:190} INFO - [2024-11-22T11:57:00.425+0000] {dag.py:3239} INFO - Sync 10 DAGs
[2024-11-22T11:57:00.467+0000] {logging_mixin.py:190} INFO - [2024-11-22T11:57:00.467+0000] {dag.py:4180} INFO - Setting next_dagrun for conditional_dataset_and_time_based_timetable to 2024-11-20 01:00:00+00:00, run_after=2024-11-20 01:00:00+00:00
[2024-11-22T11:57:00.471+0000] {logging_mixin.py:190} INFO - [2024-11-22T11:57:00.471+0000] {dag.py:4180} INFO - Setting next_dagrun for consume_1_and_2_with_dataset_expressions to None, run_after=None
[2024-11-22T11:57:00.472+0000] {logging_mixin.py:190} INFO - [2024-11-22T11:57:00.472+0000] {dag.py:4180} INFO - Setting next_dagrun for consume_1_or_2_with_dataset_expressions to None, run_after=None
[2024-11-22T11:57:00.473+0000] {logging_mixin.py:190} INFO - [2024-11-22T11:57:00.473+0000] {dag.py:4180} INFO - Setting next_dagrun for consume_1_or_both_2_and_3_with_dataset_expressions to None, run_after=None
[2024-11-22T11:57:00.474+0000] {logging_mixin.py:190} INFO - [2024-11-22T11:57:00.474+0000] {dag.py:4180} INFO - Setting next_dagrun for dataset_consumes_1 to None, run_after=None
[2024-11-22T11:57:00.475+0000] {logging_mixin.py:190} INFO - [2024-11-22T11:57:00.475+0000] {dag.py:4180} INFO - Setting next_dagrun for dataset_consumes_1_and_2 to None, run_after=None
[2024-11-22T11:57:00.476+0000] {logging_mixin.py:190} INFO - [2024-11-22T11:57:00.476+0000] {dag.py:4180} INFO - Setting next_dagrun for dataset_consumes_1_never_scheduled to None, run_after=None
[2024-11-22T11:57:00.477+0000] {logging_mixin.py:190} INFO - [2024-11-22T11:57:00.477+0000] {dag.py:4180} INFO - Setting next_dagrun for dataset_consumes_unknown_never_scheduled to None, run_after=None
[2024-11-22T11:57:00.479+0000] {logging_mixin.py:190} INFO - [2024-11-22T11:57:00.479+0000] {dag.py:4180} INFO - Setting next_dagrun for dataset_produces_1 to 2024-11-21 00:00:00+00:00, run_after=2024-11-22 00:00:00+00:00
[2024-11-22T11:57:00.480+0000] {logging_mixin.py:190} INFO - [2024-11-22T11:57:00.480+0000] {dag.py:4180} INFO - Setting next_dagrun for dataset_produces_2 to None, run_after=None
[2024-11-22T11:57:00.507+0000] {processor.py:208} INFO - Processing /home/airflow/.local/lib/python3.12/site-packages/airflow/example_dags/example_datasets.py took 0.715 seconds
