[2024-11-22T11:48:39.579+0000] {processor.py:186} INFO - Started process (PID=95) to work on /home/airflow/.local/lib/python3.12/site-packages/airflow/example_dags/example_params_trigger_ui.py
[2024-11-22T11:48:39.580+0000] {processor.py:914} INFO - Processing file /home/airflow/.local/lib/python3.12/site-packages/airflow/example_dags/example_params_trigger_ui.py for tasks to queue
[2024-11-22T11:48:39.582+0000] {logging_mixin.py:190} INFO - [2024-11-22T11:48:39.582+0000] {dagbag.py:588} INFO - Filling up the DagBag from /home/airflow/.local/lib/python3.12/site-packages/airflow/example_dags/example_params_trigger_ui.py
[2024-11-22T11:48:39.595+0000] {processor.py:925} INFO - DAG(s) 'example_params_trigger_ui' retrieved from /home/airflow/.local/lib/python3.12/site-packages/airflow/example_dags/example_params_trigger_ui.py
[2024-11-22T11:48:39.714+0000] {logging_mixin.py:190} INFO - [2024-11-22T11:48:39.713+0000] {override.py:1911} INFO - Created Permission View: can delete on DAG:example_params_trigger_ui
[2024-11-22T11:48:39.723+0000] {logging_mixin.py:190} INFO - [2024-11-22T11:48:39.723+0000] {override.py:1911} INFO - Created Permission View: can edit on DAG:example_params_trigger_ui
[2024-11-22T11:48:39.729+0000] {logging_mixin.py:190} INFO - [2024-11-22T11:48:39.728+0000] {override.py:1911} INFO - Created Permission View: can read on DAG:example_params_trigger_ui
[2024-11-22T11:48:39.735+0000] {logging_mixin.py:190} INFO - [2024-11-22T11:48:39.735+0000] {override.py:1911} INFO - Created Permission View: can delete on DAG Run:example_params_trigger_ui
[2024-11-22T11:48:39.742+0000] {logging_mixin.py:190} INFO - [2024-11-22T11:48:39.741+0000] {override.py:1911} INFO - Created Permission View: menu access on DAG Run:example_params_trigger_ui
[2024-11-22T11:48:39.747+0000] {logging_mixin.py:190} INFO - [2024-11-22T11:48:39.747+0000] {override.py:1911} INFO - Created Permission View: can create on DAG Run:example_params_trigger_ui
[2024-11-22T11:48:39.753+0000] {logging_mixin.py:190} INFO - [2024-11-22T11:48:39.753+0000] {override.py:1911} INFO - Created Permission View: can read on DAG Run:example_params_trigger_ui
[2024-11-22T11:48:39.754+0000] {logging_mixin.py:190} INFO - [2024-11-22T11:48:39.754+0000] {dag.py:3239} INFO - Sync 1 DAGs
[2024-11-22T11:48:39.766+0000] {logging_mixin.py:190} INFO - [2024-11-22T11:48:39.765+0000] {dag.py:3262} INFO - Creating ORM DAG for example_params_trigger_ui
[2024-11-22T11:48:39.766+0000] {logging_mixin.py:190} INFO - [2024-11-22T11:48:39.766+0000] {dag.py:4180} INFO - Setting next_dagrun for example_params_trigger_ui to None, run_after=None
[2024-11-22T11:48:39.782+0000] {processor.py:208} INFO - Processing /home/airflow/.local/lib/python3.12/site-packages/airflow/example_dags/example_params_trigger_ui.py took 0.208 seconds
[2024-11-22T11:49:10.458+0000] {processor.py:186} INFO - Started process (PID=158) to work on /home/airflow/.local/lib/python3.12/site-packages/airflow/example_dags/example_params_trigger_ui.py
[2024-11-22T11:49:10.459+0000] {processor.py:914} INFO - Processing file /home/airflow/.local/lib/python3.12/site-packages/airflow/example_dags/example_params_trigger_ui.py for tasks to queue
[2024-11-22T11:49:10.461+0000] {logging_mixin.py:190} INFO - [2024-11-22T11:49:10.461+0000] {dagbag.py:588} INFO - Filling up the DagBag from /home/airflow/.local/lib/python3.12/site-packages/airflow/example_dags/example_params_trigger_ui.py
[2024-11-22T11:49:10.474+0000] {processor.py:925} INFO - DAG(s) 'example_params_trigger_ui' retrieved from /home/airflow/.local/lib/python3.12/site-packages/airflow/example_dags/example_params_trigger_ui.py
[2024-11-22T11:49:10.512+0000] {logging_mixin.py:190} INFO - [2024-11-22T11:49:10.512+0000] {dag.py:3239} INFO - Sync 1 DAGs
[2024-11-22T11:49:10.527+0000] {logging_mixin.py:190} INFO - [2024-11-22T11:49:10.526+0000] {dag.py:4180} INFO - Setting next_dagrun for example_params_trigger_ui to None, run_after=None
[2024-11-22T11:49:10.543+0000] {processor.py:208} INFO - Processing /home/airflow/.local/lib/python3.12/site-packages/airflow/example_dags/example_params_trigger_ui.py took 0.090 seconds
[2024-11-22T11:49:40.948+0000] {processor.py:186} INFO - Started process (PID=221) to work on /home/airflow/.local/lib/python3.12/site-packages/airflow/example_dags/example_params_trigger_ui.py
[2024-11-22T11:49:40.948+0000] {processor.py:914} INFO - Processing file /home/airflow/.local/lib/python3.12/site-packages/airflow/example_dags/example_params_trigger_ui.py for tasks to queue
[2024-11-22T11:49:40.950+0000] {logging_mixin.py:190} INFO - [2024-11-22T11:49:40.950+0000] {dagbag.py:588} INFO - Filling up the DagBag from /home/airflow/.local/lib/python3.12/site-packages/airflow/example_dags/example_params_trigger_ui.py
[2024-11-22T11:49:40.960+0000] {processor.py:925} INFO - DAG(s) 'example_params_trigger_ui' retrieved from /home/airflow/.local/lib/python3.12/site-packages/airflow/example_dags/example_params_trigger_ui.py
[2024-11-22T11:49:40.998+0000] {logging_mixin.py:190} INFO - [2024-11-22T11:49:40.998+0000] {dag.py:3239} INFO - Sync 1 DAGs
[2024-11-22T11:49:41.011+0000] {logging_mixin.py:190} INFO - [2024-11-22T11:49:41.011+0000] {dag.py:4180} INFO - Setting next_dagrun for example_params_trigger_ui to None, run_after=None
[2024-11-22T11:49:41.028+0000] {processor.py:208} INFO - Processing /home/airflow/.local/lib/python3.12/site-packages/airflow/example_dags/example_params_trigger_ui.py took 0.085 seconds
[2024-11-22T11:50:11.946+0000] {processor.py:186} INFO - Started process (PID=284) to work on /home/airflow/.local/lib/python3.12/site-packages/airflow/example_dags/example_params_trigger_ui.py
[2024-11-22T11:50:11.947+0000] {processor.py:914} INFO - Processing file /home/airflow/.local/lib/python3.12/site-packages/airflow/example_dags/example_params_trigger_ui.py for tasks to queue
[2024-11-22T11:50:11.950+0000] {logging_mixin.py:190} INFO - [2024-11-22T11:50:11.950+0000] {dagbag.py:588} INFO - Filling up the DagBag from /home/airflow/.local/lib/python3.12/site-packages/airflow/example_dags/example_params_trigger_ui.py
[2024-11-22T11:50:11.964+0000] {processor.py:925} INFO - DAG(s) 'example_params_trigger_ui' retrieved from /home/airflow/.local/lib/python3.12/site-packages/airflow/example_dags/example_params_trigger_ui.py
[2024-11-22T11:50:12.065+0000] {logging_mixin.py:190} INFO - [2024-11-22T11:50:12.064+0000] {dag.py:3239} INFO - Sync 1 DAGs
[2024-11-22T11:50:12.102+0000] {logging_mixin.py:190} INFO - [2024-11-22T11:50:12.101+0000] {dag.py:4180} INFO - Setting next_dagrun for example_params_trigger_ui to None, run_after=None
[2024-11-22T11:50:12.148+0000] {processor.py:208} INFO - Processing /home/airflow/.local/lib/python3.12/site-packages/airflow/example_dags/example_params_trigger_ui.py took 0.211 seconds
[2024-11-22T11:50:42.320+0000] {processor.py:186} INFO - Started process (PID=347) to work on /home/airflow/.local/lib/python3.12/site-packages/airflow/example_dags/example_params_trigger_ui.py
[2024-11-22T11:50:42.321+0000] {processor.py:914} INFO - Processing file /home/airflow/.local/lib/python3.12/site-packages/airflow/example_dags/example_params_trigger_ui.py for tasks to queue
[2024-11-22T11:50:42.322+0000] {logging_mixin.py:190} INFO - [2024-11-22T11:50:42.322+0000] {dagbag.py:588} INFO - Filling up the DagBag from /home/airflow/.local/lib/python3.12/site-packages/airflow/example_dags/example_params_trigger_ui.py
[2024-11-22T11:50:42.331+0000] {processor.py:925} INFO - DAG(s) 'example_params_trigger_ui' retrieved from /home/airflow/.local/lib/python3.12/site-packages/airflow/example_dags/example_params_trigger_ui.py
[2024-11-22T11:50:42.368+0000] {logging_mixin.py:190} INFO - [2024-11-22T11:50:42.368+0000] {dag.py:3239} INFO - Sync 1 DAGs
[2024-11-22T11:50:42.380+0000] {logging_mixin.py:190} INFO - [2024-11-22T11:50:42.380+0000] {dag.py:4180} INFO - Setting next_dagrun for example_params_trigger_ui to None, run_after=None
[2024-11-22T11:50:42.396+0000] {processor.py:208} INFO - Processing /home/airflow/.local/lib/python3.12/site-packages/airflow/example_dags/example_params_trigger_ui.py took 0.081 seconds
[2024-11-22T11:51:13.346+0000] {processor.py:186} INFO - Started process (PID=410) to work on /home/airflow/.local/lib/python3.12/site-packages/airflow/example_dags/example_params_trigger_ui.py
[2024-11-22T11:51:13.346+0000] {processor.py:914} INFO - Processing file /home/airflow/.local/lib/python3.12/site-packages/airflow/example_dags/example_params_trigger_ui.py for tasks to queue
[2024-11-22T11:51:13.348+0000] {logging_mixin.py:190} INFO - [2024-11-22T11:51:13.348+0000] {dagbag.py:588} INFO - Filling up the DagBag from /home/airflow/.local/lib/python3.12/site-packages/airflow/example_dags/example_params_trigger_ui.py
[2024-11-22T11:51:13.357+0000] {processor.py:925} INFO - DAG(s) 'example_params_trigger_ui' retrieved from /home/airflow/.local/lib/python3.12/site-packages/airflow/example_dags/example_params_trigger_ui.py
[2024-11-22T11:51:13.395+0000] {logging_mixin.py:190} INFO - [2024-11-22T11:51:13.395+0000] {dag.py:3239} INFO - Sync 1 DAGs
[2024-11-22T11:51:13.408+0000] {logging_mixin.py:190} INFO - [2024-11-22T11:51:13.407+0000] {dag.py:4180} INFO - Setting next_dagrun for example_params_trigger_ui to None, run_after=None
[2024-11-22T11:51:13.423+0000] {processor.py:208} INFO - Processing /home/airflow/.local/lib/python3.12/site-packages/airflow/example_dags/example_params_trigger_ui.py took 0.082 seconds
[2024-11-22T11:51:44.248+0000] {processor.py:186} INFO - Started process (PID=473) to work on /home/airflow/.local/lib/python3.12/site-packages/airflow/example_dags/example_params_trigger_ui.py
[2024-11-22T11:51:44.249+0000] {processor.py:914} INFO - Processing file /home/airflow/.local/lib/python3.12/site-packages/airflow/example_dags/example_params_trigger_ui.py for tasks to queue
[2024-11-22T11:51:44.254+0000] {logging_mixin.py:190} INFO - [2024-11-22T11:51:44.253+0000] {dagbag.py:588} INFO - Filling up the DagBag from /home/airflow/.local/lib/python3.12/site-packages/airflow/example_dags/example_params_trigger_ui.py
[2024-11-22T11:51:44.277+0000] {processor.py:925} INFO - DAG(s) 'example_params_trigger_ui' retrieved from /home/airflow/.local/lib/python3.12/site-packages/airflow/example_dags/example_params_trigger_ui.py
[2024-11-22T11:51:44.388+0000] {logging_mixin.py:190} INFO - [2024-11-22T11:51:44.387+0000] {dag.py:3239} INFO - Sync 1 DAGs
[2024-11-22T11:51:44.409+0000] {logging_mixin.py:190} INFO - [2024-11-22T11:51:44.408+0000] {dag.py:4180} INFO - Setting next_dagrun for example_params_trigger_ui to None, run_after=None
[2024-11-22T11:51:44.428+0000] {processor.py:208} INFO - Processing /home/airflow/.local/lib/python3.12/site-packages/airflow/example_dags/example_params_trigger_ui.py took 0.185 seconds
[2024-11-22T11:52:14.541+0000] {processor.py:186} INFO - Started process (PID=536) to work on /home/airflow/.local/lib/python3.12/site-packages/airflow/example_dags/example_params_trigger_ui.py
[2024-11-22T11:52:14.542+0000] {processor.py:914} INFO - Processing file /home/airflow/.local/lib/python3.12/site-packages/airflow/example_dags/example_params_trigger_ui.py for tasks to queue
[2024-11-22T11:52:14.545+0000] {logging_mixin.py:190} INFO - [2024-11-22T11:52:14.545+0000] {dagbag.py:588} INFO - Filling up the DagBag from /home/airflow/.local/lib/python3.12/site-packages/airflow/example_dags/example_params_trigger_ui.py
[2024-11-22T11:52:14.559+0000] {processor.py:925} INFO - DAG(s) 'example_params_trigger_ui' retrieved from /home/airflow/.local/lib/python3.12/site-packages/airflow/example_dags/example_params_trigger_ui.py
[2024-11-22T11:52:14.608+0000] {logging_mixin.py:190} INFO - [2024-11-22T11:52:14.608+0000] {dag.py:3239} INFO - Sync 1 DAGs
[2024-11-22T11:52:14.625+0000] {logging_mixin.py:190} INFO - [2024-11-22T11:52:14.624+0000] {dag.py:4180} INFO - Setting next_dagrun for example_params_trigger_ui to None, run_after=None
[2024-11-22T11:52:14.646+0000] {processor.py:208} INFO - Processing /home/airflow/.local/lib/python3.12/site-packages/airflow/example_dags/example_params_trigger_ui.py took 0.111 seconds
[2024-11-22T11:52:45.219+0000] {processor.py:186} INFO - Started process (PID=599) to work on /home/airflow/.local/lib/python3.12/site-packages/airflow/example_dags/example_params_trigger_ui.py
[2024-11-22T11:52:45.220+0000] {processor.py:914} INFO - Processing file /home/airflow/.local/lib/python3.12/site-packages/airflow/example_dags/example_params_trigger_ui.py for tasks to queue
[2024-11-22T11:52:45.222+0000] {logging_mixin.py:190} INFO - [2024-11-22T11:52:45.221+0000] {dagbag.py:588} INFO - Filling up the DagBag from /home/airflow/.local/lib/python3.12/site-packages/airflow/example_dags/example_params_trigger_ui.py
[2024-11-22T11:52:45.230+0000] {processor.py:925} INFO - DAG(s) 'example_params_trigger_ui' retrieved from /home/airflow/.local/lib/python3.12/site-packages/airflow/example_dags/example_params_trigger_ui.py
[2024-11-22T11:52:45.270+0000] {logging_mixin.py:190} INFO - [2024-11-22T11:52:45.270+0000] {dag.py:3239} INFO - Sync 1 DAGs
[2024-11-22T11:52:45.286+0000] {logging_mixin.py:190} INFO - [2024-11-22T11:52:45.286+0000] {dag.py:4180} INFO - Setting next_dagrun for example_params_trigger_ui to None, run_after=None
[2024-11-22T11:52:45.301+0000] {processor.py:208} INFO - Processing /home/airflow/.local/lib/python3.12/site-packages/airflow/example_dags/example_params_trigger_ui.py took 0.086 seconds
[2024-11-22T11:53:15.508+0000] {processor.py:186} INFO - Started process (PID=662) to work on /home/airflow/.local/lib/python3.12/site-packages/airflow/example_dags/example_params_trigger_ui.py
[2024-11-22T11:53:15.508+0000] {processor.py:914} INFO - Processing file /home/airflow/.local/lib/python3.12/site-packages/airflow/example_dags/example_params_trigger_ui.py for tasks to queue
[2024-11-22T11:53:15.510+0000] {logging_mixin.py:190} INFO - [2024-11-22T11:53:15.510+0000] {dagbag.py:588} INFO - Filling up the DagBag from /home/airflow/.local/lib/python3.12/site-packages/airflow/example_dags/example_params_trigger_ui.py
[2024-11-22T11:53:15.519+0000] {processor.py:925} INFO - DAG(s) 'example_params_trigger_ui' retrieved from /home/airflow/.local/lib/python3.12/site-packages/airflow/example_dags/example_params_trigger_ui.py
[2024-11-22T11:53:15.559+0000] {logging_mixin.py:190} INFO - [2024-11-22T11:53:15.559+0000] {dag.py:3239} INFO - Sync 1 DAGs
[2024-11-22T11:53:15.572+0000] {logging_mixin.py:190} INFO - [2024-11-22T11:53:15.572+0000] {dag.py:4180} INFO - Setting next_dagrun for example_params_trigger_ui to None, run_after=None
[2024-11-22T11:53:15.588+0000] {processor.py:208} INFO - Processing /home/airflow/.local/lib/python3.12/site-packages/airflow/example_dags/example_params_trigger_ui.py took 0.086 seconds
[2024-11-22T11:53:46.383+0000] {processor.py:186} INFO - Started process (PID=725) to work on /home/airflow/.local/lib/python3.12/site-packages/airflow/example_dags/example_params_trigger_ui.py
[2024-11-22T11:53:46.383+0000] {processor.py:914} INFO - Processing file /home/airflow/.local/lib/python3.12/site-packages/airflow/example_dags/example_params_trigger_ui.py for tasks to queue
[2024-11-22T11:53:46.385+0000] {logging_mixin.py:190} INFO - [2024-11-22T11:53:46.385+0000] {dagbag.py:588} INFO - Filling up the DagBag from /home/airflow/.local/lib/python3.12/site-packages/airflow/example_dags/example_params_trigger_ui.py
[2024-11-22T11:53:46.395+0000] {processor.py:925} INFO - DAG(s) 'example_params_trigger_ui' retrieved from /home/airflow/.local/lib/python3.12/site-packages/airflow/example_dags/example_params_trigger_ui.py
[2024-11-22T11:53:46.436+0000] {logging_mixin.py:190} INFO - [2024-11-22T11:53:46.435+0000] {dag.py:3239} INFO - Sync 1 DAGs
[2024-11-22T11:53:46.448+0000] {logging_mixin.py:190} INFO - [2024-11-22T11:53:46.448+0000] {dag.py:4180} INFO - Setting next_dagrun for example_params_trigger_ui to None, run_after=None
[2024-11-22T11:53:46.467+0000] {processor.py:208} INFO - Processing /home/airflow/.local/lib/python3.12/site-packages/airflow/example_dags/example_params_trigger_ui.py took 0.089 seconds
[2024-11-22T11:54:16.742+0000] {processor.py:186} INFO - Started process (PID=788) to work on /home/airflow/.local/lib/python3.12/site-packages/airflow/example_dags/example_params_trigger_ui.py
[2024-11-22T11:54:16.743+0000] {processor.py:914} INFO - Processing file /home/airflow/.local/lib/python3.12/site-packages/airflow/example_dags/example_params_trigger_ui.py for tasks to queue
[2024-11-22T11:54:16.745+0000] {logging_mixin.py:190} INFO - [2024-11-22T11:54:16.745+0000] {dagbag.py:588} INFO - Filling up the DagBag from /home/airflow/.local/lib/python3.12/site-packages/airflow/example_dags/example_params_trigger_ui.py
[2024-11-22T11:54:16.755+0000] {processor.py:925} INFO - DAG(s) 'example_params_trigger_ui' retrieved from /home/airflow/.local/lib/python3.12/site-packages/airflow/example_dags/example_params_trigger_ui.py
[2024-11-22T11:54:16.796+0000] {logging_mixin.py:190} INFO - [2024-11-22T11:54:16.795+0000] {dag.py:3239} INFO - Sync 1 DAGs
[2024-11-22T11:54:16.809+0000] {logging_mixin.py:190} INFO - [2024-11-22T11:54:16.808+0000] {dag.py:4180} INFO - Setting next_dagrun for example_params_trigger_ui to None, run_after=None
[2024-11-22T11:54:16.826+0000] {processor.py:208} INFO - Processing /home/airflow/.local/lib/python3.12/site-packages/airflow/example_dags/example_params_trigger_ui.py took 0.092 seconds
[2024-11-22T11:54:47.412+0000] {processor.py:186} INFO - Started process (PID=851) to work on /home/airflow/.local/lib/python3.12/site-packages/airflow/example_dags/example_params_trigger_ui.py
[2024-11-22T11:54:47.413+0000] {processor.py:914} INFO - Processing file /home/airflow/.local/lib/python3.12/site-packages/airflow/example_dags/example_params_trigger_ui.py for tasks to queue
[2024-11-22T11:54:47.414+0000] {logging_mixin.py:190} INFO - [2024-11-22T11:54:47.414+0000] {dagbag.py:588} INFO - Filling up the DagBag from /home/airflow/.local/lib/python3.12/site-packages/airflow/example_dags/example_params_trigger_ui.py
[2024-11-22T11:54:47.424+0000] {processor.py:925} INFO - DAG(s) 'example_params_trigger_ui' retrieved from /home/airflow/.local/lib/python3.12/site-packages/airflow/example_dags/example_params_trigger_ui.py
[2024-11-22T11:54:47.464+0000] {logging_mixin.py:190} INFO - [2024-11-22T11:54:47.464+0000] {dag.py:3239} INFO - Sync 1 DAGs
[2024-11-22T11:54:47.476+0000] {logging_mixin.py:190} INFO - [2024-11-22T11:54:47.476+0000] {dag.py:4180} INFO - Setting next_dagrun for example_params_trigger_ui to None, run_after=None
[2024-11-22T11:54:47.491+0000] {processor.py:208} INFO - Processing /home/airflow/.local/lib/python3.12/site-packages/airflow/example_dags/example_params_trigger_ui.py took 0.084 seconds
[2024-11-22T11:55:18.104+0000] {processor.py:186} INFO - Started process (PID=914) to work on /home/airflow/.local/lib/python3.12/site-packages/airflow/example_dags/example_params_trigger_ui.py
[2024-11-22T11:55:18.105+0000] {processor.py:914} INFO - Processing file /home/airflow/.local/lib/python3.12/site-packages/airflow/example_dags/example_params_trigger_ui.py for tasks to queue
[2024-11-22T11:55:18.106+0000] {logging_mixin.py:190} INFO - [2024-11-22T11:55:18.106+0000] {dagbag.py:588} INFO - Filling up the DagBag from /home/airflow/.local/lib/python3.12/site-packages/airflow/example_dags/example_params_trigger_ui.py
[2024-11-22T11:55:18.115+0000] {processor.py:925} INFO - DAG(s) 'example_params_trigger_ui' retrieved from /home/airflow/.local/lib/python3.12/site-packages/airflow/example_dags/example_params_trigger_ui.py
[2024-11-22T11:55:18.152+0000] {logging_mixin.py:190} INFO - [2024-11-22T11:55:18.152+0000] {dag.py:3239} INFO - Sync 1 DAGs
[2024-11-22T11:55:18.165+0000] {logging_mixin.py:190} INFO - [2024-11-22T11:55:18.164+0000] {dag.py:4180} INFO - Setting next_dagrun for example_params_trigger_ui to None, run_after=None
[2024-11-22T11:55:18.180+0000] {processor.py:208} INFO - Processing /home/airflow/.local/lib/python3.12/site-packages/airflow/example_dags/example_params_trigger_ui.py took 0.080 seconds
[2024-11-22T11:55:48.371+0000] {processor.py:186} INFO - Started process (PID=977) to work on /home/airflow/.local/lib/python3.12/site-packages/airflow/example_dags/example_params_trigger_ui.py
[2024-11-22T11:55:48.371+0000] {processor.py:914} INFO - Processing file /home/airflow/.local/lib/python3.12/site-packages/airflow/example_dags/example_params_trigger_ui.py for tasks to queue
[2024-11-22T11:55:48.373+0000] {logging_mixin.py:190} INFO - [2024-11-22T11:55:48.373+0000] {dagbag.py:588} INFO - Filling up the DagBag from /home/airflow/.local/lib/python3.12/site-packages/airflow/example_dags/example_params_trigger_ui.py
[2024-11-22T11:55:48.383+0000] {processor.py:925} INFO - DAG(s) 'example_params_trigger_ui' retrieved from /home/airflow/.local/lib/python3.12/site-packages/airflow/example_dags/example_params_trigger_ui.py
[2024-11-22T11:55:48.421+0000] {logging_mixin.py:190} INFO - [2024-11-22T11:55:48.420+0000] {dag.py:3239} INFO - Sync 1 DAGs
[2024-11-22T11:55:48.433+0000] {logging_mixin.py:190} INFO - [2024-11-22T11:55:48.433+0000] {dag.py:4180} INFO - Setting next_dagrun for example_params_trigger_ui to None, run_after=None
[2024-11-22T11:55:48.449+0000] {processor.py:208} INFO - Processing /home/airflow/.local/lib/python3.12/site-packages/airflow/example_dags/example_params_trigger_ui.py took 0.084 seconds
[2024-11-22T11:56:19.399+0000] {processor.py:186} INFO - Started process (PID=1040) to work on /home/airflow/.local/lib/python3.12/site-packages/airflow/example_dags/example_params_trigger_ui.py
[2024-11-22T11:56:19.400+0000] {processor.py:914} INFO - Processing file /home/airflow/.local/lib/python3.12/site-packages/airflow/example_dags/example_params_trigger_ui.py for tasks to queue
[2024-11-22T11:56:19.402+0000] {logging_mixin.py:190} INFO - [2024-11-22T11:56:19.401+0000] {dagbag.py:588} INFO - Filling up the DagBag from /home/airflow/.local/lib/python3.12/site-packages/airflow/example_dags/example_params_trigger_ui.py
[2024-11-22T11:56:19.411+0000] {processor.py:925} INFO - DAG(s) 'example_params_trigger_ui' retrieved from /home/airflow/.local/lib/python3.12/site-packages/airflow/example_dags/example_params_trigger_ui.py
[2024-11-22T11:56:19.451+0000] {logging_mixin.py:190} INFO - [2024-11-22T11:56:19.451+0000] {dag.py:3239} INFO - Sync 1 DAGs
[2024-11-22T11:56:19.463+0000] {logging_mixin.py:190} INFO - [2024-11-22T11:56:19.463+0000] {dag.py:4180} INFO - Setting next_dagrun for example_params_trigger_ui to None, run_after=None
[2024-11-22T11:56:19.479+0000] {processor.py:208} INFO - Processing /home/airflow/.local/lib/python3.12/site-packages/airflow/example_dags/example_params_trigger_ui.py took 0.085 seconds
[2024-11-22T11:56:49.732+0000] {processor.py:186} INFO - Started process (PID=1103) to work on /home/airflow/.local/lib/python3.12/site-packages/airflow/example_dags/example_params_trigger_ui.py
[2024-11-22T11:56:49.733+0000] {processor.py:914} INFO - Processing file /home/airflow/.local/lib/python3.12/site-packages/airflow/example_dags/example_params_trigger_ui.py for tasks to queue
[2024-11-22T11:56:49.736+0000] {logging_mixin.py:190} INFO - [2024-11-22T11:56:49.736+0000] {dagbag.py:588} INFO - Filling up the DagBag from /home/airflow/.local/lib/python3.12/site-packages/airflow/example_dags/example_params_trigger_ui.py
[2024-11-22T11:56:49.748+0000] {processor.py:925} INFO - DAG(s) 'example_params_trigger_ui' retrieved from /home/airflow/.local/lib/python3.12/site-packages/airflow/example_dags/example_params_trigger_ui.py
[2024-11-22T11:56:49.802+0000] {logging_mixin.py:190} INFO - [2024-11-22T11:56:49.802+0000] {dag.py:3239} INFO - Sync 1 DAGs
[2024-11-22T11:56:49.821+0000] {logging_mixin.py:190} INFO - [2024-11-22T11:56:49.821+0000] {dag.py:4180} INFO - Setting next_dagrun for example_params_trigger_ui to None, run_after=None
[2024-11-22T11:56:49.838+0000] {processor.py:208} INFO - Processing /home/airflow/.local/lib/python3.12/site-packages/airflow/example_dags/example_params_trigger_ui.py took 0.113 seconds
