[2024-11-22T11:48:44.416+0000] {processor.py:186} INFO - Started process (PID=115) to work on /home/airflow/.local/lib/python3.12/site-packages/airflow/example_dags/example_bash_operator.py
[2024-11-22T11:48:44.417+0000] {processor.py:914} INFO - Processing file /home/airflow/.local/lib/python3.12/site-packages/airflow/example_dags/example_bash_operator.py for tasks to queue
[2024-11-22T11:48:44.423+0000] {logging_mixin.py:190} INFO - [2024-11-22T11:48:44.422+0000] {dagbag.py:588} INFO - Filling up the DagBag from /home/airflow/.local/lib/python3.12/site-packages/airflow/example_dags/example_bash_operator.py
[2024-11-22T11:48:44.446+0000] {processor.py:925} INFO - DAG(s) 'example_bash_operator' retrieved from /home/airflow/.local/lib/python3.12/site-packages/airflow/example_dags/example_bash_operator.py
[2024-11-22T11:48:44.571+0000] {logging_mixin.py:190} INFO - [2024-11-22T11:48:44.570+0000] {override.py:1911} INFO - Created Permission View: can delete on DAG:example_bash_operator
[2024-11-22T11:48:44.586+0000] {logging_mixin.py:190} INFO - [2024-11-22T11:48:44.585+0000] {override.py:1911} INFO - Created Permission View: can edit on DAG:example_bash_operator
[2024-11-22T11:48:44.592+0000] {logging_mixin.py:190} INFO - [2024-11-22T11:48:44.591+0000] {override.py:1911} INFO - Created Permission View: can read on DAG:example_bash_operator
[2024-11-22T11:48:44.598+0000] {logging_mixin.py:190} INFO - [2024-11-22T11:48:44.597+0000] {override.py:1911} INFO - Created Permission View: can delete on DAG Run:example_bash_operator
[2024-11-22T11:48:44.604+0000] {logging_mixin.py:190} INFO - [2024-11-22T11:48:44.603+0000] {override.py:1911} INFO - Created Permission View: menu access on DAG Run:example_bash_operator
[2024-11-22T11:48:44.610+0000] {logging_mixin.py:190} INFO - [2024-11-22T11:48:44.609+0000] {override.py:1911} INFO - Created Permission View: can create on DAG Run:example_bash_operator
[2024-11-22T11:48:44.616+0000] {logging_mixin.py:190} INFO - [2024-11-22T11:48:44.616+0000] {override.py:1911} INFO - Created Permission View: can read on DAG Run:example_bash_operator
[2024-11-22T11:48:44.616+0000] {logging_mixin.py:190} INFO - [2024-11-22T11:48:44.616+0000] {dag.py:3239} INFO - Sync 1 DAGs
[2024-11-22T11:48:44.632+0000] {logging_mixin.py:190} INFO - [2024-11-22T11:48:44.631+0000] {dag.py:3262} INFO - Creating ORM DAG for example_bash_operator
[2024-11-22T11:48:44.645+0000] {logging_mixin.py:190} INFO - [2024-11-22T11:48:44.645+0000] {dag.py:4180} INFO - Setting next_dagrun for example_bash_operator to 2024-11-21 00:00:00+00:00, run_after=2024-11-22 00:00:00+00:00
[2024-11-22T11:48:44.663+0000] {processor.py:208} INFO - Processing /home/airflow/.local/lib/python3.12/site-packages/airflow/example_dags/example_bash_operator.py took 0.256 seconds
[2024-11-22T11:49:15.246+0000] {processor.py:186} INFO - Started process (PID=178) to work on /home/airflow/.local/lib/python3.12/site-packages/airflow/example_dags/example_bash_operator.py
[2024-11-22T11:49:15.246+0000] {processor.py:914} INFO - Processing file /home/airflow/.local/lib/python3.12/site-packages/airflow/example_dags/example_bash_operator.py for tasks to queue
[2024-11-22T11:49:15.248+0000] {logging_mixin.py:190} INFO - [2024-11-22T11:49:15.248+0000] {dagbag.py:588} INFO - Filling up the DagBag from /home/airflow/.local/lib/python3.12/site-packages/airflow/example_dags/example_bash_operator.py
[2024-11-22T11:49:15.258+0000] {processor.py:925} INFO - DAG(s) 'example_bash_operator' retrieved from /home/airflow/.local/lib/python3.12/site-packages/airflow/example_dags/example_bash_operator.py
[2024-11-22T11:49:15.280+0000] {logging_mixin.py:190} INFO - [2024-11-22T11:49:15.280+0000] {dag.py:3239} INFO - Sync 1 DAGs
[2024-11-22T11:49:15.301+0000] {logging_mixin.py:190} INFO - [2024-11-22T11:49:15.301+0000] {dag.py:4180} INFO - Setting next_dagrun for example_bash_operator to 2024-11-21 00:00:00+00:00, run_after=2024-11-22 00:00:00+00:00
[2024-11-22T11:49:15.317+0000] {processor.py:208} INFO - Processing /home/airflow/.local/lib/python3.12/site-packages/airflow/example_dags/example_bash_operator.py took 0.076 seconds
[2024-11-22T11:49:45.606+0000] {processor.py:186} INFO - Started process (PID=240) to work on /home/airflow/.local/lib/python3.12/site-packages/airflow/example_dags/example_bash_operator.py
[2024-11-22T11:49:45.607+0000] {processor.py:914} INFO - Processing file /home/airflow/.local/lib/python3.12/site-packages/airflow/example_dags/example_bash_operator.py for tasks to queue
[2024-11-22T11:49:45.609+0000] {logging_mixin.py:190} INFO - [2024-11-22T11:49:45.608+0000] {dagbag.py:588} INFO - Filling up the DagBag from /home/airflow/.local/lib/python3.12/site-packages/airflow/example_dags/example_bash_operator.py
[2024-11-22T11:49:45.619+0000] {processor.py:925} INFO - DAG(s) 'example_bash_operator' retrieved from /home/airflow/.local/lib/python3.12/site-packages/airflow/example_dags/example_bash_operator.py
[2024-11-22T11:49:45.640+0000] {logging_mixin.py:190} INFO - [2024-11-22T11:49:45.640+0000] {dag.py:3239} INFO - Sync 1 DAGs
[2024-11-22T11:49:45.659+0000] {logging_mixin.py:190} INFO - [2024-11-22T11:49:45.659+0000] {dag.py:4180} INFO - Setting next_dagrun for example_bash_operator to 2024-11-21 00:00:00+00:00, run_after=2024-11-22 00:00:00+00:00
[2024-11-22T11:49:45.675+0000] {processor.py:208} INFO - Processing /home/airflow/.local/lib/python3.12/site-packages/airflow/example_dags/example_bash_operator.py took 0.073 seconds
[2024-11-22T11:50:17.344+0000] {processor.py:186} INFO - Started process (PID=304) to work on /home/airflow/.local/lib/python3.12/site-packages/airflow/example_dags/example_bash_operator.py
[2024-11-22T11:50:17.345+0000] {processor.py:914} INFO - Processing file /home/airflow/.local/lib/python3.12/site-packages/airflow/example_dags/example_bash_operator.py for tasks to queue
[2024-11-22T11:50:17.348+0000] {logging_mixin.py:190} INFO - [2024-11-22T11:50:17.347+0000] {dagbag.py:588} INFO - Filling up the DagBag from /home/airflow/.local/lib/python3.12/site-packages/airflow/example_dags/example_bash_operator.py
[2024-11-22T11:50:17.369+0000] {processor.py:925} INFO - DAG(s) 'example_bash_operator' retrieved from /home/airflow/.local/lib/python3.12/site-packages/airflow/example_dags/example_bash_operator.py
[2024-11-22T11:50:17.407+0000] {logging_mixin.py:190} INFO - [2024-11-22T11:50:17.406+0000] {dag.py:3239} INFO - Sync 1 DAGs
[2024-11-22T11:50:17.432+0000] {logging_mixin.py:190} INFO - [2024-11-22T11:50:17.432+0000] {dag.py:4180} INFO - Setting next_dagrun for example_bash_operator to 2024-11-21 00:00:00+00:00, run_after=2024-11-22 00:00:00+00:00
[2024-11-22T11:50:17.448+0000] {processor.py:208} INFO - Processing /home/airflow/.local/lib/python3.12/site-packages/airflow/example_dags/example_bash_operator.py took 0.111 seconds
[2024-11-22T11:50:48.751+0000] {processor.py:186} INFO - Started process (PID=367) to work on /home/airflow/.local/lib/python3.12/site-packages/airflow/example_dags/example_bash_operator.py
[2024-11-22T11:50:48.752+0000] {processor.py:914} INFO - Processing file /home/airflow/.local/lib/python3.12/site-packages/airflow/example_dags/example_bash_operator.py for tasks to queue
[2024-11-22T11:50:48.754+0000] {logging_mixin.py:190} INFO - [2024-11-22T11:50:48.754+0000] {dagbag.py:588} INFO - Filling up the DagBag from /home/airflow/.local/lib/python3.12/site-packages/airflow/example_dags/example_bash_operator.py
[2024-11-22T11:50:48.768+0000] {processor.py:925} INFO - DAG(s) 'example_bash_operator' retrieved from /home/airflow/.local/lib/python3.12/site-packages/airflow/example_dags/example_bash_operator.py
[2024-11-22T11:50:48.797+0000] {logging_mixin.py:190} INFO - [2024-11-22T11:50:48.796+0000] {dag.py:3239} INFO - Sync 1 DAGs
[2024-11-22T11:50:48.821+0000] {logging_mixin.py:190} INFO - [2024-11-22T11:50:48.821+0000] {dag.py:4180} INFO - Setting next_dagrun for example_bash_operator to 2024-11-21 00:00:00+00:00, run_after=2024-11-22 00:00:00+00:00
[2024-11-22T11:50:48.837+0000] {processor.py:208} INFO - Processing /home/airflow/.local/lib/python3.12/site-packages/airflow/example_dags/example_bash_operator.py took 0.092 seconds
[2024-11-22T11:51:19.892+0000] {processor.py:186} INFO - Started process (PID=430) to work on /home/airflow/.local/lib/python3.12/site-packages/airflow/example_dags/example_bash_operator.py
[2024-11-22T11:51:19.893+0000] {processor.py:914} INFO - Processing file /home/airflow/.local/lib/python3.12/site-packages/airflow/example_dags/example_bash_operator.py for tasks to queue
[2024-11-22T11:51:19.896+0000] {logging_mixin.py:190} INFO - [2024-11-22T11:51:19.895+0000] {dagbag.py:588} INFO - Filling up the DagBag from /home/airflow/.local/lib/python3.12/site-packages/airflow/example_dags/example_bash_operator.py
[2024-11-22T11:51:19.909+0000] {processor.py:925} INFO - DAG(s) 'example_bash_operator' retrieved from /home/airflow/.local/lib/python3.12/site-packages/airflow/example_dags/example_bash_operator.py
[2024-11-22T11:51:19.933+0000] {logging_mixin.py:190} INFO - [2024-11-22T11:51:19.933+0000] {dag.py:3239} INFO - Sync 1 DAGs
[2024-11-22T11:51:19.956+0000] {logging_mixin.py:190} INFO - [2024-11-22T11:51:19.956+0000] {dag.py:4180} INFO - Setting next_dagrun for example_bash_operator to 2024-11-21 00:00:00+00:00, run_after=2024-11-22 00:00:00+00:00
[2024-11-22T11:51:19.973+0000] {processor.py:208} INFO - Processing /home/airflow/.local/lib/python3.12/site-packages/airflow/example_dags/example_bash_operator.py took 0.087 seconds
[2024-11-22T11:51:50.249+0000] {processor.py:186} INFO - Started process (PID=492) to work on /home/airflow/.local/lib/python3.12/site-packages/airflow/example_dags/example_bash_operator.py
[2024-11-22T11:51:50.250+0000] {processor.py:914} INFO - Processing file /home/airflow/.local/lib/python3.12/site-packages/airflow/example_dags/example_bash_operator.py for tasks to queue
[2024-11-22T11:51:50.252+0000] {logging_mixin.py:190} INFO - [2024-11-22T11:51:50.251+0000] {dagbag.py:588} INFO - Filling up the DagBag from /home/airflow/.local/lib/python3.12/site-packages/airflow/example_dags/example_bash_operator.py
[2024-11-22T11:51:50.263+0000] {processor.py:925} INFO - DAG(s) 'example_bash_operator' retrieved from /home/airflow/.local/lib/python3.12/site-packages/airflow/example_dags/example_bash_operator.py
[2024-11-22T11:51:50.286+0000] {logging_mixin.py:190} INFO - [2024-11-22T11:51:50.286+0000] {dag.py:3239} INFO - Sync 1 DAGs
[2024-11-22T11:51:50.310+0000] {logging_mixin.py:190} INFO - [2024-11-22T11:51:50.310+0000] {dag.py:4180} INFO - Setting next_dagrun for example_bash_operator to 2024-11-21 00:00:00+00:00, run_after=2024-11-22 00:00:00+00:00
[2024-11-22T11:51:50.334+0000] {processor.py:208} INFO - Processing /home/airflow/.local/lib/python3.12/site-packages/airflow/example_dags/example_bash_operator.py took 0.090 seconds
[2024-11-22T11:52:22.180+0000] {processor.py:186} INFO - Started process (PID=556) to work on /home/airflow/.local/lib/python3.12/site-packages/airflow/example_dags/example_bash_operator.py
[2024-11-22T11:52:22.181+0000] {processor.py:914} INFO - Processing file /home/airflow/.local/lib/python3.12/site-packages/airflow/example_dags/example_bash_operator.py for tasks to queue
[2024-11-22T11:52:22.183+0000] {logging_mixin.py:190} INFO - [2024-11-22T11:52:22.183+0000] {dagbag.py:588} INFO - Filling up the DagBag from /home/airflow/.local/lib/python3.12/site-packages/airflow/example_dags/example_bash_operator.py
[2024-11-22T11:52:22.194+0000] {processor.py:925} INFO - DAG(s) 'example_bash_operator' retrieved from /home/airflow/.local/lib/python3.12/site-packages/airflow/example_dags/example_bash_operator.py
[2024-11-22T11:52:22.218+0000] {logging_mixin.py:190} INFO - [2024-11-22T11:52:22.217+0000] {dag.py:3239} INFO - Sync 1 DAGs
[2024-11-22T11:52:22.238+0000] {logging_mixin.py:190} INFO - [2024-11-22T11:52:22.238+0000] {dag.py:4180} INFO - Setting next_dagrun for example_bash_operator to 2024-11-21 00:00:00+00:00, run_after=2024-11-22 00:00:00+00:00
[2024-11-22T11:52:22.254+0000] {processor.py:208} INFO - Processing /home/airflow/.local/lib/python3.12/site-packages/airflow/example_dags/example_bash_operator.py took 0.079 seconds
[2024-11-22T11:52:54.116+0000] {processor.py:186} INFO - Started process (PID=619) to work on /home/airflow/.local/lib/python3.12/site-packages/airflow/example_dags/example_bash_operator.py
[2024-11-22T11:52:54.118+0000] {processor.py:914} INFO - Processing file /home/airflow/.local/lib/python3.12/site-packages/airflow/example_dags/example_bash_operator.py for tasks to queue
[2024-11-22T11:52:54.122+0000] {logging_mixin.py:190} INFO - [2024-11-22T11:52:54.122+0000] {dagbag.py:588} INFO - Filling up the DagBag from /home/airflow/.local/lib/python3.12/site-packages/airflow/example_dags/example_bash_operator.py
[2024-11-22T11:52:54.146+0000] {processor.py:925} INFO - DAG(s) 'example_bash_operator' retrieved from /home/airflow/.local/lib/python3.12/site-packages/airflow/example_dags/example_bash_operator.py
[2024-11-22T11:52:54.214+0000] {logging_mixin.py:190} INFO - [2024-11-22T11:52:54.213+0000] {dag.py:3239} INFO - Sync 1 DAGs
[2024-11-22T11:52:54.243+0000] {logging_mixin.py:190} INFO - [2024-11-22T11:52:54.243+0000] {dag.py:4180} INFO - Setting next_dagrun for example_bash_operator to 2024-11-21 00:00:00+00:00, run_after=2024-11-22 00:00:00+00:00
[2024-11-22T11:52:54.269+0000] {processor.py:208} INFO - Processing /home/airflow/.local/lib/python3.12/site-packages/airflow/example_dags/example_bash_operator.py took 0.159 seconds
[2024-11-22T11:53:24.573+0000] {processor.py:186} INFO - Started process (PID=681) to work on /home/airflow/.local/lib/python3.12/site-packages/airflow/example_dags/example_bash_operator.py
[2024-11-22T11:53:24.574+0000] {processor.py:914} INFO - Processing file /home/airflow/.local/lib/python3.12/site-packages/airflow/example_dags/example_bash_operator.py for tasks to queue
[2024-11-22T11:53:24.577+0000] {logging_mixin.py:190} INFO - [2024-11-22T11:53:24.577+0000] {dagbag.py:588} INFO - Filling up the DagBag from /home/airflow/.local/lib/python3.12/site-packages/airflow/example_dags/example_bash_operator.py
[2024-11-22T11:53:24.592+0000] {processor.py:925} INFO - DAG(s) 'example_bash_operator' retrieved from /home/airflow/.local/lib/python3.12/site-packages/airflow/example_dags/example_bash_operator.py
[2024-11-22T11:53:24.635+0000] {logging_mixin.py:190} INFO - [2024-11-22T11:53:24.634+0000] {dag.py:3239} INFO - Sync 1 DAGs
[2024-11-22T11:53:24.684+0000] {logging_mixin.py:190} INFO - [2024-11-22T11:53:24.683+0000] {dag.py:4180} INFO - Setting next_dagrun for example_bash_operator to 2024-11-21 00:00:00+00:00, run_after=2024-11-22 00:00:00+00:00
[2024-11-22T11:53:24.710+0000] {processor.py:208} INFO - Processing /home/airflow/.local/lib/python3.12/site-packages/airflow/example_dags/example_bash_operator.py took 0.145 seconds
[2024-11-22T11:53:56.581+0000] {processor.py:186} INFO - Started process (PID=745) to work on /home/airflow/.local/lib/python3.12/site-packages/airflow/example_dags/example_bash_operator.py
[2024-11-22T11:53:56.583+0000] {processor.py:914} INFO - Processing file /home/airflow/.local/lib/python3.12/site-packages/airflow/example_dags/example_bash_operator.py for tasks to queue
[2024-11-22T11:53:56.590+0000] {logging_mixin.py:190} INFO - [2024-11-22T11:53:56.589+0000] {dagbag.py:588} INFO - Filling up the DagBag from /home/airflow/.local/lib/python3.12/site-packages/airflow/example_dags/example_bash_operator.py
[2024-11-22T11:53:56.635+0000] {processor.py:925} INFO - DAG(s) 'example_bash_operator' retrieved from /home/airflow/.local/lib/python3.12/site-packages/airflow/example_dags/example_bash_operator.py
[2024-11-22T11:53:56.732+0000] {logging_mixin.py:190} INFO - [2024-11-22T11:53:56.731+0000] {dag.py:3239} INFO - Sync 1 DAGs
[2024-11-22T11:53:56.773+0000] {logging_mixin.py:190} INFO - [2024-11-22T11:53:56.773+0000] {dag.py:4180} INFO - Setting next_dagrun for example_bash_operator to 2024-11-21 00:00:00+00:00, run_after=2024-11-22 00:00:00+00:00
[2024-11-22T11:53:56.793+0000] {processor.py:208} INFO - Processing /home/airflow/.local/lib/python3.12/site-packages/airflow/example_dags/example_bash_operator.py took 0.221 seconds
[2024-11-22T11:54:27.474+0000] {processor.py:186} INFO - Started process (PID=808) to work on /home/airflow/.local/lib/python3.12/site-packages/airflow/example_dags/example_bash_operator.py
[2024-11-22T11:54:27.475+0000] {processor.py:914} INFO - Processing file /home/airflow/.local/lib/python3.12/site-packages/airflow/example_dags/example_bash_operator.py for tasks to queue
[2024-11-22T11:54:27.477+0000] {logging_mixin.py:190} INFO - [2024-11-22T11:54:27.476+0000] {dagbag.py:588} INFO - Filling up the DagBag from /home/airflow/.local/lib/python3.12/site-packages/airflow/example_dags/example_bash_operator.py
[2024-11-22T11:54:27.487+0000] {processor.py:925} INFO - DAG(s) 'example_bash_operator' retrieved from /home/airflow/.local/lib/python3.12/site-packages/airflow/example_dags/example_bash_operator.py
[2024-11-22T11:54:27.510+0000] {logging_mixin.py:190} INFO - [2024-11-22T11:54:27.509+0000] {dag.py:3239} INFO - Sync 1 DAGs
[2024-11-22T11:54:27.531+0000] {logging_mixin.py:190} INFO - [2024-11-22T11:54:27.530+0000] {dag.py:4180} INFO - Setting next_dagrun for example_bash_operator to 2024-11-21 00:00:00+00:00, run_after=2024-11-22 00:00:00+00:00
[2024-11-22T11:54:27.553+0000] {processor.py:208} INFO - Processing /home/airflow/.local/lib/python3.12/site-packages/airflow/example_dags/example_bash_operator.py took 0.083 seconds
[2024-11-22T11:54:58.395+0000] {processor.py:186} INFO - Started process (PID=871) to work on /home/airflow/.local/lib/python3.12/site-packages/airflow/example_dags/example_bash_operator.py
[2024-11-22T11:54:58.397+0000] {processor.py:914} INFO - Processing file /home/airflow/.local/lib/python3.12/site-packages/airflow/example_dags/example_bash_operator.py for tasks to queue
[2024-11-22T11:54:58.401+0000] {logging_mixin.py:190} INFO - [2024-11-22T11:54:58.401+0000] {dagbag.py:588} INFO - Filling up the DagBag from /home/airflow/.local/lib/python3.12/site-packages/airflow/example_dags/example_bash_operator.py
[2024-11-22T11:54:58.416+0000] {processor.py:925} INFO - DAG(s) 'example_bash_operator' retrieved from /home/airflow/.local/lib/python3.12/site-packages/airflow/example_dags/example_bash_operator.py
[2024-11-22T11:54:58.441+0000] {logging_mixin.py:190} INFO - [2024-11-22T11:54:58.441+0000] {dag.py:3239} INFO - Sync 1 DAGs
[2024-11-22T11:54:58.462+0000] {logging_mixin.py:190} INFO - [2024-11-22T11:54:58.462+0000] {dag.py:4180} INFO - Setting next_dagrun for example_bash_operator to 2024-11-21 00:00:00+00:00, run_after=2024-11-22 00:00:00+00:00
[2024-11-22T11:54:58.480+0000] {processor.py:208} INFO - Processing /home/airflow/.local/lib/python3.12/site-packages/airflow/example_dags/example_bash_operator.py took 0.094 seconds
[2024-11-22T11:55:29.283+0000] {processor.py:186} INFO - Started process (PID=934) to work on /home/airflow/.local/lib/python3.12/site-packages/airflow/example_dags/example_bash_operator.py
[2024-11-22T11:55:29.284+0000] {processor.py:914} INFO - Processing file /home/airflow/.local/lib/python3.12/site-packages/airflow/example_dags/example_bash_operator.py for tasks to queue
[2024-11-22T11:55:29.285+0000] {logging_mixin.py:190} INFO - [2024-11-22T11:55:29.285+0000] {dagbag.py:588} INFO - Filling up the DagBag from /home/airflow/.local/lib/python3.12/site-packages/airflow/example_dags/example_bash_operator.py
[2024-11-22T11:55:29.296+0000] {processor.py:925} INFO - DAG(s) 'example_bash_operator' retrieved from /home/airflow/.local/lib/python3.12/site-packages/airflow/example_dags/example_bash_operator.py
[2024-11-22T11:55:29.318+0000] {logging_mixin.py:190} INFO - [2024-11-22T11:55:29.318+0000] {dag.py:3239} INFO - Sync 1 DAGs
[2024-11-22T11:55:29.338+0000] {logging_mixin.py:190} INFO - [2024-11-22T11:55:29.338+0000] {dag.py:4180} INFO - Setting next_dagrun for example_bash_operator to 2024-11-21 00:00:00+00:00, run_after=2024-11-22 00:00:00+00:00
[2024-11-22T11:55:29.352+0000] {processor.py:208} INFO - Processing /home/airflow/.local/lib/python3.12/site-packages/airflow/example_dags/example_bash_operator.py took 0.074 seconds
[2024-11-22T11:56:00.289+0000] {processor.py:186} INFO - Started process (PID=997) to work on /home/airflow/.local/lib/python3.12/site-packages/airflow/example_dags/example_bash_operator.py
[2024-11-22T11:56:00.289+0000] {processor.py:914} INFO - Processing file /home/airflow/.local/lib/python3.12/site-packages/airflow/example_dags/example_bash_operator.py for tasks to queue
[2024-11-22T11:56:00.291+0000] {logging_mixin.py:190} INFO - [2024-11-22T11:56:00.291+0000] {dagbag.py:588} INFO - Filling up the DagBag from /home/airflow/.local/lib/python3.12/site-packages/airflow/example_dags/example_bash_operator.py
[2024-11-22T11:56:00.303+0000] {processor.py:925} INFO - DAG(s) 'example_bash_operator' retrieved from /home/airflow/.local/lib/python3.12/site-packages/airflow/example_dags/example_bash_operator.py
[2024-11-22T11:56:00.327+0000] {logging_mixin.py:190} INFO - [2024-11-22T11:56:00.327+0000] {dag.py:3239} INFO - Sync 1 DAGs
[2024-11-22T11:56:00.348+0000] {logging_mixin.py:190} INFO - [2024-11-22T11:56:00.347+0000] {dag.py:4180} INFO - Setting next_dagrun for example_bash_operator to 2024-11-21 00:00:00+00:00, run_after=2024-11-22 00:00:00+00:00
[2024-11-22T11:56:00.363+0000] {processor.py:208} INFO - Processing /home/airflow/.local/lib/python3.12/site-packages/airflow/example_dags/example_bash_operator.py took 0.079 seconds
[2024-11-22T11:56:31.296+0000] {processor.py:186} INFO - Started process (PID=1060) to work on /home/airflow/.local/lib/python3.12/site-packages/airflow/example_dags/example_bash_operator.py
[2024-11-22T11:56:31.297+0000] {processor.py:914} INFO - Processing file /home/airflow/.local/lib/python3.12/site-packages/airflow/example_dags/example_bash_operator.py for tasks to queue
[2024-11-22T11:56:31.300+0000] {logging_mixin.py:190} INFO - [2024-11-22T11:56:31.299+0000] {dagbag.py:588} INFO - Filling up the DagBag from /home/airflow/.local/lib/python3.12/site-packages/airflow/example_dags/example_bash_operator.py
[2024-11-22T11:56:31.318+0000] {processor.py:925} INFO - DAG(s) 'example_bash_operator' retrieved from /home/airflow/.local/lib/python3.12/site-packages/airflow/example_dags/example_bash_operator.py
[2024-11-22T11:56:31.354+0000] {logging_mixin.py:190} INFO - [2024-11-22T11:56:31.354+0000] {dag.py:3239} INFO - Sync 1 DAGs
[2024-11-22T11:56:31.385+0000] {logging_mixin.py:190} INFO - [2024-11-22T11:56:31.385+0000] {dag.py:4180} INFO - Setting next_dagrun for example_bash_operator to 2024-11-21 00:00:00+00:00, run_after=2024-11-22 00:00:00+00:00
[2024-11-22T11:56:31.405+0000] {processor.py:208} INFO - Processing /home/airflow/.local/lib/python3.12/site-packages/airflow/example_dags/example_bash_operator.py took 0.117 seconds
[2024-11-22T11:57:02.183+0000] {processor.py:186} INFO - Started process (PID=1123) to work on /home/airflow/.local/lib/python3.12/site-packages/airflow/example_dags/example_bash_operator.py
[2024-11-22T11:57:02.184+0000] {processor.py:914} INFO - Processing file /home/airflow/.local/lib/python3.12/site-packages/airflow/example_dags/example_bash_operator.py for tasks to queue
[2024-11-22T11:57:02.186+0000] {logging_mixin.py:190} INFO - [2024-11-22T11:57:02.185+0000] {dagbag.py:588} INFO - Filling up the DagBag from /home/airflow/.local/lib/python3.12/site-packages/airflow/example_dags/example_bash_operator.py
[2024-11-22T11:57:02.196+0000] {processor.py:925} INFO - DAG(s) 'example_bash_operator' retrieved from /home/airflow/.local/lib/python3.12/site-packages/airflow/example_dags/example_bash_operator.py
[2024-11-22T11:57:02.219+0000] {logging_mixin.py:190} INFO - [2024-11-22T11:57:02.218+0000] {dag.py:3239} INFO - Sync 1 DAGs
[2024-11-22T11:57:02.238+0000] {logging_mixin.py:190} INFO - [2024-11-22T11:57:02.238+0000] {dag.py:4180} INFO - Setting next_dagrun for example_bash_operator to 2024-11-21 00:00:00+00:00, run_after=2024-11-22 00:00:00+00:00
[2024-11-22T11:57:02.252+0000] {processor.py:208} INFO - Processing /home/airflow/.local/lib/python3.12/site-packages/airflow/example_dags/example_bash_operator.py took 0.074 seconds
