[2024-11-22T11:48:42.031+0000] {processor.py:186} INFO - Started process (PID=105) to work on /home/airflow/.local/lib/python3.12/site-packages/airflow/example_dags/example_dataset_alias_with_no_taskflow.py
[2024-11-22T11:48:42.032+0000] {processor.py:914} INFO - Processing file /home/airflow/.local/lib/python3.12/site-packages/airflow/example_dags/example_dataset_alias_with_no_taskflow.py for tasks to queue
[2024-11-22T11:48:42.034+0000] {logging_mixin.py:190} INFO - [2024-11-22T11:48:42.034+0000] {dagbag.py:588} INFO - Filling up the DagBag from /home/airflow/.local/lib/python3.12/site-packages/airflow/example_dags/example_dataset_alias_with_no_taskflow.py
[2024-11-22T11:48:42.664+0000] {processor.py:925} INFO - DAG(s) 'dataset_alias_example_alias_producer_with_no_taskflow', 'dataset_alias_example_alias_consumer_with_no_taskflow', 'dataset_s3_bucket_producer_with_no_taskflow', 'dataset_s3_bucket_consumer_with_no_taskflow' retrieved from /home/airflow/.local/lib/python3.12/site-packages/airflow/example_dags/example_dataset_alias_with_no_taskflow.py
[2024-11-22T11:48:42.764+0000] {logging_mixin.py:190} INFO - [2024-11-22T11:48:42.763+0000] {override.py:1911} INFO - Created Permission View: can delete on DAG:dataset_alias_example_alias_producer_with_no_taskflow
[2024-11-22T11:48:42.774+0000] {logging_mixin.py:190} INFO - [2024-11-22T11:48:42.774+0000] {override.py:1911} INFO - Created Permission View: can edit on DAG:dataset_alias_example_alias_producer_with_no_taskflow
[2024-11-22T11:48:42.780+0000] {logging_mixin.py:190} INFO - [2024-11-22T11:48:42.780+0000] {override.py:1911} INFO - Created Permission View: can read on DAG:dataset_alias_example_alias_producer_with_no_taskflow
[2024-11-22T11:48:42.786+0000] {logging_mixin.py:190} INFO - [2024-11-22T11:48:42.786+0000] {override.py:1911} INFO - Created Permission View: can delete on DAG Run:dataset_alias_example_alias_producer_with_no_taskflow
[2024-11-22T11:48:42.792+0000] {logging_mixin.py:190} INFO - [2024-11-22T11:48:42.791+0000] {override.py:1911} INFO - Created Permission View: menu access on DAG Run:dataset_alias_example_alias_producer_with_no_taskflow
[2024-11-22T11:48:42.797+0000] {logging_mixin.py:190} INFO - [2024-11-22T11:48:42.797+0000] {override.py:1911} INFO - Created Permission View: can create on DAG Run:dataset_alias_example_alias_producer_with_no_taskflow
[2024-11-22T11:48:42.802+0000] {logging_mixin.py:190} INFO - [2024-11-22T11:48:42.802+0000] {override.py:1911} INFO - Created Permission View: can read on DAG Run:dataset_alias_example_alias_producer_with_no_taskflow
[2024-11-22T11:48:42.813+0000] {logging_mixin.py:190} INFO - [2024-11-22T11:48:42.813+0000] {override.py:1911} INFO - Created Permission View: can delete on DAG:dataset_alias_example_alias_consumer_with_no_taskflow
[2024-11-22T11:48:42.822+0000] {logging_mixin.py:190} INFO - [2024-11-22T11:48:42.821+0000] {override.py:1911} INFO - Created Permission View: can edit on DAG:dataset_alias_example_alias_consumer_with_no_taskflow
[2024-11-22T11:48:42.833+0000] {logging_mixin.py:190} INFO - [2024-11-22T11:48:42.832+0000] {override.py:1911} INFO - Created Permission View: can read on DAG:dataset_alias_example_alias_consumer_with_no_taskflow
[2024-11-22T11:48:42.845+0000] {logging_mixin.py:190} INFO - [2024-11-22T11:48:42.844+0000] {override.py:1911} INFO - Created Permission View: can delete on DAG Run:dataset_alias_example_alias_consumer_with_no_taskflow
[2024-11-22T11:48:42.853+0000] {logging_mixin.py:190} INFO - [2024-11-22T11:48:42.853+0000] {override.py:1911} INFO - Created Permission View: menu access on DAG Run:dataset_alias_example_alias_consumer_with_no_taskflow
[2024-11-22T11:48:42.865+0000] {logging_mixin.py:190} INFO - [2024-11-22T11:48:42.864+0000] {override.py:1911} INFO - Created Permission View: can create on DAG Run:dataset_alias_example_alias_consumer_with_no_taskflow
[2024-11-22T11:48:42.880+0000] {logging_mixin.py:190} INFO - [2024-11-22T11:48:42.879+0000] {override.py:1911} INFO - Created Permission View: can read on DAG Run:dataset_alias_example_alias_consumer_with_no_taskflow
[2024-11-22T11:48:42.897+0000] {logging_mixin.py:190} INFO - [2024-11-22T11:48:42.897+0000] {override.py:1911} INFO - Created Permission View: can delete on DAG:dataset_s3_bucket_producer_with_no_taskflow
[2024-11-22T11:48:42.906+0000] {logging_mixin.py:190} INFO - [2024-11-22T11:48:42.906+0000] {override.py:1911} INFO - Created Permission View: can edit on DAG:dataset_s3_bucket_producer_with_no_taskflow
[2024-11-22T11:48:42.915+0000] {logging_mixin.py:190} INFO - [2024-11-22T11:48:42.915+0000] {override.py:1911} INFO - Created Permission View: can read on DAG:dataset_s3_bucket_producer_with_no_taskflow
[2024-11-22T11:48:42.923+0000] {logging_mixin.py:190} INFO - [2024-11-22T11:48:42.923+0000] {override.py:1911} INFO - Created Permission View: can delete on DAG Run:dataset_s3_bucket_producer_with_no_taskflow
[2024-11-22T11:48:42.933+0000] {logging_mixin.py:190} INFO - [2024-11-22T11:48:42.933+0000] {override.py:1911} INFO - Created Permission View: menu access on DAG Run:dataset_s3_bucket_producer_with_no_taskflow
[2024-11-22T11:48:42.942+0000] {logging_mixin.py:190} INFO - [2024-11-22T11:48:42.941+0000] {override.py:1911} INFO - Created Permission View: can create on DAG Run:dataset_s3_bucket_producer_with_no_taskflow
[2024-11-22T11:48:42.950+0000] {logging_mixin.py:190} INFO - [2024-11-22T11:48:42.950+0000] {override.py:1911} INFO - Created Permission View: can read on DAG Run:dataset_s3_bucket_producer_with_no_taskflow
[2024-11-22T11:48:42.967+0000] {logging_mixin.py:190} INFO - [2024-11-22T11:48:42.966+0000] {override.py:1911} INFO - Created Permission View: can delete on DAG:dataset_s3_bucket_consumer_with_no_taskflow
[2024-11-22T11:48:42.975+0000] {logging_mixin.py:190} INFO - [2024-11-22T11:48:42.974+0000] {override.py:1911} INFO - Created Permission View: can edit on DAG:dataset_s3_bucket_consumer_with_no_taskflow
[2024-11-22T11:48:42.983+0000] {logging_mixin.py:190} INFO - [2024-11-22T11:48:42.982+0000] {override.py:1911} INFO - Created Permission View: can read on DAG:dataset_s3_bucket_consumer_with_no_taskflow
[2024-11-22T11:48:42.990+0000] {logging_mixin.py:190} INFO - [2024-11-22T11:48:42.990+0000] {override.py:1911} INFO - Created Permission View: can delete on DAG Run:dataset_s3_bucket_consumer_with_no_taskflow
[2024-11-22T11:48:42.998+0000] {logging_mixin.py:190} INFO - [2024-11-22T11:48:42.997+0000] {override.py:1911} INFO - Created Permission View: menu access on DAG Run:dataset_s3_bucket_consumer_with_no_taskflow
[2024-11-22T11:48:43.006+0000] {logging_mixin.py:190} INFO - [2024-11-22T11:48:43.005+0000] {override.py:1911} INFO - Created Permission View: can create on DAG Run:dataset_s3_bucket_consumer_with_no_taskflow
[2024-11-22T11:48:43.013+0000] {logging_mixin.py:190} INFO - [2024-11-22T11:48:43.013+0000] {override.py:1911} INFO - Created Permission View: can read on DAG Run:dataset_s3_bucket_consumer_with_no_taskflow
[2024-11-22T11:48:43.014+0000] {logging_mixin.py:190} INFO - [2024-11-22T11:48:43.014+0000] {dag.py:3239} INFO - Sync 4 DAGs
[2024-11-22T11:48:43.033+0000] {logging_mixin.py:190} INFO - [2024-11-22T11:48:43.032+0000] {dag.py:3262} INFO - Creating ORM DAG for dataset_alias_example_alias_consumer_with_no_taskflow
[2024-11-22T11:48:43.034+0000] {logging_mixin.py:190} INFO - [2024-11-22T11:48:43.033+0000] {dag.py:3262} INFO - Creating ORM DAG for dataset_s3_bucket_producer_with_no_taskflow
[2024-11-22T11:48:43.034+0000] {logging_mixin.py:190} INFO - [2024-11-22T11:48:43.034+0000] {dag.py:3262} INFO - Creating ORM DAG for dataset_s3_bucket_consumer_with_no_taskflow
[2024-11-22T11:48:43.035+0000] {logging_mixin.py:190} INFO - [2024-11-22T11:48:43.035+0000] {dag.py:3262} INFO - Creating ORM DAG for dataset_alias_example_alias_producer_with_no_taskflow
[2024-11-22T11:48:43.058+0000] {logging_mixin.py:190} INFO - [2024-11-22T11:48:43.057+0000] {dag.py:4180} INFO - Setting next_dagrun for dataset_alias_example_alias_consumer_with_no_taskflow to None, run_after=None
[2024-11-22T11:48:43.059+0000] {logging_mixin.py:190} INFO - [2024-11-22T11:48:43.058+0000] {dag.py:4180} INFO - Setting next_dagrun for dataset_alias_example_alias_producer_with_no_taskflow to None, run_after=None
[2024-11-22T11:48:43.060+0000] {logging_mixin.py:190} INFO - [2024-11-22T11:48:43.059+0000] {dag.py:4180} INFO - Setting next_dagrun for dataset_s3_bucket_consumer_with_no_taskflow to None, run_after=None
[2024-11-22T11:48:43.060+0000] {logging_mixin.py:190} INFO - [2024-11-22T11:48:43.060+0000] {dag.py:4180} INFO - Setting next_dagrun for dataset_s3_bucket_producer_with_no_taskflow to None, run_after=None
[2024-11-22T11:48:43.094+0000] {processor.py:208} INFO - Processing /home/airflow/.local/lib/python3.12/site-packages/airflow/example_dags/example_dataset_alias_with_no_taskflow.py took 1.069 seconds
[2024-11-22T11:49:13.182+0000] {processor.py:186} INFO - Started process (PID=170) to work on /home/airflow/.local/lib/python3.12/site-packages/airflow/example_dags/example_dataset_alias_with_no_taskflow.py
[2024-11-22T11:49:13.183+0000] {processor.py:914} INFO - Processing file /home/airflow/.local/lib/python3.12/site-packages/airflow/example_dags/example_dataset_alias_with_no_taskflow.py for tasks to queue
[2024-11-22T11:49:13.185+0000] {logging_mixin.py:190} INFO - [2024-11-22T11:49:13.184+0000] {dagbag.py:588} INFO - Filling up the DagBag from /home/airflow/.local/lib/python3.12/site-packages/airflow/example_dags/example_dataset_alias_with_no_taskflow.py
[2024-11-22T11:49:13.710+0000] {processor.py:925} INFO - DAG(s) 'dataset_alias_example_alias_producer_with_no_taskflow', 'dataset_s3_bucket_producer_with_no_taskflow', 'dataset_alias_example_alias_consumer_with_no_taskflow', 'dataset_s3_bucket_consumer_with_no_taskflow' retrieved from /home/airflow/.local/lib/python3.12/site-packages/airflow/example_dags/example_dataset_alias_with_no_taskflow.py
[2024-11-22T11:49:13.730+0000] {logging_mixin.py:190} INFO - [2024-11-22T11:49:13.730+0000] {dag.py:3239} INFO - Sync 4 DAGs
[2024-11-22T11:49:13.749+0000] {logging_mixin.py:190} INFO - [2024-11-22T11:49:13.749+0000] {dag.py:4180} INFO - Setting next_dagrun for dataset_alias_example_alias_consumer_with_no_taskflow to None, run_after=None
[2024-11-22T11:49:13.751+0000] {logging_mixin.py:190} INFO - [2024-11-22T11:49:13.751+0000] {dag.py:4180} INFO - Setting next_dagrun for dataset_alias_example_alias_producer_with_no_taskflow to None, run_after=None
[2024-11-22T11:49:13.754+0000] {logging_mixin.py:190} INFO - [2024-11-22T11:49:13.754+0000] {dag.py:4180} INFO - Setting next_dagrun for dataset_s3_bucket_consumer_with_no_taskflow to None, run_after=None
[2024-11-22T11:49:13.755+0000] {logging_mixin.py:190} INFO - [2024-11-22T11:49:13.755+0000] {dag.py:4180} INFO - Setting next_dagrun for dataset_s3_bucket_producer_with_no_taskflow to None, run_after=None
[2024-11-22T11:49:13.772+0000] {processor.py:208} INFO - Processing /home/airflow/.local/lib/python3.12/site-packages/airflow/example_dags/example_dataset_alias_with_no_taskflow.py took 0.594 seconds
[2024-11-22T11:49:44.146+0000] {processor.py:186} INFO - Started process (PID=233) to work on /home/airflow/.local/lib/python3.12/site-packages/airflow/example_dags/example_dataset_alias_with_no_taskflow.py
[2024-11-22T11:49:44.147+0000] {processor.py:914} INFO - Processing file /home/airflow/.local/lib/python3.12/site-packages/airflow/example_dags/example_dataset_alias_with_no_taskflow.py for tasks to queue
[2024-11-22T11:49:44.148+0000] {logging_mixin.py:190} INFO - [2024-11-22T11:49:44.148+0000] {dagbag.py:588} INFO - Filling up the DagBag from /home/airflow/.local/lib/python3.12/site-packages/airflow/example_dags/example_dataset_alias_with_no_taskflow.py
[2024-11-22T11:49:44.703+0000] {processor.py:925} INFO - DAG(s) 'dataset_s3_bucket_consumer_with_no_taskflow', 'dataset_alias_example_alias_consumer_with_no_taskflow', 'dataset_s3_bucket_producer_with_no_taskflow', 'dataset_alias_example_alias_producer_with_no_taskflow' retrieved from /home/airflow/.local/lib/python3.12/site-packages/airflow/example_dags/example_dataset_alias_with_no_taskflow.py
[2024-11-22T11:49:44.720+0000] {logging_mixin.py:190} INFO - [2024-11-22T11:49:44.719+0000] {dag.py:3239} INFO - Sync 4 DAGs
[2024-11-22T11:49:44.739+0000] {logging_mixin.py:190} INFO - [2024-11-22T11:49:44.739+0000] {dag.py:4180} INFO - Setting next_dagrun for dataset_alias_example_alias_consumer_with_no_taskflow to None, run_after=None
[2024-11-22T11:49:44.742+0000] {logging_mixin.py:190} INFO - [2024-11-22T11:49:44.741+0000] {dag.py:4180} INFO - Setting next_dagrun for dataset_alias_example_alias_producer_with_no_taskflow to None, run_after=None
[2024-11-22T11:49:44.743+0000] {logging_mixin.py:190} INFO - [2024-11-22T11:49:44.742+0000] {dag.py:4180} INFO - Setting next_dagrun for dataset_s3_bucket_consumer_with_no_taskflow to None, run_after=None
[2024-11-22T11:49:44.744+0000] {logging_mixin.py:190} INFO - [2024-11-22T11:49:44.743+0000] {dag.py:4180} INFO - Setting next_dagrun for dataset_s3_bucket_producer_with_no_taskflow to None, run_after=None
[2024-11-22T11:49:44.759+0000] {processor.py:208} INFO - Processing /home/airflow/.local/lib/python3.12/site-packages/airflow/example_dags/example_dataset_alias_with_no_taskflow.py took 0.619 seconds
[2024-11-22T11:50:16.317+0000] {processor.py:186} INFO - Started process (PID=294) to work on /home/airflow/.local/lib/python3.12/site-packages/airflow/example_dags/example_dataset_alias_with_no_taskflow.py
[2024-11-22T11:50:16.318+0000] {processor.py:914} INFO - Processing file /home/airflow/.local/lib/python3.12/site-packages/airflow/example_dags/example_dataset_alias_with_no_taskflow.py for tasks to queue
[2024-11-22T11:50:16.320+0000] {logging_mixin.py:190} INFO - [2024-11-22T11:50:16.320+0000] {dagbag.py:588} INFO - Filling up the DagBag from /home/airflow/.local/lib/python3.12/site-packages/airflow/example_dags/example_dataset_alias_with_no_taskflow.py
[2024-11-22T11:50:16.947+0000] {processor.py:925} INFO - DAG(s) 'dataset_alias_example_alias_producer_with_no_taskflow', 'dataset_alias_example_alias_consumer_with_no_taskflow', 'dataset_s3_bucket_producer_with_no_taskflow', 'dataset_s3_bucket_consumer_with_no_taskflow' retrieved from /home/airflow/.local/lib/python3.12/site-packages/airflow/example_dags/example_dataset_alias_with_no_taskflow.py
[2024-11-22T11:50:16.969+0000] {logging_mixin.py:190} INFO - [2024-11-22T11:50:16.968+0000] {dag.py:3239} INFO - Sync 4 DAGs
[2024-11-22T11:50:16.991+0000] {logging_mixin.py:190} INFO - [2024-11-22T11:50:16.991+0000] {dag.py:4180} INFO - Setting next_dagrun for dataset_alias_example_alias_consumer_with_no_taskflow to None, run_after=None
[2024-11-22T11:50:16.993+0000] {logging_mixin.py:190} INFO - [2024-11-22T11:50:16.993+0000] {dag.py:4180} INFO - Setting next_dagrun for dataset_alias_example_alias_producer_with_no_taskflow to None, run_after=None
[2024-11-22T11:50:16.995+0000] {logging_mixin.py:190} INFO - [2024-11-22T11:50:16.995+0000] {dag.py:4180} INFO - Setting next_dagrun for dataset_s3_bucket_consumer_with_no_taskflow to None, run_after=None
[2024-11-22T11:50:16.996+0000] {logging_mixin.py:190} INFO - [2024-11-22T11:50:16.996+0000] {dag.py:4180} INFO - Setting next_dagrun for dataset_s3_bucket_producer_with_no_taskflow to None, run_after=None
[2024-11-22T11:50:17.016+0000] {processor.py:208} INFO - Processing /home/airflow/.local/lib/python3.12/site-packages/airflow/example_dags/example_dataset_alias_with_no_taskflow.py took 0.705 seconds
[2024-11-22T11:50:47.651+0000] {processor.py:186} INFO - Started process (PID=360) to work on /home/airflow/.local/lib/python3.12/site-packages/airflow/example_dags/example_dataset_alias_with_no_taskflow.py
[2024-11-22T11:50:47.651+0000] {processor.py:914} INFO - Processing file /home/airflow/.local/lib/python3.12/site-packages/airflow/example_dags/example_dataset_alias_with_no_taskflow.py for tasks to queue
[2024-11-22T11:50:47.653+0000] {logging_mixin.py:190} INFO - [2024-11-22T11:50:47.653+0000] {dagbag.py:588} INFO - Filling up the DagBag from /home/airflow/.local/lib/python3.12/site-packages/airflow/example_dags/example_dataset_alias_with_no_taskflow.py
[2024-11-22T11:50:48.317+0000] {processor.py:925} INFO - DAG(s) 'dataset_alias_example_alias_consumer_with_no_taskflow', 'dataset_alias_example_alias_producer_with_no_taskflow', 'dataset_s3_bucket_consumer_with_no_taskflow', 'dataset_s3_bucket_producer_with_no_taskflow' retrieved from /home/airflow/.local/lib/python3.12/site-packages/airflow/example_dags/example_dataset_alias_with_no_taskflow.py
[2024-11-22T11:50:48.344+0000] {logging_mixin.py:190} INFO - [2024-11-22T11:50:48.343+0000] {dag.py:3239} INFO - Sync 4 DAGs
[2024-11-22T11:50:48.375+0000] {logging_mixin.py:190} INFO - [2024-11-22T11:50:48.375+0000] {dag.py:4180} INFO - Setting next_dagrun for dataset_alias_example_alias_consumer_with_no_taskflow to None, run_after=None
[2024-11-22T11:50:48.378+0000] {logging_mixin.py:190} INFO - [2024-11-22T11:50:48.378+0000] {dag.py:4180} INFO - Setting next_dagrun for dataset_alias_example_alias_producer_with_no_taskflow to None, run_after=None
[2024-11-22T11:50:48.380+0000] {logging_mixin.py:190} INFO - [2024-11-22T11:50:48.380+0000] {dag.py:4180} INFO - Setting next_dagrun for dataset_s3_bucket_consumer_with_no_taskflow to None, run_after=None
[2024-11-22T11:50:48.382+0000] {logging_mixin.py:190} INFO - [2024-11-22T11:50:48.381+0000] {dag.py:4180} INFO - Setting next_dagrun for dataset_s3_bucket_producer_with_no_taskflow to None, run_after=None
[2024-11-22T11:50:48.420+0000] {processor.py:208} INFO - Processing /home/airflow/.local/lib/python3.12/site-packages/airflow/example_dags/example_dataset_alias_with_no_taskflow.py took 0.774 seconds
[2024-11-22T11:51:18.735+0000] {processor.py:186} INFO - Started process (PID=423) to work on /home/airflow/.local/lib/python3.12/site-packages/airflow/example_dags/example_dataset_alias_with_no_taskflow.py
[2024-11-22T11:51:18.736+0000] {processor.py:914} INFO - Processing file /home/airflow/.local/lib/python3.12/site-packages/airflow/example_dags/example_dataset_alias_with_no_taskflow.py for tasks to queue
[2024-11-22T11:51:18.738+0000] {logging_mixin.py:190} INFO - [2024-11-22T11:51:18.738+0000] {dagbag.py:588} INFO - Filling up the DagBag from /home/airflow/.local/lib/python3.12/site-packages/airflow/example_dags/example_dataset_alias_with_no_taskflow.py
[2024-11-22T11:51:19.264+0000] {processor.py:925} INFO - DAG(s) 'dataset_s3_bucket_consumer_with_no_taskflow', 'dataset_alias_example_alias_producer_with_no_taskflow', 'dataset_s3_bucket_producer_with_no_taskflow', 'dataset_alias_example_alias_consumer_with_no_taskflow' retrieved from /home/airflow/.local/lib/python3.12/site-packages/airflow/example_dags/example_dataset_alias_with_no_taskflow.py
[2024-11-22T11:51:19.285+0000] {logging_mixin.py:190} INFO - [2024-11-22T11:51:19.285+0000] {dag.py:3239} INFO - Sync 4 DAGs
[2024-11-22T11:51:19.306+0000] {logging_mixin.py:190} INFO - [2024-11-22T11:51:19.306+0000] {dag.py:4180} INFO - Setting next_dagrun for dataset_alias_example_alias_consumer_with_no_taskflow to None, run_after=None
[2024-11-22T11:51:19.308+0000] {logging_mixin.py:190} INFO - [2024-11-22T11:51:19.308+0000] {dag.py:4180} INFO - Setting next_dagrun for dataset_alias_example_alias_producer_with_no_taskflow to None, run_after=None
[2024-11-22T11:51:19.310+0000] {logging_mixin.py:190} INFO - [2024-11-22T11:51:19.309+0000] {dag.py:4180} INFO - Setting next_dagrun for dataset_s3_bucket_consumer_with_no_taskflow to None, run_after=None
[2024-11-22T11:51:19.311+0000] {logging_mixin.py:190} INFO - [2024-11-22T11:51:19.310+0000] {dag.py:4180} INFO - Setting next_dagrun for dataset_s3_bucket_producer_with_no_taskflow to None, run_after=None
[2024-11-22T11:51:19.339+0000] {processor.py:208} INFO - Processing /home/airflow/.local/lib/python3.12/site-packages/airflow/example_dags/example_dataset_alias_with_no_taskflow.py took 0.608 seconds
[2024-11-22T11:51:49.703+0000] {processor.py:186} INFO - Started process (PID=486) to work on /home/airflow/.local/lib/python3.12/site-packages/airflow/example_dags/example_dataset_alias_with_no_taskflow.py
[2024-11-22T11:51:49.704+0000] {processor.py:914} INFO - Processing file /home/airflow/.local/lib/python3.12/site-packages/airflow/example_dags/example_dataset_alias_with_no_taskflow.py for tasks to queue
[2024-11-22T11:51:49.706+0000] {logging_mixin.py:190} INFO - [2024-11-22T11:51:49.706+0000] {dagbag.py:588} INFO - Filling up the DagBag from /home/airflow/.local/lib/python3.12/site-packages/airflow/example_dags/example_dataset_alias_with_no_taskflow.py
[2024-11-22T11:51:50.291+0000] {processor.py:925} INFO - DAG(s) 'dataset_alias_example_alias_producer_with_no_taskflow', 'dataset_s3_bucket_consumer_with_no_taskflow', 'dataset_s3_bucket_producer_with_no_taskflow', 'dataset_alias_example_alias_consumer_with_no_taskflow' retrieved from /home/airflow/.local/lib/python3.12/site-packages/airflow/example_dags/example_dataset_alias_with_no_taskflow.py
[2024-11-22T11:51:50.322+0000] {logging_mixin.py:190} INFO - [2024-11-22T11:51:50.320+0000] {dag.py:3239} INFO - Sync 4 DAGs
[2024-11-22T11:51:50.348+0000] {logging_mixin.py:190} INFO - [2024-11-22T11:51:50.348+0000] {dag.py:4180} INFO - Setting next_dagrun for dataset_alias_example_alias_consumer_with_no_taskflow to None, run_after=None
[2024-11-22T11:51:50.351+0000] {logging_mixin.py:190} INFO - [2024-11-22T11:51:50.351+0000] {dag.py:4180} INFO - Setting next_dagrun for dataset_alias_example_alias_producer_with_no_taskflow to None, run_after=None
[2024-11-22T11:51:50.353+0000] {logging_mixin.py:190} INFO - [2024-11-22T11:51:50.353+0000] {dag.py:4180} INFO - Setting next_dagrun for dataset_s3_bucket_consumer_with_no_taskflow to None, run_after=None
[2024-11-22T11:51:50.356+0000] {logging_mixin.py:190} INFO - [2024-11-22T11:51:50.355+0000] {dag.py:4180} INFO - Setting next_dagrun for dataset_s3_bucket_producer_with_no_taskflow to None, run_after=None
[2024-11-22T11:51:50.377+0000] {processor.py:208} INFO - Processing /home/airflow/.local/lib/python3.12/site-packages/airflow/example_dags/example_dataset_alias_with_no_taskflow.py took 0.680 seconds
[2024-11-22T11:52:21.275+0000] {processor.py:186} INFO - Started process (PID=551) to work on /home/airflow/.local/lib/python3.12/site-packages/airflow/example_dags/example_dataset_alias_with_no_taskflow.py
[2024-11-22T11:52:21.275+0000] {processor.py:914} INFO - Processing file /home/airflow/.local/lib/python3.12/site-packages/airflow/example_dags/example_dataset_alias_with_no_taskflow.py for tasks to queue
[2024-11-22T11:52:21.278+0000] {logging_mixin.py:190} INFO - [2024-11-22T11:52:21.277+0000] {dagbag.py:588} INFO - Filling up the DagBag from /home/airflow/.local/lib/python3.12/site-packages/airflow/example_dags/example_dataset_alias_with_no_taskflow.py
[2024-11-22T11:52:21.903+0000] {processor.py:925} INFO - DAG(s) 'dataset_s3_bucket_producer_with_no_taskflow', 'dataset_alias_example_alias_consumer_with_no_taskflow', 'dataset_s3_bucket_consumer_with_no_taskflow', 'dataset_alias_example_alias_producer_with_no_taskflow' retrieved from /home/airflow/.local/lib/python3.12/site-packages/airflow/example_dags/example_dataset_alias_with_no_taskflow.py
[2024-11-22T11:52:21.923+0000] {logging_mixin.py:190} INFO - [2024-11-22T11:52:21.922+0000] {dag.py:3239} INFO - Sync 4 DAGs
[2024-11-22T11:52:21.945+0000] {logging_mixin.py:190} INFO - [2024-11-22T11:52:21.944+0000] {dag.py:4180} INFO - Setting next_dagrun for dataset_alias_example_alias_consumer_with_no_taskflow to None, run_after=None
[2024-11-22T11:52:21.947+0000] {logging_mixin.py:190} INFO - [2024-11-22T11:52:21.947+0000] {dag.py:4180} INFO - Setting next_dagrun for dataset_alias_example_alias_producer_with_no_taskflow to None, run_after=None
[2024-11-22T11:52:21.948+0000] {logging_mixin.py:190} INFO - [2024-11-22T11:52:21.948+0000] {dag.py:4180} INFO - Setting next_dagrun for dataset_s3_bucket_consumer_with_no_taskflow to None, run_after=None
[2024-11-22T11:52:21.950+0000] {logging_mixin.py:190} INFO - [2024-11-22T11:52:21.949+0000] {dag.py:4180} INFO - Setting next_dagrun for dataset_s3_bucket_producer_with_no_taskflow to None, run_after=None
[2024-11-22T11:52:21.983+0000] {processor.py:208} INFO - Processing /home/airflow/.local/lib/python3.12/site-packages/airflow/example_dags/example_dataset_alias_with_no_taskflow.py took 0.714 seconds
[2024-11-22T11:52:52.942+0000] {processor.py:186} INFO - Started process (PID=614) to work on /home/airflow/.local/lib/python3.12/site-packages/airflow/example_dags/example_dataset_alias_with_no_taskflow.py
[2024-11-22T11:52:52.943+0000] {processor.py:914} INFO - Processing file /home/airflow/.local/lib/python3.12/site-packages/airflow/example_dags/example_dataset_alias_with_no_taskflow.py for tasks to queue
[2024-11-22T11:52:52.945+0000] {logging_mixin.py:190} INFO - [2024-11-22T11:52:52.945+0000] {dagbag.py:588} INFO - Filling up the DagBag from /home/airflow/.local/lib/python3.12/site-packages/airflow/example_dags/example_dataset_alias_with_no_taskflow.py
[2024-11-22T11:52:53.656+0000] {processor.py:925} INFO - DAG(s) 'dataset_s3_bucket_consumer_with_no_taskflow', 'dataset_alias_example_alias_consumer_with_no_taskflow', 'dataset_alias_example_alias_producer_with_no_taskflow', 'dataset_s3_bucket_producer_with_no_taskflow' retrieved from /home/airflow/.local/lib/python3.12/site-packages/airflow/example_dags/example_dataset_alias_with_no_taskflow.py
[2024-11-22T11:52:53.676+0000] {logging_mixin.py:190} INFO - [2024-11-22T11:52:53.676+0000] {dag.py:3239} INFO - Sync 4 DAGs
[2024-11-22T11:52:53.699+0000] {logging_mixin.py:190} INFO - [2024-11-22T11:52:53.699+0000] {dag.py:4180} INFO - Setting next_dagrun for dataset_alias_example_alias_consumer_with_no_taskflow to None, run_after=None
[2024-11-22T11:52:53.702+0000] {logging_mixin.py:190} INFO - [2024-11-22T11:52:53.702+0000] {dag.py:4180} INFO - Setting next_dagrun for dataset_alias_example_alias_producer_with_no_taskflow to None, run_after=None
[2024-11-22T11:52:53.705+0000] {logging_mixin.py:190} INFO - [2024-11-22T11:52:53.704+0000] {dag.py:4180} INFO - Setting next_dagrun for dataset_s3_bucket_consumer_with_no_taskflow to None, run_after=None
[2024-11-22T11:52:53.707+0000] {logging_mixin.py:190} INFO - [2024-11-22T11:52:53.706+0000] {dag.py:4180} INFO - Setting next_dagrun for dataset_s3_bucket_producer_with_no_taskflow to None, run_after=None
[2024-11-22T11:52:53.733+0000] {processor.py:208} INFO - Processing /home/airflow/.local/lib/python3.12/site-packages/airflow/example_dags/example_dataset_alias_with_no_taskflow.py took 0.799 seconds
[2024-11-22T11:53:24.166+0000] {processor.py:186} INFO - Started process (PID=677) to work on /home/airflow/.local/lib/python3.12/site-packages/airflow/example_dags/example_dataset_alias_with_no_taskflow.py
[2024-11-22T11:53:24.167+0000] {processor.py:914} INFO - Processing file /home/airflow/.local/lib/python3.12/site-packages/airflow/example_dags/example_dataset_alias_with_no_taskflow.py for tasks to queue
[2024-11-22T11:53:24.169+0000] {logging_mixin.py:190} INFO - [2024-11-22T11:53:24.169+0000] {dagbag.py:588} INFO - Filling up the DagBag from /home/airflow/.local/lib/python3.12/site-packages/airflow/example_dags/example_dataset_alias_with_no_taskflow.py
[2024-11-22T11:53:24.896+0000] {processor.py:925} INFO - DAG(s) 'dataset_alias_example_alias_consumer_with_no_taskflow', 'dataset_alias_example_alias_producer_with_no_taskflow', 'dataset_s3_bucket_consumer_with_no_taskflow', 'dataset_s3_bucket_producer_with_no_taskflow' retrieved from /home/airflow/.local/lib/python3.12/site-packages/airflow/example_dags/example_dataset_alias_with_no_taskflow.py
[2024-11-22T11:53:24.919+0000] {logging_mixin.py:190} INFO - [2024-11-22T11:53:24.918+0000] {dag.py:3239} INFO - Sync 4 DAGs
[2024-11-22T11:53:24.943+0000] {logging_mixin.py:190} INFO - [2024-11-22T11:53:24.943+0000] {dag.py:4180} INFO - Setting next_dagrun for dataset_alias_example_alias_consumer_with_no_taskflow to None, run_after=None
[2024-11-22T11:53:24.946+0000] {logging_mixin.py:190} INFO - [2024-11-22T11:53:24.946+0000] {dag.py:4180} INFO - Setting next_dagrun for dataset_alias_example_alias_producer_with_no_taskflow to None, run_after=None
[2024-11-22T11:53:24.949+0000] {logging_mixin.py:190} INFO - [2024-11-22T11:53:24.949+0000] {dag.py:4180} INFO - Setting next_dagrun for dataset_s3_bucket_consumer_with_no_taskflow to None, run_after=None
[2024-11-22T11:53:24.951+0000] {logging_mixin.py:190} INFO - [2024-11-22T11:53:24.951+0000] {dag.py:4180} INFO - Setting next_dagrun for dataset_s3_bucket_producer_with_no_taskflow to None, run_after=None
[2024-11-22T11:53:24.972+0000] {processor.py:208} INFO - Processing /home/airflow/.local/lib/python3.12/site-packages/airflow/example_dags/example_dataset_alias_with_no_taskflow.py took 0.815 seconds
[2024-11-22T11:53:55.681+0000] {processor.py:186} INFO - Started process (PID=743) to work on /home/airflow/.local/lib/python3.12/site-packages/airflow/example_dags/example_dataset_alias_with_no_taskflow.py
[2024-11-22T11:53:55.682+0000] {processor.py:914} INFO - Processing file /home/airflow/.local/lib/python3.12/site-packages/airflow/example_dags/example_dataset_alias_with_no_taskflow.py for tasks to queue
[2024-11-22T11:53:55.684+0000] {logging_mixin.py:190} INFO - [2024-11-22T11:53:55.684+0000] {dagbag.py:588} INFO - Filling up the DagBag from /home/airflow/.local/lib/python3.12/site-packages/airflow/example_dags/example_dataset_alias_with_no_taskflow.py
[2024-11-22T11:53:56.444+0000] {processor.py:925} INFO - DAG(s) 'dataset_s3_bucket_producer_with_no_taskflow', 'dataset_alias_example_alias_consumer_with_no_taskflow', 'dataset_s3_bucket_consumer_with_no_taskflow', 'dataset_alias_example_alias_producer_with_no_taskflow' retrieved from /home/airflow/.local/lib/python3.12/site-packages/airflow/example_dags/example_dataset_alias_with_no_taskflow.py
[2024-11-22T11:53:56.471+0000] {logging_mixin.py:190} INFO - [2024-11-22T11:53:56.470+0000] {dag.py:3239} INFO - Sync 4 DAGs
[2024-11-22T11:53:56.500+0000] {logging_mixin.py:190} INFO - [2024-11-22T11:53:56.500+0000] {dag.py:4180} INFO - Setting next_dagrun for dataset_alias_example_alias_consumer_with_no_taskflow to None, run_after=None
[2024-11-22T11:53:56.504+0000] {logging_mixin.py:190} INFO - [2024-11-22T11:53:56.504+0000] {dag.py:4180} INFO - Setting next_dagrun for dataset_alias_example_alias_producer_with_no_taskflow to None, run_after=None
[2024-11-22T11:53:56.508+0000] {logging_mixin.py:190} INFO - [2024-11-22T11:53:56.507+0000] {dag.py:4180} INFO - Setting next_dagrun for dataset_s3_bucket_consumer_with_no_taskflow to None, run_after=None
[2024-11-22T11:53:56.509+0000] {logging_mixin.py:190} INFO - [2024-11-22T11:53:56.509+0000] {dag.py:4180} INFO - Setting next_dagrun for dataset_s3_bucket_producer_with_no_taskflow to None, run_after=None
[2024-11-22T11:53:56.541+0000] {processor.py:208} INFO - Processing /home/airflow/.local/lib/python3.12/site-packages/airflow/example_dags/example_dataset_alias_with_no_taskflow.py took 0.867 seconds
[2024-11-22T11:54:26.735+0000] {processor.py:186} INFO - Started process (PID=806) to work on /home/airflow/.local/lib/python3.12/site-packages/airflow/example_dags/example_dataset_alias_with_no_taskflow.py
[2024-11-22T11:54:26.736+0000] {processor.py:914} INFO - Processing file /home/airflow/.local/lib/python3.12/site-packages/airflow/example_dags/example_dataset_alias_with_no_taskflow.py for tasks to queue
[2024-11-22T11:54:26.738+0000] {logging_mixin.py:190} INFO - [2024-11-22T11:54:26.738+0000] {dagbag.py:588} INFO - Filling up the DagBag from /home/airflow/.local/lib/python3.12/site-packages/airflow/example_dags/example_dataset_alias_with_no_taskflow.py
[2024-11-22T11:54:27.353+0000] {processor.py:925} INFO - DAG(s) 'dataset_s3_bucket_consumer_with_no_taskflow', 'dataset_alias_example_alias_consumer_with_no_taskflow', 'dataset_s3_bucket_producer_with_no_taskflow', 'dataset_alias_example_alias_producer_with_no_taskflow' retrieved from /home/airflow/.local/lib/python3.12/site-packages/airflow/example_dags/example_dataset_alias_with_no_taskflow.py
[2024-11-22T11:54:27.372+0000] {logging_mixin.py:190} INFO - [2024-11-22T11:54:27.371+0000] {dag.py:3239} INFO - Sync 4 DAGs
[2024-11-22T11:54:27.392+0000] {logging_mixin.py:190} INFO - [2024-11-22T11:54:27.392+0000] {dag.py:4180} INFO - Setting next_dagrun for dataset_alias_example_alias_consumer_with_no_taskflow to None, run_after=None
[2024-11-22T11:54:27.395+0000] {logging_mixin.py:190} INFO - [2024-11-22T11:54:27.394+0000] {dag.py:4180} INFO - Setting next_dagrun for dataset_alias_example_alias_producer_with_no_taskflow to None, run_after=None
[2024-11-22T11:54:27.396+0000] {logging_mixin.py:190} INFO - [2024-11-22T11:54:27.396+0000] {dag.py:4180} INFO - Setting next_dagrun for dataset_s3_bucket_consumer_with_no_taskflow to None, run_after=None
[2024-11-22T11:54:27.398+0000] {logging_mixin.py:190} INFO - [2024-11-22T11:54:27.398+0000] {dag.py:4180} INFO - Setting next_dagrun for dataset_s3_bucket_producer_with_no_taskflow to None, run_after=None
[2024-11-22T11:54:27.443+0000] {processor.py:208} INFO - Processing /home/airflow/.local/lib/python3.12/site-packages/airflow/example_dags/example_dataset_alias_with_no_taskflow.py took 0.713 seconds
[2024-11-22T11:54:57.503+0000] {processor.py:186} INFO - Started process (PID=869) to work on /home/airflow/.local/lib/python3.12/site-packages/airflow/example_dags/example_dataset_alias_with_no_taskflow.py
[2024-11-22T11:54:57.504+0000] {processor.py:914} INFO - Processing file /home/airflow/.local/lib/python3.12/site-packages/airflow/example_dags/example_dataset_alias_with_no_taskflow.py for tasks to queue
[2024-11-22T11:54:57.507+0000] {logging_mixin.py:190} INFO - [2024-11-22T11:54:57.506+0000] {dagbag.py:588} INFO - Filling up the DagBag from /home/airflow/.local/lib/python3.12/site-packages/airflow/example_dags/example_dataset_alias_with_no_taskflow.py
[2024-11-22T11:54:58.247+0000] {processor.py:925} INFO - DAG(s) 'dataset_s3_bucket_producer_with_no_taskflow', 'dataset_alias_example_alias_consumer_with_no_taskflow', 'dataset_s3_bucket_consumer_with_no_taskflow', 'dataset_alias_example_alias_producer_with_no_taskflow' retrieved from /home/airflow/.local/lib/python3.12/site-packages/airflow/example_dags/example_dataset_alias_with_no_taskflow.py
[2024-11-22T11:54:58.272+0000] {logging_mixin.py:190} INFO - [2024-11-22T11:54:58.271+0000] {dag.py:3239} INFO - Sync 4 DAGs
[2024-11-22T11:54:58.300+0000] {logging_mixin.py:190} INFO - [2024-11-22T11:54:58.299+0000] {dag.py:4180} INFO - Setting next_dagrun for dataset_alias_example_alias_consumer_with_no_taskflow to None, run_after=None
[2024-11-22T11:54:58.302+0000] {logging_mixin.py:190} INFO - [2024-11-22T11:54:58.302+0000] {dag.py:4180} INFO - Setting next_dagrun for dataset_alias_example_alias_producer_with_no_taskflow to None, run_after=None
[2024-11-22T11:54:58.304+0000] {logging_mixin.py:190} INFO - [2024-11-22T11:54:58.304+0000] {dag.py:4180} INFO - Setting next_dagrun for dataset_s3_bucket_consumer_with_no_taskflow to None, run_after=None
[2024-11-22T11:54:58.306+0000] {logging_mixin.py:190} INFO - [2024-11-22T11:54:58.306+0000] {dag.py:4180} INFO - Setting next_dagrun for dataset_s3_bucket_producer_with_no_taskflow to None, run_after=None
[2024-11-22T11:54:58.342+0000] {processor.py:208} INFO - Processing /home/airflow/.local/lib/python3.12/site-packages/airflow/example_dags/example_dataset_alias_with_no_taskflow.py took 0.845 seconds
[2024-11-22T11:55:28.555+0000] {processor.py:186} INFO - Started process (PID=932) to work on /home/airflow/.local/lib/python3.12/site-packages/airflow/example_dags/example_dataset_alias_with_no_taskflow.py
[2024-11-22T11:55:28.556+0000] {processor.py:914} INFO - Processing file /home/airflow/.local/lib/python3.12/site-packages/airflow/example_dags/example_dataset_alias_with_no_taskflow.py for tasks to queue
[2024-11-22T11:55:28.559+0000] {logging_mixin.py:190} INFO - [2024-11-22T11:55:28.558+0000] {dagbag.py:588} INFO - Filling up the DagBag from /home/airflow/.local/lib/python3.12/site-packages/airflow/example_dags/example_dataset_alias_with_no_taskflow.py
[2024-11-22T11:55:29.183+0000] {processor.py:925} INFO - DAG(s) 'dataset_alias_example_alias_producer_with_no_taskflow', 'dataset_alias_example_alias_consumer_with_no_taskflow', 'dataset_s3_bucket_consumer_with_no_taskflow', 'dataset_s3_bucket_producer_with_no_taskflow' retrieved from /home/airflow/.local/lib/python3.12/site-packages/airflow/example_dags/example_dataset_alias_with_no_taskflow.py
[2024-11-22T11:55:29.202+0000] {logging_mixin.py:190} INFO - [2024-11-22T11:55:29.201+0000] {dag.py:3239} INFO - Sync 4 DAGs
[2024-11-22T11:55:29.222+0000] {logging_mixin.py:190} INFO - [2024-11-22T11:55:29.222+0000] {dag.py:4180} INFO - Setting next_dagrun for dataset_alias_example_alias_consumer_with_no_taskflow to None, run_after=None
[2024-11-22T11:55:29.225+0000] {logging_mixin.py:190} INFO - [2024-11-22T11:55:29.224+0000] {dag.py:4180} INFO - Setting next_dagrun for dataset_alias_example_alias_producer_with_no_taskflow to None, run_after=None
[2024-11-22T11:55:29.226+0000] {logging_mixin.py:190} INFO - [2024-11-22T11:55:29.226+0000] {dag.py:4180} INFO - Setting next_dagrun for dataset_s3_bucket_consumer_with_no_taskflow to None, run_after=None
[2024-11-22T11:55:29.227+0000] {logging_mixin.py:190} INFO - [2024-11-22T11:55:29.227+0000] {dag.py:4180} INFO - Setting next_dagrun for dataset_s3_bucket_producer_with_no_taskflow to None, run_after=None
[2024-11-22T11:55:29.255+0000] {processor.py:208} INFO - Processing /home/airflow/.local/lib/python3.12/site-packages/airflow/example_dags/example_dataset_alias_with_no_taskflow.py took 0.712 seconds
[2024-11-22T11:55:59.598+0000] {processor.py:186} INFO - Started process (PID=995) to work on /home/airflow/.local/lib/python3.12/site-packages/airflow/example_dags/example_dataset_alias_with_no_taskflow.py
[2024-11-22T11:55:59.608+0000] {processor.py:914} INFO - Processing file /home/airflow/.local/lib/python3.12/site-packages/airflow/example_dags/example_dataset_alias_with_no_taskflow.py for tasks to queue
[2024-11-22T11:55:59.610+0000] {logging_mixin.py:190} INFO - [2024-11-22T11:55:59.610+0000] {dagbag.py:588} INFO - Filling up the DagBag from /home/airflow/.local/lib/python3.12/site-packages/airflow/example_dags/example_dataset_alias_with_no_taskflow.py
[2024-11-22T11:56:00.186+0000] {processor.py:925} INFO - DAG(s) 'dataset_alias_example_alias_producer_with_no_taskflow', 'dataset_s3_bucket_producer_with_no_taskflow', 'dataset_alias_example_alias_consumer_with_no_taskflow', 'dataset_s3_bucket_consumer_with_no_taskflow' retrieved from /home/airflow/.local/lib/python3.12/site-packages/airflow/example_dags/example_dataset_alias_with_no_taskflow.py
[2024-11-22T11:56:00.206+0000] {logging_mixin.py:190} INFO - [2024-11-22T11:56:00.206+0000] {dag.py:3239} INFO - Sync 4 DAGs
[2024-11-22T11:56:00.227+0000] {logging_mixin.py:190} INFO - [2024-11-22T11:56:00.226+0000] {dag.py:4180} INFO - Setting next_dagrun for dataset_alias_example_alias_consumer_with_no_taskflow to None, run_after=None
[2024-11-22T11:56:00.229+0000] {logging_mixin.py:190} INFO - [2024-11-22T11:56:00.229+0000] {dag.py:4180} INFO - Setting next_dagrun for dataset_alias_example_alias_producer_with_no_taskflow to None, run_after=None
[2024-11-22T11:56:00.230+0000] {logging_mixin.py:190} INFO - [2024-11-22T11:56:00.230+0000] {dag.py:4180} INFO - Setting next_dagrun for dataset_s3_bucket_consumer_with_no_taskflow to None, run_after=None
[2024-11-22T11:56:00.232+0000] {logging_mixin.py:190} INFO - [2024-11-22T11:56:00.231+0000] {dag.py:4180} INFO - Setting next_dagrun for dataset_s3_bucket_producer_with_no_taskflow to None, run_after=None
[2024-11-22T11:56:00.260+0000] {processor.py:208} INFO - Processing /home/airflow/.local/lib/python3.12/site-packages/airflow/example_dags/example_dataset_alias_with_no_taskflow.py took 0.667 seconds
[2024-11-22T11:56:30.373+0000] {processor.py:186} INFO - Started process (PID=1058) to work on /home/airflow/.local/lib/python3.12/site-packages/airflow/example_dags/example_dataset_alias_with_no_taskflow.py
[2024-11-22T11:56:30.375+0000] {processor.py:914} INFO - Processing file /home/airflow/.local/lib/python3.12/site-packages/airflow/example_dags/example_dataset_alias_with_no_taskflow.py for tasks to queue
[2024-11-22T11:56:30.379+0000] {logging_mixin.py:190} INFO - [2024-11-22T11:56:30.379+0000] {dagbag.py:588} INFO - Filling up the DagBag from /home/airflow/.local/lib/python3.12/site-packages/airflow/example_dags/example_dataset_alias_with_no_taskflow.py
[2024-11-22T11:56:31.141+0000] {processor.py:925} INFO - DAG(s) 'dataset_s3_bucket_consumer_with_no_taskflow', 'dataset_alias_example_alias_consumer_with_no_taskflow', 'dataset_alias_example_alias_producer_with_no_taskflow', 'dataset_s3_bucket_producer_with_no_taskflow' retrieved from /home/airflow/.local/lib/python3.12/site-packages/airflow/example_dags/example_dataset_alias_with_no_taskflow.py
[2024-11-22T11:56:31.160+0000] {logging_mixin.py:190} INFO - [2024-11-22T11:56:31.159+0000] {dag.py:3239} INFO - Sync 4 DAGs
[2024-11-22T11:56:31.187+0000] {logging_mixin.py:190} INFO - [2024-11-22T11:56:31.186+0000] {dag.py:4180} INFO - Setting next_dagrun for dataset_alias_example_alias_consumer_with_no_taskflow to None, run_after=None
[2024-11-22T11:56:31.190+0000] {logging_mixin.py:190} INFO - [2024-11-22T11:56:31.190+0000] {dag.py:4180} INFO - Setting next_dagrun for dataset_alias_example_alias_producer_with_no_taskflow to None, run_after=None
[2024-11-22T11:56:31.191+0000] {logging_mixin.py:190} INFO - [2024-11-22T11:56:31.191+0000] {dag.py:4180} INFO - Setting next_dagrun for dataset_s3_bucket_consumer_with_no_taskflow to None, run_after=None
[2024-11-22T11:56:31.193+0000] {logging_mixin.py:190} INFO - [2024-11-22T11:56:31.193+0000] {dag.py:4180} INFO - Setting next_dagrun for dataset_s3_bucket_producer_with_no_taskflow to None, run_after=None
[2024-11-22T11:56:31.229+0000] {processor.py:208} INFO - Processing /home/airflow/.local/lib/python3.12/site-packages/airflow/example_dags/example_dataset_alias_with_no_taskflow.py took 0.868 seconds
[2024-11-22T11:57:01.481+0000] {processor.py:186} INFO - Started process (PID=1121) to work on /home/airflow/.local/lib/python3.12/site-packages/airflow/example_dags/example_dataset_alias_with_no_taskflow.py
[2024-11-22T11:57:01.492+0000] {processor.py:914} INFO - Processing file /home/airflow/.local/lib/python3.12/site-packages/airflow/example_dags/example_dataset_alias_with_no_taskflow.py for tasks to queue
[2024-11-22T11:57:01.494+0000] {logging_mixin.py:190} INFO - [2024-11-22T11:57:01.494+0000] {dagbag.py:588} INFO - Filling up the DagBag from /home/airflow/.local/lib/python3.12/site-packages/airflow/example_dags/example_dataset_alias_with_no_taskflow.py
[2024-11-22T11:57:02.069+0000] {processor.py:925} INFO - DAG(s) 'dataset_s3_bucket_consumer_with_no_taskflow', 'dataset_alias_example_alias_consumer_with_no_taskflow', 'dataset_s3_bucket_producer_with_no_taskflow', 'dataset_alias_example_alias_producer_with_no_taskflow' retrieved from /home/airflow/.local/lib/python3.12/site-packages/airflow/example_dags/example_dataset_alias_with_no_taskflow.py
[2024-11-22T11:57:02.093+0000] {logging_mixin.py:190} INFO - [2024-11-22T11:57:02.091+0000] {dag.py:3239} INFO - Sync 4 DAGs
[2024-11-22T11:57:02.119+0000] {logging_mixin.py:190} INFO - [2024-11-22T11:57:02.119+0000] {dag.py:4180} INFO - Setting next_dagrun for dataset_alias_example_alias_consumer_with_no_taskflow to None, run_after=None
[2024-11-22T11:57:02.122+0000] {logging_mixin.py:190} INFO - [2024-11-22T11:57:02.122+0000] {dag.py:4180} INFO - Setting next_dagrun for dataset_alias_example_alias_producer_with_no_taskflow to None, run_after=None
[2024-11-22T11:57:02.123+0000] {logging_mixin.py:190} INFO - [2024-11-22T11:57:02.123+0000] {dag.py:4180} INFO - Setting next_dagrun for dataset_s3_bucket_consumer_with_no_taskflow to None, run_after=None
[2024-11-22T11:57:02.124+0000] {logging_mixin.py:190} INFO - [2024-11-22T11:57:02.124+0000] {dag.py:4180} INFO - Setting next_dagrun for dataset_s3_bucket_producer_with_no_taskflow to None, run_after=None
[2024-11-22T11:57:02.154+0000] {processor.py:208} INFO - Processing /home/airflow/.local/lib/python3.12/site-packages/airflow/example_dags/example_dataset_alias_with_no_taskflow.py took 0.679 seconds
