[2024-11-22T11:48:40.463+0000] {processor.py:186} INFO - Started process (PID=100) to work on /home/airflow/.local/lib/python3.12/site-packages/airflow/example_dags/example_external_task_marker_dag.py
[2024-11-22T11:48:40.463+0000] {processor.py:914} INFO - Processing file /home/airflow/.local/lib/python3.12/site-packages/airflow/example_dags/example_external_task_marker_dag.py for tasks to queue
[2024-11-22T11:48:40.466+0000] {logging_mixin.py:190} INFO - [2024-11-22T11:48:40.466+0000] {dagbag.py:588} INFO - Filling up the DagBag from /home/airflow/.local/lib/python3.12/site-packages/airflow/example_dags/example_external_task_marker_dag.py
[2024-11-22T11:48:40.473+0000] {processor.py:925} INFO - DAG(s) 'example_external_task_marker_child', 'example_external_task_marker_parent' retrieved from /home/airflow/.local/lib/python3.12/site-packages/airflow/example_dags/example_external_task_marker_dag.py
[2024-11-22T11:48:40.563+0000] {logging_mixin.py:190} INFO - [2024-11-22T11:48:40.562+0000] {override.py:1911} INFO - Created Permission View: can delete on DAG:example_external_task_marker_child
[2024-11-22T11:48:40.571+0000] {logging_mixin.py:190} INFO - [2024-11-22T11:48:40.571+0000] {override.py:1911} INFO - Created Permission View: can edit on DAG:example_external_task_marker_child
[2024-11-22T11:48:40.576+0000] {logging_mixin.py:190} INFO - [2024-11-22T11:48:40.576+0000] {override.py:1911} INFO - Created Permission View: can read on DAG:example_external_task_marker_child
[2024-11-22T11:48:40.581+0000] {logging_mixin.py:190} INFO - [2024-11-22T11:48:40.581+0000] {override.py:1911} INFO - Created Permission View: can delete on DAG Run:example_external_task_marker_child
[2024-11-22T11:48:40.587+0000] {logging_mixin.py:190} INFO - [2024-11-22T11:48:40.587+0000] {override.py:1911} INFO - Created Permission View: menu access on DAG Run:example_external_task_marker_child
[2024-11-22T11:48:40.592+0000] {logging_mixin.py:190} INFO - [2024-11-22T11:48:40.592+0000] {override.py:1911} INFO - Created Permission View: can create on DAG Run:example_external_task_marker_child
[2024-11-22T11:48:40.597+0000] {logging_mixin.py:190} INFO - [2024-11-22T11:48:40.597+0000] {override.py:1911} INFO - Created Permission View: can read on DAG Run:example_external_task_marker_child
[2024-11-22T11:48:40.612+0000] {logging_mixin.py:190} INFO - [2024-11-22T11:48:40.611+0000] {override.py:1911} INFO - Created Permission View: can delete on DAG:example_external_task_marker_parent
[2024-11-22T11:48:40.621+0000] {logging_mixin.py:190} INFO - [2024-11-22T11:48:40.620+0000] {override.py:1911} INFO - Created Permission View: can edit on DAG:example_external_task_marker_parent
[2024-11-22T11:48:40.633+0000] {logging_mixin.py:190} INFO - [2024-11-22T11:48:40.633+0000] {override.py:1911} INFO - Created Permission View: can read on DAG:example_external_task_marker_parent
[2024-11-22T11:48:40.640+0000] {logging_mixin.py:190} INFO - [2024-11-22T11:48:40.639+0000] {override.py:1911} INFO - Created Permission View: can delete on DAG Run:example_external_task_marker_parent
[2024-11-22T11:48:40.647+0000] {logging_mixin.py:190} INFO - [2024-11-22T11:48:40.646+0000] {override.py:1911} INFO - Created Permission View: menu access on DAG Run:example_external_task_marker_parent
[2024-11-22T11:48:40.653+0000] {logging_mixin.py:190} INFO - [2024-11-22T11:48:40.653+0000] {override.py:1911} INFO - Created Permission View: can create on DAG Run:example_external_task_marker_parent
[2024-11-22T11:48:40.660+0000] {logging_mixin.py:190} INFO - [2024-11-22T11:48:40.660+0000] {override.py:1911} INFO - Created Permission View: can read on DAG Run:example_external_task_marker_parent
[2024-11-22T11:48:40.661+0000] {logging_mixin.py:190} INFO - [2024-11-22T11:48:40.661+0000] {dag.py:3239} INFO - Sync 2 DAGs
[2024-11-22T11:48:40.677+0000] {logging_mixin.py:190} INFO - [2024-11-22T11:48:40.677+0000] {dag.py:3262} INFO - Creating ORM DAG for example_external_task_marker_child
[2024-11-22T11:48:40.678+0000] {logging_mixin.py:190} INFO - [2024-11-22T11:48:40.678+0000] {dag.py:3262} INFO - Creating ORM DAG for example_external_task_marker_parent
[2024-11-22T11:48:40.679+0000] {logging_mixin.py:190} INFO - [2024-11-22T11:48:40.678+0000] {dag.py:4180} INFO - Setting next_dagrun for example_external_task_marker_child to None, run_after=None
[2024-11-22T11:48:40.679+0000] {logging_mixin.py:190} INFO - [2024-11-22T11:48:40.679+0000] {dag.py:4180} INFO - Setting next_dagrun for example_external_task_marker_parent to None, run_after=None
[2024-11-22T11:48:40.698+0000] {processor.py:208} INFO - Processing /home/airflow/.local/lib/python3.12/site-packages/airflow/example_dags/example_external_task_marker_dag.py took 0.241 seconds
[2024-11-22T11:49:10.739+0000] {processor.py:186} INFO - Started process (PID=162) to work on /home/airflow/.local/lib/python3.12/site-packages/airflow/example_dags/example_external_task_marker_dag.py
[2024-11-22T11:49:10.740+0000] {processor.py:914} INFO - Processing file /home/airflow/.local/lib/python3.12/site-packages/airflow/example_dags/example_external_task_marker_dag.py for tasks to queue
[2024-11-22T11:49:10.742+0000] {logging_mixin.py:190} INFO - [2024-11-22T11:49:10.742+0000] {dagbag.py:588} INFO - Filling up the DagBag from /home/airflow/.local/lib/python3.12/site-packages/airflow/example_dags/example_external_task_marker_dag.py
[2024-11-22T11:49:10.749+0000] {processor.py:925} INFO - DAG(s) 'example_external_task_marker_child', 'example_external_task_marker_parent' retrieved from /home/airflow/.local/lib/python3.12/site-packages/airflow/example_dags/example_external_task_marker_dag.py
[2024-11-22T11:49:10.767+0000] {logging_mixin.py:190} INFO - [2024-11-22T11:49:10.767+0000] {dag.py:3239} INFO - Sync 2 DAGs
[2024-11-22T11:49:10.780+0000] {logging_mixin.py:190} INFO - [2024-11-22T11:49:10.779+0000] {dag.py:4180} INFO - Setting next_dagrun for example_external_task_marker_child to None, run_after=None
[2024-11-22T11:49:10.783+0000] {logging_mixin.py:190} INFO - [2024-11-22T11:49:10.783+0000] {dag.py:4180} INFO - Setting next_dagrun for example_external_task_marker_parent to None, run_after=None
[2024-11-22T11:49:10.795+0000] {processor.py:208} INFO - Processing /home/airflow/.local/lib/python3.12/site-packages/airflow/example_dags/example_external_task_marker_dag.py took 0.060 seconds
[2024-11-22T11:49:41.144+0000] {processor.py:186} INFO - Started process (PID=225) to work on /home/airflow/.local/lib/python3.12/site-packages/airflow/example_dags/example_external_task_marker_dag.py
[2024-11-22T11:49:41.145+0000] {processor.py:914} INFO - Processing file /home/airflow/.local/lib/python3.12/site-packages/airflow/example_dags/example_external_task_marker_dag.py for tasks to queue
[2024-11-22T11:49:41.146+0000] {logging_mixin.py:190} INFO - [2024-11-22T11:49:41.146+0000] {dagbag.py:588} INFO - Filling up the DagBag from /home/airflow/.local/lib/python3.12/site-packages/airflow/example_dags/example_external_task_marker_dag.py
[2024-11-22T11:49:41.153+0000] {processor.py:925} INFO - DAG(s) 'example_external_task_marker_child', 'example_external_task_marker_parent' retrieved from /home/airflow/.local/lib/python3.12/site-packages/airflow/example_dags/example_external_task_marker_dag.py
[2024-11-22T11:49:41.172+0000] {logging_mixin.py:190} INFO - [2024-11-22T11:49:41.172+0000] {dag.py:3239} INFO - Sync 2 DAGs
[2024-11-22T11:49:41.185+0000] {logging_mixin.py:190} INFO - [2024-11-22T11:49:41.185+0000] {dag.py:4180} INFO - Setting next_dagrun for example_external_task_marker_child to None, run_after=None
[2024-11-22T11:49:41.188+0000] {logging_mixin.py:190} INFO - [2024-11-22T11:49:41.188+0000] {dag.py:4180} INFO - Setting next_dagrun for example_external_task_marker_parent to None, run_after=None
[2024-11-22T11:49:41.201+0000] {processor.py:208} INFO - Processing /home/airflow/.local/lib/python3.12/site-packages/airflow/example_dags/example_external_task_marker_dag.py took 0.063 seconds
[2024-11-22T11:50:12.593+0000] {processor.py:186} INFO - Started process (PID=288) to work on /home/airflow/.local/lib/python3.12/site-packages/airflow/example_dags/example_external_task_marker_dag.py
[2024-11-22T11:50:12.594+0000] {processor.py:914} INFO - Processing file /home/airflow/.local/lib/python3.12/site-packages/airflow/example_dags/example_external_task_marker_dag.py for tasks to queue
[2024-11-22T11:50:12.597+0000] {logging_mixin.py:190} INFO - [2024-11-22T11:50:12.596+0000] {dagbag.py:588} INFO - Filling up the DagBag from /home/airflow/.local/lib/python3.12/site-packages/airflow/example_dags/example_external_task_marker_dag.py
[2024-11-22T11:50:12.614+0000] {processor.py:925} INFO - DAG(s) 'example_external_task_marker_child', 'example_external_task_marker_parent' retrieved from /home/airflow/.local/lib/python3.12/site-packages/airflow/example_dags/example_external_task_marker_dag.py
[2024-11-22T11:50:12.674+0000] {logging_mixin.py:190} INFO - [2024-11-22T11:50:12.674+0000] {dag.py:3239} INFO - Sync 2 DAGs
[2024-11-22T11:50:12.713+0000] {logging_mixin.py:190} INFO - [2024-11-22T11:50:12.712+0000] {dag.py:4180} INFO - Setting next_dagrun for example_external_task_marker_child to None, run_after=None
[2024-11-22T11:50:12.721+0000] {logging_mixin.py:190} INFO - [2024-11-22T11:50:12.721+0000] {dag.py:4180} INFO - Setting next_dagrun for example_external_task_marker_parent to None, run_after=None
[2024-11-22T11:50:12.759+0000] {processor.py:208} INFO - Processing /home/airflow/.local/lib/python3.12/site-packages/airflow/example_dags/example_external_task_marker_dag.py took 0.175 seconds
[2024-11-22T11:50:43.526+0000] {processor.py:186} INFO - Started process (PID=351) to work on /home/airflow/.local/lib/python3.12/site-packages/airflow/example_dags/example_external_task_marker_dag.py
[2024-11-22T11:50:43.527+0000] {processor.py:914} INFO - Processing file /home/airflow/.local/lib/python3.12/site-packages/airflow/example_dags/example_external_task_marker_dag.py for tasks to queue
[2024-11-22T11:50:43.529+0000] {logging_mixin.py:190} INFO - [2024-11-22T11:50:43.528+0000] {dagbag.py:588} INFO - Filling up the DagBag from /home/airflow/.local/lib/python3.12/site-packages/airflow/example_dags/example_external_task_marker_dag.py
[2024-11-22T11:50:43.535+0000] {processor.py:925} INFO - DAG(s) 'example_external_task_marker_parent', 'example_external_task_marker_child' retrieved from /home/airflow/.local/lib/python3.12/site-packages/airflow/example_dags/example_external_task_marker_dag.py
[2024-11-22T11:50:43.557+0000] {logging_mixin.py:190} INFO - [2024-11-22T11:50:43.557+0000] {dag.py:3239} INFO - Sync 2 DAGs
[2024-11-22T11:50:43.570+0000] {logging_mixin.py:190} INFO - [2024-11-22T11:50:43.570+0000] {dag.py:4180} INFO - Setting next_dagrun for example_external_task_marker_child to None, run_after=None
[2024-11-22T11:50:43.573+0000] {logging_mixin.py:190} INFO - [2024-11-22T11:50:43.573+0000] {dag.py:4180} INFO - Setting next_dagrun for example_external_task_marker_parent to None, run_after=None
[2024-11-22T11:50:43.588+0000] {processor.py:208} INFO - Processing /home/airflow/.local/lib/python3.12/site-packages/airflow/example_dags/example_external_task_marker_dag.py took 0.067 seconds
[2024-11-22T11:51:14.574+0000] {processor.py:186} INFO - Started process (PID=414) to work on /home/airflow/.local/lib/python3.12/site-packages/airflow/example_dags/example_external_task_marker_dag.py
[2024-11-22T11:51:14.575+0000] {processor.py:914} INFO - Processing file /home/airflow/.local/lib/python3.12/site-packages/airflow/example_dags/example_external_task_marker_dag.py for tasks to queue
[2024-11-22T11:51:14.577+0000] {logging_mixin.py:190} INFO - [2024-11-22T11:51:14.576+0000] {dagbag.py:588} INFO - Filling up the DagBag from /home/airflow/.local/lib/python3.12/site-packages/airflow/example_dags/example_external_task_marker_dag.py
[2024-11-22T11:51:14.583+0000] {processor.py:925} INFO - DAG(s) 'example_external_task_marker_parent', 'example_external_task_marker_child' retrieved from /home/airflow/.local/lib/python3.12/site-packages/airflow/example_dags/example_external_task_marker_dag.py
[2024-11-22T11:51:14.603+0000] {logging_mixin.py:190} INFO - [2024-11-22T11:51:14.603+0000] {dag.py:3239} INFO - Sync 2 DAGs
[2024-11-22T11:51:14.615+0000] {logging_mixin.py:190} INFO - [2024-11-22T11:51:14.615+0000] {dag.py:4180} INFO - Setting next_dagrun for example_external_task_marker_child to None, run_after=None
[2024-11-22T11:51:14.619+0000] {logging_mixin.py:190} INFO - [2024-11-22T11:51:14.618+0000] {dag.py:4180} INFO - Setting next_dagrun for example_external_task_marker_parent to None, run_after=None
[2024-11-22T11:51:14.632+0000] {processor.py:208} INFO - Processing /home/airflow/.local/lib/python3.12/site-packages/airflow/example_dags/example_external_task_marker_dag.py took 0.063 seconds
[2024-11-22T11:51:45.577+0000] {processor.py:186} INFO - Started process (PID=477) to work on /home/airflow/.local/lib/python3.12/site-packages/airflow/example_dags/example_external_task_marker_dag.py
[2024-11-22T11:51:45.578+0000] {processor.py:914} INFO - Processing file /home/airflow/.local/lib/python3.12/site-packages/airflow/example_dags/example_external_task_marker_dag.py for tasks to queue
[2024-11-22T11:51:45.580+0000] {logging_mixin.py:190} INFO - [2024-11-22T11:51:45.579+0000] {dagbag.py:588} INFO - Filling up the DagBag from /home/airflow/.local/lib/python3.12/site-packages/airflow/example_dags/example_external_task_marker_dag.py
[2024-11-22T11:51:45.588+0000] {processor.py:925} INFO - DAG(s) 'example_external_task_marker_child', 'example_external_task_marker_parent' retrieved from /home/airflow/.local/lib/python3.12/site-packages/airflow/example_dags/example_external_task_marker_dag.py
[2024-11-22T11:51:45.613+0000] {logging_mixin.py:190} INFO - [2024-11-22T11:51:45.613+0000] {dag.py:3239} INFO - Sync 2 DAGs
[2024-11-22T11:51:45.633+0000] {logging_mixin.py:190} INFO - [2024-11-22T11:51:45.632+0000] {dag.py:4180} INFO - Setting next_dagrun for example_external_task_marker_child to None, run_after=None
[2024-11-22T11:51:45.638+0000] {logging_mixin.py:190} INFO - [2024-11-22T11:51:45.638+0000] {dag.py:4180} INFO - Setting next_dagrun for example_external_task_marker_parent to None, run_after=None
[2024-11-22T11:51:45.658+0000] {processor.py:208} INFO - Processing /home/airflow/.local/lib/python3.12/site-packages/airflow/example_dags/example_external_task_marker_dag.py took 0.085 seconds
[2024-11-22T11:52:15.803+0000] {processor.py:186} INFO - Started process (PID=540) to work on /home/airflow/.local/lib/python3.12/site-packages/airflow/example_dags/example_external_task_marker_dag.py
[2024-11-22T11:52:15.804+0000] {processor.py:914} INFO - Processing file /home/airflow/.local/lib/python3.12/site-packages/airflow/example_dags/example_external_task_marker_dag.py for tasks to queue
[2024-11-22T11:52:15.806+0000] {logging_mixin.py:190} INFO - [2024-11-22T11:52:15.805+0000] {dagbag.py:588} INFO - Filling up the DagBag from /home/airflow/.local/lib/python3.12/site-packages/airflow/example_dags/example_external_task_marker_dag.py
[2024-11-22T11:52:15.813+0000] {processor.py:925} INFO - DAG(s) 'example_external_task_marker_parent', 'example_external_task_marker_child' retrieved from /home/airflow/.local/lib/python3.12/site-packages/airflow/example_dags/example_external_task_marker_dag.py
[2024-11-22T11:52:15.834+0000] {logging_mixin.py:190} INFO - [2024-11-22T11:52:15.833+0000] {dag.py:3239} INFO - Sync 2 DAGs
[2024-11-22T11:52:15.847+0000] {logging_mixin.py:190} INFO - [2024-11-22T11:52:15.847+0000] {dag.py:4180} INFO - Setting next_dagrun for example_external_task_marker_child to None, run_after=None
[2024-11-22T11:52:15.850+0000] {logging_mixin.py:190} INFO - [2024-11-22T11:52:15.850+0000] {dag.py:4180} INFO - Setting next_dagrun for example_external_task_marker_parent to None, run_after=None
[2024-11-22T11:52:15.865+0000] {processor.py:208} INFO - Processing /home/airflow/.local/lib/python3.12/site-packages/airflow/example_dags/example_external_task_marker_dag.py took 0.066 seconds
[2024-11-22T11:52:46.445+0000] {processor.py:186} INFO - Started process (PID=603) to work on /home/airflow/.local/lib/python3.12/site-packages/airflow/example_dags/example_external_task_marker_dag.py
[2024-11-22T11:52:46.446+0000] {processor.py:914} INFO - Processing file /home/airflow/.local/lib/python3.12/site-packages/airflow/example_dags/example_external_task_marker_dag.py for tasks to queue
[2024-11-22T11:52:46.448+0000] {logging_mixin.py:190} INFO - [2024-11-22T11:52:46.448+0000] {dagbag.py:588} INFO - Filling up the DagBag from /home/airflow/.local/lib/python3.12/site-packages/airflow/example_dags/example_external_task_marker_dag.py
[2024-11-22T11:52:46.455+0000] {processor.py:925} INFO - DAG(s) 'example_external_task_marker_child', 'example_external_task_marker_parent' retrieved from /home/airflow/.local/lib/python3.12/site-packages/airflow/example_dags/example_external_task_marker_dag.py
[2024-11-22T11:52:46.477+0000] {logging_mixin.py:190} INFO - [2024-11-22T11:52:46.477+0000] {dag.py:3239} INFO - Sync 2 DAGs
[2024-11-22T11:52:46.493+0000] {logging_mixin.py:190} INFO - [2024-11-22T11:52:46.493+0000] {dag.py:4180} INFO - Setting next_dagrun for example_external_task_marker_child to None, run_after=None
[2024-11-22T11:52:46.496+0000] {logging_mixin.py:190} INFO - [2024-11-22T11:52:46.496+0000] {dag.py:4180} INFO - Setting next_dagrun for example_external_task_marker_parent to None, run_after=None
[2024-11-22T11:52:46.511+0000] {processor.py:208} INFO - Processing /home/airflow/.local/lib/python3.12/site-packages/airflow/example_dags/example_external_task_marker_dag.py took 0.072 seconds
[2024-11-22T11:53:16.753+0000] {processor.py:186} INFO - Started process (PID=666) to work on /home/airflow/.local/lib/python3.12/site-packages/airflow/example_dags/example_external_task_marker_dag.py
[2024-11-22T11:53:16.754+0000] {processor.py:914} INFO - Processing file /home/airflow/.local/lib/python3.12/site-packages/airflow/example_dags/example_external_task_marker_dag.py for tasks to queue
[2024-11-22T11:53:16.755+0000] {logging_mixin.py:190} INFO - [2024-11-22T11:53:16.755+0000] {dagbag.py:588} INFO - Filling up the DagBag from /home/airflow/.local/lib/python3.12/site-packages/airflow/example_dags/example_external_task_marker_dag.py
[2024-11-22T11:53:16.762+0000] {processor.py:925} INFO - DAG(s) 'example_external_task_marker_parent', 'example_external_task_marker_child' retrieved from /home/airflow/.local/lib/python3.12/site-packages/airflow/example_dags/example_external_task_marker_dag.py
[2024-11-22T11:53:16.782+0000] {logging_mixin.py:190} INFO - [2024-11-22T11:53:16.781+0000] {dag.py:3239} INFO - Sync 2 DAGs
[2024-11-22T11:53:16.795+0000] {logging_mixin.py:190} INFO - [2024-11-22T11:53:16.795+0000] {dag.py:4180} INFO - Setting next_dagrun for example_external_task_marker_child to None, run_after=None
[2024-11-22T11:53:16.799+0000] {logging_mixin.py:190} INFO - [2024-11-22T11:53:16.798+0000] {dag.py:4180} INFO - Setting next_dagrun for example_external_task_marker_parent to None, run_after=None
[2024-11-22T11:53:16.815+0000] {processor.py:208} INFO - Processing /home/airflow/.local/lib/python3.12/site-packages/airflow/example_dags/example_external_task_marker_dag.py took 0.066 seconds
[2024-11-22T11:53:47.620+0000] {processor.py:186} INFO - Started process (PID=729) to work on /home/airflow/.local/lib/python3.12/site-packages/airflow/example_dags/example_external_task_marker_dag.py
[2024-11-22T11:53:47.621+0000] {processor.py:914} INFO - Processing file /home/airflow/.local/lib/python3.12/site-packages/airflow/example_dags/example_external_task_marker_dag.py for tasks to queue
[2024-11-22T11:53:47.623+0000] {logging_mixin.py:190} INFO - [2024-11-22T11:53:47.623+0000] {dagbag.py:588} INFO - Filling up the DagBag from /home/airflow/.local/lib/python3.12/site-packages/airflow/example_dags/example_external_task_marker_dag.py
[2024-11-22T11:53:47.632+0000] {processor.py:925} INFO - DAG(s) 'example_external_task_marker_parent', 'example_external_task_marker_child' retrieved from /home/airflow/.local/lib/python3.12/site-packages/airflow/example_dags/example_external_task_marker_dag.py
[2024-11-22T11:53:47.653+0000] {logging_mixin.py:190} INFO - [2024-11-22T11:53:47.653+0000] {dag.py:3239} INFO - Sync 2 DAGs
[2024-11-22T11:53:47.669+0000] {logging_mixin.py:190} INFO - [2024-11-22T11:53:47.669+0000] {dag.py:4180} INFO - Setting next_dagrun for example_external_task_marker_child to None, run_after=None
[2024-11-22T11:53:47.674+0000] {logging_mixin.py:190} INFO - [2024-11-22T11:53:47.673+0000] {dag.py:4180} INFO - Setting next_dagrun for example_external_task_marker_parent to None, run_after=None
[2024-11-22T11:53:47.692+0000] {processor.py:208} INFO - Processing /home/airflow/.local/lib/python3.12/site-packages/airflow/example_dags/example_external_task_marker_dag.py took 0.078 seconds
[2024-11-22T11:54:17.978+0000] {processor.py:186} INFO - Started process (PID=792) to work on /home/airflow/.local/lib/python3.12/site-packages/airflow/example_dags/example_external_task_marker_dag.py
[2024-11-22T11:54:17.979+0000] {processor.py:914} INFO - Processing file /home/airflow/.local/lib/python3.12/site-packages/airflow/example_dags/example_external_task_marker_dag.py for tasks to queue
[2024-11-22T11:54:17.981+0000] {logging_mixin.py:190} INFO - [2024-11-22T11:54:17.980+0000] {dagbag.py:588} INFO - Filling up the DagBag from /home/airflow/.local/lib/python3.12/site-packages/airflow/example_dags/example_external_task_marker_dag.py
[2024-11-22T11:54:17.987+0000] {processor.py:925} INFO - DAG(s) 'example_external_task_marker_parent', 'example_external_task_marker_child' retrieved from /home/airflow/.local/lib/python3.12/site-packages/airflow/example_dags/example_external_task_marker_dag.py
[2024-11-22T11:54:18.009+0000] {logging_mixin.py:190} INFO - [2024-11-22T11:54:18.008+0000] {dag.py:3239} INFO - Sync 2 DAGs
[2024-11-22T11:54:18.023+0000] {logging_mixin.py:190} INFO - [2024-11-22T11:54:18.023+0000] {dag.py:4180} INFO - Setting next_dagrun for example_external_task_marker_child to None, run_after=None
[2024-11-22T11:54:18.026+0000] {logging_mixin.py:190} INFO - [2024-11-22T11:54:18.026+0000] {dag.py:4180} INFO - Setting next_dagrun for example_external_task_marker_parent to None, run_after=None
[2024-11-22T11:54:18.041+0000] {processor.py:208} INFO - Processing /home/airflow/.local/lib/python3.12/site-packages/airflow/example_dags/example_external_task_marker_dag.py took 0.068 seconds
[2024-11-22T11:54:48.627+0000] {processor.py:186} INFO - Started process (PID=855) to work on /home/airflow/.local/lib/python3.12/site-packages/airflow/example_dags/example_external_task_marker_dag.py
[2024-11-22T11:54:48.628+0000] {processor.py:914} INFO - Processing file /home/airflow/.local/lib/python3.12/site-packages/airflow/example_dags/example_external_task_marker_dag.py for tasks to queue
[2024-11-22T11:54:48.629+0000] {logging_mixin.py:190} INFO - [2024-11-22T11:54:48.629+0000] {dagbag.py:588} INFO - Filling up the DagBag from /home/airflow/.local/lib/python3.12/site-packages/airflow/example_dags/example_external_task_marker_dag.py
[2024-11-22T11:54:48.636+0000] {processor.py:925} INFO - DAG(s) 'example_external_task_marker_child', 'example_external_task_marker_parent' retrieved from /home/airflow/.local/lib/python3.12/site-packages/airflow/example_dags/example_external_task_marker_dag.py
[2024-11-22T11:54:48.655+0000] {logging_mixin.py:190} INFO - [2024-11-22T11:54:48.655+0000] {dag.py:3239} INFO - Sync 2 DAGs
[2024-11-22T11:54:48.668+0000] {logging_mixin.py:190} INFO - [2024-11-22T11:54:48.668+0000] {dag.py:4180} INFO - Setting next_dagrun for example_external_task_marker_child to None, run_after=None
[2024-11-22T11:54:48.672+0000] {logging_mixin.py:190} INFO - [2024-11-22T11:54:48.671+0000] {dag.py:4180} INFO - Setting next_dagrun for example_external_task_marker_parent to None, run_after=None
[2024-11-22T11:54:48.684+0000] {processor.py:208} INFO - Processing /home/airflow/.local/lib/python3.12/site-packages/airflow/example_dags/example_external_task_marker_dag.py took 0.062 seconds
[2024-11-22T11:55:19.304+0000] {processor.py:186} INFO - Started process (PID=918) to work on /home/airflow/.local/lib/python3.12/site-packages/airflow/example_dags/example_external_task_marker_dag.py
[2024-11-22T11:55:19.305+0000] {processor.py:914} INFO - Processing file /home/airflow/.local/lib/python3.12/site-packages/airflow/example_dags/example_external_task_marker_dag.py for tasks to queue
[2024-11-22T11:55:19.307+0000] {logging_mixin.py:190} INFO - [2024-11-22T11:55:19.307+0000] {dagbag.py:588} INFO - Filling up the DagBag from /home/airflow/.local/lib/python3.12/site-packages/airflow/example_dags/example_external_task_marker_dag.py
[2024-11-22T11:55:19.313+0000] {processor.py:925} INFO - DAG(s) 'example_external_task_marker_child', 'example_external_task_marker_parent' retrieved from /home/airflow/.local/lib/python3.12/site-packages/airflow/example_dags/example_external_task_marker_dag.py
[2024-11-22T11:55:19.334+0000] {logging_mixin.py:190} INFO - [2024-11-22T11:55:19.333+0000] {dag.py:3239} INFO - Sync 2 DAGs
[2024-11-22T11:55:19.347+0000] {logging_mixin.py:190} INFO - [2024-11-22T11:55:19.347+0000] {dag.py:4180} INFO - Setting next_dagrun for example_external_task_marker_child to None, run_after=None
[2024-11-22T11:55:19.351+0000] {logging_mixin.py:190} INFO - [2024-11-22T11:55:19.350+0000] {dag.py:4180} INFO - Setting next_dagrun for example_external_task_marker_parent to None, run_after=None
[2024-11-22T11:55:19.366+0000] {processor.py:208} INFO - Processing /home/airflow/.local/lib/python3.12/site-packages/airflow/example_dags/example_external_task_marker_dag.py took 0.066 seconds
[2024-11-22T11:55:49.742+0000] {processor.py:186} INFO - Started process (PID=981) to work on /home/airflow/.local/lib/python3.12/site-packages/airflow/example_dags/example_external_task_marker_dag.py
[2024-11-22T11:55:49.743+0000] {processor.py:914} INFO - Processing file /home/airflow/.local/lib/python3.12/site-packages/airflow/example_dags/example_external_task_marker_dag.py for tasks to queue
[2024-11-22T11:55:49.744+0000] {logging_mixin.py:190} INFO - [2024-11-22T11:55:49.744+0000] {dagbag.py:588} INFO - Filling up the DagBag from /home/airflow/.local/lib/python3.12/site-packages/airflow/example_dags/example_external_task_marker_dag.py
[2024-11-22T11:55:49.751+0000] {processor.py:925} INFO - DAG(s) 'example_external_task_marker_parent', 'example_external_task_marker_child' retrieved from /home/airflow/.local/lib/python3.12/site-packages/airflow/example_dags/example_external_task_marker_dag.py
[2024-11-22T11:55:49.773+0000] {logging_mixin.py:190} INFO - [2024-11-22T11:55:49.773+0000] {dag.py:3239} INFO - Sync 2 DAGs
[2024-11-22T11:55:49.790+0000] {logging_mixin.py:190} INFO - [2024-11-22T11:55:49.790+0000] {dag.py:4180} INFO - Setting next_dagrun for example_external_task_marker_child to None, run_after=None
[2024-11-22T11:55:49.794+0000] {logging_mixin.py:190} INFO - [2024-11-22T11:55:49.794+0000] {dag.py:4180} INFO - Setting next_dagrun for example_external_task_marker_parent to None, run_after=None
[2024-11-22T11:55:49.809+0000] {processor.py:208} INFO - Processing /home/airflow/.local/lib/python3.12/site-packages/airflow/example_dags/example_external_task_marker_dag.py took 0.072 seconds
[2024-11-22T11:56:20.628+0000] {processor.py:186} INFO - Started process (PID=1044) to work on /home/airflow/.local/lib/python3.12/site-packages/airflow/example_dags/example_external_task_marker_dag.py
[2024-11-22T11:56:20.629+0000] {processor.py:914} INFO - Processing file /home/airflow/.local/lib/python3.12/site-packages/airflow/example_dags/example_external_task_marker_dag.py for tasks to queue
[2024-11-22T11:56:20.631+0000] {logging_mixin.py:190} INFO - [2024-11-22T11:56:20.630+0000] {dagbag.py:588} INFO - Filling up the DagBag from /home/airflow/.local/lib/python3.12/site-packages/airflow/example_dags/example_external_task_marker_dag.py
[2024-11-22T11:56:20.637+0000] {processor.py:925} INFO - DAG(s) 'example_external_task_marker_child', 'example_external_task_marker_parent' retrieved from /home/airflow/.local/lib/python3.12/site-packages/airflow/example_dags/example_external_task_marker_dag.py
[2024-11-22T11:56:20.658+0000] {logging_mixin.py:190} INFO - [2024-11-22T11:56:20.658+0000] {dag.py:3239} INFO - Sync 2 DAGs
[2024-11-22T11:56:20.671+0000] {logging_mixin.py:190} INFO - [2024-11-22T11:56:20.671+0000] {dag.py:4180} INFO - Setting next_dagrun for example_external_task_marker_child to None, run_after=None
[2024-11-22T11:56:20.675+0000] {logging_mixin.py:190} INFO - [2024-11-22T11:56:20.674+0000] {dag.py:4180} INFO - Setting next_dagrun for example_external_task_marker_parent to None, run_after=None
[2024-11-22T11:56:20.688+0000] {processor.py:208} INFO - Processing /home/airflow/.local/lib/python3.12/site-packages/airflow/example_dags/example_external_task_marker_dag.py took 0.064 seconds
[2024-11-22T11:56:51.009+0000] {processor.py:186} INFO - Started process (PID=1107) to work on /home/airflow/.local/lib/python3.12/site-packages/airflow/example_dags/example_external_task_marker_dag.py
[2024-11-22T11:56:51.010+0000] {processor.py:914} INFO - Processing file /home/airflow/.local/lib/python3.12/site-packages/airflow/example_dags/example_external_task_marker_dag.py for tasks to queue
[2024-11-22T11:56:51.012+0000] {logging_mixin.py:190} INFO - [2024-11-22T11:56:51.012+0000] {dagbag.py:588} INFO - Filling up the DagBag from /home/airflow/.local/lib/python3.12/site-packages/airflow/example_dags/example_external_task_marker_dag.py
[2024-11-22T11:56:51.020+0000] {processor.py:925} INFO - DAG(s) 'example_external_task_marker_child', 'example_external_task_marker_parent' retrieved from /home/airflow/.local/lib/python3.12/site-packages/airflow/example_dags/example_external_task_marker_dag.py
[2024-11-22T11:56:51.045+0000] {logging_mixin.py:190} INFO - [2024-11-22T11:56:51.044+0000] {dag.py:3239} INFO - Sync 2 DAGs
[2024-11-22T11:56:51.062+0000] {logging_mixin.py:190} INFO - [2024-11-22T11:56:51.062+0000] {dag.py:4180} INFO - Setting next_dagrun for example_external_task_marker_child to None, run_after=None
[2024-11-22T11:56:51.066+0000] {logging_mixin.py:190} INFO - [2024-11-22T11:56:51.066+0000] {dag.py:4180} INFO - Setting next_dagrun for example_external_task_marker_parent to None, run_after=None
[2024-11-22T11:56:51.083+0000] {processor.py:208} INFO - Processing /home/airflow/.local/lib/python3.12/site-packages/airflow/example_dags/example_external_task_marker_dag.py took 0.080 seconds
