[2024-11-22T11:48:43.137+0000] {processor.py:186} INFO - Started process (PID=109) to work on /home/airflow/.local/lib/python3.12/site-packages/airflow/example_dags/example_dataset_alias.py
[2024-11-22T11:48:43.138+0000] {processor.py:914} INFO - Processing file /home/airflow/.local/lib/python3.12/site-packages/airflow/example_dags/example_dataset_alias.py for tasks to queue
[2024-11-22T11:48:43.141+0000] {logging_mixin.py:190} INFO - [2024-11-22T11:48:43.140+0000] {dagbag.py:588} INFO - Filling up the DagBag from /home/airflow/.local/lib/python3.12/site-packages/airflow/example_dags/example_dataset_alias.py
[2024-11-22T11:48:43.867+0000] {processor.py:925} INFO - DAG(s) 'dataset_s3_bucket_producer', 'dataset_alias_example_alias_producer', 'dataset_alias_example_alias_consumer', 'dataset_s3_bucket_consumer' retrieved from /home/airflow/.local/lib/python3.12/site-packages/airflow/example_dags/example_dataset_alias.py
[2024-11-22T11:48:43.981+0000] {logging_mixin.py:190} INFO - [2024-11-22T11:48:43.980+0000] {override.py:1911} INFO - Created Permission View: can delete on DAG:dataset_s3_bucket_producer
[2024-11-22T11:48:43.993+0000] {logging_mixin.py:190} INFO - [2024-11-22T11:48:43.992+0000] {override.py:1911} INFO - Created Permission View: can edit on DAG:dataset_s3_bucket_producer
[2024-11-22T11:48:44.000+0000] {logging_mixin.py:190} INFO - [2024-11-22T11:48:44.000+0000] {override.py:1911} INFO - Created Permission View: can read on DAG:dataset_s3_bucket_producer
[2024-11-22T11:48:44.012+0000] {logging_mixin.py:190} INFO - [2024-11-22T11:48:44.012+0000] {override.py:1911} INFO - Created Permission View: can delete on DAG Run:dataset_s3_bucket_producer
[2024-11-22T11:48:44.026+0000] {logging_mixin.py:190} INFO - [2024-11-22T11:48:44.025+0000] {override.py:1911} INFO - Created Permission View: menu access on DAG Run:dataset_s3_bucket_producer
[2024-11-22T11:48:44.041+0000] {logging_mixin.py:190} INFO - [2024-11-22T11:48:44.041+0000] {override.py:1911} INFO - Created Permission View: can create on DAG Run:dataset_s3_bucket_producer
[2024-11-22T11:48:44.050+0000] {logging_mixin.py:190} INFO - [2024-11-22T11:48:44.049+0000] {override.py:1911} INFO - Created Permission View: can read on DAG Run:dataset_s3_bucket_producer
[2024-11-22T11:48:44.071+0000] {logging_mixin.py:190} INFO - [2024-11-22T11:48:44.070+0000] {override.py:1911} INFO - Created Permission View: can delete on DAG:dataset_alias_example_alias_producer
[2024-11-22T11:48:44.079+0000] {logging_mixin.py:190} INFO - [2024-11-22T11:48:44.078+0000] {override.py:1911} INFO - Created Permission View: can edit on DAG:dataset_alias_example_alias_producer
[2024-11-22T11:48:44.087+0000] {logging_mixin.py:190} INFO - [2024-11-22T11:48:44.086+0000] {override.py:1911} INFO - Created Permission View: can read on DAG:dataset_alias_example_alias_producer
[2024-11-22T11:48:44.095+0000] {logging_mixin.py:190} INFO - [2024-11-22T11:48:44.094+0000] {override.py:1911} INFO - Created Permission View: can delete on DAG Run:dataset_alias_example_alias_producer
[2024-11-22T11:48:44.102+0000] {logging_mixin.py:190} INFO - [2024-11-22T11:48:44.102+0000] {override.py:1911} INFO - Created Permission View: menu access on DAG Run:dataset_alias_example_alias_producer
[2024-11-22T11:48:44.108+0000] {logging_mixin.py:190} INFO - [2024-11-22T11:48:44.108+0000] {override.py:1911} INFO - Created Permission View: can create on DAG Run:dataset_alias_example_alias_producer
[2024-11-22T11:48:44.115+0000] {logging_mixin.py:190} INFO - [2024-11-22T11:48:44.115+0000] {override.py:1911} INFO - Created Permission View: can read on DAG Run:dataset_alias_example_alias_producer
[2024-11-22T11:48:44.126+0000] {logging_mixin.py:190} INFO - [2024-11-22T11:48:44.126+0000] {override.py:1911} INFO - Created Permission View: can delete on DAG:dataset_alias_example_alias_consumer
[2024-11-22T11:48:44.133+0000] {logging_mixin.py:190} INFO - [2024-11-22T11:48:44.133+0000] {override.py:1911} INFO - Created Permission View: can edit on DAG:dataset_alias_example_alias_consumer
[2024-11-22T11:48:44.141+0000] {logging_mixin.py:190} INFO - [2024-11-22T11:48:44.140+0000] {override.py:1911} INFO - Created Permission View: can read on DAG:dataset_alias_example_alias_consumer
[2024-11-22T11:48:44.150+0000] {logging_mixin.py:190} INFO - [2024-11-22T11:48:44.149+0000] {override.py:1911} INFO - Created Permission View: can delete on DAG Run:dataset_alias_example_alias_consumer
[2024-11-22T11:48:44.159+0000] {logging_mixin.py:190} INFO - [2024-11-22T11:48:44.158+0000] {override.py:1911} INFO - Created Permission View: menu access on DAG Run:dataset_alias_example_alias_consumer
[2024-11-22T11:48:44.168+0000] {logging_mixin.py:190} INFO - [2024-11-22T11:48:44.168+0000] {override.py:1911} INFO - Created Permission View: can create on DAG Run:dataset_alias_example_alias_consumer
[2024-11-22T11:48:44.183+0000] {logging_mixin.py:190} INFO - [2024-11-22T11:48:44.183+0000] {override.py:1911} INFO - Created Permission View: can read on DAG Run:dataset_alias_example_alias_consumer
[2024-11-22T11:48:44.222+0000] {logging_mixin.py:190} INFO - [2024-11-22T11:48:44.222+0000] {override.py:1911} INFO - Created Permission View: can delete on DAG:dataset_s3_bucket_consumer
[2024-11-22T11:48:44.232+0000] {logging_mixin.py:190} INFO - [2024-11-22T11:48:44.232+0000] {override.py:1911} INFO - Created Permission View: can edit on DAG:dataset_s3_bucket_consumer
[2024-11-22T11:48:44.240+0000] {logging_mixin.py:190} INFO - [2024-11-22T11:48:44.239+0000] {override.py:1911} INFO - Created Permission View: can read on DAG:dataset_s3_bucket_consumer
[2024-11-22T11:48:44.248+0000] {logging_mixin.py:190} INFO - [2024-11-22T11:48:44.247+0000] {override.py:1911} INFO - Created Permission View: can delete on DAG Run:dataset_s3_bucket_consumer
[2024-11-22T11:48:44.256+0000] {logging_mixin.py:190} INFO - [2024-11-22T11:48:44.256+0000] {override.py:1911} INFO - Created Permission View: menu access on DAG Run:dataset_s3_bucket_consumer
[2024-11-22T11:48:44.263+0000] {logging_mixin.py:190} INFO - [2024-11-22T11:48:44.263+0000] {override.py:1911} INFO - Created Permission View: can create on DAG Run:dataset_s3_bucket_consumer
[2024-11-22T11:48:44.270+0000] {logging_mixin.py:190} INFO - [2024-11-22T11:48:44.269+0000] {override.py:1911} INFO - Created Permission View: can read on DAG Run:dataset_s3_bucket_consumer
[2024-11-22T11:48:44.270+0000] {logging_mixin.py:190} INFO - [2024-11-22T11:48:44.270+0000] {dag.py:3239} INFO - Sync 4 DAGs
[2024-11-22T11:48:44.286+0000] {logging_mixin.py:190} INFO - [2024-11-22T11:48:44.285+0000] {dag.py:3262} INFO - Creating ORM DAG for dataset_s3_bucket_producer
[2024-11-22T11:48:44.286+0000] {logging_mixin.py:190} INFO - [2024-11-22T11:48:44.286+0000] {dag.py:3262} INFO - Creating ORM DAG for dataset_alias_example_alias_producer
[2024-11-22T11:48:44.287+0000] {logging_mixin.py:190} INFO - [2024-11-22T11:48:44.287+0000] {dag.py:3262} INFO - Creating ORM DAG for dataset_alias_example_alias_consumer
[2024-11-22T11:48:44.287+0000] {logging_mixin.py:190} INFO - [2024-11-22T11:48:44.287+0000] {dag.py:3262} INFO - Creating ORM DAG for dataset_s3_bucket_consumer
[2024-11-22T11:48:44.297+0000] {logging_mixin.py:190} INFO - [2024-11-22T11:48:44.297+0000] {dag.py:4180} INFO - Setting next_dagrun for dataset_alias_example_alias_consumer to None, run_after=None
[2024-11-22T11:48:44.299+0000] {logging_mixin.py:190} INFO - [2024-11-22T11:48:44.299+0000] {dag.py:4180} INFO - Setting next_dagrun for dataset_alias_example_alias_producer to None, run_after=None
[2024-11-22T11:48:44.299+0000] {logging_mixin.py:190} INFO - [2024-11-22T11:48:44.299+0000] {dag.py:4180} INFO - Setting next_dagrun for dataset_s3_bucket_consumer to None, run_after=None
[2024-11-22T11:48:44.300+0000] {logging_mixin.py:190} INFO - [2024-11-22T11:48:44.300+0000] {dag.py:4180} INFO - Setting next_dagrun for dataset_s3_bucket_producer to None, run_after=None
[2024-11-22T11:48:44.340+0000] {processor.py:208} INFO - Processing /home/airflow/.local/lib/python3.12/site-packages/airflow/example_dags/example_dataset_alias.py took 1.208 seconds
[2024-11-22T11:49:14.987+0000] {processor.py:186} INFO - Started process (PID=174) to work on /home/airflow/.local/lib/python3.12/site-packages/airflow/example_dags/example_dataset_alias.py
[2024-11-22T11:49:14.988+0000] {processor.py:914} INFO - Processing file /home/airflow/.local/lib/python3.12/site-packages/airflow/example_dags/example_dataset_alias.py for tasks to queue
[2024-11-22T11:49:14.990+0000] {logging_mixin.py:190} INFO - [2024-11-22T11:49:14.990+0000] {dagbag.py:588} INFO - Filling up the DagBag from /home/airflow/.local/lib/python3.12/site-packages/airflow/example_dags/example_dataset_alias.py
[2024-11-22T11:49:15.561+0000] {processor.py:925} INFO - DAG(s) 'dataset_alias_example_alias_consumer', 'dataset_s3_bucket_consumer', 'dataset_alias_example_alias_producer', 'dataset_s3_bucket_producer' retrieved from /home/airflow/.local/lib/python3.12/site-packages/airflow/example_dags/example_dataset_alias.py
[2024-11-22T11:49:15.582+0000] {logging_mixin.py:190} INFO - [2024-11-22T11:49:15.582+0000] {dag.py:3239} INFO - Sync 4 DAGs
[2024-11-22T11:49:15.603+0000] {logging_mixin.py:190} INFO - [2024-11-22T11:49:15.603+0000] {dag.py:4180} INFO - Setting next_dagrun for dataset_alias_example_alias_consumer to None, run_after=None
[2024-11-22T11:49:15.606+0000] {logging_mixin.py:190} INFO - [2024-11-22T11:49:15.606+0000] {dag.py:4180} INFO - Setting next_dagrun for dataset_alias_example_alias_producer to None, run_after=None
[2024-11-22T11:49:15.609+0000] {logging_mixin.py:190} INFO - [2024-11-22T11:49:15.608+0000] {dag.py:4180} INFO - Setting next_dagrun for dataset_s3_bucket_consumer to None, run_after=None
[2024-11-22T11:49:15.610+0000] {logging_mixin.py:190} INFO - [2024-11-22T11:49:15.610+0000] {dag.py:4180} INFO - Setting next_dagrun for dataset_s3_bucket_producer to None, run_after=None
[2024-11-22T11:49:15.630+0000] {processor.py:208} INFO - Processing /home/airflow/.local/lib/python3.12/site-packages/airflow/example_dags/example_dataset_alias.py took 0.648 seconds
[2024-11-22T11:49:45.698+0000] {processor.py:186} INFO - Started process (PID=241) to work on /home/airflow/.local/lib/python3.12/site-packages/airflow/example_dags/example_dataset_alias.py
[2024-11-22T11:49:45.699+0000] {processor.py:914} INFO - Processing file /home/airflow/.local/lib/python3.12/site-packages/airflow/example_dags/example_dataset_alias.py for tasks to queue
[2024-11-22T11:49:45.701+0000] {logging_mixin.py:190} INFO - [2024-11-22T11:49:45.701+0000] {dagbag.py:588} INFO - Filling up the DagBag from /home/airflow/.local/lib/python3.12/site-packages/airflow/example_dags/example_dataset_alias.py
[2024-11-22T11:49:46.503+0000] {processor.py:925} INFO - DAG(s) 'dataset_s3_bucket_producer', 'dataset_s3_bucket_consumer', 'dataset_alias_example_alias_producer', 'dataset_alias_example_alias_consumer' retrieved from /home/airflow/.local/lib/python3.12/site-packages/airflow/example_dags/example_dataset_alias.py
[2024-11-22T11:49:46.529+0000] {logging_mixin.py:190} INFO - [2024-11-22T11:49:46.529+0000] {dag.py:3239} INFO - Sync 4 DAGs
[2024-11-22T11:49:46.552+0000] {logging_mixin.py:190} INFO - [2024-11-22T11:49:46.552+0000] {dag.py:4180} INFO - Setting next_dagrun for dataset_alias_example_alias_consumer to None, run_after=None
[2024-11-22T11:49:46.555+0000] {logging_mixin.py:190} INFO - [2024-11-22T11:49:46.554+0000] {dag.py:4180} INFO - Setting next_dagrun for dataset_alias_example_alias_producer to None, run_after=None
[2024-11-22T11:49:46.557+0000] {logging_mixin.py:190} INFO - [2024-11-22T11:49:46.557+0000] {dag.py:4180} INFO - Setting next_dagrun for dataset_s3_bucket_consumer to None, run_after=None
[2024-11-22T11:49:46.559+0000] {logging_mixin.py:190} INFO - [2024-11-22T11:49:46.559+0000] {dag.py:4180} INFO - Setting next_dagrun for dataset_s3_bucket_producer to None, run_after=None
[2024-11-22T11:49:46.600+0000] {processor.py:208} INFO - Processing /home/airflow/.local/lib/python3.12/site-packages/airflow/example_dags/example_dataset_alias.py took 0.907 seconds
[2024-11-22T11:50:16.872+0000] {processor.py:186} INFO - Started process (PID=300) to work on /home/airflow/.local/lib/python3.12/site-packages/airflow/example_dags/example_dataset_alias.py
[2024-11-22T11:50:16.873+0000] {processor.py:914} INFO - Processing file /home/airflow/.local/lib/python3.12/site-packages/airflow/example_dags/example_dataset_alias.py for tasks to queue
[2024-11-22T11:50:16.874+0000] {logging_mixin.py:190} INFO - [2024-11-22T11:50:16.874+0000] {dagbag.py:588} INFO - Filling up the DagBag from /home/airflow/.local/lib/python3.12/site-packages/airflow/example_dags/example_dataset_alias.py
[2024-11-22T11:50:17.497+0000] {processor.py:925} INFO - DAG(s) 'dataset_alias_example_alias_producer', 'dataset_alias_example_alias_consumer', 'dataset_s3_bucket_producer', 'dataset_s3_bucket_consumer' retrieved from /home/airflow/.local/lib/python3.12/site-packages/airflow/example_dags/example_dataset_alias.py
[2024-11-22T11:50:17.518+0000] {logging_mixin.py:190} INFO - [2024-11-22T11:50:17.517+0000] {dag.py:3239} INFO - Sync 4 DAGs
[2024-11-22T11:50:17.542+0000] {logging_mixin.py:190} INFO - [2024-11-22T11:50:17.542+0000] {dag.py:4180} INFO - Setting next_dagrun for dataset_alias_example_alias_consumer to None, run_after=None
[2024-11-22T11:50:17.545+0000] {logging_mixin.py:190} INFO - [2024-11-22T11:50:17.544+0000] {dag.py:4180} INFO - Setting next_dagrun for dataset_alias_example_alias_producer to None, run_after=None
[2024-11-22T11:50:17.546+0000] {logging_mixin.py:190} INFO - [2024-11-22T11:50:17.546+0000] {dag.py:4180} INFO - Setting next_dagrun for dataset_s3_bucket_consumer to None, run_after=None
[2024-11-22T11:50:17.549+0000] {logging_mixin.py:190} INFO - [2024-11-22T11:50:17.548+0000] {dag.py:4180} INFO - Setting next_dagrun for dataset_s3_bucket_producer to None, run_after=None
[2024-11-22T11:50:17.576+0000] {processor.py:208} INFO - Processing /home/airflow/.local/lib/python3.12/site-packages/airflow/example_dags/example_dataset_alias.py took 0.710 seconds
[2024-11-22T11:50:47.701+0000] {processor.py:186} INFO - Started process (PID=361) to work on /home/airflow/.local/lib/python3.12/site-packages/airflow/example_dags/example_dataset_alias.py
[2024-11-22T11:50:47.702+0000] {processor.py:914} INFO - Processing file /home/airflow/.local/lib/python3.12/site-packages/airflow/example_dags/example_dataset_alias.py for tasks to queue
[2024-11-22T11:50:47.704+0000] {logging_mixin.py:190} INFO - [2024-11-22T11:50:47.704+0000] {dagbag.py:588} INFO - Filling up the DagBag from /home/airflow/.local/lib/python3.12/site-packages/airflow/example_dags/example_dataset_alias.py
[2024-11-22T11:50:48.355+0000] {processor.py:925} INFO - DAG(s) 'dataset_s3_bucket_consumer', 'dataset_alias_example_alias_producer', 'dataset_alias_example_alias_consumer', 'dataset_s3_bucket_producer' retrieved from /home/airflow/.local/lib/python3.12/site-packages/airflow/example_dags/example_dataset_alias.py
[2024-11-22T11:50:48.380+0000] {logging_mixin.py:190} INFO - [2024-11-22T11:50:48.380+0000] {dag.py:3239} INFO - Sync 4 DAGs
[2024-11-22T11:50:48.408+0000] {logging_mixin.py:190} INFO - [2024-11-22T11:50:48.407+0000] {dag.py:4180} INFO - Setting next_dagrun for dataset_alias_example_alias_consumer to None, run_after=None
[2024-11-22T11:50:48.411+0000] {logging_mixin.py:190} INFO - [2024-11-22T11:50:48.411+0000] {dag.py:4180} INFO - Setting next_dagrun for dataset_alias_example_alias_producer to None, run_after=None
[2024-11-22T11:50:48.414+0000] {logging_mixin.py:190} INFO - [2024-11-22T11:50:48.413+0000] {dag.py:4180} INFO - Setting next_dagrun for dataset_s3_bucket_consumer to None, run_after=None
[2024-11-22T11:50:48.416+0000] {logging_mixin.py:190} INFO - [2024-11-22T11:50:48.416+0000] {dag.py:4180} INFO - Setting next_dagrun for dataset_s3_bucket_producer to None, run_after=None
[2024-11-22T11:50:48.448+0000] {processor.py:208} INFO - Processing /home/airflow/.local/lib/python3.12/site-packages/airflow/example_dags/example_dataset_alias.py took 0.752 seconds
[2024-11-22T11:51:19.370+0000] {processor.py:186} INFO - Started process (PID=424) to work on /home/airflow/.local/lib/python3.12/site-packages/airflow/example_dags/example_dataset_alias.py
[2024-11-22T11:51:19.371+0000] {processor.py:914} INFO - Processing file /home/airflow/.local/lib/python3.12/site-packages/airflow/example_dags/example_dataset_alias.py for tasks to queue
[2024-11-22T11:51:19.372+0000] {logging_mixin.py:190} INFO - [2024-11-22T11:51:19.372+0000] {dagbag.py:588} INFO - Filling up the DagBag from /home/airflow/.local/lib/python3.12/site-packages/airflow/example_dags/example_dataset_alias.py
[2024-11-22T11:51:19.967+0000] {processor.py:925} INFO - DAG(s) 'dataset_s3_bucket_producer', 'dataset_alias_example_alias_producer', 'dataset_alias_example_alias_consumer', 'dataset_s3_bucket_consumer' retrieved from /home/airflow/.local/lib/python3.12/site-packages/airflow/example_dags/example_dataset_alias.py
[2024-11-22T11:51:19.991+0000] {logging_mixin.py:190} INFO - [2024-11-22T11:51:19.991+0000] {dag.py:3239} INFO - Sync 4 DAGs
[2024-11-22T11:51:20.015+0000] {logging_mixin.py:190} INFO - [2024-11-22T11:51:20.015+0000] {dag.py:4180} INFO - Setting next_dagrun for dataset_alias_example_alias_consumer to None, run_after=None
[2024-11-22T11:51:20.018+0000] {logging_mixin.py:190} INFO - [2024-11-22T11:51:20.018+0000] {dag.py:4180} INFO - Setting next_dagrun for dataset_alias_example_alias_producer to None, run_after=None
[2024-11-22T11:51:20.020+0000] {logging_mixin.py:190} INFO - [2024-11-22T11:51:20.019+0000] {dag.py:4180} INFO - Setting next_dagrun for dataset_s3_bucket_consumer to None, run_after=None
[2024-11-22T11:51:20.021+0000] {logging_mixin.py:190} INFO - [2024-11-22T11:51:20.021+0000] {dag.py:4180} INFO - Setting next_dagrun for dataset_s3_bucket_producer to None, run_after=None
[2024-11-22T11:51:20.041+0000] {processor.py:208} INFO - Processing /home/airflow/.local/lib/python3.12/site-packages/airflow/example_dags/example_dataset_alias.py took 0.677 seconds
[2024-11-22T11:51:50.363+0000] {processor.py:186} INFO - Started process (PID=493) to work on /home/airflow/.local/lib/python3.12/site-packages/airflow/example_dags/example_dataset_alias.py
[2024-11-22T11:51:50.364+0000] {processor.py:914} INFO - Processing file /home/airflow/.local/lib/python3.12/site-packages/airflow/example_dags/example_dataset_alias.py for tasks to queue
[2024-11-22T11:51:50.366+0000] {logging_mixin.py:190} INFO - [2024-11-22T11:51:50.366+0000] {dagbag.py:588} INFO - Filling up the DagBag from /home/airflow/.local/lib/python3.12/site-packages/airflow/example_dags/example_dataset_alias.py
[2024-11-22T11:51:50.968+0000] {processor.py:925} INFO - DAG(s) 'dataset_alias_example_alias_producer', 'dataset_alias_example_alias_consumer', 'dataset_s3_bucket_producer', 'dataset_s3_bucket_consumer' retrieved from /home/airflow/.local/lib/python3.12/site-packages/airflow/example_dags/example_dataset_alias.py
[2024-11-22T11:51:50.992+0000] {logging_mixin.py:190} INFO - [2024-11-22T11:51:50.991+0000] {dag.py:3239} INFO - Sync 4 DAGs
[2024-11-22T11:51:51.015+0000] {logging_mixin.py:190} INFO - [2024-11-22T11:51:51.015+0000] {dag.py:4180} INFO - Setting next_dagrun for dataset_alias_example_alias_consumer to None, run_after=None
[2024-11-22T11:51:51.018+0000] {logging_mixin.py:190} INFO - [2024-11-22T11:51:51.018+0000] {dag.py:4180} INFO - Setting next_dagrun for dataset_alias_example_alias_producer to None, run_after=None
[2024-11-22T11:51:51.019+0000] {logging_mixin.py:190} INFO - [2024-11-22T11:51:51.019+0000] {dag.py:4180} INFO - Setting next_dagrun for dataset_s3_bucket_consumer to None, run_after=None
[2024-11-22T11:51:51.021+0000] {logging_mixin.py:190} INFO - [2024-11-22T11:51:51.021+0000] {dag.py:4180} INFO - Setting next_dagrun for dataset_s3_bucket_producer to None, run_after=None
[2024-11-22T11:51:51.043+0000] {processor.py:208} INFO - Processing /home/airflow/.local/lib/python3.12/site-packages/airflow/example_dags/example_dataset_alias.py took 0.685 seconds
[2024-11-22T11:52:21.315+0000] {processor.py:186} INFO - Started process (PID=552) to work on /home/airflow/.local/lib/python3.12/site-packages/airflow/example_dags/example_dataset_alias.py
[2024-11-22T11:52:21.316+0000] {processor.py:914} INFO - Processing file /home/airflow/.local/lib/python3.12/site-packages/airflow/example_dags/example_dataset_alias.py for tasks to queue
[2024-11-22T11:52:21.318+0000] {logging_mixin.py:190} INFO - [2024-11-22T11:52:21.318+0000] {dagbag.py:588} INFO - Filling up the DagBag from /home/airflow/.local/lib/python3.12/site-packages/airflow/example_dags/example_dataset_alias.py
[2024-11-22T11:52:21.917+0000] {processor.py:925} INFO - DAG(s) 'dataset_alias_example_alias_producer', 'dataset_s3_bucket_consumer', 'dataset_s3_bucket_producer', 'dataset_alias_example_alias_consumer' retrieved from /home/airflow/.local/lib/python3.12/site-packages/airflow/example_dags/example_dataset_alias.py
[2024-11-22T11:52:21.936+0000] {logging_mixin.py:190} INFO - [2024-11-22T11:52:21.935+0000] {dag.py:3239} INFO - Sync 4 DAGs
[2024-11-22T11:52:21.958+0000] {logging_mixin.py:190} INFO - [2024-11-22T11:52:21.958+0000] {dag.py:4180} INFO - Setting next_dagrun for dataset_alias_example_alias_consumer to None, run_after=None
[2024-11-22T11:52:21.960+0000] {logging_mixin.py:190} INFO - [2024-11-22T11:52:21.960+0000] {dag.py:4180} INFO - Setting next_dagrun for dataset_alias_example_alias_producer to None, run_after=None
[2024-11-22T11:52:21.962+0000] {logging_mixin.py:190} INFO - [2024-11-22T11:52:21.962+0000] {dag.py:4180} INFO - Setting next_dagrun for dataset_s3_bucket_consumer to None, run_after=None
[2024-11-22T11:52:21.963+0000] {logging_mixin.py:190} INFO - [2024-11-22T11:52:21.963+0000] {dag.py:4180} INFO - Setting next_dagrun for dataset_s3_bucket_producer to None, run_after=None
[2024-11-22T11:52:21.983+0000] {processor.py:208} INFO - Processing /home/airflow/.local/lib/python3.12/site-packages/airflow/example_dags/example_dataset_alias.py took 0.675 seconds
[2024-11-22T11:52:53.766+0000] {processor.py:186} INFO - Started process (PID=615) to work on /home/airflow/.local/lib/python3.12/site-packages/airflow/example_dags/example_dataset_alias.py
[2024-11-22T11:52:53.767+0000] {processor.py:914} INFO - Processing file /home/airflow/.local/lib/python3.12/site-packages/airflow/example_dags/example_dataset_alias.py for tasks to queue
[2024-11-22T11:52:53.769+0000] {logging_mixin.py:190} INFO - [2024-11-22T11:52:53.769+0000] {dagbag.py:588} INFO - Filling up the DagBag from /home/airflow/.local/lib/python3.12/site-packages/airflow/example_dags/example_dataset_alias.py
[2024-11-22T11:52:54.654+0000] {processor.py:925} INFO - DAG(s) 'dataset_alias_example_alias_consumer', 'dataset_s3_bucket_producer', 'dataset_alias_example_alias_producer', 'dataset_s3_bucket_consumer' retrieved from /home/airflow/.local/lib/python3.12/site-packages/airflow/example_dags/example_dataset_alias.py
[2024-11-22T11:52:54.680+0000] {logging_mixin.py:190} INFO - [2024-11-22T11:52:54.679+0000] {dag.py:3239} INFO - Sync 4 DAGs
[2024-11-22T11:52:54.709+0000] {logging_mixin.py:190} INFO - [2024-11-22T11:52:54.709+0000] {dag.py:4180} INFO - Setting next_dagrun for dataset_alias_example_alias_consumer to None, run_after=None
[2024-11-22T11:52:54.713+0000] {logging_mixin.py:190} INFO - [2024-11-22T11:52:54.713+0000] {dag.py:4180} INFO - Setting next_dagrun for dataset_alias_example_alias_producer to None, run_after=None
[2024-11-22T11:52:54.716+0000] {logging_mixin.py:190} INFO - [2024-11-22T11:52:54.715+0000] {dag.py:4180} INFO - Setting next_dagrun for dataset_s3_bucket_consumer to None, run_after=None
[2024-11-22T11:52:54.717+0000] {logging_mixin.py:190} INFO - [2024-11-22T11:52:54.717+0000] {dag.py:4180} INFO - Setting next_dagrun for dataset_s3_bucket_producer to None, run_after=None
[2024-11-22T11:52:54.742+0000] {processor.py:208} INFO - Processing /home/airflow/.local/lib/python3.12/site-packages/airflow/example_dags/example_dataset_alias.py took 0.981 seconds
[2024-11-22T11:53:24.885+0000] {processor.py:186} INFO - Started process (PID=683) to work on /home/airflow/.local/lib/python3.12/site-packages/airflow/example_dags/example_dataset_alias.py
[2024-11-22T11:53:24.886+0000] {processor.py:914} INFO - Processing file /home/airflow/.local/lib/python3.12/site-packages/airflow/example_dags/example_dataset_alias.py for tasks to queue
[2024-11-22T11:53:24.888+0000] {logging_mixin.py:190} INFO - [2024-11-22T11:53:24.888+0000] {dagbag.py:588} INFO - Filling up the DagBag from /home/airflow/.local/lib/python3.12/site-packages/airflow/example_dags/example_dataset_alias.py
[2024-11-22T11:53:25.506+0000] {processor.py:925} INFO - DAG(s) 'dataset_alias_example_alias_consumer', 'dataset_s3_bucket_producer', 'dataset_s3_bucket_consumer', 'dataset_alias_example_alias_producer' retrieved from /home/airflow/.local/lib/python3.12/site-packages/airflow/example_dags/example_dataset_alias.py
[2024-11-22T11:53:25.527+0000] {logging_mixin.py:190} INFO - [2024-11-22T11:53:25.527+0000] {dag.py:3239} INFO - Sync 4 DAGs
[2024-11-22T11:53:25.551+0000] {logging_mixin.py:190} INFO - [2024-11-22T11:53:25.551+0000] {dag.py:4180} INFO - Setting next_dagrun for dataset_alias_example_alias_consumer to None, run_after=None
[2024-11-22T11:53:25.554+0000] {logging_mixin.py:190} INFO - [2024-11-22T11:53:25.554+0000] {dag.py:4180} INFO - Setting next_dagrun for dataset_alias_example_alias_producer to None, run_after=None
[2024-11-22T11:53:25.555+0000] {logging_mixin.py:190} INFO - [2024-11-22T11:53:25.555+0000] {dag.py:4180} INFO - Setting next_dagrun for dataset_s3_bucket_consumer to None, run_after=None
[2024-11-22T11:53:25.557+0000] {logging_mixin.py:190} INFO - [2024-11-22T11:53:25.557+0000] {dag.py:4180} INFO - Setting next_dagrun for dataset_s3_bucket_producer to None, run_after=None
[2024-11-22T11:53:25.579+0000] {processor.py:208} INFO - Processing /home/airflow/.local/lib/python3.12/site-packages/airflow/example_dags/example_dataset_alias.py took 0.699 seconds
[2024-11-22T11:53:55.752+0000] {processor.py:186} INFO - Started process (PID=744) to work on /home/airflow/.local/lib/python3.12/site-packages/airflow/example_dags/example_dataset_alias.py
[2024-11-22T11:53:55.753+0000] {processor.py:914} INFO - Processing file /home/airflow/.local/lib/python3.12/site-packages/airflow/example_dags/example_dataset_alias.py for tasks to queue
[2024-11-22T11:53:55.757+0000] {logging_mixin.py:190} INFO - [2024-11-22T11:53:55.756+0000] {dagbag.py:588} INFO - Filling up the DagBag from /home/airflow/.local/lib/python3.12/site-packages/airflow/example_dags/example_dataset_alias.py
[2024-11-22T11:53:56.480+0000] {processor.py:925} INFO - DAG(s) 'dataset_s3_bucket_producer', 'dataset_alias_example_alias_producer', 'dataset_alias_example_alias_consumer', 'dataset_s3_bucket_consumer' retrieved from /home/airflow/.local/lib/python3.12/site-packages/airflow/example_dags/example_dataset_alias.py
[2024-11-22T11:53:56.508+0000] {logging_mixin.py:190} INFO - [2024-11-22T11:53:56.508+0000] {dag.py:3239} INFO - Sync 4 DAGs
[2024-11-22T11:53:56.533+0000] {logging_mixin.py:190} INFO - [2024-11-22T11:53:56.533+0000] {dag.py:4180} INFO - Setting next_dagrun for dataset_alias_example_alias_consumer to None, run_after=None
[2024-11-22T11:53:56.536+0000] {logging_mixin.py:190} INFO - [2024-11-22T11:53:56.536+0000] {dag.py:4180} INFO - Setting next_dagrun for dataset_alias_example_alias_producer to None, run_after=None
[2024-11-22T11:53:56.539+0000] {logging_mixin.py:190} INFO - [2024-11-22T11:53:56.539+0000] {dag.py:4180} INFO - Setting next_dagrun for dataset_s3_bucket_consumer to None, run_after=None
[2024-11-22T11:53:56.541+0000] {logging_mixin.py:190} INFO - [2024-11-22T11:53:56.541+0000] {dag.py:4180} INFO - Setting next_dagrun for dataset_s3_bucket_producer to None, run_after=None
[2024-11-22T11:53:56.563+0000] {processor.py:208} INFO - Processing /home/airflow/.local/lib/python3.12/site-packages/airflow/example_dags/example_dataset_alias.py took 0.820 seconds
[2024-11-22T11:54:26.742+0000] {processor.py:186} INFO - Started process (PID=807) to work on /home/airflow/.local/lib/python3.12/site-packages/airflow/example_dags/example_dataset_alias.py
[2024-11-22T11:54:26.743+0000] {processor.py:914} INFO - Processing file /home/airflow/.local/lib/python3.12/site-packages/airflow/example_dags/example_dataset_alias.py for tasks to queue
[2024-11-22T11:54:26.745+0000] {logging_mixin.py:190} INFO - [2024-11-22T11:54:26.744+0000] {dagbag.py:588} INFO - Filling up the DagBag from /home/airflow/.local/lib/python3.12/site-packages/airflow/example_dags/example_dataset_alias.py
[2024-11-22T11:54:27.357+0000] {processor.py:925} INFO - DAG(s) 'dataset_s3_bucket_consumer', 'dataset_s3_bucket_producer', 'dataset_alias_example_alias_producer', 'dataset_alias_example_alias_consumer' retrieved from /home/airflow/.local/lib/python3.12/site-packages/airflow/example_dags/example_dataset_alias.py
[2024-11-22T11:54:27.376+0000] {logging_mixin.py:190} INFO - [2024-11-22T11:54:27.375+0000] {dag.py:3239} INFO - Sync 4 DAGs
[2024-11-22T11:54:27.396+0000] {logging_mixin.py:190} INFO - [2024-11-22T11:54:27.396+0000] {dag.py:4180} INFO - Setting next_dagrun for dataset_alias_example_alias_consumer to None, run_after=None
[2024-11-22T11:54:27.399+0000] {logging_mixin.py:190} INFO - [2024-11-22T11:54:27.399+0000] {dag.py:4180} INFO - Setting next_dagrun for dataset_alias_example_alias_producer to None, run_after=None
[2024-11-22T11:54:27.401+0000] {logging_mixin.py:190} INFO - [2024-11-22T11:54:27.401+0000] {dag.py:4180} INFO - Setting next_dagrun for dataset_s3_bucket_consumer to None, run_after=None
[2024-11-22T11:54:27.402+0000] {logging_mixin.py:190} INFO - [2024-11-22T11:54:27.402+0000] {dag.py:4180} INFO - Setting next_dagrun for dataset_s3_bucket_producer to None, run_after=None
[2024-11-22T11:54:27.442+0000] {processor.py:208} INFO - Processing /home/airflow/.local/lib/python3.12/site-packages/airflow/example_dags/example_dataset_alias.py took 0.705 seconds
[2024-11-22T11:54:57.512+0000] {processor.py:186} INFO - Started process (PID=870) to work on /home/airflow/.local/lib/python3.12/site-packages/airflow/example_dags/example_dataset_alias.py
[2024-11-22T11:54:57.513+0000] {processor.py:914} INFO - Processing file /home/airflow/.local/lib/python3.12/site-packages/airflow/example_dags/example_dataset_alias.py for tasks to queue
[2024-11-22T11:54:57.515+0000] {logging_mixin.py:190} INFO - [2024-11-22T11:54:57.515+0000] {dagbag.py:588} INFO - Filling up the DagBag from /home/airflow/.local/lib/python3.12/site-packages/airflow/example_dags/example_dataset_alias.py
[2024-11-22T11:54:58.248+0000] {processor.py:925} INFO - DAG(s) 'dataset_alias_example_alias_producer', 'dataset_alias_example_alias_consumer', 'dataset_s3_bucket_producer', 'dataset_s3_bucket_consumer' retrieved from /home/airflow/.local/lib/python3.12/site-packages/airflow/example_dags/example_dataset_alias.py
[2024-11-22T11:54:58.274+0000] {logging_mixin.py:190} INFO - [2024-11-22T11:54:58.273+0000] {dag.py:3239} INFO - Sync 4 DAGs
[2024-11-22T11:54:58.300+0000] {logging_mixin.py:190} INFO - [2024-11-22T11:54:58.299+0000] {dag.py:4180} INFO - Setting next_dagrun for dataset_alias_example_alias_consumer to None, run_after=None
[2024-11-22T11:54:58.302+0000] {logging_mixin.py:190} INFO - [2024-11-22T11:54:58.302+0000] {dag.py:4180} INFO - Setting next_dagrun for dataset_alias_example_alias_producer to None, run_after=None
[2024-11-22T11:54:58.304+0000] {logging_mixin.py:190} INFO - [2024-11-22T11:54:58.304+0000] {dag.py:4180} INFO - Setting next_dagrun for dataset_s3_bucket_consumer to None, run_after=None
[2024-11-22T11:54:58.306+0000] {logging_mixin.py:190} INFO - [2024-11-22T11:54:58.306+0000] {dag.py:4180} INFO - Setting next_dagrun for dataset_s3_bucket_producer to None, run_after=None
[2024-11-22T11:54:58.342+0000] {processor.py:208} INFO - Processing /home/airflow/.local/lib/python3.12/site-packages/airflow/example_dags/example_dataset_alias.py took 0.836 seconds
[2024-11-22T11:55:28.563+0000] {processor.py:186} INFO - Started process (PID=933) to work on /home/airflow/.local/lib/python3.12/site-packages/airflow/example_dags/example_dataset_alias.py
[2024-11-22T11:55:28.564+0000] {processor.py:914} INFO - Processing file /home/airflow/.local/lib/python3.12/site-packages/airflow/example_dags/example_dataset_alias.py for tasks to queue
[2024-11-22T11:55:28.567+0000] {logging_mixin.py:190} INFO - [2024-11-22T11:55:28.566+0000] {dagbag.py:588} INFO - Filling up the DagBag from /home/airflow/.local/lib/python3.12/site-packages/airflow/example_dags/example_dataset_alias.py
[2024-11-22T11:55:29.184+0000] {processor.py:925} INFO - DAG(s) 'dataset_alias_example_alias_consumer', 'dataset_alias_example_alias_producer', 'dataset_s3_bucket_consumer', 'dataset_s3_bucket_producer' retrieved from /home/airflow/.local/lib/python3.12/site-packages/airflow/example_dags/example_dataset_alias.py
[2024-11-22T11:55:29.202+0000] {logging_mixin.py:190} INFO - [2024-11-22T11:55:29.202+0000] {dag.py:3239} INFO - Sync 4 DAGs
[2024-11-22T11:55:29.222+0000] {logging_mixin.py:190} INFO - [2024-11-22T11:55:29.222+0000] {dag.py:4180} INFO - Setting next_dagrun for dataset_alias_example_alias_consumer to None, run_after=None
[2024-11-22T11:55:29.225+0000] {logging_mixin.py:190} INFO - [2024-11-22T11:55:29.224+0000] {dag.py:4180} INFO - Setting next_dagrun for dataset_alias_example_alias_producer to None, run_after=None
[2024-11-22T11:55:29.226+0000] {logging_mixin.py:190} INFO - [2024-11-22T11:55:29.226+0000] {dag.py:4180} INFO - Setting next_dagrun for dataset_s3_bucket_consumer to None, run_after=None
[2024-11-22T11:55:29.227+0000] {logging_mixin.py:190} INFO - [2024-11-22T11:55:29.227+0000] {dag.py:4180} INFO - Setting next_dagrun for dataset_s3_bucket_producer to None, run_after=None
[2024-11-22T11:55:29.255+0000] {processor.py:208} INFO - Processing /home/airflow/.local/lib/python3.12/site-packages/airflow/example_dags/example_dataset_alias.py took 0.699 seconds
[2024-11-22T11:55:59.604+0000] {processor.py:186} INFO - Started process (PID=996) to work on /home/airflow/.local/lib/python3.12/site-packages/airflow/example_dags/example_dataset_alias.py
[2024-11-22T11:55:59.608+0000] {processor.py:914} INFO - Processing file /home/airflow/.local/lib/python3.12/site-packages/airflow/example_dags/example_dataset_alias.py for tasks to queue
[2024-11-22T11:55:59.610+0000] {logging_mixin.py:190} INFO - [2024-11-22T11:55:59.610+0000] {dagbag.py:588} INFO - Filling up the DagBag from /home/airflow/.local/lib/python3.12/site-packages/airflow/example_dags/example_dataset_alias.py
[2024-11-22T11:56:00.186+0000] {processor.py:925} INFO - DAG(s) 'dataset_s3_bucket_producer', 'dataset_alias_example_alias_consumer', 'dataset_alias_example_alias_producer', 'dataset_s3_bucket_consumer' retrieved from /home/airflow/.local/lib/python3.12/site-packages/airflow/example_dags/example_dataset_alias.py
[2024-11-22T11:56:00.206+0000] {logging_mixin.py:190} INFO - [2024-11-22T11:56:00.206+0000] {dag.py:3239} INFO - Sync 4 DAGs
[2024-11-22T11:56:00.227+0000] {logging_mixin.py:190} INFO - [2024-11-22T11:56:00.226+0000] {dag.py:4180} INFO - Setting next_dagrun for dataset_alias_example_alias_consumer to None, run_after=None
[2024-11-22T11:56:00.229+0000] {logging_mixin.py:190} INFO - [2024-11-22T11:56:00.229+0000] {dag.py:4180} INFO - Setting next_dagrun for dataset_alias_example_alias_producer to None, run_after=None
[2024-11-22T11:56:00.230+0000] {logging_mixin.py:190} INFO - [2024-11-22T11:56:00.230+0000] {dag.py:4180} INFO - Setting next_dagrun for dataset_s3_bucket_consumer to None, run_after=None
[2024-11-22T11:56:00.232+0000] {logging_mixin.py:190} INFO - [2024-11-22T11:56:00.231+0000] {dag.py:4180} INFO - Setting next_dagrun for dataset_s3_bucket_producer to None, run_after=None
[2024-11-22T11:56:00.260+0000] {processor.py:208} INFO - Processing /home/airflow/.local/lib/python3.12/site-packages/airflow/example_dags/example_dataset_alias.py took 0.660 seconds
[2024-11-22T11:56:30.387+0000] {processor.py:186} INFO - Started process (PID=1059) to work on /home/airflow/.local/lib/python3.12/site-packages/airflow/example_dags/example_dataset_alias.py
[2024-11-22T11:56:30.392+0000] {processor.py:914} INFO - Processing file /home/airflow/.local/lib/python3.12/site-packages/airflow/example_dags/example_dataset_alias.py for tasks to queue
[2024-11-22T11:56:30.399+0000] {logging_mixin.py:190} INFO - [2024-11-22T11:56:30.398+0000] {dagbag.py:588} INFO - Filling up the DagBag from /home/airflow/.local/lib/python3.12/site-packages/airflow/example_dags/example_dataset_alias.py
[2024-11-22T11:56:31.151+0000] {processor.py:925} INFO - DAG(s) 'dataset_s3_bucket_consumer', 'dataset_s3_bucket_producer', 'dataset_alias_example_alias_consumer', 'dataset_alias_example_alias_producer' retrieved from /home/airflow/.local/lib/python3.12/site-packages/airflow/example_dags/example_dataset_alias.py
[2024-11-22T11:56:31.171+0000] {logging_mixin.py:190} INFO - [2024-11-22T11:56:31.170+0000] {dag.py:3239} INFO - Sync 4 DAGs
[2024-11-22T11:56:31.200+0000] {logging_mixin.py:190} INFO - [2024-11-22T11:56:31.200+0000] {dag.py:4180} INFO - Setting next_dagrun for dataset_alias_example_alias_consumer to None, run_after=None
[2024-11-22T11:56:31.206+0000] {logging_mixin.py:190} INFO - [2024-11-22T11:56:31.206+0000] {dag.py:4180} INFO - Setting next_dagrun for dataset_alias_example_alias_producer to None, run_after=None
[2024-11-22T11:56:31.210+0000] {logging_mixin.py:190} INFO - [2024-11-22T11:56:31.209+0000] {dag.py:4180} INFO - Setting next_dagrun for dataset_s3_bucket_consumer to None, run_after=None
[2024-11-22T11:56:31.213+0000] {logging_mixin.py:190} INFO - [2024-11-22T11:56:31.213+0000] {dag.py:4180} INFO - Setting next_dagrun for dataset_s3_bucket_producer to None, run_after=None
[2024-11-22T11:56:31.257+0000] {processor.py:208} INFO - Processing /home/airflow/.local/lib/python3.12/site-packages/airflow/example_dags/example_dataset_alias.py took 0.882 seconds
[2024-11-22T11:57:01.494+0000] {processor.py:186} INFO - Started process (PID=1122) to work on /home/airflow/.local/lib/python3.12/site-packages/airflow/example_dags/example_dataset_alias.py
[2024-11-22T11:57:01.495+0000] {processor.py:914} INFO - Processing file /home/airflow/.local/lib/python3.12/site-packages/airflow/example_dags/example_dataset_alias.py for tasks to queue
[2024-11-22T11:57:01.497+0000] {logging_mixin.py:190} INFO - [2024-11-22T11:57:01.496+0000] {dagbag.py:588} INFO - Filling up the DagBag from /home/airflow/.local/lib/python3.12/site-packages/airflow/example_dags/example_dataset_alias.py
[2024-11-22T11:57:02.069+0000] {processor.py:925} INFO - DAG(s) 'dataset_s3_bucket_consumer', 'dataset_alias_example_alias_consumer', 'dataset_s3_bucket_producer', 'dataset_alias_example_alias_producer' retrieved from /home/airflow/.local/lib/python3.12/site-packages/airflow/example_dags/example_dataset_alias.py
[2024-11-22T11:57:02.093+0000] {logging_mixin.py:190} INFO - [2024-11-22T11:57:02.091+0000] {dag.py:3239} INFO - Sync 4 DAGs
[2024-11-22T11:57:02.119+0000] {logging_mixin.py:190} INFO - [2024-11-22T11:57:02.119+0000] {dag.py:4180} INFO - Setting next_dagrun for dataset_alias_example_alias_consumer to None, run_after=None
[2024-11-22T11:57:02.122+0000] {logging_mixin.py:190} INFO - [2024-11-22T11:57:02.122+0000] {dag.py:4180} INFO - Setting next_dagrun for dataset_alias_example_alias_producer to None, run_after=None
[2024-11-22T11:57:02.123+0000] {logging_mixin.py:190} INFO - [2024-11-22T11:57:02.123+0000] {dag.py:4180} INFO - Setting next_dagrun for dataset_s3_bucket_consumer to None, run_after=None
[2024-11-22T11:57:02.124+0000] {logging_mixin.py:190} INFO - [2024-11-22T11:57:02.124+0000] {dag.py:4180} INFO - Setting next_dagrun for dataset_s3_bucket_producer to None, run_after=None
[2024-11-22T11:57:02.153+0000] {processor.py:208} INFO - Processing /home/airflow/.local/lib/python3.12/site-packages/airflow/example_dags/example_dataset_alias.py took 0.667 seconds
