[2024-11-22T11:48:37.659+0000] {processor.py:186} INFO - Started process (PID=79) to work on /home/airflow/.local/lib/python3.12/site-packages/airflow/example_dags/example_branch_operator_decorator.py
[2024-11-22T11:48:37.660+0000] {processor.py:914} INFO - Processing file /home/airflow/.local/lib/python3.12/site-packages/airflow/example_dags/example_branch_operator_decorator.py for tasks to queue
[2024-11-22T11:48:37.662+0000] {logging_mixin.py:190} INFO - [2024-11-22T11:48:37.661+0000] {dagbag.py:588} INFO - Filling up the DagBag from /home/airflow/.local/lib/python3.12/site-packages/airflow/example_dags/example_branch_operator_decorator.py
[2024-11-22T11:48:37.684+0000] {processor.py:925} INFO - DAG(s) 'example_branch_python_operator_decorator' retrieved from /home/airflow/.local/lib/python3.12/site-packages/airflow/example_dags/example_branch_operator_decorator.py
[2024-11-22T11:48:37.815+0000] {logging_mixin.py:190} INFO - [2024-11-22T11:48:37.814+0000] {override.py:1911} INFO - Created Permission View: can delete on DAG:example_branch_python_operator_decorator
[2024-11-22T11:48:37.831+0000] {logging_mixin.py:190} INFO - [2024-11-22T11:48:37.830+0000] {override.py:1911} INFO - Created Permission View: can edit on DAG:example_branch_python_operator_decorator
[2024-11-22T11:48:37.841+0000] {logging_mixin.py:190} INFO - [2024-11-22T11:48:37.840+0000] {override.py:1911} INFO - Created Permission View: can read on DAG:example_branch_python_operator_decorator
[2024-11-22T11:48:37.849+0000] {logging_mixin.py:190} INFO - [2024-11-22T11:48:37.849+0000] {override.py:1911} INFO - Created Permission View: can delete on DAG Run:example_branch_python_operator_decorator
[2024-11-22T11:48:37.856+0000] {logging_mixin.py:190} INFO - [2024-11-22T11:48:37.856+0000] {override.py:1911} INFO - Created Permission View: menu access on DAG Run:example_branch_python_operator_decorator
[2024-11-22T11:48:37.864+0000] {logging_mixin.py:190} INFO - [2024-11-22T11:48:37.864+0000] {override.py:1911} INFO - Created Permission View: can create on DAG Run:example_branch_python_operator_decorator
[2024-11-22T11:48:37.871+0000] {logging_mixin.py:190} INFO - [2024-11-22T11:48:37.871+0000] {override.py:1911} INFO - Created Permission View: can read on DAG Run:example_branch_python_operator_decorator
[2024-11-22T11:48:37.872+0000] {logging_mixin.py:190} INFO - [2024-11-22T11:48:37.872+0000] {dag.py:3239} INFO - Sync 1 DAGs
[2024-11-22T11:48:37.885+0000] {logging_mixin.py:190} INFO - [2024-11-22T11:48:37.884+0000] {dag.py:3262} INFO - Creating ORM DAG for example_branch_python_operator_decorator
[2024-11-22T11:48:37.897+0000] {logging_mixin.py:190} INFO - [2024-11-22T11:48:37.897+0000] {dag.py:4180} INFO - Setting next_dagrun for example_branch_python_operator_decorator to 2024-11-21 00:00:00+00:00, run_after=2024-11-22 00:00:00+00:00
[2024-11-22T11:48:37.917+0000] {processor.py:208} INFO - Processing /home/airflow/.local/lib/python3.12/site-packages/airflow/example_dags/example_branch_operator_decorator.py took 0.264 seconds
[2024-11-22T11:49:08.650+0000] {processor.py:186} INFO - Started process (PID=142) to work on /home/airflow/.local/lib/python3.12/site-packages/airflow/example_dags/example_branch_operator_decorator.py
[2024-11-22T11:49:08.650+0000] {processor.py:914} INFO - Processing file /home/airflow/.local/lib/python3.12/site-packages/airflow/example_dags/example_branch_operator_decorator.py for tasks to queue
[2024-11-22T11:49:08.652+0000] {logging_mixin.py:190} INFO - [2024-11-22T11:49:08.652+0000] {dagbag.py:588} INFO - Filling up the DagBag from /home/airflow/.local/lib/python3.12/site-packages/airflow/example_dags/example_branch_operator_decorator.py
[2024-11-22T11:49:08.671+0000] {processor.py:925} INFO - DAG(s) 'example_branch_python_operator_decorator' retrieved from /home/airflow/.local/lib/python3.12/site-packages/airflow/example_dags/example_branch_operator_decorator.py
[2024-11-22T11:49:08.696+0000] {logging_mixin.py:190} INFO - [2024-11-22T11:49:08.696+0000] {dag.py:3239} INFO - Sync 1 DAGs
[2024-11-22T11:49:08.717+0000] {logging_mixin.py:190} INFO - [2024-11-22T11:49:08.717+0000] {dag.py:4180} INFO - Setting next_dagrun for example_branch_python_operator_decorator to 2024-11-21 00:00:00+00:00, run_after=2024-11-22 00:00:00+00:00
[2024-11-22T11:49:08.732+0000] {processor.py:208} INFO - Processing /home/airflow/.local/lib/python3.12/site-packages/airflow/example_dags/example_branch_operator_decorator.py took 0.088 seconds
[2024-11-22T11:49:38.971+0000] {processor.py:186} INFO - Started process (PID=205) to work on /home/airflow/.local/lib/python3.12/site-packages/airflow/example_dags/example_branch_operator_decorator.py
[2024-11-22T11:49:38.972+0000] {processor.py:914} INFO - Processing file /home/airflow/.local/lib/python3.12/site-packages/airflow/example_dags/example_branch_operator_decorator.py for tasks to queue
[2024-11-22T11:49:38.974+0000] {logging_mixin.py:190} INFO - [2024-11-22T11:49:38.973+0000] {dagbag.py:588} INFO - Filling up the DagBag from /home/airflow/.local/lib/python3.12/site-packages/airflow/example_dags/example_branch_operator_decorator.py
[2024-11-22T11:49:38.993+0000] {processor.py:925} INFO - DAG(s) 'example_branch_python_operator_decorator' retrieved from /home/airflow/.local/lib/python3.12/site-packages/airflow/example_dags/example_branch_operator_decorator.py
[2024-11-22T11:49:39.016+0000] {logging_mixin.py:190} INFO - [2024-11-22T11:49:39.016+0000] {dag.py:3239} INFO - Sync 1 DAGs
[2024-11-22T11:49:39.037+0000] {logging_mixin.py:190} INFO - [2024-11-22T11:49:39.037+0000] {dag.py:4180} INFO - Setting next_dagrun for example_branch_python_operator_decorator to 2024-11-21 00:00:00+00:00, run_after=2024-11-22 00:00:00+00:00
[2024-11-22T11:49:39.053+0000] {processor.py:208} INFO - Processing /home/airflow/.local/lib/python3.12/site-packages/airflow/example_dags/example_branch_operator_decorator.py took 0.086 seconds
[2024-11-22T11:50:09.241+0000] {processor.py:186} INFO - Started process (PID=268) to work on /home/airflow/.local/lib/python3.12/site-packages/airflow/example_dags/example_branch_operator_decorator.py
[2024-11-22T11:50:09.242+0000] {processor.py:914} INFO - Processing file /home/airflow/.local/lib/python3.12/site-packages/airflow/example_dags/example_branch_operator_decorator.py for tasks to queue
[2024-11-22T11:50:09.244+0000] {logging_mixin.py:190} INFO - [2024-11-22T11:50:09.244+0000] {dagbag.py:588} INFO - Filling up the DagBag from /home/airflow/.local/lib/python3.12/site-packages/airflow/example_dags/example_branch_operator_decorator.py
[2024-11-22T11:50:09.271+0000] {processor.py:925} INFO - DAG(s) 'example_branch_python_operator_decorator' retrieved from /home/airflow/.local/lib/python3.12/site-packages/airflow/example_dags/example_branch_operator_decorator.py
[2024-11-22T11:50:09.299+0000] {logging_mixin.py:190} INFO - [2024-11-22T11:50:09.299+0000] {dag.py:3239} INFO - Sync 1 DAGs
[2024-11-22T11:50:09.326+0000] {logging_mixin.py:190} INFO - [2024-11-22T11:50:09.326+0000] {dag.py:4180} INFO - Setting next_dagrun for example_branch_python_operator_decorator to 2024-11-21 00:00:00+00:00, run_after=2024-11-22 00:00:00+00:00
[2024-11-22T11:50:09.353+0000] {processor.py:208} INFO - Processing /home/airflow/.local/lib/python3.12/site-packages/airflow/example_dags/example_branch_operator_decorator.py took 0.120 seconds
[2024-11-22T11:50:39.520+0000] {processor.py:186} INFO - Started process (PID=331) to work on /home/airflow/.local/lib/python3.12/site-packages/airflow/example_dags/example_branch_operator_decorator.py
[2024-11-22T11:50:39.521+0000] {processor.py:914} INFO - Processing file /home/airflow/.local/lib/python3.12/site-packages/airflow/example_dags/example_branch_operator_decorator.py for tasks to queue
[2024-11-22T11:50:39.524+0000] {logging_mixin.py:190} INFO - [2024-11-22T11:50:39.524+0000] {dagbag.py:588} INFO - Filling up the DagBag from /home/airflow/.local/lib/python3.12/site-packages/airflow/example_dags/example_branch_operator_decorator.py
[2024-11-22T11:50:39.555+0000] {processor.py:925} INFO - DAG(s) 'example_branch_python_operator_decorator' retrieved from /home/airflow/.local/lib/python3.12/site-packages/airflow/example_dags/example_branch_operator_decorator.py
[2024-11-22T11:50:39.595+0000] {logging_mixin.py:190} INFO - [2024-11-22T11:50:39.594+0000] {dag.py:3239} INFO - Sync 1 DAGs
[2024-11-22T11:50:39.620+0000] {logging_mixin.py:190} INFO - [2024-11-22T11:50:39.620+0000] {dag.py:4180} INFO - Setting next_dagrun for example_branch_python_operator_decorator to 2024-11-21 00:00:00+00:00, run_after=2024-11-22 00:00:00+00:00
[2024-11-22T11:50:39.638+0000] {processor.py:208} INFO - Processing /home/airflow/.local/lib/python3.12/site-packages/airflow/example_dags/example_branch_operator_decorator.py took 0.127 seconds
[2024-11-22T11:51:10.550+0000] {processor.py:186} INFO - Started process (PID=394) to work on /home/airflow/.local/lib/python3.12/site-packages/airflow/example_dags/example_branch_operator_decorator.py
[2024-11-22T11:51:10.561+0000] {processor.py:914} INFO - Processing file /home/airflow/.local/lib/python3.12/site-packages/airflow/example_dags/example_branch_operator_decorator.py for tasks to queue
[2024-11-22T11:51:10.563+0000] {logging_mixin.py:190} INFO - [2024-11-22T11:51:10.562+0000] {dagbag.py:588} INFO - Filling up the DagBag from /home/airflow/.local/lib/python3.12/site-packages/airflow/example_dags/example_branch_operator_decorator.py
[2024-11-22T11:51:10.582+0000] {processor.py:925} INFO - DAG(s) 'example_branch_python_operator_decorator' retrieved from /home/airflow/.local/lib/python3.12/site-packages/airflow/example_dags/example_branch_operator_decorator.py
[2024-11-22T11:51:10.607+0000] {logging_mixin.py:190} INFO - [2024-11-22T11:51:10.606+0000] {dag.py:3239} INFO - Sync 1 DAGs
[2024-11-22T11:51:10.629+0000] {logging_mixin.py:190} INFO - [2024-11-22T11:51:10.629+0000] {dag.py:4180} INFO - Setting next_dagrun for example_branch_python_operator_decorator to 2024-11-21 00:00:00+00:00, run_after=2024-11-22 00:00:00+00:00
[2024-11-22T11:51:10.646+0000] {processor.py:208} INFO - Processing /home/airflow/.local/lib/python3.12/site-packages/airflow/example_dags/example_branch_operator_decorator.py took 0.101 seconds
[2024-11-22T11:51:41.069+0000] {processor.py:186} INFO - Started process (PID=457) to work on /home/airflow/.local/lib/python3.12/site-packages/airflow/example_dags/example_branch_operator_decorator.py
[2024-11-22T11:51:41.081+0000] {processor.py:914} INFO - Processing file /home/airflow/.local/lib/python3.12/site-packages/airflow/example_dags/example_branch_operator_decorator.py for tasks to queue
[2024-11-22T11:51:41.084+0000] {logging_mixin.py:190} INFO - [2024-11-22T11:51:41.083+0000] {dagbag.py:588} INFO - Filling up the DagBag from /home/airflow/.local/lib/python3.12/site-packages/airflow/example_dags/example_branch_operator_decorator.py
[2024-11-22T11:51:41.131+0000] {processor.py:925} INFO - DAG(s) 'example_branch_python_operator_decorator' retrieved from /home/airflow/.local/lib/python3.12/site-packages/airflow/example_dags/example_branch_operator_decorator.py
[2024-11-22T11:51:41.179+0000] {logging_mixin.py:190} INFO - [2024-11-22T11:51:41.179+0000] {dag.py:3239} INFO - Sync 1 DAGs
[2024-11-22T11:51:41.206+0000] {logging_mixin.py:190} INFO - [2024-11-22T11:51:41.205+0000] {dag.py:4180} INFO - Setting next_dagrun for example_branch_python_operator_decorator to 2024-11-21 00:00:00+00:00, run_after=2024-11-22 00:00:00+00:00
[2024-11-22T11:51:41.222+0000] {processor.py:208} INFO - Processing /home/airflow/.local/lib/python3.12/site-packages/airflow/example_dags/example_branch_operator_decorator.py took 0.164 seconds
[2024-11-22T11:52:11.469+0000] {processor.py:186} INFO - Started process (PID=520) to work on /home/airflow/.local/lib/python3.12/site-packages/airflow/example_dags/example_branch_operator_decorator.py
[2024-11-22T11:52:11.480+0000] {processor.py:914} INFO - Processing file /home/airflow/.local/lib/python3.12/site-packages/airflow/example_dags/example_branch_operator_decorator.py for tasks to queue
[2024-11-22T11:52:11.482+0000] {logging_mixin.py:190} INFO - [2024-11-22T11:52:11.481+0000] {dagbag.py:588} INFO - Filling up the DagBag from /home/airflow/.local/lib/python3.12/site-packages/airflow/example_dags/example_branch_operator_decorator.py
[2024-11-22T11:52:11.509+0000] {processor.py:925} INFO - DAG(s) 'example_branch_python_operator_decorator' retrieved from /home/airflow/.local/lib/python3.12/site-packages/airflow/example_dags/example_branch_operator_decorator.py
[2024-11-22T11:52:11.542+0000] {logging_mixin.py:190} INFO - [2024-11-22T11:52:11.542+0000] {dag.py:3239} INFO - Sync 1 DAGs
[2024-11-22T11:52:11.564+0000] {logging_mixin.py:190} INFO - [2024-11-22T11:52:11.564+0000] {dag.py:4180} INFO - Setting next_dagrun for example_branch_python_operator_decorator to 2024-11-21 00:00:00+00:00, run_after=2024-11-22 00:00:00+00:00
[2024-11-22T11:52:11.581+0000] {processor.py:208} INFO - Processing /home/airflow/.local/lib/python3.12/site-packages/airflow/example_dags/example_branch_operator_decorator.py took 0.120 seconds
[2024-11-22T11:52:42.151+0000] {processor.py:186} INFO - Started process (PID=583) to work on /home/airflow/.local/lib/python3.12/site-packages/airflow/example_dags/example_branch_operator_decorator.py
[2024-11-22T11:52:42.152+0000] {processor.py:914} INFO - Processing file /home/airflow/.local/lib/python3.12/site-packages/airflow/example_dags/example_branch_operator_decorator.py for tasks to queue
[2024-11-22T11:52:42.154+0000] {logging_mixin.py:190} INFO - [2024-11-22T11:52:42.154+0000] {dagbag.py:588} INFO - Filling up the DagBag from /home/airflow/.local/lib/python3.12/site-packages/airflow/example_dags/example_branch_operator_decorator.py
[2024-11-22T11:52:42.173+0000] {processor.py:925} INFO - DAG(s) 'example_branch_python_operator_decorator' retrieved from /home/airflow/.local/lib/python3.12/site-packages/airflow/example_dags/example_branch_operator_decorator.py
[2024-11-22T11:52:42.203+0000] {logging_mixin.py:190} INFO - [2024-11-22T11:52:42.202+0000] {dag.py:3239} INFO - Sync 1 DAGs
[2024-11-22T11:52:42.227+0000] {logging_mixin.py:190} INFO - [2024-11-22T11:52:42.226+0000] {dag.py:4180} INFO - Setting next_dagrun for example_branch_python_operator_decorator to 2024-11-21 00:00:00+00:00, run_after=2024-11-22 00:00:00+00:00
[2024-11-22T11:52:42.244+0000] {processor.py:208} INFO - Processing /home/airflow/.local/lib/python3.12/site-packages/airflow/example_dags/example_branch_operator_decorator.py took 0.098 seconds
[2024-11-22T11:53:12.302+0000] {processor.py:186} INFO - Started process (PID=646) to work on /home/airflow/.local/lib/python3.12/site-packages/airflow/example_dags/example_branch_operator_decorator.py
[2024-11-22T11:53:12.303+0000] {processor.py:914} INFO - Processing file /home/airflow/.local/lib/python3.12/site-packages/airflow/example_dags/example_branch_operator_decorator.py for tasks to queue
[2024-11-22T11:53:12.305+0000] {logging_mixin.py:190} INFO - [2024-11-22T11:53:12.304+0000] {dagbag.py:588} INFO - Filling up the DagBag from /home/airflow/.local/lib/python3.12/site-packages/airflow/example_dags/example_branch_operator_decorator.py
[2024-11-22T11:53:12.325+0000] {processor.py:925} INFO - DAG(s) 'example_branch_python_operator_decorator' retrieved from /home/airflow/.local/lib/python3.12/site-packages/airflow/example_dags/example_branch_operator_decorator.py
[2024-11-22T11:53:12.354+0000] {logging_mixin.py:190} INFO - [2024-11-22T11:53:12.354+0000] {dag.py:3239} INFO - Sync 1 DAGs
[2024-11-22T11:53:12.377+0000] {logging_mixin.py:190} INFO - [2024-11-22T11:53:12.376+0000] {dag.py:4180} INFO - Setting next_dagrun for example_branch_python_operator_decorator to 2024-11-21 00:00:00+00:00, run_after=2024-11-22 00:00:00+00:00
[2024-11-22T11:53:12.393+0000] {processor.py:208} INFO - Processing /home/airflow/.local/lib/python3.12/site-packages/airflow/example_dags/example_branch_operator_decorator.py took 0.097 seconds
[2024-11-22T11:53:42.464+0000] {processor.py:186} INFO - Started process (PID=709) to work on /home/airflow/.local/lib/python3.12/site-packages/airflow/example_dags/example_branch_operator_decorator.py
[2024-11-22T11:53:42.475+0000] {processor.py:914} INFO - Processing file /home/airflow/.local/lib/python3.12/site-packages/airflow/example_dags/example_branch_operator_decorator.py for tasks to queue
[2024-11-22T11:53:42.477+0000] {logging_mixin.py:190} INFO - [2024-11-22T11:53:42.477+0000] {dagbag.py:588} INFO - Filling up the DagBag from /home/airflow/.local/lib/python3.12/site-packages/airflow/example_dags/example_branch_operator_decorator.py
[2024-11-22T11:53:42.498+0000] {processor.py:925} INFO - DAG(s) 'example_branch_python_operator_decorator' retrieved from /home/airflow/.local/lib/python3.12/site-packages/airflow/example_dags/example_branch_operator_decorator.py
[2024-11-22T11:53:42.523+0000] {logging_mixin.py:190} INFO - [2024-11-22T11:53:42.522+0000] {dag.py:3239} INFO - Sync 1 DAGs
[2024-11-22T11:53:42.544+0000] {logging_mixin.py:190} INFO - [2024-11-22T11:53:42.544+0000] {dag.py:4180} INFO - Setting next_dagrun for example_branch_python_operator_decorator to 2024-11-21 00:00:00+00:00, run_after=2024-11-22 00:00:00+00:00
[2024-11-22T11:53:42.560+0000] {processor.py:208} INFO - Processing /home/airflow/.local/lib/python3.12/site-packages/airflow/example_dags/example_branch_operator_decorator.py took 0.103 seconds
[2024-11-22T11:54:12.824+0000] {processor.py:186} INFO - Started process (PID=772) to work on /home/airflow/.local/lib/python3.12/site-packages/airflow/example_dags/example_branch_operator_decorator.py
[2024-11-22T11:54:12.836+0000] {processor.py:914} INFO - Processing file /home/airflow/.local/lib/python3.12/site-packages/airflow/example_dags/example_branch_operator_decorator.py for tasks to queue
[2024-11-22T11:54:12.842+0000] {logging_mixin.py:190} INFO - [2024-11-22T11:54:12.841+0000] {dagbag.py:588} INFO - Filling up the DagBag from /home/airflow/.local/lib/python3.12/site-packages/airflow/example_dags/example_branch_operator_decorator.py
[2024-11-22T11:54:12.878+0000] {processor.py:925} INFO - DAG(s) 'example_branch_python_operator_decorator' retrieved from /home/airflow/.local/lib/python3.12/site-packages/airflow/example_dags/example_branch_operator_decorator.py
[2024-11-22T11:54:12.907+0000] {logging_mixin.py:190} INFO - [2024-11-22T11:54:12.906+0000] {dag.py:3239} INFO - Sync 1 DAGs
[2024-11-22T11:54:12.930+0000] {logging_mixin.py:190} INFO - [2024-11-22T11:54:12.930+0000] {dag.py:4180} INFO - Setting next_dagrun for example_branch_python_operator_decorator to 2024-11-21 00:00:00+00:00, run_after=2024-11-22 00:00:00+00:00
[2024-11-22T11:54:12.952+0000] {processor.py:208} INFO - Processing /home/airflow/.local/lib/python3.12/site-packages/airflow/example_dags/example_branch_operator_decorator.py took 0.137 seconds
[2024-11-22T11:54:43.637+0000] {processor.py:186} INFO - Started process (PID=835) to work on /home/airflow/.local/lib/python3.12/site-packages/airflow/example_dags/example_branch_operator_decorator.py
[2024-11-22T11:54:43.648+0000] {processor.py:914} INFO - Processing file /home/airflow/.local/lib/python3.12/site-packages/airflow/example_dags/example_branch_operator_decorator.py for tasks to queue
[2024-11-22T11:54:43.650+0000] {logging_mixin.py:190} INFO - [2024-11-22T11:54:43.650+0000] {dagbag.py:588} INFO - Filling up the DagBag from /home/airflow/.local/lib/python3.12/site-packages/airflow/example_dags/example_branch_operator_decorator.py
[2024-11-22T11:54:43.676+0000] {processor.py:925} INFO - DAG(s) 'example_branch_python_operator_decorator' retrieved from /home/airflow/.local/lib/python3.12/site-packages/airflow/example_dags/example_branch_operator_decorator.py
[2024-11-22T11:54:43.701+0000] {logging_mixin.py:190} INFO - [2024-11-22T11:54:43.701+0000] {dag.py:3239} INFO - Sync 1 DAGs
[2024-11-22T11:54:43.725+0000] {logging_mixin.py:190} INFO - [2024-11-22T11:54:43.724+0000] {dag.py:4180} INFO - Setting next_dagrun for example_branch_python_operator_decorator to 2024-11-21 00:00:00+00:00, run_after=2024-11-22 00:00:00+00:00
[2024-11-22T11:54:43.741+0000] {processor.py:208} INFO - Processing /home/airflow/.local/lib/python3.12/site-packages/airflow/example_dags/example_branch_operator_decorator.py took 0.111 seconds
[2024-11-22T11:55:14.278+0000] {processor.py:186} INFO - Started process (PID=898) to work on /home/airflow/.local/lib/python3.12/site-packages/airflow/example_dags/example_branch_operator_decorator.py
[2024-11-22T11:55:14.279+0000] {processor.py:914} INFO - Processing file /home/airflow/.local/lib/python3.12/site-packages/airflow/example_dags/example_branch_operator_decorator.py for tasks to queue
[2024-11-22T11:55:14.282+0000] {logging_mixin.py:190} INFO - [2024-11-22T11:55:14.281+0000] {dagbag.py:588} INFO - Filling up the DagBag from /home/airflow/.local/lib/python3.12/site-packages/airflow/example_dags/example_branch_operator_decorator.py
[2024-11-22T11:55:14.300+0000] {processor.py:925} INFO - DAG(s) 'example_branch_python_operator_decorator' retrieved from /home/airflow/.local/lib/python3.12/site-packages/airflow/example_dags/example_branch_operator_decorator.py
[2024-11-22T11:55:14.325+0000] {logging_mixin.py:190} INFO - [2024-11-22T11:55:14.325+0000] {dag.py:3239} INFO - Sync 1 DAGs
[2024-11-22T11:55:14.346+0000] {logging_mixin.py:190} INFO - [2024-11-22T11:55:14.346+0000] {dag.py:4180} INFO - Setting next_dagrun for example_branch_python_operator_decorator to 2024-11-21 00:00:00+00:00, run_after=2024-11-22 00:00:00+00:00
[2024-11-22T11:55:14.362+0000] {processor.py:208} INFO - Processing /home/airflow/.local/lib/python3.12/site-packages/airflow/example_dags/example_branch_operator_decorator.py took 0.090 seconds
[2024-11-22T11:55:45.062+0000] {processor.py:186} INFO - Started process (PID=961) to work on /home/airflow/.local/lib/python3.12/site-packages/airflow/example_dags/example_branch_operator_decorator.py
[2024-11-22T11:55:45.073+0000] {processor.py:914} INFO - Processing file /home/airflow/.local/lib/python3.12/site-packages/airflow/example_dags/example_branch_operator_decorator.py for tasks to queue
[2024-11-22T11:55:45.076+0000] {logging_mixin.py:190} INFO - [2024-11-22T11:55:45.075+0000] {dagbag.py:588} INFO - Filling up the DagBag from /home/airflow/.local/lib/python3.12/site-packages/airflow/example_dags/example_branch_operator_decorator.py
[2024-11-22T11:55:45.108+0000] {processor.py:925} INFO - DAG(s) 'example_branch_python_operator_decorator' retrieved from /home/airflow/.local/lib/python3.12/site-packages/airflow/example_dags/example_branch_operator_decorator.py
[2024-11-22T11:55:45.146+0000] {logging_mixin.py:190} INFO - [2024-11-22T11:55:45.146+0000] {dag.py:3239} INFO - Sync 1 DAGs
[2024-11-22T11:55:45.180+0000] {logging_mixin.py:190} INFO - [2024-11-22T11:55:45.179+0000] {dag.py:4180} INFO - Setting next_dagrun for example_branch_python_operator_decorator to 2024-11-21 00:00:00+00:00, run_after=2024-11-22 00:00:00+00:00
[2024-11-22T11:55:45.205+0000] {processor.py:208} INFO - Processing /home/airflow/.local/lib/python3.12/site-packages/airflow/example_dags/example_branch_operator_decorator.py took 0.152 seconds
[2024-11-22T11:56:15.395+0000] {processor.py:186} INFO - Started process (PID=1024) to work on /home/airflow/.local/lib/python3.12/site-packages/airflow/example_dags/example_branch_operator_decorator.py
[2024-11-22T11:56:15.405+0000] {processor.py:914} INFO - Processing file /home/airflow/.local/lib/python3.12/site-packages/airflow/example_dags/example_branch_operator_decorator.py for tasks to queue
[2024-11-22T11:56:15.408+0000] {logging_mixin.py:190} INFO - [2024-11-22T11:56:15.407+0000] {dagbag.py:588} INFO - Filling up the DagBag from /home/airflow/.local/lib/python3.12/site-packages/airflow/example_dags/example_branch_operator_decorator.py
[2024-11-22T11:56:15.430+0000] {processor.py:925} INFO - DAG(s) 'example_branch_python_operator_decorator' retrieved from /home/airflow/.local/lib/python3.12/site-packages/airflow/example_dags/example_branch_operator_decorator.py
[2024-11-22T11:56:15.455+0000] {logging_mixin.py:190} INFO - [2024-11-22T11:56:15.455+0000] {dag.py:3239} INFO - Sync 1 DAGs
[2024-11-22T11:56:15.478+0000] {logging_mixin.py:190} INFO - [2024-11-22T11:56:15.477+0000] {dag.py:4180} INFO - Setting next_dagrun for example_branch_python_operator_decorator to 2024-11-21 00:00:00+00:00, run_after=2024-11-22 00:00:00+00:00
[2024-11-22T11:56:15.495+0000] {processor.py:208} INFO - Processing /home/airflow/.local/lib/python3.12/site-packages/airflow/example_dags/example_branch_operator_decorator.py took 0.112 seconds
[2024-11-22T11:56:45.621+0000] {processor.py:186} INFO - Started process (PID=1087) to work on /home/airflow/.local/lib/python3.12/site-packages/airflow/example_dags/example_branch_operator_decorator.py
[2024-11-22T11:56:45.632+0000] {processor.py:914} INFO - Processing file /home/airflow/.local/lib/python3.12/site-packages/airflow/example_dags/example_branch_operator_decorator.py for tasks to queue
[2024-11-22T11:56:45.635+0000] {logging_mixin.py:190} INFO - [2024-11-22T11:56:45.635+0000] {dagbag.py:588} INFO - Filling up the DagBag from /home/airflow/.local/lib/python3.12/site-packages/airflow/example_dags/example_branch_operator_decorator.py
[2024-11-22T11:56:45.685+0000] {processor.py:925} INFO - DAG(s) 'example_branch_python_operator_decorator' retrieved from /home/airflow/.local/lib/python3.12/site-packages/airflow/example_dags/example_branch_operator_decorator.py
[2024-11-22T11:56:45.732+0000] {logging_mixin.py:190} INFO - [2024-11-22T11:56:45.732+0000] {dag.py:3239} INFO - Sync 1 DAGs
[2024-11-22T11:56:45.775+0000] {logging_mixin.py:190} INFO - [2024-11-22T11:56:45.774+0000] {dag.py:4180} INFO - Setting next_dagrun for example_branch_python_operator_decorator to 2024-11-21 00:00:00+00:00, run_after=2024-11-22 00:00:00+00:00
[2024-11-22T11:56:45.806+0000] {processor.py:208} INFO - Processing /home/airflow/.local/lib/python3.12/site-packages/airflow/example_dags/example_branch_operator_decorator.py took 0.190 seconds
