[2024-11-22T11:48:40.727+0000] {processor.py:186} INFO - Started process (PID=101) to work on /home/airflow/.local/lib/python3.12/site-packages/airflow/example_dags/example_bash_decorator.py
[2024-11-22T11:48:40.728+0000] {processor.py:914} INFO - Processing file /home/airflow/.local/lib/python3.12/site-packages/airflow/example_dags/example_bash_decorator.py for tasks to queue
[2024-11-22T11:48:40.730+0000] {logging_mixin.py:190} INFO - [2024-11-22T11:48:40.729+0000] {dagbag.py:588} INFO - Filling up the DagBag from /home/airflow/.local/lib/python3.12/site-packages/airflow/example_dags/example_bash_decorator.py
[2024-11-22T11:48:40.744+0000] {processor.py:925} INFO - DAG(s) 'example_bash_decorator' retrieved from /home/airflow/.local/lib/python3.12/site-packages/airflow/example_dags/example_bash_decorator.py
[2024-11-22T11:48:40.874+0000] {logging_mixin.py:190} INFO - [2024-11-22T11:48:40.873+0000] {override.py:1911} INFO - Created Permission View: can delete on DAG:example_bash_decorator
[2024-11-22T11:48:40.891+0000] {logging_mixin.py:190} INFO - [2024-11-22T11:48:40.891+0000] {override.py:1911} INFO - Created Permission View: can edit on DAG:example_bash_decorator
[2024-11-22T11:48:40.903+0000] {logging_mixin.py:190} INFO - [2024-11-22T11:48:40.903+0000] {override.py:1911} INFO - Created Permission View: can read on DAG:example_bash_decorator
[2024-11-22T11:48:40.915+0000] {logging_mixin.py:190} INFO - [2024-11-22T11:48:40.914+0000] {override.py:1911} INFO - Created Permission View: can delete on DAG Run:example_bash_decorator
[2024-11-22T11:48:40.926+0000] {logging_mixin.py:190} INFO - [2024-11-22T11:48:40.925+0000] {override.py:1911} INFO - Created Permission View: menu access on DAG Run:example_bash_decorator
[2024-11-22T11:48:40.937+0000] {logging_mixin.py:190} INFO - [2024-11-22T11:48:40.936+0000] {override.py:1911} INFO - Created Permission View: can create on DAG Run:example_bash_decorator
[2024-11-22T11:48:40.947+0000] {logging_mixin.py:190} INFO - [2024-11-22T11:48:40.946+0000] {override.py:1911} INFO - Created Permission View: can read on DAG Run:example_bash_decorator
[2024-11-22T11:48:40.947+0000] {logging_mixin.py:190} INFO - [2024-11-22T11:48:40.947+0000] {dag.py:3239} INFO - Sync 1 DAGs
[2024-11-22T11:48:40.967+0000] {logging_mixin.py:190} INFO - [2024-11-22T11:48:40.966+0000] {dag.py:3262} INFO - Creating ORM DAG for example_bash_decorator
[2024-11-22T11:48:40.968+0000] {logging_mixin.py:190} INFO - [2024-11-22T11:48:40.967+0000] {dag.py:4180} INFO - Setting next_dagrun for example_bash_decorator to None, run_after=None
[2024-11-22T11:48:40.992+0000] {processor.py:208} INFO - Processing /home/airflow/.local/lib/python3.12/site-packages/airflow/example_dags/example_bash_decorator.py took 0.270 seconds
[2024-11-22T11:49:11.763+0000] {processor.py:186} INFO - Started process (PID=164) to work on /home/airflow/.local/lib/python3.12/site-packages/airflow/example_dags/example_bash_decorator.py
[2024-11-22T11:49:11.764+0000] {processor.py:914} INFO - Processing file /home/airflow/.local/lib/python3.12/site-packages/airflow/example_dags/example_bash_decorator.py for tasks to queue
[2024-11-22T11:49:11.767+0000] {logging_mixin.py:190} INFO - [2024-11-22T11:49:11.766+0000] {dagbag.py:588} INFO - Filling up the DagBag from /home/airflow/.local/lib/python3.12/site-packages/airflow/example_dags/example_bash_decorator.py
[2024-11-22T11:49:11.783+0000] {processor.py:925} INFO - DAG(s) 'example_bash_decorator' retrieved from /home/airflow/.local/lib/python3.12/site-packages/airflow/example_dags/example_bash_decorator.py
[2024-11-22T11:49:11.808+0000] {logging_mixin.py:190} INFO - [2024-11-22T11:49:11.808+0000] {dag.py:3239} INFO - Sync 1 DAGs
[2024-11-22T11:49:11.825+0000] {logging_mixin.py:190} INFO - [2024-11-22T11:49:11.825+0000] {dag.py:4180} INFO - Setting next_dagrun for example_bash_decorator to None, run_after=None
[2024-11-22T11:49:11.841+0000] {processor.py:208} INFO - Processing /home/airflow/.local/lib/python3.12/site-packages/airflow/example_dags/example_bash_decorator.py took 0.083 seconds
[2024-11-22T11:49:42.243+0000] {processor.py:186} INFO - Started process (PID=226) to work on /home/airflow/.local/lib/python3.12/site-packages/airflow/example_dags/example_bash_decorator.py
[2024-11-22T11:49:42.244+0000] {processor.py:914} INFO - Processing file /home/airflow/.local/lib/python3.12/site-packages/airflow/example_dags/example_bash_decorator.py for tasks to queue
[2024-11-22T11:49:42.246+0000] {logging_mixin.py:190} INFO - [2024-11-22T11:49:42.245+0000] {dagbag.py:588} INFO - Filling up the DagBag from /home/airflow/.local/lib/python3.12/site-packages/airflow/example_dags/example_bash_decorator.py
[2024-11-22T11:49:42.258+0000] {processor.py:925} INFO - DAG(s) 'example_bash_decorator' retrieved from /home/airflow/.local/lib/python3.12/site-packages/airflow/example_dags/example_bash_decorator.py
[2024-11-22T11:49:42.279+0000] {logging_mixin.py:190} INFO - [2024-11-22T11:49:42.279+0000] {dag.py:3239} INFO - Sync 1 DAGs
[2024-11-22T11:49:42.291+0000] {logging_mixin.py:190} INFO - [2024-11-22T11:49:42.291+0000] {dag.py:4180} INFO - Setting next_dagrun for example_bash_decorator to None, run_after=None
[2024-11-22T11:49:42.306+0000] {processor.py:208} INFO - Processing /home/airflow/.local/lib/python3.12/site-packages/airflow/example_dags/example_bash_decorator.py took 0.068 seconds
[2024-11-22T11:50:12.703+0000] {processor.py:186} INFO - Started process (PID=289) to work on /home/airflow/.local/lib/python3.12/site-packages/airflow/example_dags/example_bash_decorator.py
[2024-11-22T11:50:12.705+0000] {processor.py:914} INFO - Processing file /home/airflow/.local/lib/python3.12/site-packages/airflow/example_dags/example_bash_decorator.py for tasks to queue
[2024-11-22T11:50:12.709+0000] {logging_mixin.py:190} INFO - [2024-11-22T11:50:12.708+0000] {dagbag.py:588} INFO - Filling up the DagBag from /home/airflow/.local/lib/python3.12/site-packages/airflow/example_dags/example_bash_decorator.py
[2024-11-22T11:50:12.736+0000] {processor.py:925} INFO - DAG(s) 'example_bash_decorator' retrieved from /home/airflow/.local/lib/python3.12/site-packages/airflow/example_dags/example_bash_decorator.py
[2024-11-22T11:50:12.779+0000] {logging_mixin.py:190} INFO - [2024-11-22T11:50:12.778+0000] {dag.py:3239} INFO - Sync 1 DAGs
[2024-11-22T11:50:12.805+0000] {logging_mixin.py:190} INFO - [2024-11-22T11:50:12.805+0000] {dag.py:4180} INFO - Setting next_dagrun for example_bash_decorator to None, run_after=None
[2024-11-22T11:50:12.851+0000] {processor.py:208} INFO - Processing /home/airflow/.local/lib/python3.12/site-packages/airflow/example_dags/example_bash_decorator.py took 0.158 seconds
[2024-11-22T11:50:43.610+0000] {processor.py:186} INFO - Started process (PID=352) to work on /home/airflow/.local/lib/python3.12/site-packages/airflow/example_dags/example_bash_decorator.py
[2024-11-22T11:50:43.611+0000] {processor.py:914} INFO - Processing file /home/airflow/.local/lib/python3.12/site-packages/airflow/example_dags/example_bash_decorator.py for tasks to queue
[2024-11-22T11:50:43.612+0000] {logging_mixin.py:190} INFO - [2024-11-22T11:50:43.612+0000] {dagbag.py:588} INFO - Filling up the DagBag from /home/airflow/.local/lib/python3.12/site-packages/airflow/example_dags/example_bash_decorator.py
[2024-11-22T11:50:43.624+0000] {processor.py:925} INFO - DAG(s) 'example_bash_decorator' retrieved from /home/airflow/.local/lib/python3.12/site-packages/airflow/example_dags/example_bash_decorator.py
[2024-11-22T11:50:43.643+0000] {logging_mixin.py:190} INFO - [2024-11-22T11:50:43.643+0000] {dag.py:3239} INFO - Sync 1 DAGs
[2024-11-22T11:50:43.655+0000] {logging_mixin.py:190} INFO - [2024-11-22T11:50:43.654+0000] {dag.py:4180} INFO - Setting next_dagrun for example_bash_decorator to None, run_after=None
[2024-11-22T11:50:43.669+0000] {processor.py:208} INFO - Processing /home/airflow/.local/lib/python3.12/site-packages/airflow/example_dags/example_bash_decorator.py took 0.064 seconds
[2024-11-22T11:51:14.655+0000] {processor.py:186} INFO - Started process (PID=415) to work on /home/airflow/.local/lib/python3.12/site-packages/airflow/example_dags/example_bash_decorator.py
[2024-11-22T11:51:14.655+0000] {processor.py:914} INFO - Processing file /home/airflow/.local/lib/python3.12/site-packages/airflow/example_dags/example_bash_decorator.py for tasks to queue
[2024-11-22T11:51:14.657+0000] {logging_mixin.py:190} INFO - [2024-11-22T11:51:14.657+0000] {dagbag.py:588} INFO - Filling up the DagBag from /home/airflow/.local/lib/python3.12/site-packages/airflow/example_dags/example_bash_decorator.py
[2024-11-22T11:51:14.669+0000] {processor.py:925} INFO - DAG(s) 'example_bash_decorator' retrieved from /home/airflow/.local/lib/python3.12/site-packages/airflow/example_dags/example_bash_decorator.py
[2024-11-22T11:51:14.688+0000] {logging_mixin.py:190} INFO - [2024-11-22T11:51:14.688+0000] {dag.py:3239} INFO - Sync 1 DAGs
[2024-11-22T11:51:14.699+0000] {logging_mixin.py:190} INFO - [2024-11-22T11:51:14.699+0000] {dag.py:4180} INFO - Setting next_dagrun for example_bash_decorator to None, run_after=None
[2024-11-22T11:51:14.714+0000] {processor.py:208} INFO - Processing /home/airflow/.local/lib/python3.12/site-packages/airflow/example_dags/example_bash_decorator.py took 0.064 seconds
[2024-11-22T11:51:45.649+0000] {processor.py:186} INFO - Started process (PID=478) to work on /home/airflow/.local/lib/python3.12/site-packages/airflow/example_dags/example_bash_decorator.py
[2024-11-22T11:51:45.649+0000] {processor.py:914} INFO - Processing file /home/airflow/.local/lib/python3.12/site-packages/airflow/example_dags/example_bash_decorator.py for tasks to queue
[2024-11-22T11:51:45.651+0000] {logging_mixin.py:190} INFO - [2024-11-22T11:51:45.651+0000] {dagbag.py:588} INFO - Filling up the DagBag from /home/airflow/.local/lib/python3.12/site-packages/airflow/example_dags/example_bash_decorator.py
[2024-11-22T11:51:45.664+0000] {processor.py:925} INFO - DAG(s) 'example_bash_decorator' retrieved from /home/airflow/.local/lib/python3.12/site-packages/airflow/example_dags/example_bash_decorator.py
[2024-11-22T11:51:45.687+0000] {logging_mixin.py:190} INFO - [2024-11-22T11:51:45.687+0000] {dag.py:3239} INFO - Sync 1 DAGs
[2024-11-22T11:51:45.702+0000] {logging_mixin.py:190} INFO - [2024-11-22T11:51:45.702+0000] {dag.py:4180} INFO - Setting next_dagrun for example_bash_decorator to None, run_after=None
[2024-11-22T11:51:45.719+0000] {processor.py:208} INFO - Processing /home/airflow/.local/lib/python3.12/site-packages/airflow/example_dags/example_bash_decorator.py took 0.076 seconds
[2024-11-22T11:52:15.885+0000] {processor.py:186} INFO - Started process (PID=541) to work on /home/airflow/.local/lib/python3.12/site-packages/airflow/example_dags/example_bash_decorator.py
[2024-11-22T11:52:15.886+0000] {processor.py:914} INFO - Processing file /home/airflow/.local/lib/python3.12/site-packages/airflow/example_dags/example_bash_decorator.py for tasks to queue
[2024-11-22T11:52:15.888+0000] {logging_mixin.py:190} INFO - [2024-11-22T11:52:15.887+0000] {dagbag.py:588} INFO - Filling up the DagBag from /home/airflow/.local/lib/python3.12/site-packages/airflow/example_dags/example_bash_decorator.py
[2024-11-22T11:52:15.900+0000] {processor.py:925} INFO - DAG(s) 'example_bash_decorator' retrieved from /home/airflow/.local/lib/python3.12/site-packages/airflow/example_dags/example_bash_decorator.py
[2024-11-22T11:52:15.919+0000] {logging_mixin.py:190} INFO - [2024-11-22T11:52:15.918+0000] {dag.py:3239} INFO - Sync 1 DAGs
[2024-11-22T11:52:15.930+0000] {logging_mixin.py:190} INFO - [2024-11-22T11:52:15.930+0000] {dag.py:4180} INFO - Setting next_dagrun for example_bash_decorator to None, run_after=None
[2024-11-22T11:52:15.946+0000] {processor.py:208} INFO - Processing /home/airflow/.local/lib/python3.12/site-packages/airflow/example_dags/example_bash_decorator.py took 0.065 seconds
[2024-11-22T11:52:46.538+0000] {processor.py:186} INFO - Started process (PID=604) to work on /home/airflow/.local/lib/python3.12/site-packages/airflow/example_dags/example_bash_decorator.py
[2024-11-22T11:52:46.539+0000] {processor.py:914} INFO - Processing file /home/airflow/.local/lib/python3.12/site-packages/airflow/example_dags/example_bash_decorator.py for tasks to queue
[2024-11-22T11:52:46.541+0000] {logging_mixin.py:190} INFO - [2024-11-22T11:52:46.541+0000] {dagbag.py:588} INFO - Filling up the DagBag from /home/airflow/.local/lib/python3.12/site-packages/airflow/example_dags/example_bash_decorator.py
[2024-11-22T11:52:46.554+0000] {processor.py:925} INFO - DAG(s) 'example_bash_decorator' retrieved from /home/airflow/.local/lib/python3.12/site-packages/airflow/example_dags/example_bash_decorator.py
[2024-11-22T11:52:46.576+0000] {logging_mixin.py:190} INFO - [2024-11-22T11:52:46.575+0000] {dag.py:3239} INFO - Sync 1 DAGs
[2024-11-22T11:52:46.589+0000] {logging_mixin.py:190} INFO - [2024-11-22T11:52:46.589+0000] {dag.py:4180} INFO - Setting next_dagrun for example_bash_decorator to None, run_after=None
[2024-11-22T11:52:46.606+0000] {processor.py:208} INFO - Processing /home/airflow/.local/lib/python3.12/site-packages/airflow/example_dags/example_bash_decorator.py took 0.073 seconds
[2024-11-22T11:53:16.840+0000] {processor.py:186} INFO - Started process (PID=667) to work on /home/airflow/.local/lib/python3.12/site-packages/airflow/example_dags/example_bash_decorator.py
[2024-11-22T11:53:16.840+0000] {processor.py:914} INFO - Processing file /home/airflow/.local/lib/python3.12/site-packages/airflow/example_dags/example_bash_decorator.py for tasks to queue
[2024-11-22T11:53:16.842+0000] {logging_mixin.py:190} INFO - [2024-11-22T11:53:16.842+0000] {dagbag.py:588} INFO - Filling up the DagBag from /home/airflow/.local/lib/python3.12/site-packages/airflow/example_dags/example_bash_decorator.py
[2024-11-22T11:53:16.854+0000] {processor.py:925} INFO - DAG(s) 'example_bash_decorator' retrieved from /home/airflow/.local/lib/python3.12/site-packages/airflow/example_dags/example_bash_decorator.py
[2024-11-22T11:53:16.873+0000] {logging_mixin.py:190} INFO - [2024-11-22T11:53:16.873+0000] {dag.py:3239} INFO - Sync 1 DAGs
[2024-11-22T11:53:16.886+0000] {logging_mixin.py:190} INFO - [2024-11-22T11:53:16.886+0000] {dag.py:4180} INFO - Setting next_dagrun for example_bash_decorator to None, run_after=None
[2024-11-22T11:53:16.901+0000] {processor.py:208} INFO - Processing /home/airflow/.local/lib/python3.12/site-packages/airflow/example_dags/example_bash_decorator.py took 0.066 seconds
[2024-11-22T11:53:47.718+0000] {processor.py:186} INFO - Started process (PID=730) to work on /home/airflow/.local/lib/python3.12/site-packages/airflow/example_dags/example_bash_decorator.py
[2024-11-22T11:53:47.719+0000] {processor.py:914} INFO - Processing file /home/airflow/.local/lib/python3.12/site-packages/airflow/example_dags/example_bash_decorator.py for tasks to queue
[2024-11-22T11:53:47.722+0000] {logging_mixin.py:190} INFO - [2024-11-22T11:53:47.721+0000] {dagbag.py:588} INFO - Filling up the DagBag from /home/airflow/.local/lib/python3.12/site-packages/airflow/example_dags/example_bash_decorator.py
[2024-11-22T11:53:47.741+0000] {processor.py:925} INFO - DAG(s) 'example_bash_decorator' retrieved from /home/airflow/.local/lib/python3.12/site-packages/airflow/example_dags/example_bash_decorator.py
[2024-11-22T11:53:47.773+0000] {logging_mixin.py:190} INFO - [2024-11-22T11:53:47.773+0000] {dag.py:3239} INFO - Sync 1 DAGs
[2024-11-22T11:53:47.788+0000] {logging_mixin.py:190} INFO - [2024-11-22T11:53:47.787+0000] {dag.py:4180} INFO - Setting next_dagrun for example_bash_decorator to None, run_after=None
[2024-11-22T11:53:47.806+0000] {processor.py:208} INFO - Processing /home/airflow/.local/lib/python3.12/site-packages/airflow/example_dags/example_bash_decorator.py took 0.093 seconds
[2024-11-22T11:54:18.089+0000] {processor.py:186} INFO - Started process (PID=793) to work on /home/airflow/.local/lib/python3.12/site-packages/airflow/example_dags/example_bash_decorator.py
[2024-11-22T11:54:18.090+0000] {processor.py:914} INFO - Processing file /home/airflow/.local/lib/python3.12/site-packages/airflow/example_dags/example_bash_decorator.py for tasks to queue
[2024-11-22T11:54:18.092+0000] {logging_mixin.py:190} INFO - [2024-11-22T11:54:18.092+0000] {dagbag.py:588} INFO - Filling up the DagBag from /home/airflow/.local/lib/python3.12/site-packages/airflow/example_dags/example_bash_decorator.py
[2024-11-22T11:54:18.107+0000] {processor.py:925} INFO - DAG(s) 'example_bash_decorator' retrieved from /home/airflow/.local/lib/python3.12/site-packages/airflow/example_dags/example_bash_decorator.py
[2024-11-22T11:54:18.135+0000] {logging_mixin.py:190} INFO - [2024-11-22T11:54:18.135+0000] {dag.py:3239} INFO - Sync 1 DAGs
[2024-11-22T11:54:18.150+0000] {logging_mixin.py:190} INFO - [2024-11-22T11:54:18.150+0000] {dag.py:4180} INFO - Setting next_dagrun for example_bash_decorator to None, run_after=None
[2024-11-22T11:54:18.168+0000] {processor.py:208} INFO - Processing /home/airflow/.local/lib/python3.12/site-packages/airflow/example_dags/example_bash_decorator.py took 0.087 seconds
[2024-11-22T11:54:48.710+0000] {processor.py:186} INFO - Started process (PID=856) to work on /home/airflow/.local/lib/python3.12/site-packages/airflow/example_dags/example_bash_decorator.py
[2024-11-22T11:54:48.711+0000] {processor.py:914} INFO - Processing file /home/airflow/.local/lib/python3.12/site-packages/airflow/example_dags/example_bash_decorator.py for tasks to queue
[2024-11-22T11:54:48.712+0000] {logging_mixin.py:190} INFO - [2024-11-22T11:54:48.712+0000] {dagbag.py:588} INFO - Filling up the DagBag from /home/airflow/.local/lib/python3.12/site-packages/airflow/example_dags/example_bash_decorator.py
[2024-11-22T11:54:48.724+0000] {processor.py:925} INFO - DAG(s) 'example_bash_decorator' retrieved from /home/airflow/.local/lib/python3.12/site-packages/airflow/example_dags/example_bash_decorator.py
[2024-11-22T11:54:48.743+0000] {logging_mixin.py:190} INFO - [2024-11-22T11:54:48.742+0000] {dag.py:3239} INFO - Sync 1 DAGs
[2024-11-22T11:54:48.754+0000] {logging_mixin.py:190} INFO - [2024-11-22T11:54:48.754+0000] {dag.py:4180} INFO - Setting next_dagrun for example_bash_decorator to None, run_after=None
[2024-11-22T11:54:48.769+0000] {processor.py:208} INFO - Processing /home/airflow/.local/lib/python3.12/site-packages/airflow/example_dags/example_bash_decorator.py took 0.064 seconds
[2024-11-22T11:55:19.385+0000] {processor.py:186} INFO - Started process (PID=919) to work on /home/airflow/.local/lib/python3.12/site-packages/airflow/example_dags/example_bash_decorator.py
[2024-11-22T11:55:19.386+0000] {processor.py:914} INFO - Processing file /home/airflow/.local/lib/python3.12/site-packages/airflow/example_dags/example_bash_decorator.py for tasks to queue
[2024-11-22T11:55:19.387+0000] {logging_mixin.py:190} INFO - [2024-11-22T11:55:19.387+0000] {dagbag.py:588} INFO - Filling up the DagBag from /home/airflow/.local/lib/python3.12/site-packages/airflow/example_dags/example_bash_decorator.py
[2024-11-22T11:55:19.399+0000] {processor.py:925} INFO - DAG(s) 'example_bash_decorator' retrieved from /home/airflow/.local/lib/python3.12/site-packages/airflow/example_dags/example_bash_decorator.py
[2024-11-22T11:55:19.418+0000] {logging_mixin.py:190} INFO - [2024-11-22T11:55:19.418+0000] {dag.py:3239} INFO - Sync 1 DAGs
[2024-11-22T11:55:19.429+0000] {logging_mixin.py:190} INFO - [2024-11-22T11:55:19.429+0000] {dag.py:4180} INFO - Setting next_dagrun for example_bash_decorator to None, run_after=None
[2024-11-22T11:55:19.444+0000] {processor.py:208} INFO - Processing /home/airflow/.local/lib/python3.12/site-packages/airflow/example_dags/example_bash_decorator.py took 0.064 seconds
[2024-11-22T11:55:49.839+0000] {processor.py:186} INFO - Started process (PID=982) to work on /home/airflow/.local/lib/python3.12/site-packages/airflow/example_dags/example_bash_decorator.py
[2024-11-22T11:55:49.840+0000] {processor.py:914} INFO - Processing file /home/airflow/.local/lib/python3.12/site-packages/airflow/example_dags/example_bash_decorator.py for tasks to queue
[2024-11-22T11:55:49.842+0000] {logging_mixin.py:190} INFO - [2024-11-22T11:55:49.842+0000] {dagbag.py:588} INFO - Filling up the DagBag from /home/airflow/.local/lib/python3.12/site-packages/airflow/example_dags/example_bash_decorator.py
[2024-11-22T11:55:49.862+0000] {processor.py:925} INFO - DAG(s) 'example_bash_decorator' retrieved from /home/airflow/.local/lib/python3.12/site-packages/airflow/example_dags/example_bash_decorator.py
[2024-11-22T11:55:49.895+0000] {logging_mixin.py:190} INFO - [2024-11-22T11:55:49.894+0000] {dag.py:3239} INFO - Sync 1 DAGs
[2024-11-22T11:55:49.912+0000] {logging_mixin.py:190} INFO - [2024-11-22T11:55:49.911+0000] {dag.py:4180} INFO - Setting next_dagrun for example_bash_decorator to None, run_after=None
[2024-11-22T11:55:49.943+0000] {processor.py:208} INFO - Processing /home/airflow/.local/lib/python3.12/site-packages/airflow/example_dags/example_bash_decorator.py took 0.109 seconds
[2024-11-22T11:56:20.713+0000] {processor.py:186} INFO - Started process (PID=1045) to work on /home/airflow/.local/lib/python3.12/site-packages/airflow/example_dags/example_bash_decorator.py
[2024-11-22T11:56:20.713+0000] {processor.py:914} INFO - Processing file /home/airflow/.local/lib/python3.12/site-packages/airflow/example_dags/example_bash_decorator.py for tasks to queue
[2024-11-22T11:56:20.715+0000] {logging_mixin.py:190} INFO - [2024-11-22T11:56:20.715+0000] {dagbag.py:588} INFO - Filling up the DagBag from /home/airflow/.local/lib/python3.12/site-packages/airflow/example_dags/example_bash_decorator.py
[2024-11-22T11:56:20.728+0000] {processor.py:925} INFO - DAG(s) 'example_bash_decorator' retrieved from /home/airflow/.local/lib/python3.12/site-packages/airflow/example_dags/example_bash_decorator.py
[2024-11-22T11:56:20.748+0000] {logging_mixin.py:190} INFO - [2024-11-22T11:56:20.747+0000] {dag.py:3239} INFO - Sync 1 DAGs
[2024-11-22T11:56:20.760+0000] {logging_mixin.py:190} INFO - [2024-11-22T11:56:20.760+0000] {dag.py:4180} INFO - Setting next_dagrun for example_bash_decorator to None, run_after=None
[2024-11-22T11:56:20.776+0000] {processor.py:208} INFO - Processing /home/airflow/.local/lib/python3.12/site-packages/airflow/example_dags/example_bash_decorator.py took 0.068 seconds
[2024-11-22T11:56:51.118+0000] {processor.py:186} INFO - Started process (PID=1108) to work on /home/airflow/.local/lib/python3.12/site-packages/airflow/example_dags/example_bash_decorator.py
[2024-11-22T11:56:51.119+0000] {processor.py:914} INFO - Processing file /home/airflow/.local/lib/python3.12/site-packages/airflow/example_dags/example_bash_decorator.py for tasks to queue
[2024-11-22T11:56:51.122+0000] {logging_mixin.py:190} INFO - [2024-11-22T11:56:51.121+0000] {dagbag.py:588} INFO - Filling up the DagBag from /home/airflow/.local/lib/python3.12/site-packages/airflow/example_dags/example_bash_decorator.py
[2024-11-22T11:56:51.138+0000] {processor.py:925} INFO - DAG(s) 'example_bash_decorator' retrieved from /home/airflow/.local/lib/python3.12/site-packages/airflow/example_dags/example_bash_decorator.py
[2024-11-22T11:56:51.163+0000] {logging_mixin.py:190} INFO - [2024-11-22T11:56:51.162+0000] {dag.py:3239} INFO - Sync 1 DAGs
[2024-11-22T11:56:51.175+0000] {logging_mixin.py:190} INFO - [2024-11-22T11:56:51.175+0000] {dag.py:4180} INFO - Setting next_dagrun for example_bash_decorator to None, run_after=None
[2024-11-22T11:56:51.189+0000] {processor.py:208} INFO - Processing /home/airflow/.local/lib/python3.12/site-packages/airflow/example_dags/example_bash_decorator.py took 0.079 seconds
