[2024-11-22T11:48:44.651+0000] {processor.py:186} INFO - Started process (PID=116) to work on /home/airflow/.local/lib/python3.12/site-packages/airflow/example_dags/example_branch_python_dop_operator_3.py
[2024-11-22T11:48:44.652+0000] {processor.py:914} INFO - Processing file /home/airflow/.local/lib/python3.12/site-packages/airflow/example_dags/example_branch_python_dop_operator_3.py for tasks to queue
[2024-11-22T11:48:44.656+0000] {logging_mixin.py:190} INFO - [2024-11-22T11:48:44.655+0000] {dagbag.py:588} INFO - Filling up the DagBag from /home/airflow/.local/lib/python3.12/site-packages/airflow/example_dags/example_branch_python_dop_operator_3.py
[2024-11-22T11:48:44.666+0000] {processor.py:925} INFO - DAG(s) 'example_branch_dop_operator_v3' retrieved from /home/airflow/.local/lib/python3.12/site-packages/airflow/example_dags/example_branch_python_dop_operator_3.py
[2024-11-22T11:48:44.768+0000] {logging_mixin.py:190} INFO - [2024-11-22T11:48:44.767+0000] {override.py:1911} INFO - Created Permission View: can delete on DAG:example_branch_dop_operator_v3
[2024-11-22T11:48:44.778+0000] {logging_mixin.py:190} INFO - [2024-11-22T11:48:44.777+0000] {override.py:1911} INFO - Created Permission View: can edit on DAG:example_branch_dop_operator_v3
[2024-11-22T11:48:44.784+0000] {logging_mixin.py:190} INFO - [2024-11-22T11:48:44.784+0000] {override.py:1911} INFO - Created Permission View: can read on DAG:example_branch_dop_operator_v3
[2024-11-22T11:48:44.790+0000] {logging_mixin.py:190} INFO - [2024-11-22T11:48:44.790+0000] {override.py:1911} INFO - Created Permission View: can delete on DAG Run:example_branch_dop_operator_v3
[2024-11-22T11:48:44.796+0000] {logging_mixin.py:190} INFO - [2024-11-22T11:48:44.796+0000] {override.py:1911} INFO - Created Permission View: menu access on DAG Run:example_branch_dop_operator_v3
[2024-11-22T11:48:44.803+0000] {logging_mixin.py:190} INFO - [2024-11-22T11:48:44.802+0000] {override.py:1911} INFO - Created Permission View: can create on DAG Run:example_branch_dop_operator_v3
[2024-11-22T11:48:44.809+0000] {logging_mixin.py:190} INFO - [2024-11-22T11:48:44.809+0000] {override.py:1911} INFO - Created Permission View: can read on DAG Run:example_branch_dop_operator_v3
[2024-11-22T11:48:44.810+0000] {logging_mixin.py:190} INFO - [2024-11-22T11:48:44.810+0000] {dag.py:3239} INFO - Sync 1 DAGs
[2024-11-22T11:48:44.827+0000] {logging_mixin.py:190} INFO - [2024-11-22T11:48:44.826+0000] {dag.py:3262} INFO - Creating ORM DAG for example_branch_dop_operator_v3
[2024-11-22T11:48:44.846+0000] {logging_mixin.py:190} INFO - [2024-11-22T11:48:44.846+0000] {dag.py:4180} INFO - Setting next_dagrun for example_branch_dop_operator_v3 to 2024-11-22 11:47:00+00:00, run_after=2024-11-22 11:48:00+00:00
[2024-11-22T11:48:44.867+0000] {processor.py:208} INFO - Processing /home/airflow/.local/lib/python3.12/site-packages/airflow/example_dags/example_branch_python_dop_operator_3.py took 0.222 seconds
[2024-11-22T11:49:15.344+0000] {processor.py:186} INFO - Started process (PID=179) to work on /home/airflow/.local/lib/python3.12/site-packages/airflow/example_dags/example_branch_python_dop_operator_3.py
[2024-11-22T11:49:15.345+0000] {processor.py:914} INFO - Processing file /home/airflow/.local/lib/python3.12/site-packages/airflow/example_dags/example_branch_python_dop_operator_3.py for tasks to queue
[2024-11-22T11:49:15.347+0000] {logging_mixin.py:190} INFO - [2024-11-22T11:49:15.347+0000] {dagbag.py:588} INFO - Filling up the DagBag from /home/airflow/.local/lib/python3.12/site-packages/airflow/example_dags/example_branch_python_dop_operator_3.py
[2024-11-22T11:49:15.357+0000] {processor.py:925} INFO - DAG(s) 'example_branch_dop_operator_v3' retrieved from /home/airflow/.local/lib/python3.12/site-packages/airflow/example_dags/example_branch_python_dop_operator_3.py
[2024-11-22T11:49:15.376+0000] {logging_mixin.py:190} INFO - [2024-11-22T11:49:15.375+0000] {dag.py:3239} INFO - Sync 1 DAGs
[2024-11-22T11:49:15.403+0000] {logging_mixin.py:190} INFO - [2024-11-22T11:49:15.403+0000] {dag.py:4180} INFO - Setting next_dagrun for example_branch_dop_operator_v3 to 2024-11-22 11:48:00+00:00, run_after=2024-11-22 11:49:00+00:00
[2024-11-22T11:49:15.424+0000] {processor.py:208} INFO - Processing /home/airflow/.local/lib/python3.12/site-packages/airflow/example_dags/example_branch_python_dop_operator_3.py took 0.085 seconds
[2024-11-22T11:49:45.705+0000] {processor.py:186} INFO - Started process (PID=242) to work on /home/airflow/.local/lib/python3.12/site-packages/airflow/example_dags/example_branch_python_dop_operator_3.py
[2024-11-22T11:49:45.706+0000] {processor.py:914} INFO - Processing file /home/airflow/.local/lib/python3.12/site-packages/airflow/example_dags/example_branch_python_dop_operator_3.py for tasks to queue
[2024-11-22T11:49:45.708+0000] {logging_mixin.py:190} INFO - [2024-11-22T11:49:45.707+0000] {dagbag.py:588} INFO - Filling up the DagBag from /home/airflow/.local/lib/python3.12/site-packages/airflow/example_dags/example_branch_python_dop_operator_3.py
[2024-11-22T11:49:45.716+0000] {processor.py:925} INFO - DAG(s) 'example_branch_dop_operator_v3' retrieved from /home/airflow/.local/lib/python3.12/site-packages/airflow/example_dags/example_branch_python_dop_operator_3.py
[2024-11-22T11:49:45.732+0000] {logging_mixin.py:190} INFO - [2024-11-22T11:49:45.732+0000] {dag.py:3239} INFO - Sync 1 DAGs
[2024-11-22T11:49:45.755+0000] {logging_mixin.py:190} INFO - [2024-11-22T11:49:45.754+0000] {dag.py:4180} INFO - Setting next_dagrun for example_branch_dop_operator_v3 to 2024-11-22 11:48:00+00:00, run_after=2024-11-22 11:49:00+00:00
[2024-11-22T11:49:45.771+0000] {processor.py:208} INFO - Processing /home/airflow/.local/lib/python3.12/site-packages/airflow/example_dags/example_branch_python_dop_operator_3.py took 0.071 seconds
[2024-11-22T11:50:17.472+0000] {processor.py:186} INFO - Started process (PID=305) to work on /home/airflow/.local/lib/python3.12/site-packages/airflow/example_dags/example_branch_python_dop_operator_3.py
[2024-11-22T11:50:17.473+0000] {processor.py:914} INFO - Processing file /home/airflow/.local/lib/python3.12/site-packages/airflow/example_dags/example_branch_python_dop_operator_3.py for tasks to queue
[2024-11-22T11:50:17.475+0000] {logging_mixin.py:190} INFO - [2024-11-22T11:50:17.474+0000] {dagbag.py:588} INFO - Filling up the DagBag from /home/airflow/.local/lib/python3.12/site-packages/airflow/example_dags/example_branch_python_dop_operator_3.py
[2024-11-22T11:50:17.484+0000] {processor.py:925} INFO - DAG(s) 'example_branch_dop_operator_v3' retrieved from /home/airflow/.local/lib/python3.12/site-packages/airflow/example_dags/example_branch_python_dop_operator_3.py
[2024-11-22T11:50:17.503+0000] {logging_mixin.py:190} INFO - [2024-11-22T11:50:17.503+0000] {dag.py:3239} INFO - Sync 1 DAGs
[2024-11-22T11:50:17.529+0000] {logging_mixin.py:190} INFO - [2024-11-22T11:50:17.528+0000] {dag.py:4180} INFO - Setting next_dagrun for example_branch_dop_operator_v3 to 2024-11-22 11:49:00+00:00, run_after=2024-11-22 11:50:00+00:00
[2024-11-22T11:50:17.546+0000] {processor.py:208} INFO - Processing /home/airflow/.local/lib/python3.12/site-packages/airflow/example_dags/example_branch_python_dop_operator_3.py took 0.079 seconds
[2024-11-22T11:50:48.824+0000] {processor.py:186} INFO - Started process (PID=368) to work on /home/airflow/.local/lib/python3.12/site-packages/airflow/example_dags/example_branch_python_dop_operator_3.py
[2024-11-22T11:50:48.825+0000] {processor.py:914} INFO - Processing file /home/airflow/.local/lib/python3.12/site-packages/airflow/example_dags/example_branch_python_dop_operator_3.py for tasks to queue
[2024-11-22T11:50:48.827+0000] {logging_mixin.py:190} INFO - [2024-11-22T11:50:48.827+0000] {dagbag.py:588} INFO - Filling up the DagBag from /home/airflow/.local/lib/python3.12/site-packages/airflow/example_dags/example_branch_python_dop_operator_3.py
[2024-11-22T11:50:48.836+0000] {processor.py:925} INFO - DAG(s) 'example_branch_dop_operator_v3' retrieved from /home/airflow/.local/lib/python3.12/site-packages/airflow/example_dags/example_branch_python_dop_operator_3.py
[2024-11-22T11:50:48.853+0000] {logging_mixin.py:190} INFO - [2024-11-22T11:50:48.853+0000] {dag.py:3239} INFO - Sync 1 DAGs
[2024-11-22T11:50:48.877+0000] {logging_mixin.py:190} INFO - [2024-11-22T11:50:48.877+0000] {dag.py:4180} INFO - Setting next_dagrun for example_branch_dop_operator_v3 to 2024-11-22 11:49:00+00:00, run_after=2024-11-22 11:50:00+00:00
[2024-11-22T11:50:48.893+0000] {processor.py:208} INFO - Processing /home/airflow/.local/lib/python3.12/site-packages/airflow/example_dags/example_branch_python_dop_operator_3.py took 0.074 seconds
[2024-11-22T11:51:20.001+0000] {processor.py:186} INFO - Started process (PID=431) to work on /home/airflow/.local/lib/python3.12/site-packages/airflow/example_dags/example_branch_python_dop_operator_3.py
[2024-11-22T11:51:20.002+0000] {processor.py:914} INFO - Processing file /home/airflow/.local/lib/python3.12/site-packages/airflow/example_dags/example_branch_python_dop_operator_3.py for tasks to queue
[2024-11-22T11:51:20.005+0000] {logging_mixin.py:190} INFO - [2024-11-22T11:51:20.005+0000] {dagbag.py:588} INFO - Filling up the DagBag from /home/airflow/.local/lib/python3.12/site-packages/airflow/example_dags/example_branch_python_dop_operator_3.py
[2024-11-22T11:51:20.013+0000] {processor.py:925} INFO - DAG(s) 'example_branch_dop_operator_v3' retrieved from /home/airflow/.local/lib/python3.12/site-packages/airflow/example_dags/example_branch_python_dop_operator_3.py
[2024-11-22T11:51:20.031+0000] {logging_mixin.py:190} INFO - [2024-11-22T11:51:20.030+0000] {dag.py:3239} INFO - Sync 1 DAGs
[2024-11-22T11:51:20.056+0000] {logging_mixin.py:190} INFO - [2024-11-22T11:51:20.056+0000] {dag.py:4180} INFO - Setting next_dagrun for example_branch_dop_operator_v3 to 2024-11-22 11:50:00+00:00, run_after=2024-11-22 11:51:00+00:00
[2024-11-22T11:51:20.074+0000] {processor.py:208} INFO - Processing /home/airflow/.local/lib/python3.12/site-packages/airflow/example_dags/example_branch_python_dop_operator_3.py took 0.079 seconds
[2024-11-22T11:51:50.410+0000] {processor.py:186} INFO - Started process (PID=494) to work on /home/airflow/.local/lib/python3.12/site-packages/airflow/example_dags/example_branch_python_dop_operator_3.py
[2024-11-22T11:51:50.411+0000] {processor.py:914} INFO - Processing file /home/airflow/.local/lib/python3.12/site-packages/airflow/example_dags/example_branch_python_dop_operator_3.py for tasks to queue
[2024-11-22T11:51:50.413+0000] {logging_mixin.py:190} INFO - [2024-11-22T11:51:50.413+0000] {dagbag.py:588} INFO - Filling up the DagBag from /home/airflow/.local/lib/python3.12/site-packages/airflow/example_dags/example_branch_python_dop_operator_3.py
[2024-11-22T11:51:50.421+0000] {processor.py:925} INFO - DAG(s) 'example_branch_dop_operator_v3' retrieved from /home/airflow/.local/lib/python3.12/site-packages/airflow/example_dags/example_branch_python_dop_operator_3.py
[2024-11-22T11:51:50.438+0000] {logging_mixin.py:190} INFO - [2024-11-22T11:51:50.438+0000] {dag.py:3239} INFO - Sync 1 DAGs
[2024-11-22T11:51:50.462+0000] {logging_mixin.py:190} INFO - [2024-11-22T11:51:50.462+0000] {dag.py:4180} INFO - Setting next_dagrun for example_branch_dop_operator_v3 to 2024-11-22 11:50:00+00:00, run_after=2024-11-22 11:51:00+00:00
[2024-11-22T11:51:50.478+0000] {processor.py:208} INFO - Processing /home/airflow/.local/lib/python3.12/site-packages/airflow/example_dags/example_branch_python_dop_operator_3.py took 0.074 seconds
[2024-11-22T11:52:22.186+0000] {processor.py:186} INFO - Started process (PID=557) to work on /home/airflow/.local/lib/python3.12/site-packages/airflow/example_dags/example_branch_python_dop_operator_3.py
[2024-11-22T11:52:22.187+0000] {processor.py:914} INFO - Processing file /home/airflow/.local/lib/python3.12/site-packages/airflow/example_dags/example_branch_python_dop_operator_3.py for tasks to queue
[2024-11-22T11:52:22.189+0000] {logging_mixin.py:190} INFO - [2024-11-22T11:52:22.189+0000] {dagbag.py:588} INFO - Filling up the DagBag from /home/airflow/.local/lib/python3.12/site-packages/airflow/example_dags/example_branch_python_dop_operator_3.py
[2024-11-22T11:52:22.197+0000] {processor.py:925} INFO - DAG(s) 'example_branch_dop_operator_v3' retrieved from /home/airflow/.local/lib/python3.12/site-packages/airflow/example_dags/example_branch_python_dop_operator_3.py
[2024-11-22T11:52:22.214+0000] {logging_mixin.py:190} INFO - [2024-11-22T11:52:22.213+0000] {dag.py:3239} INFO - Sync 1 DAGs
[2024-11-22T11:52:22.237+0000] {logging_mixin.py:190} INFO - [2024-11-22T11:52:22.237+0000] {dag.py:4180} INFO - Setting next_dagrun for example_branch_dop_operator_v3 to 2024-11-22 11:51:00+00:00, run_after=2024-11-22 11:52:00+00:00
[2024-11-22T11:52:22.253+0000] {processor.py:208} INFO - Processing /home/airflow/.local/lib/python3.12/site-packages/airflow/example_dags/example_branch_python_dop_operator_3.py took 0.072 seconds
[2024-11-22T11:52:54.305+0000] {processor.py:186} INFO - Started process (PID=620) to work on /home/airflow/.local/lib/python3.12/site-packages/airflow/example_dags/example_branch_python_dop_operator_3.py
[2024-11-22T11:52:54.306+0000] {processor.py:914} INFO - Processing file /home/airflow/.local/lib/python3.12/site-packages/airflow/example_dags/example_branch_python_dop_operator_3.py for tasks to queue
[2024-11-22T11:52:54.309+0000] {logging_mixin.py:190} INFO - [2024-11-22T11:52:54.309+0000] {dagbag.py:588} INFO - Filling up the DagBag from /home/airflow/.local/lib/python3.12/site-packages/airflow/example_dags/example_branch_python_dop_operator_3.py
[2024-11-22T11:52:54.320+0000] {processor.py:925} INFO - DAG(s) 'example_branch_dop_operator_v3' retrieved from /home/airflow/.local/lib/python3.12/site-packages/airflow/example_dags/example_branch_python_dop_operator_3.py
[2024-11-22T11:52:54.350+0000] {logging_mixin.py:190} INFO - [2024-11-22T11:52:54.349+0000] {dag.py:3239} INFO - Sync 1 DAGs
[2024-11-22T11:52:54.426+0000] {logging_mixin.py:190} INFO - [2024-11-22T11:52:54.425+0000] {dag.py:4180} INFO - Setting next_dagrun for example_branch_dop_operator_v3 to 2024-11-22 11:51:00+00:00, run_after=2024-11-22 11:52:00+00:00
[2024-11-22T11:52:54.463+0000] {processor.py:208} INFO - Processing /home/airflow/.local/lib/python3.12/site-packages/airflow/example_dags/example_branch_python_dop_operator_3.py took 0.164 seconds
[2024-11-22T11:53:24.750+0000] {processor.py:186} INFO - Started process (PID=682) to work on /home/airflow/.local/lib/python3.12/site-packages/airflow/example_dags/example_branch_python_dop_operator_3.py
[2024-11-22T11:53:24.751+0000] {processor.py:914} INFO - Processing file /home/airflow/.local/lib/python3.12/site-packages/airflow/example_dags/example_branch_python_dop_operator_3.py for tasks to queue
[2024-11-22T11:53:24.753+0000] {logging_mixin.py:190} INFO - [2024-11-22T11:53:24.753+0000] {dagbag.py:588} INFO - Filling up the DagBag from /home/airflow/.local/lib/python3.12/site-packages/airflow/example_dags/example_branch_python_dop_operator_3.py
[2024-11-22T11:53:24.764+0000] {processor.py:925} INFO - DAG(s) 'example_branch_dop_operator_v3' retrieved from /home/airflow/.local/lib/python3.12/site-packages/airflow/example_dags/example_branch_python_dop_operator_3.py
[2024-11-22T11:53:24.791+0000] {logging_mixin.py:190} INFO - [2024-11-22T11:53:24.790+0000] {dag.py:3239} INFO - Sync 1 DAGs
[2024-11-22T11:53:24.835+0000] {logging_mixin.py:190} INFO - [2024-11-22T11:53:24.834+0000] {dag.py:4180} INFO - Setting next_dagrun for example_branch_dop_operator_v3 to 2024-11-22 11:52:00+00:00, run_after=2024-11-22 11:53:00+00:00
[2024-11-22T11:53:24.856+0000] {processor.py:208} INFO - Processing /home/airflow/.local/lib/python3.12/site-packages/airflow/example_dags/example_branch_python_dop_operator_3.py took 0.114 seconds
[2024-11-22T11:53:56.654+0000] {processor.py:186} INFO - Started process (PID=746) to work on /home/airflow/.local/lib/python3.12/site-packages/airflow/example_dags/example_branch_python_dop_operator_3.py
[2024-11-22T11:53:56.659+0000] {processor.py:914} INFO - Processing file /home/airflow/.local/lib/python3.12/site-packages/airflow/example_dags/example_branch_python_dop_operator_3.py for tasks to queue
[2024-11-22T11:53:56.667+0000] {logging_mixin.py:190} INFO - [2024-11-22T11:53:56.666+0000] {dagbag.py:588} INFO - Filling up the DagBag from /home/airflow/.local/lib/python3.12/site-packages/airflow/example_dags/example_branch_python_dop_operator_3.py
[2024-11-22T11:53:56.696+0000] {processor.py:925} INFO - DAG(s) 'example_branch_dop_operator_v3' retrieved from /home/airflow/.local/lib/python3.12/site-packages/airflow/example_dags/example_branch_python_dop_operator_3.py
[2024-11-22T11:53:56.741+0000] {logging_mixin.py:190} INFO - [2024-11-22T11:53:56.740+0000] {dag.py:3239} INFO - Sync 1 DAGs
[2024-11-22T11:53:56.783+0000] {logging_mixin.py:190} INFO - [2024-11-22T11:53:56.782+0000] {dag.py:4180} INFO - Setting next_dagrun for example_branch_dop_operator_v3 to 2024-11-22 11:52:00+00:00, run_after=2024-11-22 11:53:00+00:00
[2024-11-22T11:53:56.801+0000] {processor.py:208} INFO - Processing /home/airflow/.local/lib/python3.12/site-packages/airflow/example_dags/example_branch_python_dop_operator_3.py took 0.161 seconds
[2024-11-22T11:54:27.578+0000] {processor.py:186} INFO - Started process (PID=809) to work on /home/airflow/.local/lib/python3.12/site-packages/airflow/example_dags/example_branch_python_dop_operator_3.py
[2024-11-22T11:54:27.579+0000] {processor.py:914} INFO - Processing file /home/airflow/.local/lib/python3.12/site-packages/airflow/example_dags/example_branch_python_dop_operator_3.py for tasks to queue
[2024-11-22T11:54:27.581+0000] {logging_mixin.py:190} INFO - [2024-11-22T11:54:27.581+0000] {dagbag.py:588} INFO - Filling up the DagBag from /home/airflow/.local/lib/python3.12/site-packages/airflow/example_dags/example_branch_python_dop_operator_3.py
[2024-11-22T11:54:27.591+0000] {processor.py:925} INFO - DAG(s) 'example_branch_dop_operator_v3' retrieved from /home/airflow/.local/lib/python3.12/site-packages/airflow/example_dags/example_branch_python_dop_operator_3.py
[2024-11-22T11:54:27.608+0000] {logging_mixin.py:190} INFO - [2024-11-22T11:54:27.607+0000] {dag.py:3239} INFO - Sync 1 DAGs
[2024-11-22T11:54:27.631+0000] {logging_mixin.py:190} INFO - [2024-11-22T11:54:27.631+0000] {dag.py:4180} INFO - Setting next_dagrun for example_branch_dop_operator_v3 to 2024-11-22 11:53:00+00:00, run_after=2024-11-22 11:54:00+00:00
[2024-11-22T11:54:27.647+0000] {processor.py:208} INFO - Processing /home/airflow/.local/lib/python3.12/site-packages/airflow/example_dags/example_branch_python_dop_operator_3.py took 0.074 seconds
[2024-11-22T11:54:58.505+0000] {processor.py:186} INFO - Started process (PID=872) to work on /home/airflow/.local/lib/python3.12/site-packages/airflow/example_dags/example_branch_python_dop_operator_3.py
[2024-11-22T11:54:58.506+0000] {processor.py:914} INFO - Processing file /home/airflow/.local/lib/python3.12/site-packages/airflow/example_dags/example_branch_python_dop_operator_3.py for tasks to queue
[2024-11-22T11:54:58.508+0000] {logging_mixin.py:190} INFO - [2024-11-22T11:54:58.507+0000] {dagbag.py:588} INFO - Filling up the DagBag from /home/airflow/.local/lib/python3.12/site-packages/airflow/example_dags/example_branch_python_dop_operator_3.py
[2024-11-22T11:54:58.517+0000] {processor.py:925} INFO - DAG(s) 'example_branch_dop_operator_v3' retrieved from /home/airflow/.local/lib/python3.12/site-packages/airflow/example_dags/example_branch_python_dop_operator_3.py
[2024-11-22T11:54:58.535+0000] {logging_mixin.py:190} INFO - [2024-11-22T11:54:58.534+0000] {dag.py:3239} INFO - Sync 1 DAGs
[2024-11-22T11:54:58.559+0000] {logging_mixin.py:190} INFO - [2024-11-22T11:54:58.559+0000] {dag.py:4180} INFO - Setting next_dagrun for example_branch_dop_operator_v3 to 2024-11-22 11:53:00+00:00, run_after=2024-11-22 11:54:00+00:00
[2024-11-22T11:54:58.577+0000] {processor.py:208} INFO - Processing /home/airflow/.local/lib/python3.12/site-packages/airflow/example_dags/example_branch_python_dop_operator_3.py took 0.079 seconds
[2024-11-22T11:55:29.375+0000] {processor.py:186} INFO - Started process (PID=935) to work on /home/airflow/.local/lib/python3.12/site-packages/airflow/example_dags/example_branch_python_dop_operator_3.py
[2024-11-22T11:55:29.376+0000] {processor.py:914} INFO - Processing file /home/airflow/.local/lib/python3.12/site-packages/airflow/example_dags/example_branch_python_dop_operator_3.py for tasks to queue
[2024-11-22T11:55:29.378+0000] {logging_mixin.py:190} INFO - [2024-11-22T11:55:29.377+0000] {dagbag.py:588} INFO - Filling up the DagBag from /home/airflow/.local/lib/python3.12/site-packages/airflow/example_dags/example_branch_python_dop_operator_3.py
[2024-11-22T11:55:29.386+0000] {processor.py:925} INFO - DAG(s) 'example_branch_dop_operator_v3' retrieved from /home/airflow/.local/lib/python3.12/site-packages/airflow/example_dags/example_branch_python_dop_operator_3.py
[2024-11-22T11:55:29.403+0000] {logging_mixin.py:190} INFO - [2024-11-22T11:55:29.403+0000] {dag.py:3239} INFO - Sync 1 DAGs
[2024-11-22T11:55:29.426+0000] {logging_mixin.py:190} INFO - [2024-11-22T11:55:29.426+0000] {dag.py:4180} INFO - Setting next_dagrun for example_branch_dop_operator_v3 to 2024-11-22 11:54:00+00:00, run_after=2024-11-22 11:55:00+00:00
[2024-11-22T11:55:29.441+0000] {processor.py:208} INFO - Processing /home/airflow/.local/lib/python3.12/site-packages/airflow/example_dags/example_branch_python_dop_operator_3.py took 0.071 seconds
[2024-11-22T11:56:00.295+0000] {processor.py:186} INFO - Started process (PID=998) to work on /home/airflow/.local/lib/python3.12/site-packages/airflow/example_dags/example_branch_python_dop_operator_3.py
[2024-11-22T11:56:00.296+0000] {processor.py:914} INFO - Processing file /home/airflow/.local/lib/python3.12/site-packages/airflow/example_dags/example_branch_python_dop_operator_3.py for tasks to queue
[2024-11-22T11:56:00.298+0000] {logging_mixin.py:190} INFO - [2024-11-22T11:56:00.298+0000] {dagbag.py:588} INFO - Filling up the DagBag from /home/airflow/.local/lib/python3.12/site-packages/airflow/example_dags/example_branch_python_dop_operator_3.py
[2024-11-22T11:56:00.307+0000] {processor.py:925} INFO - DAG(s) 'example_branch_dop_operator_v3' retrieved from /home/airflow/.local/lib/python3.12/site-packages/airflow/example_dags/example_branch_python_dop_operator_3.py
[2024-11-22T11:56:00.323+0000] {logging_mixin.py:190} INFO - [2024-11-22T11:56:00.323+0000] {dag.py:3239} INFO - Sync 1 DAGs
[2024-11-22T11:56:00.346+0000] {logging_mixin.py:190} INFO - [2024-11-22T11:56:00.346+0000] {dag.py:4180} INFO - Setting next_dagrun for example_branch_dop_operator_v3 to 2024-11-22 11:55:00+00:00, run_after=2024-11-22 11:56:00+00:00
[2024-11-22T11:56:00.362+0000] {processor.py:208} INFO - Processing /home/airflow/.local/lib/python3.12/site-packages/airflow/example_dags/example_branch_python_dop_operator_3.py took 0.071 seconds
[2024-11-22T11:56:31.317+0000] {processor.py:186} INFO - Started process (PID=1061) to work on /home/airflow/.local/lib/python3.12/site-packages/airflow/example_dags/example_branch_python_dop_operator_3.py
[2024-11-22T11:56:31.318+0000] {processor.py:914} INFO - Processing file /home/airflow/.local/lib/python3.12/site-packages/airflow/example_dags/example_branch_python_dop_operator_3.py for tasks to queue
[2024-11-22T11:56:31.320+0000] {logging_mixin.py:190} INFO - [2024-11-22T11:56:31.320+0000] {dagbag.py:588} INFO - Filling up the DagBag from /home/airflow/.local/lib/python3.12/site-packages/airflow/example_dags/example_branch_python_dop_operator_3.py
[2024-11-22T11:56:31.336+0000] {processor.py:925} INFO - DAG(s) 'example_branch_dop_operator_v3' retrieved from /home/airflow/.local/lib/python3.12/site-packages/airflow/example_dags/example_branch_python_dop_operator_3.py
[2024-11-22T11:56:31.360+0000] {logging_mixin.py:190} INFO - [2024-11-22T11:56:31.359+0000] {dag.py:3239} INFO - Sync 1 DAGs
[2024-11-22T11:56:31.392+0000] {logging_mixin.py:190} INFO - [2024-11-22T11:56:31.392+0000] {dag.py:4180} INFO - Setting next_dagrun for example_branch_dop_operator_v3 to 2024-11-22 11:55:00+00:00, run_after=2024-11-22 11:56:00+00:00
[2024-11-22T11:56:31.411+0000] {processor.py:208} INFO - Processing /home/airflow/.local/lib/python3.12/site-packages/airflow/example_dags/example_branch_python_dop_operator_3.py took 0.102 seconds
[2024-11-22T11:57:02.274+0000] {processor.py:186} INFO - Started process (PID=1124) to work on /home/airflow/.local/lib/python3.12/site-packages/airflow/example_dags/example_branch_python_dop_operator_3.py
[2024-11-22T11:57:02.275+0000] {processor.py:914} INFO - Processing file /home/airflow/.local/lib/python3.12/site-packages/airflow/example_dags/example_branch_python_dop_operator_3.py for tasks to queue
[2024-11-22T11:57:02.277+0000] {logging_mixin.py:190} INFO - [2024-11-22T11:57:02.276+0000] {dagbag.py:588} INFO - Filling up the DagBag from /home/airflow/.local/lib/python3.12/site-packages/airflow/example_dags/example_branch_python_dop_operator_3.py
[2024-11-22T11:57:02.285+0000] {processor.py:925} INFO - DAG(s) 'example_branch_dop_operator_v3' retrieved from /home/airflow/.local/lib/python3.12/site-packages/airflow/example_dags/example_branch_python_dop_operator_3.py
[2024-11-22T11:57:02.302+0000] {logging_mixin.py:190} INFO - [2024-11-22T11:57:02.301+0000] {dag.py:3239} INFO - Sync 1 DAGs
[2024-11-22T11:57:02.324+0000] {logging_mixin.py:190} INFO - [2024-11-22T11:57:02.324+0000] {dag.py:4180} INFO - Setting next_dagrun for example_branch_dop_operator_v3 to 2024-11-22 11:56:00+00:00, run_after=2024-11-22 11:57:00+00:00
[2024-11-22T11:57:02.338+0000] {processor.py:208} INFO - Processing /home/airflow/.local/lib/python3.12/site-packages/airflow/example_dags/example_branch_python_dop_operator_3.py took 0.069 seconds
