[2024-11-22T11:48:39.152+0000] {processor.py:186} INFO - Started process (PID=92) to work on /home/airflow/.local/lib/python3.12/site-packages/airflow/example_dags/example_branch_day_of_week_operator.py
[2024-11-22T11:48:39.152+0000] {processor.py:914} INFO - Processing file /home/airflow/.local/lib/python3.12/site-packages/airflow/example_dags/example_branch_day_of_week_operator.py for tasks to queue
[2024-11-22T11:48:39.154+0000] {logging_mixin.py:190} INFO - [2024-11-22T11:48:39.154+0000] {dagbag.py:588} INFO - Filling up the DagBag from /home/airflow/.local/lib/python3.12/site-packages/airflow/example_dags/example_branch_day_of_week_operator.py
[2024-11-22T11:48:39.163+0000] {processor.py:925} INFO - DAG(s) 'example_weekday_branch_operator' retrieved from /home/airflow/.local/lib/python3.12/site-packages/airflow/example_dags/example_branch_day_of_week_operator.py
[2024-11-22T11:48:39.266+0000] {logging_mixin.py:190} INFO - [2024-11-22T11:48:39.265+0000] {override.py:1911} INFO - Created Permission View: can delete on DAG:example_weekday_branch_operator
[2024-11-22T11:48:39.276+0000] {logging_mixin.py:190} INFO - [2024-11-22T11:48:39.276+0000] {override.py:1911} INFO - Created Permission View: can edit on DAG:example_weekday_branch_operator
[2024-11-22T11:48:39.283+0000] {logging_mixin.py:190} INFO - [2024-11-22T11:48:39.282+0000] {override.py:1911} INFO - Created Permission View: can read on DAG:example_weekday_branch_operator
[2024-11-22T11:48:39.289+0000] {logging_mixin.py:190} INFO - [2024-11-22T11:48:39.289+0000] {override.py:1911} INFO - Created Permission View: can delete on DAG Run:example_weekday_branch_operator
[2024-11-22T11:48:39.296+0000] {logging_mixin.py:190} INFO - [2024-11-22T11:48:39.296+0000] {override.py:1911} INFO - Created Permission View: menu access on DAG Run:example_weekday_branch_operator
[2024-11-22T11:48:39.302+0000] {logging_mixin.py:190} INFO - [2024-11-22T11:48:39.302+0000] {override.py:1911} INFO - Created Permission View: can create on DAG Run:example_weekday_branch_operator
[2024-11-22T11:48:39.308+0000] {logging_mixin.py:190} INFO - [2024-11-22T11:48:39.307+0000] {override.py:1911} INFO - Created Permission View: can read on DAG Run:example_weekday_branch_operator
[2024-11-22T11:48:39.308+0000] {logging_mixin.py:190} INFO - [2024-11-22T11:48:39.308+0000] {dag.py:3239} INFO - Sync 1 DAGs
[2024-11-22T11:48:39.322+0000] {logging_mixin.py:190} INFO - [2024-11-22T11:48:39.322+0000] {dag.py:3262} INFO - Creating ORM DAG for example_weekday_branch_operator
[2024-11-22T11:48:39.332+0000] {logging_mixin.py:190} INFO - [2024-11-22T11:48:39.332+0000] {dag.py:4180} INFO - Setting next_dagrun for example_weekday_branch_operator to 2024-11-21 00:00:00+00:00, run_after=2024-11-22 00:00:00+00:00
[2024-11-22T11:48:39.351+0000] {processor.py:208} INFO - Processing /home/airflow/.local/lib/python3.12/site-packages/airflow/example_dags/example_branch_day_of_week_operator.py took 0.205 seconds
[2024-11-22T11:49:10.262+0000] {processor.py:186} INFO - Started process (PID=155) to work on /home/airflow/.local/lib/python3.12/site-packages/airflow/example_dags/example_branch_day_of_week_operator.py
[2024-11-22T11:49:10.265+0000] {processor.py:914} INFO - Processing file /home/airflow/.local/lib/python3.12/site-packages/airflow/example_dags/example_branch_day_of_week_operator.py for tasks to queue
[2024-11-22T11:49:10.268+0000] {logging_mixin.py:190} INFO - [2024-11-22T11:49:10.267+0000] {dagbag.py:588} INFO - Filling up the DagBag from /home/airflow/.local/lib/python3.12/site-packages/airflow/example_dags/example_branch_day_of_week_operator.py
[2024-11-22T11:49:10.279+0000] {processor.py:925} INFO - DAG(s) 'example_weekday_branch_operator' retrieved from /home/airflow/.local/lib/python3.12/site-packages/airflow/example_dags/example_branch_day_of_week_operator.py
[2024-11-22T11:49:10.300+0000] {logging_mixin.py:190} INFO - [2024-11-22T11:49:10.300+0000] {dag.py:3239} INFO - Sync 1 DAGs
[2024-11-22T11:49:10.322+0000] {logging_mixin.py:190} INFO - [2024-11-22T11:49:10.322+0000] {dag.py:4180} INFO - Setting next_dagrun for example_weekday_branch_operator to 2024-11-21 00:00:00+00:00, run_after=2024-11-22 00:00:00+00:00
[2024-11-22T11:49:10.338+0000] {processor.py:208} INFO - Processing /home/airflow/.local/lib/python3.12/site-packages/airflow/example_dags/example_branch_day_of_week_operator.py took 0.082 seconds
[2024-11-22T11:49:40.739+0000] {processor.py:186} INFO - Started process (PID=218) to work on /home/airflow/.local/lib/python3.12/site-packages/airflow/example_dags/example_branch_day_of_week_operator.py
[2024-11-22T11:49:40.744+0000] {processor.py:914} INFO - Processing file /home/airflow/.local/lib/python3.12/site-packages/airflow/example_dags/example_branch_day_of_week_operator.py for tasks to queue
[2024-11-22T11:49:40.749+0000] {logging_mixin.py:190} INFO - [2024-11-22T11:49:40.748+0000] {dagbag.py:588} INFO - Filling up the DagBag from /home/airflow/.local/lib/python3.12/site-packages/airflow/example_dags/example_branch_day_of_week_operator.py
[2024-11-22T11:49:40.772+0000] {processor.py:925} INFO - DAG(s) 'example_weekday_branch_operator' retrieved from /home/airflow/.local/lib/python3.12/site-packages/airflow/example_dags/example_branch_day_of_week_operator.py
[2024-11-22T11:49:40.792+0000] {logging_mixin.py:190} INFO - [2024-11-22T11:49:40.791+0000] {dag.py:3239} INFO - Sync 1 DAGs
[2024-11-22T11:49:40.813+0000] {logging_mixin.py:190} INFO - [2024-11-22T11:49:40.813+0000] {dag.py:4180} INFO - Setting next_dagrun for example_weekday_branch_operator to 2024-11-21 00:00:00+00:00, run_after=2024-11-22 00:00:00+00:00
[2024-11-22T11:49:40.829+0000] {processor.py:208} INFO - Processing /home/airflow/.local/lib/python3.12/site-packages/airflow/example_dags/example_branch_day_of_week_operator.py took 0.094 seconds
[2024-11-22T11:50:11.543+0000] {processor.py:186} INFO - Started process (PID=281) to work on /home/airflow/.local/lib/python3.12/site-packages/airflow/example_dags/example_branch_day_of_week_operator.py
[2024-11-22T11:50:11.545+0000] {processor.py:914} INFO - Processing file /home/airflow/.local/lib/python3.12/site-packages/airflow/example_dags/example_branch_day_of_week_operator.py for tasks to queue
[2024-11-22T11:50:11.549+0000] {logging_mixin.py:190} INFO - [2024-11-22T11:50:11.548+0000] {dagbag.py:588} INFO - Filling up the DagBag from /home/airflow/.local/lib/python3.12/site-packages/airflow/example_dags/example_branch_day_of_week_operator.py
[2024-11-22T11:50:11.568+0000] {processor.py:925} INFO - DAG(s) 'example_weekday_branch_operator' retrieved from /home/airflow/.local/lib/python3.12/site-packages/airflow/example_dags/example_branch_day_of_week_operator.py
[2024-11-22T11:50:11.604+0000] {logging_mixin.py:190} INFO - [2024-11-22T11:50:11.604+0000] {dag.py:3239} INFO - Sync 1 DAGs
[2024-11-22T11:50:11.665+0000] {logging_mixin.py:190} INFO - [2024-11-22T11:50:11.664+0000] {dag.py:4180} INFO - Setting next_dagrun for example_weekday_branch_operator to 2024-11-21 00:00:00+00:00, run_after=2024-11-22 00:00:00+00:00
[2024-11-22T11:50:11.706+0000] {processor.py:208} INFO - Processing /home/airflow/.local/lib/python3.12/site-packages/airflow/example_dags/example_branch_day_of_week_operator.py took 0.170 seconds
[2024-11-22T11:50:42.147+0000] {processor.py:186} INFO - Started process (PID=344) to work on /home/airflow/.local/lib/python3.12/site-packages/airflow/example_dags/example_branch_day_of_week_operator.py
[2024-11-22T11:50:42.148+0000] {processor.py:914} INFO - Processing file /home/airflow/.local/lib/python3.12/site-packages/airflow/example_dags/example_branch_day_of_week_operator.py for tasks to queue
[2024-11-22T11:50:42.150+0000] {logging_mixin.py:190} INFO - [2024-11-22T11:50:42.149+0000] {dagbag.py:588} INFO - Filling up the DagBag from /home/airflow/.local/lib/python3.12/site-packages/airflow/example_dags/example_branch_day_of_week_operator.py
[2024-11-22T11:50:42.160+0000] {processor.py:925} INFO - DAG(s) 'example_weekday_branch_operator' retrieved from /home/airflow/.local/lib/python3.12/site-packages/airflow/example_dags/example_branch_day_of_week_operator.py
[2024-11-22T11:50:42.177+0000] {logging_mixin.py:190} INFO - [2024-11-22T11:50:42.176+0000] {dag.py:3239} INFO - Sync 1 DAGs
[2024-11-22T11:50:42.199+0000] {logging_mixin.py:190} INFO - [2024-11-22T11:50:42.198+0000] {dag.py:4180} INFO - Setting next_dagrun for example_weekday_branch_operator to 2024-11-21 00:00:00+00:00, run_after=2024-11-22 00:00:00+00:00
[2024-11-22T11:50:42.215+0000] {processor.py:208} INFO - Processing /home/airflow/.local/lib/python3.12/site-packages/airflow/example_dags/example_branch_day_of_week_operator.py took 0.076 seconds
[2024-11-22T11:51:13.166+0000] {processor.py:186} INFO - Started process (PID=407) to work on /home/airflow/.local/lib/python3.12/site-packages/airflow/example_dags/example_branch_day_of_week_operator.py
[2024-11-22T11:51:13.171+0000] {processor.py:914} INFO - Processing file /home/airflow/.local/lib/python3.12/site-packages/airflow/example_dags/example_branch_day_of_week_operator.py for tasks to queue
[2024-11-22T11:51:13.173+0000] {logging_mixin.py:190} INFO - [2024-11-22T11:51:13.172+0000] {dagbag.py:588} INFO - Filling up the DagBag from /home/airflow/.local/lib/python3.12/site-packages/airflow/example_dags/example_branch_day_of_week_operator.py
[2024-11-22T11:51:13.181+0000] {processor.py:925} INFO - DAG(s) 'example_weekday_branch_operator' retrieved from /home/airflow/.local/lib/python3.12/site-packages/airflow/example_dags/example_branch_day_of_week_operator.py
[2024-11-22T11:51:13.197+0000] {logging_mixin.py:190} INFO - [2024-11-22T11:51:13.197+0000] {dag.py:3239} INFO - Sync 1 DAGs
[2024-11-22T11:51:13.219+0000] {logging_mixin.py:190} INFO - [2024-11-22T11:51:13.219+0000] {dag.py:4180} INFO - Setting next_dagrun for example_weekday_branch_operator to 2024-11-21 00:00:00+00:00, run_after=2024-11-22 00:00:00+00:00
[2024-11-22T11:51:13.236+0000] {processor.py:208} INFO - Processing /home/airflow/.local/lib/python3.12/site-packages/airflow/example_dags/example_branch_day_of_week_operator.py took 0.075 seconds
[2024-11-22T11:51:43.993+0000] {processor.py:186} INFO - Started process (PID=470) to work on /home/airflow/.local/lib/python3.12/site-packages/airflow/example_dags/example_branch_day_of_week_operator.py
[2024-11-22T11:51:43.995+0000] {processor.py:914} INFO - Processing file /home/airflow/.local/lib/python3.12/site-packages/airflow/example_dags/example_branch_day_of_week_operator.py for tasks to queue
[2024-11-22T11:51:43.998+0000] {logging_mixin.py:190} INFO - [2024-11-22T11:51:43.997+0000] {dagbag.py:588} INFO - Filling up the DagBag from /home/airflow/.local/lib/python3.12/site-packages/airflow/example_dags/example_branch_day_of_week_operator.py
[2024-11-22T11:51:44.032+0000] {processor.py:925} INFO - DAG(s) 'example_weekday_branch_operator' retrieved from /home/airflow/.local/lib/python3.12/site-packages/airflow/example_dags/example_branch_day_of_week_operator.py
[2024-11-22T11:51:44.074+0000] {logging_mixin.py:190} INFO - [2024-11-22T11:51:44.074+0000] {dag.py:3239} INFO - Sync 1 DAGs
[2024-11-22T11:51:44.118+0000] {logging_mixin.py:190} INFO - [2024-11-22T11:51:44.118+0000] {dag.py:4180} INFO - Setting next_dagrun for example_weekday_branch_operator to 2024-11-21 00:00:00+00:00, run_after=2024-11-22 00:00:00+00:00
[2024-11-22T11:51:44.137+0000] {processor.py:208} INFO - Processing /home/airflow/.local/lib/python3.12/site-packages/airflow/example_dags/example_branch_day_of_week_operator.py took 0.158 seconds
[2024-11-22T11:52:14.305+0000] {processor.py:186} INFO - Started process (PID=533) to work on /home/airflow/.local/lib/python3.12/site-packages/airflow/example_dags/example_branch_day_of_week_operator.py
[2024-11-22T11:52:14.307+0000] {processor.py:914} INFO - Processing file /home/airflow/.local/lib/python3.12/site-packages/airflow/example_dags/example_branch_day_of_week_operator.py for tasks to queue
[2024-11-22T11:52:14.310+0000] {logging_mixin.py:190} INFO - [2024-11-22T11:52:14.310+0000] {dagbag.py:588} INFO - Filling up the DagBag from /home/airflow/.local/lib/python3.12/site-packages/airflow/example_dags/example_branch_day_of_week_operator.py
[2024-11-22T11:52:14.328+0000] {processor.py:925} INFO - DAG(s) 'example_weekday_branch_operator' retrieved from /home/airflow/.local/lib/python3.12/site-packages/airflow/example_dags/example_branch_day_of_week_operator.py
[2024-11-22T11:52:14.359+0000] {logging_mixin.py:190} INFO - [2024-11-22T11:52:14.359+0000] {dag.py:3239} INFO - Sync 1 DAGs
[2024-11-22T11:52:14.414+0000] {logging_mixin.py:190} INFO - [2024-11-22T11:52:14.413+0000] {dag.py:4180} INFO - Setting next_dagrun for example_weekday_branch_operator to 2024-11-21 00:00:00+00:00, run_after=2024-11-22 00:00:00+00:00
[2024-11-22T11:52:14.449+0000] {processor.py:208} INFO - Processing /home/airflow/.local/lib/python3.12/site-packages/airflow/example_dags/example_branch_day_of_week_operator.py took 0.151 seconds
[2024-11-22T11:52:45.027+0000] {processor.py:186} INFO - Started process (PID=596) to work on /home/airflow/.local/lib/python3.12/site-packages/airflow/example_dags/example_branch_day_of_week_operator.py
[2024-11-22T11:52:45.030+0000] {processor.py:914} INFO - Processing file /home/airflow/.local/lib/python3.12/site-packages/airflow/example_dags/example_branch_day_of_week_operator.py for tasks to queue
[2024-11-22T11:52:45.032+0000] {logging_mixin.py:190} INFO - [2024-11-22T11:52:45.031+0000] {dagbag.py:588} INFO - Filling up the DagBag from /home/airflow/.local/lib/python3.12/site-packages/airflow/example_dags/example_branch_day_of_week_operator.py
[2024-11-22T11:52:45.041+0000] {processor.py:925} INFO - DAG(s) 'example_weekday_branch_operator' retrieved from /home/airflow/.local/lib/python3.12/site-packages/airflow/example_dags/example_branch_day_of_week_operator.py
[2024-11-22T11:52:45.059+0000] {logging_mixin.py:190} INFO - [2024-11-22T11:52:45.058+0000] {dag.py:3239} INFO - Sync 1 DAGs
[2024-11-22T11:52:45.082+0000] {logging_mixin.py:190} INFO - [2024-11-22T11:52:45.082+0000] {dag.py:4180} INFO - Setting next_dagrun for example_weekday_branch_operator to 2024-11-21 00:00:00+00:00, run_after=2024-11-22 00:00:00+00:00
[2024-11-22T11:52:45.101+0000] {processor.py:208} INFO - Processing /home/airflow/.local/lib/python3.12/site-packages/airflow/example_dags/example_branch_day_of_week_operator.py took 0.079 seconds
[2024-11-22T11:53:15.236+0000] {processor.py:186} INFO - Started process (PID=659) to work on /home/airflow/.local/lib/python3.12/site-packages/airflow/example_dags/example_branch_day_of_week_operator.py
[2024-11-22T11:53:15.241+0000] {processor.py:914} INFO - Processing file /home/airflow/.local/lib/python3.12/site-packages/airflow/example_dags/example_branch_day_of_week_operator.py for tasks to queue
[2024-11-22T11:53:15.248+0000] {logging_mixin.py:190} INFO - [2024-11-22T11:53:15.247+0000] {dagbag.py:588} INFO - Filling up the DagBag from /home/airflow/.local/lib/python3.12/site-packages/airflow/example_dags/example_branch_day_of_week_operator.py
[2024-11-22T11:53:15.269+0000] {processor.py:925} INFO - DAG(s) 'example_weekday_branch_operator' retrieved from /home/airflow/.local/lib/python3.12/site-packages/airflow/example_dags/example_branch_day_of_week_operator.py
[2024-11-22T11:53:15.288+0000] {logging_mixin.py:190} INFO - [2024-11-22T11:53:15.288+0000] {dag.py:3239} INFO - Sync 1 DAGs
[2024-11-22T11:53:15.309+0000] {logging_mixin.py:190} INFO - [2024-11-22T11:53:15.308+0000] {dag.py:4180} INFO - Setting next_dagrun for example_weekday_branch_operator to 2024-11-21 00:00:00+00:00, run_after=2024-11-22 00:00:00+00:00
[2024-11-22T11:53:15.324+0000] {processor.py:208} INFO - Processing /home/airflow/.local/lib/python3.12/site-packages/airflow/example_dags/example_branch_day_of_week_operator.py took 0.094 seconds
[2024-11-22T11:53:46.153+0000] {processor.py:186} INFO - Started process (PID=722) to work on /home/airflow/.local/lib/python3.12/site-packages/airflow/example_dags/example_branch_day_of_week_operator.py
[2024-11-22T11:53:46.154+0000] {processor.py:914} INFO - Processing file /home/airflow/.local/lib/python3.12/site-packages/airflow/example_dags/example_branch_day_of_week_operator.py for tasks to queue
[2024-11-22T11:53:46.157+0000] {logging_mixin.py:190} INFO - [2024-11-22T11:53:46.157+0000] {dagbag.py:588} INFO - Filling up the DagBag from /home/airflow/.local/lib/python3.12/site-packages/airflow/example_dags/example_branch_day_of_week_operator.py
[2024-11-22T11:53:46.174+0000] {processor.py:925} INFO - DAG(s) 'example_weekday_branch_operator' retrieved from /home/airflow/.local/lib/python3.12/site-packages/airflow/example_dags/example_branch_day_of_week_operator.py
[2024-11-22T11:53:46.197+0000] {logging_mixin.py:190} INFO - [2024-11-22T11:53:46.197+0000] {dag.py:3239} INFO - Sync 1 DAGs
[2024-11-22T11:53:46.227+0000] {logging_mixin.py:190} INFO - [2024-11-22T11:53:46.227+0000] {dag.py:4180} INFO - Setting next_dagrun for example_weekday_branch_operator to 2024-11-21 00:00:00+00:00, run_after=2024-11-22 00:00:00+00:00
[2024-11-22T11:53:46.252+0000] {processor.py:208} INFO - Processing /home/airflow/.local/lib/python3.12/site-packages/airflow/example_dags/example_branch_day_of_week_operator.py took 0.105 seconds
[2024-11-22T11:54:16.549+0000] {processor.py:186} INFO - Started process (PID=785) to work on /home/airflow/.local/lib/python3.12/site-packages/airflow/example_dags/example_branch_day_of_week_operator.py
[2024-11-22T11:54:16.551+0000] {processor.py:914} INFO - Processing file /home/airflow/.local/lib/python3.12/site-packages/airflow/example_dags/example_branch_day_of_week_operator.py for tasks to queue
[2024-11-22T11:54:16.553+0000] {logging_mixin.py:190} INFO - [2024-11-22T11:54:16.553+0000] {dagbag.py:588} INFO - Filling up the DagBag from /home/airflow/.local/lib/python3.12/site-packages/airflow/example_dags/example_branch_day_of_week_operator.py
[2024-11-22T11:54:16.563+0000] {processor.py:925} INFO - DAG(s) 'example_weekday_branch_operator' retrieved from /home/airflow/.local/lib/python3.12/site-packages/airflow/example_dags/example_branch_day_of_week_operator.py
[2024-11-22T11:54:16.579+0000] {logging_mixin.py:190} INFO - [2024-11-22T11:54:16.579+0000] {dag.py:3239} INFO - Sync 1 DAGs
[2024-11-22T11:54:16.602+0000] {logging_mixin.py:190} INFO - [2024-11-22T11:54:16.601+0000] {dag.py:4180} INFO - Setting next_dagrun for example_weekday_branch_operator to 2024-11-21 00:00:00+00:00, run_after=2024-11-22 00:00:00+00:00
[2024-11-22T11:54:16.620+0000] {processor.py:208} INFO - Processing /home/airflow/.local/lib/python3.12/site-packages/airflow/example_dags/example_branch_day_of_week_operator.py took 0.078 seconds
[2024-11-22T11:54:47.223+0000] {processor.py:186} INFO - Started process (PID=848) to work on /home/airflow/.local/lib/python3.12/site-packages/airflow/example_dags/example_branch_day_of_week_operator.py
[2024-11-22T11:54:47.224+0000] {processor.py:914} INFO - Processing file /home/airflow/.local/lib/python3.12/site-packages/airflow/example_dags/example_branch_day_of_week_operator.py for tasks to queue
[2024-11-22T11:54:47.228+0000] {logging_mixin.py:190} INFO - [2024-11-22T11:54:47.228+0000] {dagbag.py:588} INFO - Filling up the DagBag from /home/airflow/.local/lib/python3.12/site-packages/airflow/example_dags/example_branch_day_of_week_operator.py
[2024-11-22T11:54:47.245+0000] {processor.py:925} INFO - DAG(s) 'example_weekday_branch_operator' retrieved from /home/airflow/.local/lib/python3.12/site-packages/airflow/example_dags/example_branch_day_of_week_operator.py
[2024-11-22T11:54:47.265+0000] {logging_mixin.py:190} INFO - [2024-11-22T11:54:47.265+0000] {dag.py:3239} INFO - Sync 1 DAGs
[2024-11-22T11:54:47.288+0000] {logging_mixin.py:190} INFO - [2024-11-22T11:54:47.288+0000] {dag.py:4180} INFO - Setting next_dagrun for example_weekday_branch_operator to 2024-11-21 00:00:00+00:00, run_after=2024-11-22 00:00:00+00:00
[2024-11-22T11:54:47.305+0000] {processor.py:208} INFO - Processing /home/airflow/.local/lib/python3.12/site-packages/airflow/example_dags/example_branch_day_of_week_operator.py took 0.093 seconds
[2024-11-22T11:55:17.929+0000] {processor.py:186} INFO - Started process (PID=911) to work on /home/airflow/.local/lib/python3.12/site-packages/airflow/example_dags/example_branch_day_of_week_operator.py
[2024-11-22T11:55:17.930+0000] {processor.py:914} INFO - Processing file /home/airflow/.local/lib/python3.12/site-packages/airflow/example_dags/example_branch_day_of_week_operator.py for tasks to queue
[2024-11-22T11:55:17.932+0000] {logging_mixin.py:190} INFO - [2024-11-22T11:55:17.932+0000] {dagbag.py:588} INFO - Filling up the DagBag from /home/airflow/.local/lib/python3.12/site-packages/airflow/example_dags/example_branch_day_of_week_operator.py
[2024-11-22T11:55:17.942+0000] {processor.py:925} INFO - DAG(s) 'example_weekday_branch_operator' retrieved from /home/airflow/.local/lib/python3.12/site-packages/airflow/example_dags/example_branch_day_of_week_operator.py
[2024-11-22T11:55:17.959+0000] {logging_mixin.py:190} INFO - [2024-11-22T11:55:17.959+0000] {dag.py:3239} INFO - Sync 1 DAGs
[2024-11-22T11:55:17.982+0000] {logging_mixin.py:190} INFO - [2024-11-22T11:55:17.981+0000] {dag.py:4180} INFO - Setting next_dagrun for example_weekday_branch_operator to 2024-11-21 00:00:00+00:00, run_after=2024-11-22 00:00:00+00:00
[2024-11-22T11:55:18.001+0000] {processor.py:208} INFO - Processing /home/airflow/.local/lib/python3.12/site-packages/airflow/example_dags/example_branch_day_of_week_operator.py took 0.079 seconds
[2024-11-22T11:55:48.139+0000] {processor.py:186} INFO - Started process (PID=974) to work on /home/airflow/.local/lib/python3.12/site-packages/airflow/example_dags/example_branch_day_of_week_operator.py
[2024-11-22T11:55:48.144+0000] {processor.py:914} INFO - Processing file /home/airflow/.local/lib/python3.12/site-packages/airflow/example_dags/example_branch_day_of_week_operator.py for tasks to queue
[2024-11-22T11:55:48.151+0000] {logging_mixin.py:190} INFO - [2024-11-22T11:55:48.150+0000] {dagbag.py:588} INFO - Filling up the DagBag from /home/airflow/.local/lib/python3.12/site-packages/airflow/example_dags/example_branch_day_of_week_operator.py
[2024-11-22T11:55:48.178+0000] {processor.py:925} INFO - DAG(s) 'example_weekday_branch_operator' retrieved from /home/airflow/.local/lib/python3.12/site-packages/airflow/example_dags/example_branch_day_of_week_operator.py
[2024-11-22T11:55:48.214+0000] {logging_mixin.py:190} INFO - [2024-11-22T11:55:48.214+0000] {dag.py:3239} INFO - Sync 1 DAGs
[2024-11-22T11:55:48.244+0000] {logging_mixin.py:190} INFO - [2024-11-22T11:55:48.244+0000] {dag.py:4180} INFO - Setting next_dagrun for example_weekday_branch_operator to 2024-11-21 00:00:00+00:00, run_after=2024-11-22 00:00:00+00:00
[2024-11-22T11:55:48.261+0000] {processor.py:208} INFO - Processing /home/airflow/.local/lib/python3.12/site-packages/airflow/example_dags/example_branch_day_of_week_operator.py took 0.144 seconds
[2024-11-22T11:56:19.263+0000] {processor.py:186} INFO - Started process (PID=1037) to work on /home/airflow/.local/lib/python3.12/site-packages/airflow/example_dags/example_branch_day_of_week_operator.py
[2024-11-22T11:56:19.264+0000] {processor.py:914} INFO - Processing file /home/airflow/.local/lib/python3.12/site-packages/airflow/example_dags/example_branch_day_of_week_operator.py for tasks to queue
[2024-11-22T11:56:19.266+0000] {logging_mixin.py:190} INFO - [2024-11-22T11:56:19.266+0000] {dagbag.py:588} INFO - Filling up the DagBag from /home/airflow/.local/lib/python3.12/site-packages/airflow/example_dags/example_branch_day_of_week_operator.py
[2024-11-22T11:56:19.276+0000] {processor.py:925} INFO - DAG(s) 'example_weekday_branch_operator' retrieved from /home/airflow/.local/lib/python3.12/site-packages/airflow/example_dags/example_branch_day_of_week_operator.py
[2024-11-22T11:56:19.296+0000] {logging_mixin.py:190} INFO - [2024-11-22T11:56:19.296+0000] {dag.py:3239} INFO - Sync 1 DAGs
[2024-11-22T11:56:19.324+0000] {logging_mixin.py:190} INFO - [2024-11-22T11:56:19.323+0000] {dag.py:4180} INFO - Setting next_dagrun for example_weekday_branch_operator to 2024-11-21 00:00:00+00:00, run_after=2024-11-22 00:00:00+00:00
[2024-11-22T11:56:19.342+0000] {processor.py:208} INFO - Processing /home/airflow/.local/lib/python3.12/site-packages/airflow/example_dags/example_branch_day_of_week_operator.py took 0.086 seconds
[2024-11-22T11:56:49.489+0000] {processor.py:186} INFO - Started process (PID=1100) to work on /home/airflow/.local/lib/python3.12/site-packages/airflow/example_dags/example_branch_day_of_week_operator.py
[2024-11-22T11:56:49.491+0000] {processor.py:914} INFO - Processing file /home/airflow/.local/lib/python3.12/site-packages/airflow/example_dags/example_branch_day_of_week_operator.py for tasks to queue
[2024-11-22T11:56:49.493+0000] {logging_mixin.py:190} INFO - [2024-11-22T11:56:49.493+0000] {dagbag.py:588} INFO - Filling up the DagBag from /home/airflow/.local/lib/python3.12/site-packages/airflow/example_dags/example_branch_day_of_week_operator.py
[2024-11-22T11:56:49.502+0000] {processor.py:925} INFO - DAG(s) 'example_weekday_branch_operator' retrieved from /home/airflow/.local/lib/python3.12/site-packages/airflow/example_dags/example_branch_day_of_week_operator.py
[2024-11-22T11:56:49.521+0000] {logging_mixin.py:190} INFO - [2024-11-22T11:56:49.521+0000] {dag.py:3239} INFO - Sync 1 DAGs
[2024-11-22T11:56:49.542+0000] {logging_mixin.py:190} INFO - [2024-11-22T11:56:49.542+0000] {dag.py:4180} INFO - Setting next_dagrun for example_weekday_branch_operator to 2024-11-21 00:00:00+00:00, run_after=2024-11-22 00:00:00+00:00
[2024-11-22T11:56:49.557+0000] {processor.py:208} INFO - Processing /home/airflow/.local/lib/python3.12/site-packages/airflow/example_dags/example_branch_day_of_week_operator.py took 0.074 seconds
