[2024-11-22T11:48:38.678+0000] {processor.py:186} INFO - Started process (PID=88) to work on /home/airflow/.local/lib/python3.12/site-packages/airflow/example_dags/example_xcom.py
[2024-11-22T11:48:38.679+0000] {processor.py:914} INFO - Processing file /home/airflow/.local/lib/python3.12/site-packages/airflow/example_dags/example_xcom.py for tasks to queue
[2024-11-22T11:48:38.681+0000] {logging_mixin.py:190} INFO - [2024-11-22T11:48:38.680+0000] {dagbag.py:588} INFO - Filling up the DagBag from /home/airflow/.local/lib/python3.12/site-packages/airflow/example_dags/example_xcom.py
[2024-11-22T11:48:38.692+0000] {processor.py:925} INFO - DAG(s) 'example_xcom' retrieved from /home/airflow/.local/lib/python3.12/site-packages/airflow/example_dags/example_xcom.py
[2024-11-22T11:48:38.788+0000] {logging_mixin.py:190} INFO - [2024-11-22T11:48:38.787+0000] {override.py:1911} INFO - Created Permission View: can delete on DAG:example_xcom
[2024-11-22T11:48:38.797+0000] {logging_mixin.py:190} INFO - [2024-11-22T11:48:38.797+0000] {override.py:1911} INFO - Created Permission View: can edit on DAG:example_xcom
[2024-11-22T11:48:38.804+0000] {logging_mixin.py:190} INFO - [2024-11-22T11:48:38.803+0000] {override.py:1911} INFO - Created Permission View: can read on DAG:example_xcom
[2024-11-22T11:48:38.810+0000] {logging_mixin.py:190} INFO - [2024-11-22T11:48:38.810+0000] {override.py:1911} INFO - Created Permission View: can delete on DAG Run:example_xcom
[2024-11-22T11:48:38.816+0000] {logging_mixin.py:190} INFO - [2024-11-22T11:48:38.816+0000] {override.py:1911} INFO - Created Permission View: menu access on DAG Run:example_xcom
[2024-11-22T11:48:38.822+0000] {logging_mixin.py:190} INFO - [2024-11-22T11:48:38.821+0000] {override.py:1911} INFO - Created Permission View: can create on DAG Run:example_xcom
[2024-11-22T11:48:38.827+0000] {logging_mixin.py:190} INFO - [2024-11-22T11:48:38.827+0000] {override.py:1911} INFO - Created Permission View: can read on DAG Run:example_xcom
[2024-11-22T11:48:38.827+0000] {logging_mixin.py:190} INFO - [2024-11-22T11:48:38.827+0000] {dag.py:3239} INFO - Sync 1 DAGs
[2024-11-22T11:48:38.839+0000] {logging_mixin.py:190} INFO - [2024-11-22T11:48:38.838+0000] {dag.py:3262} INFO - Creating ORM DAG for example_xcom
[2024-11-22T11:48:38.847+0000] {logging_mixin.py:190} INFO - [2024-11-22T11:48:38.847+0000] {dag.py:4180} INFO - Setting next_dagrun for example_xcom to 2021-01-01 00:00:00+00:00, run_after=2021-01-01 00:00:00+00:00
[2024-11-22T11:48:38.861+0000] {processor.py:208} INFO - Processing /home/airflow/.local/lib/python3.12/site-packages/airflow/example_dags/example_xcom.py took 0.188 seconds
[2024-11-22T11:49:09.087+0000] {processor.py:186} INFO - Started process (PID=151) to work on /home/airflow/.local/lib/python3.12/site-packages/airflow/example_dags/example_xcom.py
[2024-11-22T11:49:09.087+0000] {processor.py:914} INFO - Processing file /home/airflow/.local/lib/python3.12/site-packages/airflow/example_dags/example_xcom.py for tasks to queue
[2024-11-22T11:49:09.089+0000] {logging_mixin.py:190} INFO - [2024-11-22T11:49:09.089+0000] {dagbag.py:588} INFO - Filling up the DagBag from /home/airflow/.local/lib/python3.12/site-packages/airflow/example_dags/example_xcom.py
[2024-11-22T11:49:09.097+0000] {processor.py:925} INFO - DAG(s) 'example_xcom' retrieved from /home/airflow/.local/lib/python3.12/site-packages/airflow/example_dags/example_xcom.py
[2024-11-22T11:49:09.114+0000] {logging_mixin.py:190} INFO - [2024-11-22T11:49:09.114+0000] {dag.py:3239} INFO - Sync 1 DAGs
[2024-11-22T11:49:09.135+0000] {logging_mixin.py:190} INFO - [2024-11-22T11:49:09.135+0000] {dag.py:4180} INFO - Setting next_dagrun for example_xcom to 2021-01-01 00:00:00+00:00, run_after=2021-01-01 00:00:00+00:00
[2024-11-22T11:49:09.154+0000] {processor.py:208} INFO - Processing /home/airflow/.local/lib/python3.12/site-packages/airflow/example_dags/example_xcom.py took 0.072 seconds
[2024-11-22T11:49:39.517+0000] {processor.py:186} INFO - Started process (PID=214) to work on /home/airflow/.local/lib/python3.12/site-packages/airflow/example_dags/example_xcom.py
[2024-11-22T11:49:39.517+0000] {processor.py:914} INFO - Processing file /home/airflow/.local/lib/python3.12/site-packages/airflow/example_dags/example_xcom.py for tasks to queue
[2024-11-22T11:49:39.520+0000] {logging_mixin.py:190} INFO - [2024-11-22T11:49:39.519+0000] {dagbag.py:588} INFO - Filling up the DagBag from /home/airflow/.local/lib/python3.12/site-packages/airflow/example_dags/example_xcom.py
[2024-11-22T11:49:39.530+0000] {processor.py:925} INFO - DAG(s) 'example_xcom' retrieved from /home/airflow/.local/lib/python3.12/site-packages/airflow/example_dags/example_xcom.py
[2024-11-22T11:49:39.556+0000] {logging_mixin.py:190} INFO - [2024-11-22T11:49:39.556+0000] {dag.py:3239} INFO - Sync 1 DAGs
[2024-11-22T11:49:39.599+0000] {logging_mixin.py:190} INFO - [2024-11-22T11:49:39.598+0000] {dag.py:4180} INFO - Setting next_dagrun for example_xcom to 2021-01-01 00:00:00+00:00, run_after=2021-01-01 00:00:00+00:00
[2024-11-22T11:49:39.632+0000] {processor.py:208} INFO - Processing /home/airflow/.local/lib/python3.12/site-packages/airflow/example_dags/example_xcom.py took 0.122 seconds
[2024-11-22T11:50:10.263+0000] {processor.py:186} INFO - Started process (PID=277) to work on /home/airflow/.local/lib/python3.12/site-packages/airflow/example_dags/example_xcom.py
[2024-11-22T11:50:10.264+0000] {processor.py:914} INFO - Processing file /home/airflow/.local/lib/python3.12/site-packages/airflow/example_dags/example_xcom.py for tasks to queue
[2024-11-22T11:50:10.270+0000] {logging_mixin.py:190} INFO - [2024-11-22T11:50:10.268+0000] {dagbag.py:588} INFO - Filling up the DagBag from /home/airflow/.local/lib/python3.12/site-packages/airflow/example_dags/example_xcom.py
[2024-11-22T11:50:10.300+0000] {processor.py:925} INFO - DAG(s) 'example_xcom' retrieved from /home/airflow/.local/lib/python3.12/site-packages/airflow/example_dags/example_xcom.py
[2024-11-22T11:50:10.351+0000] {logging_mixin.py:190} INFO - [2024-11-22T11:50:10.350+0000] {dag.py:3239} INFO - Sync 1 DAGs
[2024-11-22T11:50:10.414+0000] {logging_mixin.py:190} INFO - [2024-11-22T11:50:10.413+0000] {dag.py:4180} INFO - Setting next_dagrun for example_xcom to 2021-01-01 00:00:00+00:00, run_after=2021-01-01 00:00:00+00:00
[2024-11-22T11:50:10.452+0000] {processor.py:208} INFO - Processing /home/airflow/.local/lib/python3.12/site-packages/airflow/example_dags/example_xcom.py took 0.204 seconds
[2024-11-22T11:50:40.988+0000] {processor.py:186} INFO - Started process (PID=340) to work on /home/airflow/.local/lib/python3.12/site-packages/airflow/example_dags/example_xcom.py
[2024-11-22T11:50:40.989+0000] {processor.py:914} INFO - Processing file /home/airflow/.local/lib/python3.12/site-packages/airflow/example_dags/example_xcom.py for tasks to queue
[2024-11-22T11:50:40.991+0000] {logging_mixin.py:190} INFO - [2024-11-22T11:50:40.990+0000] {dagbag.py:588} INFO - Filling up the DagBag from /home/airflow/.local/lib/python3.12/site-packages/airflow/example_dags/example_xcom.py
[2024-11-22T11:50:40.999+0000] {processor.py:925} INFO - DAG(s) 'example_xcom' retrieved from /home/airflow/.local/lib/python3.12/site-packages/airflow/example_dags/example_xcom.py
[2024-11-22T11:50:41.018+0000] {logging_mixin.py:190} INFO - [2024-11-22T11:50:41.017+0000] {dag.py:3239} INFO - Sync 1 DAGs
[2024-11-22T11:50:41.039+0000] {logging_mixin.py:190} INFO - [2024-11-22T11:50:41.038+0000] {dag.py:4180} INFO - Setting next_dagrun for example_xcom to 2021-01-01 00:00:00+00:00, run_after=2021-01-01 00:00:00+00:00
[2024-11-22T11:50:41.054+0000] {processor.py:208} INFO - Processing /home/airflow/.local/lib/python3.12/site-packages/airflow/example_dags/example_xcom.py took 0.071 seconds
[2024-11-22T11:51:12.013+0000] {processor.py:186} INFO - Started process (PID=403) to work on /home/airflow/.local/lib/python3.12/site-packages/airflow/example_dags/example_xcom.py
[2024-11-22T11:51:12.013+0000] {processor.py:914} INFO - Processing file /home/airflow/.local/lib/python3.12/site-packages/airflow/example_dags/example_xcom.py for tasks to queue
[2024-11-22T11:51:12.015+0000] {logging_mixin.py:190} INFO - [2024-11-22T11:51:12.015+0000] {dagbag.py:588} INFO - Filling up the DagBag from /home/airflow/.local/lib/python3.12/site-packages/airflow/example_dags/example_xcom.py
[2024-11-22T11:51:12.024+0000] {processor.py:925} INFO - DAG(s) 'example_xcom' retrieved from /home/airflow/.local/lib/python3.12/site-packages/airflow/example_dags/example_xcom.py
[2024-11-22T11:51:12.044+0000] {logging_mixin.py:190} INFO - [2024-11-22T11:51:12.044+0000] {dag.py:3239} INFO - Sync 1 DAGs
[2024-11-22T11:51:12.066+0000] {logging_mixin.py:190} INFO - [2024-11-22T11:51:12.066+0000] {dag.py:4180} INFO - Setting next_dagrun for example_xcom to 2021-01-01 00:00:00+00:00, run_after=2021-01-01 00:00:00+00:00
[2024-11-22T11:51:12.082+0000] {processor.py:208} INFO - Processing /home/airflow/.local/lib/python3.12/site-packages/airflow/example_dags/example_xcom.py took 0.075 seconds
[2024-11-22T11:51:42.722+0000] {processor.py:186} INFO - Started process (PID=466) to work on /home/airflow/.local/lib/python3.12/site-packages/airflow/example_dags/example_xcom.py
[2024-11-22T11:51:42.723+0000] {processor.py:914} INFO - Processing file /home/airflow/.local/lib/python3.12/site-packages/airflow/example_dags/example_xcom.py for tasks to queue
[2024-11-22T11:51:42.726+0000] {logging_mixin.py:190} INFO - [2024-11-22T11:51:42.725+0000] {dagbag.py:588} INFO - Filling up the DagBag from /home/airflow/.local/lib/python3.12/site-packages/airflow/example_dags/example_xcom.py
[2024-11-22T11:51:42.734+0000] {processor.py:925} INFO - DAG(s) 'example_xcom' retrieved from /home/airflow/.local/lib/python3.12/site-packages/airflow/example_dags/example_xcom.py
[2024-11-22T11:51:42.755+0000] {logging_mixin.py:190} INFO - [2024-11-22T11:51:42.755+0000] {dag.py:3239} INFO - Sync 1 DAGs
[2024-11-22T11:51:42.780+0000] {logging_mixin.py:190} INFO - [2024-11-22T11:51:42.780+0000] {dag.py:4180} INFO - Setting next_dagrun for example_xcom to 2021-01-01 00:00:00+00:00, run_after=2021-01-01 00:00:00+00:00
[2024-11-22T11:51:42.803+0000] {processor.py:208} INFO - Processing /home/airflow/.local/lib/python3.12/site-packages/airflow/example_dags/example_xcom.py took 0.086 seconds
[2024-11-22T11:52:12.931+0000] {processor.py:186} INFO - Started process (PID=529) to work on /home/airflow/.local/lib/python3.12/site-packages/airflow/example_dags/example_xcom.py
[2024-11-22T11:52:12.931+0000] {processor.py:914} INFO - Processing file /home/airflow/.local/lib/python3.12/site-packages/airflow/example_dags/example_xcom.py for tasks to queue
[2024-11-22T11:52:12.933+0000] {logging_mixin.py:190} INFO - [2024-11-22T11:52:12.933+0000] {dagbag.py:588} INFO - Filling up the DagBag from /home/airflow/.local/lib/python3.12/site-packages/airflow/example_dags/example_xcom.py
[2024-11-22T11:52:12.941+0000] {processor.py:925} INFO - DAG(s) 'example_xcom' retrieved from /home/airflow/.local/lib/python3.12/site-packages/airflow/example_dags/example_xcom.py
[2024-11-22T11:52:12.959+0000] {logging_mixin.py:190} INFO - [2024-11-22T11:52:12.959+0000] {dag.py:3239} INFO - Sync 1 DAGs
[2024-11-22T11:52:12.984+0000] {logging_mixin.py:190} INFO - [2024-11-22T11:52:12.983+0000] {dag.py:4180} INFO - Setting next_dagrun for example_xcom to 2021-01-01 00:00:00+00:00, run_after=2021-01-01 00:00:00+00:00
[2024-11-22T11:52:13.001+0000] {processor.py:208} INFO - Processing /home/airflow/.local/lib/python3.12/site-packages/airflow/example_dags/example_xcom.py took 0.076 seconds
[2024-11-22T11:52:43.811+0000] {processor.py:186} INFO - Started process (PID=592) to work on /home/airflow/.local/lib/python3.12/site-packages/airflow/example_dags/example_xcom.py
[2024-11-22T11:52:43.812+0000] {processor.py:914} INFO - Processing file /home/airflow/.local/lib/python3.12/site-packages/airflow/example_dags/example_xcom.py for tasks to queue
[2024-11-22T11:52:43.816+0000] {logging_mixin.py:190} INFO - [2024-11-22T11:52:43.816+0000] {dagbag.py:588} INFO - Filling up the DagBag from /home/airflow/.local/lib/python3.12/site-packages/airflow/example_dags/example_xcom.py
[2024-11-22T11:52:43.839+0000] {processor.py:925} INFO - DAG(s) 'example_xcom' retrieved from /home/airflow/.local/lib/python3.12/site-packages/airflow/example_dags/example_xcom.py
[2024-11-22T11:52:43.869+0000] {logging_mixin.py:190} INFO - [2024-11-22T11:52:43.869+0000] {dag.py:3239} INFO - Sync 1 DAGs
[2024-11-22T11:52:43.896+0000] {logging_mixin.py:190} INFO - [2024-11-22T11:52:43.896+0000] {dag.py:4180} INFO - Setting next_dagrun for example_xcom to 2021-01-01 00:00:00+00:00, run_after=2021-01-01 00:00:00+00:00
[2024-11-22T11:52:43.923+0000] {processor.py:208} INFO - Processing /home/airflow/.local/lib/python3.12/site-packages/airflow/example_dags/example_xcom.py took 0.125 seconds
[2024-11-22T11:53:14.014+0000] {processor.py:186} INFO - Started process (PID=655) to work on /home/airflow/.local/lib/python3.12/site-packages/airflow/example_dags/example_xcom.py
[2024-11-22T11:53:14.014+0000] {processor.py:914} INFO - Processing file /home/airflow/.local/lib/python3.12/site-packages/airflow/example_dags/example_xcom.py for tasks to queue
[2024-11-22T11:53:14.016+0000] {logging_mixin.py:190} INFO - [2024-11-22T11:53:14.016+0000] {dagbag.py:588} INFO - Filling up the DagBag from /home/airflow/.local/lib/python3.12/site-packages/airflow/example_dags/example_xcom.py
[2024-11-22T11:53:14.025+0000] {processor.py:925} INFO - DAG(s) 'example_xcom' retrieved from /home/airflow/.local/lib/python3.12/site-packages/airflow/example_dags/example_xcom.py
[2024-11-22T11:53:14.044+0000] {logging_mixin.py:190} INFO - [2024-11-22T11:53:14.044+0000] {dag.py:3239} INFO - Sync 1 DAGs
[2024-11-22T11:53:14.065+0000] {logging_mixin.py:190} INFO - [2024-11-22T11:53:14.064+0000] {dag.py:4180} INFO - Setting next_dagrun for example_xcom to 2021-01-01 00:00:00+00:00, run_after=2021-01-01 00:00:00+00:00
[2024-11-22T11:53:14.081+0000] {processor.py:208} INFO - Processing /home/airflow/.local/lib/python3.12/site-packages/airflow/example_dags/example_xcom.py took 0.073 seconds
[2024-11-22T11:53:44.945+0000] {processor.py:186} INFO - Started process (PID=718) to work on /home/airflow/.local/lib/python3.12/site-packages/airflow/example_dags/example_xcom.py
[2024-11-22T11:53:44.946+0000] {processor.py:914} INFO - Processing file /home/airflow/.local/lib/python3.12/site-packages/airflow/example_dags/example_xcom.py for tasks to queue
[2024-11-22T11:53:44.947+0000] {logging_mixin.py:190} INFO - [2024-11-22T11:53:44.947+0000] {dagbag.py:588} INFO - Filling up the DagBag from /home/airflow/.local/lib/python3.12/site-packages/airflow/example_dags/example_xcom.py
[2024-11-22T11:53:44.955+0000] {processor.py:925} INFO - DAG(s) 'example_xcom' retrieved from /home/airflow/.local/lib/python3.12/site-packages/airflow/example_dags/example_xcom.py
[2024-11-22T11:53:44.979+0000] {logging_mixin.py:190} INFO - [2024-11-22T11:53:44.979+0000] {dag.py:3239} INFO - Sync 1 DAGs
[2024-11-22T11:53:45.017+0000] {logging_mixin.py:190} INFO - [2024-11-22T11:53:45.017+0000] {dag.py:4180} INFO - Setting next_dagrun for example_xcom to 2021-01-01 00:00:00+00:00, run_after=2021-01-01 00:00:00+00:00
[2024-11-22T11:53:45.055+0000] {processor.py:208} INFO - Processing /home/airflow/.local/lib/python3.12/site-packages/airflow/example_dags/example_xcom.py took 0.115 seconds
[2024-11-22T11:54:15.354+0000] {processor.py:186} INFO - Started process (PID=781) to work on /home/airflow/.local/lib/python3.12/site-packages/airflow/example_dags/example_xcom.py
[2024-11-22T11:54:15.355+0000] {processor.py:914} INFO - Processing file /home/airflow/.local/lib/python3.12/site-packages/airflow/example_dags/example_xcom.py for tasks to queue
[2024-11-22T11:54:15.357+0000] {logging_mixin.py:190} INFO - [2024-11-22T11:54:15.357+0000] {dagbag.py:588} INFO - Filling up the DagBag from /home/airflow/.local/lib/python3.12/site-packages/airflow/example_dags/example_xcom.py
[2024-11-22T11:54:15.366+0000] {processor.py:925} INFO - DAG(s) 'example_xcom' retrieved from /home/airflow/.local/lib/python3.12/site-packages/airflow/example_dags/example_xcom.py
[2024-11-22T11:54:15.385+0000] {logging_mixin.py:190} INFO - [2024-11-22T11:54:15.385+0000] {dag.py:3239} INFO - Sync 1 DAGs
[2024-11-22T11:54:15.407+0000] {logging_mixin.py:190} INFO - [2024-11-22T11:54:15.407+0000] {dag.py:4180} INFO - Setting next_dagrun for example_xcom to 2021-01-01 00:00:00+00:00, run_after=2021-01-01 00:00:00+00:00
[2024-11-22T11:54:15.425+0000] {processor.py:208} INFO - Processing /home/airflow/.local/lib/python3.12/site-packages/airflow/example_dags/example_xcom.py took 0.076 seconds
[2024-11-22T11:54:46.060+0000] {processor.py:186} INFO - Started process (PID=844) to work on /home/airflow/.local/lib/python3.12/site-packages/airflow/example_dags/example_xcom.py
[2024-11-22T11:54:46.060+0000] {processor.py:914} INFO - Processing file /home/airflow/.local/lib/python3.12/site-packages/airflow/example_dags/example_xcom.py for tasks to queue
[2024-11-22T11:54:46.062+0000] {logging_mixin.py:190} INFO - [2024-11-22T11:54:46.062+0000] {dagbag.py:588} INFO - Filling up the DagBag from /home/airflow/.local/lib/python3.12/site-packages/airflow/example_dags/example_xcom.py
[2024-11-22T11:54:46.070+0000] {processor.py:925} INFO - DAG(s) 'example_xcom' retrieved from /home/airflow/.local/lib/python3.12/site-packages/airflow/example_dags/example_xcom.py
[2024-11-22T11:54:46.089+0000] {logging_mixin.py:190} INFO - [2024-11-22T11:54:46.089+0000] {dag.py:3239} INFO - Sync 1 DAGs
[2024-11-22T11:54:46.110+0000] {logging_mixin.py:190} INFO - [2024-11-22T11:54:46.110+0000] {dag.py:4180} INFO - Setting next_dagrun for example_xcom to 2021-01-01 00:00:00+00:00, run_after=2021-01-01 00:00:00+00:00
[2024-11-22T11:54:46.126+0000] {processor.py:208} INFO - Processing /home/airflow/.local/lib/python3.12/site-packages/airflow/example_dags/example_xcom.py took 0.071 seconds
[2024-11-22T11:55:16.750+0000] {processor.py:186} INFO - Started process (PID=907) to work on /home/airflow/.local/lib/python3.12/site-packages/airflow/example_dags/example_xcom.py
[2024-11-22T11:55:16.751+0000] {processor.py:914} INFO - Processing file /home/airflow/.local/lib/python3.12/site-packages/airflow/example_dags/example_xcom.py for tasks to queue
[2024-11-22T11:55:16.752+0000] {logging_mixin.py:190} INFO - [2024-11-22T11:55:16.752+0000] {dagbag.py:588} INFO - Filling up the DagBag from /home/airflow/.local/lib/python3.12/site-packages/airflow/example_dags/example_xcom.py
[2024-11-22T11:55:16.760+0000] {processor.py:925} INFO - DAG(s) 'example_xcom' retrieved from /home/airflow/.local/lib/python3.12/site-packages/airflow/example_dags/example_xcom.py
[2024-11-22T11:55:16.778+0000] {logging_mixin.py:190} INFO - [2024-11-22T11:55:16.777+0000] {dag.py:3239} INFO - Sync 1 DAGs
[2024-11-22T11:55:16.800+0000] {logging_mixin.py:190} INFO - [2024-11-22T11:55:16.799+0000] {dag.py:4180} INFO - Setting next_dagrun for example_xcom to 2021-01-01 00:00:00+00:00, run_after=2021-01-01 00:00:00+00:00
[2024-11-22T11:55:16.816+0000] {processor.py:208} INFO - Processing /home/airflow/.local/lib/python3.12/site-packages/airflow/example_dags/example_xcom.py took 0.072 seconds
[2024-11-22T11:55:47.696+0000] {processor.py:186} INFO - Started process (PID=970) to work on /home/airflow/.local/lib/python3.12/site-packages/airflow/example_dags/example_xcom.py
[2024-11-22T11:55:47.698+0000] {processor.py:914} INFO - Processing file /home/airflow/.local/lib/python3.12/site-packages/airflow/example_dags/example_xcom.py for tasks to queue
[2024-11-22T11:55:47.706+0000] {logging_mixin.py:190} INFO - [2024-11-22T11:55:47.705+0000] {dagbag.py:588} INFO - Filling up the DagBag from /home/airflow/.local/lib/python3.12/site-packages/airflow/example_dags/example_xcom.py
[2024-11-22T11:55:47.725+0000] {processor.py:925} INFO - DAG(s) 'example_xcom' retrieved from /home/airflow/.local/lib/python3.12/site-packages/airflow/example_dags/example_xcom.py
[2024-11-22T11:55:47.758+0000] {logging_mixin.py:190} INFO - [2024-11-22T11:55:47.758+0000] {dag.py:3239} INFO - Sync 1 DAGs
[2024-11-22T11:55:47.797+0000] {logging_mixin.py:190} INFO - [2024-11-22T11:55:47.796+0000] {dag.py:4180} INFO - Setting next_dagrun for example_xcom to 2021-01-01 00:00:00+00:00, run_after=2021-01-01 00:00:00+00:00
[2024-11-22T11:55:47.829+0000] {processor.py:208} INFO - Processing /home/airflow/.local/lib/python3.12/site-packages/airflow/example_dags/example_xcom.py took 0.144 seconds
[2024-11-22T11:56:17.917+0000] {processor.py:186} INFO - Started process (PID=1033) to work on /home/airflow/.local/lib/python3.12/site-packages/airflow/example_dags/example_xcom.py
[2024-11-22T11:56:17.918+0000] {processor.py:914} INFO - Processing file /home/airflow/.local/lib/python3.12/site-packages/airflow/example_dags/example_xcom.py for tasks to queue
[2024-11-22T11:56:17.921+0000] {logging_mixin.py:190} INFO - [2024-11-22T11:56:17.921+0000] {dagbag.py:588} INFO - Filling up the DagBag from /home/airflow/.local/lib/python3.12/site-packages/airflow/example_dags/example_xcom.py
[2024-11-22T11:56:17.934+0000] {processor.py:925} INFO - DAG(s) 'example_xcom' retrieved from /home/airflow/.local/lib/python3.12/site-packages/airflow/example_dags/example_xcom.py
[2024-11-22T11:56:17.967+0000] {logging_mixin.py:190} INFO - [2024-11-22T11:56:17.966+0000] {dag.py:3239} INFO - Sync 1 DAGs
[2024-11-22T11:56:18.003+0000] {logging_mixin.py:190} INFO - [2024-11-22T11:56:18.003+0000] {dag.py:4180} INFO - Setting next_dagrun for example_xcom to 2021-01-01 00:00:00+00:00, run_after=2021-01-01 00:00:00+00:00
[2024-11-22T11:56:18.030+0000] {processor.py:208} INFO - Processing /home/airflow/.local/lib/python3.12/site-packages/airflow/example_dags/example_xcom.py took 0.122 seconds
[2024-11-22T11:56:48.257+0000] {processor.py:186} INFO - Started process (PID=1096) to work on /home/airflow/.local/lib/python3.12/site-packages/airflow/example_dags/example_xcom.py
[2024-11-22T11:56:48.258+0000] {processor.py:914} INFO - Processing file /home/airflow/.local/lib/python3.12/site-packages/airflow/example_dags/example_xcom.py for tasks to queue
[2024-11-22T11:56:48.260+0000] {logging_mixin.py:190} INFO - [2024-11-22T11:56:48.260+0000] {dagbag.py:588} INFO - Filling up the DagBag from /home/airflow/.local/lib/python3.12/site-packages/airflow/example_dags/example_xcom.py
[2024-11-22T11:56:48.272+0000] {processor.py:925} INFO - DAG(s) 'example_xcom' retrieved from /home/airflow/.local/lib/python3.12/site-packages/airflow/example_dags/example_xcom.py
[2024-11-22T11:56:48.299+0000] {logging_mixin.py:190} INFO - [2024-11-22T11:56:48.298+0000] {dag.py:3239} INFO - Sync 1 DAGs
[2024-11-22T11:56:48.325+0000] {logging_mixin.py:190} INFO - [2024-11-22T11:56:48.325+0000] {dag.py:4180} INFO - Setting next_dagrun for example_xcom to 2021-01-01 00:00:00+00:00, run_after=2021-01-01 00:00:00+00:00
[2024-11-22T11:56:48.343+0000] {processor.py:208} INFO - Processing /home/airflow/.local/lib/python3.12/site-packages/airflow/example_dags/example_xcom.py took 0.096 seconds
