[2024-11-22T11:48:40.252+0000] {processor.py:186} INFO - Started process (PID=99) to work on /home/airflow/.local/lib/python3.12/site-packages/airflow/example_dags/tutorial.py
[2024-11-22T11:48:40.253+0000] {processor.py:914} INFO - Processing file /home/airflow/.local/lib/python3.12/site-packages/airflow/example_dags/tutorial.py for tasks to queue
[2024-11-22T11:48:40.255+0000] {logging_mixin.py:190} INFO - [2024-11-22T11:48:40.254+0000] {dagbag.py:588} INFO - Filling up the DagBag from /home/airflow/.local/lib/python3.12/site-packages/airflow/example_dags/tutorial.py
[2024-11-22T11:48:40.262+0000] {processor.py:925} INFO - DAG(s) 'tutorial' retrieved from /home/airflow/.local/lib/python3.12/site-packages/airflow/example_dags/tutorial.py
[2024-11-22T11:48:40.357+0000] {logging_mixin.py:190} INFO - [2024-11-22T11:48:40.357+0000] {override.py:1911} INFO - Created Permission View: can delete on DAG:tutorial
[2024-11-22T11:48:40.366+0000] {logging_mixin.py:190} INFO - [2024-11-22T11:48:40.366+0000] {override.py:1911} INFO - Created Permission View: can edit on DAG:tutorial
[2024-11-22T11:48:40.373+0000] {logging_mixin.py:190} INFO - [2024-11-22T11:48:40.372+0000] {override.py:1911} INFO - Created Permission View: can read on DAG:tutorial
[2024-11-22T11:48:40.379+0000] {logging_mixin.py:190} INFO - [2024-11-22T11:48:40.379+0000] {override.py:1911} INFO - Created Permission View: can delete on DAG Run:tutorial
[2024-11-22T11:48:40.385+0000] {logging_mixin.py:190} INFO - [2024-11-22T11:48:40.385+0000] {override.py:1911} INFO - Created Permission View: menu access on DAG Run:tutorial
[2024-11-22T11:48:40.391+0000] {logging_mixin.py:190} INFO - [2024-11-22T11:48:40.391+0000] {override.py:1911} INFO - Created Permission View: can create on DAG Run:tutorial
[2024-11-22T11:48:40.397+0000] {logging_mixin.py:190} INFO - [2024-11-22T11:48:40.396+0000] {override.py:1911} INFO - Created Permission View: can read on DAG Run:tutorial
[2024-11-22T11:48:40.397+0000] {logging_mixin.py:190} INFO - [2024-11-22T11:48:40.397+0000] {dag.py:3239} INFO - Sync 1 DAGs
[2024-11-22T11:48:40.409+0000] {logging_mixin.py:190} INFO - [2024-11-22T11:48:40.408+0000] {dag.py:3262} INFO - Creating ORM DAG for tutorial
[2024-11-22T11:48:40.418+0000] {logging_mixin.py:190} INFO - [2024-11-22T11:48:40.418+0000] {dag.py:4180} INFO - Setting next_dagrun for tutorial to 2024-11-21 00:00:00+00:00, run_after=2024-11-22 00:00:00+00:00
[2024-11-22T11:48:40.435+0000] {processor.py:208} INFO - Processing /home/airflow/.local/lib/python3.12/site-packages/airflow/example_dags/tutorial.py took 0.189 seconds
[2024-11-22T11:49:10.637+0000] {processor.py:186} INFO - Started process (PID=161) to work on /home/airflow/.local/lib/python3.12/site-packages/airflow/example_dags/tutorial.py
[2024-11-22T11:49:10.637+0000] {processor.py:914} INFO - Processing file /home/airflow/.local/lib/python3.12/site-packages/airflow/example_dags/tutorial.py for tasks to queue
[2024-11-22T11:49:10.639+0000] {logging_mixin.py:190} INFO - [2024-11-22T11:49:10.639+0000] {dagbag.py:588} INFO - Filling up the DagBag from /home/airflow/.local/lib/python3.12/site-packages/airflow/example_dags/tutorial.py
[2024-11-22T11:49:10.645+0000] {processor.py:925} INFO - DAG(s) 'tutorial' retrieved from /home/airflow/.local/lib/python3.12/site-packages/airflow/example_dags/tutorial.py
[2024-11-22T11:49:10.661+0000] {logging_mixin.py:190} INFO - [2024-11-22T11:49:10.661+0000] {dag.py:3239} INFO - Sync 1 DAGs
[2024-11-22T11:49:10.682+0000] {logging_mixin.py:190} INFO - [2024-11-22T11:49:10.681+0000] {dag.py:4180} INFO - Setting next_dagrun for tutorial to 2024-11-21 00:00:00+00:00, run_after=2024-11-22 00:00:00+00:00
[2024-11-22T11:49:10.698+0000] {processor.py:208} INFO - Processing /home/airflow/.local/lib/python3.12/site-packages/airflow/example_dags/tutorial.py took 0.066 seconds
[2024-11-22T11:49:41.053+0000] {processor.py:186} INFO - Started process (PID=223) to work on /home/airflow/.local/lib/python3.12/site-packages/airflow/example_dags/tutorial.py
[2024-11-22T11:49:41.054+0000] {processor.py:914} INFO - Processing file /home/airflow/.local/lib/python3.12/site-packages/airflow/example_dags/tutorial.py for tasks to queue
[2024-11-22T11:49:41.055+0000] {logging_mixin.py:190} INFO - [2024-11-22T11:49:41.055+0000] {dagbag.py:588} INFO - Filling up the DagBag from /home/airflow/.local/lib/python3.12/site-packages/airflow/example_dags/tutorial.py
[2024-11-22T11:49:41.062+0000] {processor.py:925} INFO - DAG(s) 'tutorial' retrieved from /home/airflow/.local/lib/python3.12/site-packages/airflow/example_dags/tutorial.py
[2024-11-22T11:49:41.078+0000] {logging_mixin.py:190} INFO - [2024-11-22T11:49:41.078+0000] {dag.py:3239} INFO - Sync 1 DAGs
[2024-11-22T11:49:41.101+0000] {logging_mixin.py:190} INFO - [2024-11-22T11:49:41.100+0000] {dag.py:4180} INFO - Setting next_dagrun for tutorial to 2024-11-21 00:00:00+00:00, run_after=2024-11-22 00:00:00+00:00
[2024-11-22T11:49:41.118+0000] {processor.py:208} INFO - Processing /home/airflow/.local/lib/python3.12/site-packages/airflow/example_dags/tutorial.py took 0.071 seconds
[2024-11-22T11:50:12.386+0000] {processor.py:186} INFO - Started process (PID=287) to work on /home/airflow/.local/lib/python3.12/site-packages/airflow/example_dags/tutorial.py
[2024-11-22T11:50:12.388+0000] {processor.py:914} INFO - Processing file /home/airflow/.local/lib/python3.12/site-packages/airflow/example_dags/tutorial.py for tasks to queue
[2024-11-22T11:50:12.393+0000] {logging_mixin.py:190} INFO - [2024-11-22T11:50:12.391+0000] {dagbag.py:588} INFO - Filling up the DagBag from /home/airflow/.local/lib/python3.12/site-packages/airflow/example_dags/tutorial.py
[2024-11-22T11:50:12.410+0000] {processor.py:925} INFO - DAG(s) 'tutorial' retrieved from /home/airflow/.local/lib/python3.12/site-packages/airflow/example_dags/tutorial.py
[2024-11-22T11:50:12.452+0000] {logging_mixin.py:190} INFO - [2024-11-22T11:50:12.452+0000] {dag.py:3239} INFO - Sync 1 DAGs
[2024-11-22T11:50:12.506+0000] {logging_mixin.py:190} INFO - [2024-11-22T11:50:12.505+0000] {dag.py:4180} INFO - Setting next_dagrun for tutorial to 2024-11-21 00:00:00+00:00, run_after=2024-11-22 00:00:00+00:00
[2024-11-22T11:50:12.545+0000] {processor.py:208} INFO - Processing /home/airflow/.local/lib/python3.12/site-packages/airflow/example_dags/tutorial.py took 0.168 seconds
[2024-11-22T11:50:43.439+0000] {processor.py:186} INFO - Started process (PID=350) to work on /home/airflow/.local/lib/python3.12/site-packages/airflow/example_dags/tutorial.py
[2024-11-22T11:50:43.442+0000] {processor.py:914} INFO - Processing file /home/airflow/.local/lib/python3.12/site-packages/airflow/example_dags/tutorial.py for tasks to queue
[2024-11-22T11:50:43.444+0000] {logging_mixin.py:190} INFO - [2024-11-22T11:50:43.444+0000] {dagbag.py:588} INFO - Filling up the DagBag from /home/airflow/.local/lib/python3.12/site-packages/airflow/example_dags/tutorial.py
[2024-11-22T11:50:43.451+0000] {processor.py:925} INFO - DAG(s) 'tutorial' retrieved from /home/airflow/.local/lib/python3.12/site-packages/airflow/example_dags/tutorial.py
[2024-11-22T11:50:43.468+0000] {logging_mixin.py:190} INFO - [2024-11-22T11:50:43.467+0000] {dag.py:3239} INFO - Sync 1 DAGs
[2024-11-22T11:50:43.488+0000] {logging_mixin.py:190} INFO - [2024-11-22T11:50:43.488+0000] {dag.py:4180} INFO - Setting next_dagrun for tutorial to 2024-11-21 00:00:00+00:00, run_after=2024-11-22 00:00:00+00:00
[2024-11-22T11:50:43.503+0000] {processor.py:208} INFO - Processing /home/airflow/.local/lib/python3.12/site-packages/airflow/example_dags/tutorial.py took 0.069 seconds
[2024-11-22T11:51:14.483+0000] {processor.py:186} INFO - Started process (PID=413) to work on /home/airflow/.local/lib/python3.12/site-packages/airflow/example_dags/tutorial.py
[2024-11-22T11:51:14.486+0000] {processor.py:914} INFO - Processing file /home/airflow/.local/lib/python3.12/site-packages/airflow/example_dags/tutorial.py for tasks to queue
[2024-11-22T11:51:14.488+0000] {logging_mixin.py:190} INFO - [2024-11-22T11:51:14.487+0000] {dagbag.py:588} INFO - Filling up the DagBag from /home/airflow/.local/lib/python3.12/site-packages/airflow/example_dags/tutorial.py
[2024-11-22T11:51:14.494+0000] {processor.py:925} INFO - DAG(s) 'tutorial' retrieved from /home/airflow/.local/lib/python3.12/site-packages/airflow/example_dags/tutorial.py
[2024-11-22T11:51:14.514+0000] {logging_mixin.py:190} INFO - [2024-11-22T11:51:14.513+0000] {dag.py:3239} INFO - Sync 1 DAGs
[2024-11-22T11:51:14.537+0000] {logging_mixin.py:190} INFO - [2024-11-22T11:51:14.537+0000] {dag.py:4180} INFO - Setting next_dagrun for tutorial to 2024-11-21 00:00:00+00:00, run_after=2024-11-22 00:00:00+00:00
[2024-11-22T11:51:14.552+0000] {processor.py:208} INFO - Processing /home/airflow/.local/lib/python3.12/site-packages/airflow/example_dags/tutorial.py took 0.075 seconds
[2024-11-22T11:51:45.472+0000] {processor.py:186} INFO - Started process (PID=476) to work on /home/airflow/.local/lib/python3.12/site-packages/airflow/example_dags/tutorial.py
[2024-11-22T11:51:45.477+0000] {processor.py:914} INFO - Processing file /home/airflow/.local/lib/python3.12/site-packages/airflow/example_dags/tutorial.py for tasks to queue
[2024-11-22T11:51:45.479+0000] {logging_mixin.py:190} INFO - [2024-11-22T11:51:45.478+0000] {dagbag.py:588} INFO - Filling up the DagBag from /home/airflow/.local/lib/python3.12/site-packages/airflow/example_dags/tutorial.py
[2024-11-22T11:51:45.485+0000] {processor.py:925} INFO - DAG(s) 'tutorial' retrieved from /home/airflow/.local/lib/python3.12/site-packages/airflow/example_dags/tutorial.py
[2024-11-22T11:51:45.507+0000] {logging_mixin.py:190} INFO - [2024-11-22T11:51:45.507+0000] {dag.py:3239} INFO - Sync 1 DAGs
[2024-11-22T11:51:45.535+0000] {logging_mixin.py:190} INFO - [2024-11-22T11:51:45.535+0000] {dag.py:4180} INFO - Setting next_dagrun for tutorial to 2024-11-21 00:00:00+00:00, run_after=2024-11-22 00:00:00+00:00
[2024-11-22T11:51:45.551+0000] {processor.py:208} INFO - Processing /home/airflow/.local/lib/python3.12/site-packages/airflow/example_dags/tutorial.py took 0.083 seconds
[2024-11-22T11:52:15.714+0000] {processor.py:186} INFO - Started process (PID=539) to work on /home/airflow/.local/lib/python3.12/site-packages/airflow/example_dags/tutorial.py
[2024-11-22T11:52:15.715+0000] {processor.py:914} INFO - Processing file /home/airflow/.local/lib/python3.12/site-packages/airflow/example_dags/tutorial.py for tasks to queue
[2024-11-22T11:52:15.717+0000] {logging_mixin.py:190} INFO - [2024-11-22T11:52:15.717+0000] {dagbag.py:588} INFO - Filling up the DagBag from /home/airflow/.local/lib/python3.12/site-packages/airflow/example_dags/tutorial.py
[2024-11-22T11:52:15.726+0000] {processor.py:925} INFO - DAG(s) 'tutorial' retrieved from /home/airflow/.local/lib/python3.12/site-packages/airflow/example_dags/tutorial.py
[2024-11-22T11:52:15.744+0000] {logging_mixin.py:190} INFO - [2024-11-22T11:52:15.744+0000] {dag.py:3239} INFO - Sync 1 DAGs
[2024-11-22T11:52:15.766+0000] {logging_mixin.py:190} INFO - [2024-11-22T11:52:15.766+0000] {dag.py:4180} INFO - Setting next_dagrun for tutorial to 2024-11-21 00:00:00+00:00, run_after=2024-11-22 00:00:00+00:00
[2024-11-22T11:52:15.781+0000] {processor.py:208} INFO - Processing /home/airflow/.local/lib/python3.12/site-packages/airflow/example_dags/tutorial.py took 0.074 seconds
[2024-11-22T11:52:46.345+0000] {processor.py:186} INFO - Started process (PID=602) to work on /home/airflow/.local/lib/python3.12/site-packages/airflow/example_dags/tutorial.py
[2024-11-22T11:52:46.346+0000] {processor.py:914} INFO - Processing file /home/airflow/.local/lib/python3.12/site-packages/airflow/example_dags/tutorial.py for tasks to queue
[2024-11-22T11:52:46.347+0000] {logging_mixin.py:190} INFO - [2024-11-22T11:52:46.347+0000] {dagbag.py:588} INFO - Filling up the DagBag from /home/airflow/.local/lib/python3.12/site-packages/airflow/example_dags/tutorial.py
[2024-11-22T11:52:46.356+0000] {processor.py:925} INFO - DAG(s) 'tutorial' retrieved from /home/airflow/.local/lib/python3.12/site-packages/airflow/example_dags/tutorial.py
[2024-11-22T11:52:46.375+0000] {logging_mixin.py:190} INFO - [2024-11-22T11:52:46.374+0000] {dag.py:3239} INFO - Sync 1 DAGs
[2024-11-22T11:52:46.398+0000] {logging_mixin.py:190} INFO - [2024-11-22T11:52:46.398+0000] {dag.py:4180} INFO - Setting next_dagrun for tutorial to 2024-11-21 00:00:00+00:00, run_after=2024-11-22 00:00:00+00:00
[2024-11-22T11:52:46.419+0000] {processor.py:208} INFO - Processing /home/airflow/.local/lib/python3.12/site-packages/airflow/example_dags/tutorial.py took 0.079 seconds
[2024-11-22T11:53:16.665+0000] {processor.py:186} INFO - Started process (PID=665) to work on /home/airflow/.local/lib/python3.12/site-packages/airflow/example_dags/tutorial.py
[2024-11-22T11:53:16.666+0000] {processor.py:914} INFO - Processing file /home/airflow/.local/lib/python3.12/site-packages/airflow/example_dags/tutorial.py for tasks to queue
[2024-11-22T11:53:16.669+0000] {logging_mixin.py:190} INFO - [2024-11-22T11:53:16.668+0000] {dagbag.py:588} INFO - Filling up the DagBag from /home/airflow/.local/lib/python3.12/site-packages/airflow/example_dags/tutorial.py
[2024-11-22T11:53:16.677+0000] {processor.py:925} INFO - DAG(s) 'tutorial' retrieved from /home/airflow/.local/lib/python3.12/site-packages/airflow/example_dags/tutorial.py
[2024-11-22T11:53:16.694+0000] {logging_mixin.py:190} INFO - [2024-11-22T11:53:16.694+0000] {dag.py:3239} INFO - Sync 1 DAGs
[2024-11-22T11:53:16.716+0000] {logging_mixin.py:190} INFO - [2024-11-22T11:53:16.715+0000] {dag.py:4180} INFO - Setting next_dagrun for tutorial to 2024-11-21 00:00:00+00:00, run_after=2024-11-22 00:00:00+00:00
[2024-11-22T11:53:16.731+0000] {processor.py:208} INFO - Processing /home/airflow/.local/lib/python3.12/site-packages/airflow/example_dags/tutorial.py took 0.074 seconds
[2024-11-22T11:53:47.514+0000] {processor.py:186} INFO - Started process (PID=728) to work on /home/airflow/.local/lib/python3.12/site-packages/airflow/example_dags/tutorial.py
[2024-11-22T11:53:47.515+0000] {processor.py:914} INFO - Processing file /home/airflow/.local/lib/python3.12/site-packages/airflow/example_dags/tutorial.py for tasks to queue
[2024-11-22T11:53:47.517+0000] {logging_mixin.py:190} INFO - [2024-11-22T11:53:47.517+0000] {dagbag.py:588} INFO - Filling up the DagBag from /home/airflow/.local/lib/python3.12/site-packages/airflow/example_dags/tutorial.py
[2024-11-22T11:53:47.525+0000] {processor.py:925} INFO - DAG(s) 'tutorial' retrieved from /home/airflow/.local/lib/python3.12/site-packages/airflow/example_dags/tutorial.py
[2024-11-22T11:53:47.548+0000] {logging_mixin.py:190} INFO - [2024-11-22T11:53:47.548+0000] {dag.py:3239} INFO - Sync 1 DAGs
[2024-11-22T11:53:47.574+0000] {logging_mixin.py:190} INFO - [2024-11-22T11:53:47.574+0000] {dag.py:4180} INFO - Setting next_dagrun for tutorial to 2024-11-21 00:00:00+00:00, run_after=2024-11-22 00:00:00+00:00
[2024-11-22T11:53:47.592+0000] {processor.py:208} INFO - Processing /home/airflow/.local/lib/python3.12/site-packages/airflow/example_dags/tutorial.py took 0.083 seconds
[2024-11-22T11:54:17.890+0000] {processor.py:186} INFO - Started process (PID=791) to work on /home/airflow/.local/lib/python3.12/site-packages/airflow/example_dags/tutorial.py
[2024-11-22T11:54:17.894+0000] {processor.py:914} INFO - Processing file /home/airflow/.local/lib/python3.12/site-packages/airflow/example_dags/tutorial.py for tasks to queue
[2024-11-22T11:54:17.896+0000] {logging_mixin.py:190} INFO - [2024-11-22T11:54:17.895+0000] {dagbag.py:588} INFO - Filling up the DagBag from /home/airflow/.local/lib/python3.12/site-packages/airflow/example_dags/tutorial.py
[2024-11-22T11:54:17.902+0000] {processor.py:925} INFO - DAG(s) 'tutorial' retrieved from /home/airflow/.local/lib/python3.12/site-packages/airflow/example_dags/tutorial.py
[2024-11-22T11:54:17.920+0000] {logging_mixin.py:190} INFO - [2024-11-22T11:54:17.920+0000] {dag.py:3239} INFO - Sync 1 DAGs
[2024-11-22T11:54:17.942+0000] {logging_mixin.py:190} INFO - [2024-11-22T11:54:17.941+0000] {dag.py:4180} INFO - Setting next_dagrun for tutorial to 2024-11-21 00:00:00+00:00, run_after=2024-11-22 00:00:00+00:00
[2024-11-22T11:54:17.956+0000] {processor.py:208} INFO - Processing /home/airflow/.local/lib/python3.12/site-packages/airflow/example_dags/tutorial.py took 0.072 seconds
[2024-11-22T11:54:48.539+0000] {processor.py:186} INFO - Started process (PID=854) to work on /home/airflow/.local/lib/python3.12/site-packages/airflow/example_dags/tutorial.py
[2024-11-22T11:54:48.543+0000] {processor.py:914} INFO - Processing file /home/airflow/.local/lib/python3.12/site-packages/airflow/example_dags/tutorial.py for tasks to queue
[2024-11-22T11:54:48.544+0000] {logging_mixin.py:190} INFO - [2024-11-22T11:54:48.544+0000] {dagbag.py:588} INFO - Filling up the DagBag from /home/airflow/.local/lib/python3.12/site-packages/airflow/example_dags/tutorial.py
[2024-11-22T11:54:48.551+0000] {processor.py:925} INFO - DAG(s) 'tutorial' retrieved from /home/airflow/.local/lib/python3.12/site-packages/airflow/example_dags/tutorial.py
[2024-11-22T11:54:48.568+0000] {logging_mixin.py:190} INFO - [2024-11-22T11:54:48.567+0000] {dag.py:3239} INFO - Sync 1 DAGs
[2024-11-22T11:54:48.589+0000] {logging_mixin.py:190} INFO - [2024-11-22T11:54:48.589+0000] {dag.py:4180} INFO - Setting next_dagrun for tutorial to 2024-11-21 00:00:00+00:00, run_after=2024-11-22 00:00:00+00:00
[2024-11-22T11:54:48.604+0000] {processor.py:208} INFO - Processing /home/airflow/.local/lib/python3.12/site-packages/airflow/example_dags/tutorial.py took 0.070 seconds
[2024-11-22T11:55:19.221+0000] {processor.py:186} INFO - Started process (PID=917) to work on /home/airflow/.local/lib/python3.12/site-packages/airflow/example_dags/tutorial.py
[2024-11-22T11:55:19.222+0000] {processor.py:914} INFO - Processing file /home/airflow/.local/lib/python3.12/site-packages/airflow/example_dags/tutorial.py for tasks to queue
[2024-11-22T11:55:19.224+0000] {logging_mixin.py:190} INFO - [2024-11-22T11:55:19.224+0000] {dagbag.py:588} INFO - Filling up the DagBag from /home/airflow/.local/lib/python3.12/site-packages/airflow/example_dags/tutorial.py
[2024-11-22T11:55:19.231+0000] {processor.py:925} INFO - DAG(s) 'tutorial' retrieved from /home/airflow/.local/lib/python3.12/site-packages/airflow/example_dags/tutorial.py
[2024-11-22T11:55:19.247+0000] {logging_mixin.py:190} INFO - [2024-11-22T11:55:19.246+0000] {dag.py:3239} INFO - Sync 1 DAGs
[2024-11-22T11:55:19.267+0000] {logging_mixin.py:190} INFO - [2024-11-22T11:55:19.267+0000] {dag.py:4180} INFO - Setting next_dagrun for tutorial to 2024-11-21 00:00:00+00:00, run_after=2024-11-22 00:00:00+00:00
[2024-11-22T11:55:19.281+0000] {processor.py:208} INFO - Processing /home/airflow/.local/lib/python3.12/site-packages/airflow/example_dags/tutorial.py took 0.064 seconds
[2024-11-22T11:55:49.570+0000] {processor.py:186} INFO - Started process (PID=980) to work on /home/airflow/.local/lib/python3.12/site-packages/airflow/example_dags/tutorial.py
[2024-11-22T11:55:49.573+0000] {processor.py:914} INFO - Processing file /home/airflow/.local/lib/python3.12/site-packages/airflow/example_dags/tutorial.py for tasks to queue
[2024-11-22T11:55:49.582+0000] {logging_mixin.py:190} INFO - [2024-11-22T11:55:49.581+0000] {dagbag.py:588} INFO - Filling up the DagBag from /home/airflow/.local/lib/python3.12/site-packages/airflow/example_dags/tutorial.py
[2024-11-22T11:55:49.607+0000] {processor.py:925} INFO - DAG(s) 'tutorial' retrieved from /home/airflow/.local/lib/python3.12/site-packages/airflow/example_dags/tutorial.py
[2024-11-22T11:55:49.658+0000] {logging_mixin.py:190} INFO - [2024-11-22T11:55:49.657+0000] {dag.py:3239} INFO - Sync 1 DAGs
[2024-11-22T11:55:49.704+0000] {logging_mixin.py:190} INFO - [2024-11-22T11:55:49.704+0000] {dag.py:4180} INFO - Setting next_dagrun for tutorial to 2024-11-21 00:00:00+00:00, run_after=2024-11-22 00:00:00+00:00
[2024-11-22T11:55:49.720+0000] {processor.py:208} INFO - Processing /home/airflow/.local/lib/python3.12/site-packages/airflow/example_dags/tutorial.py took 0.172 seconds
[2024-11-22T11:56:20.539+0000] {processor.py:186} INFO - Started process (PID=1043) to work on /home/airflow/.local/lib/python3.12/site-packages/airflow/example_dags/tutorial.py
[2024-11-22T11:56:20.544+0000] {processor.py:914} INFO - Processing file /home/airflow/.local/lib/python3.12/site-packages/airflow/example_dags/tutorial.py for tasks to queue
[2024-11-22T11:56:20.546+0000] {logging_mixin.py:190} INFO - [2024-11-22T11:56:20.545+0000] {dagbag.py:588} INFO - Filling up the DagBag from /home/airflow/.local/lib/python3.12/site-packages/airflow/example_dags/tutorial.py
[2024-11-22T11:56:20.552+0000] {processor.py:925} INFO - DAG(s) 'tutorial' retrieved from /home/airflow/.local/lib/python3.12/site-packages/airflow/example_dags/tutorial.py
[2024-11-22T11:56:20.570+0000] {logging_mixin.py:190} INFO - [2024-11-22T11:56:20.570+0000] {dag.py:3239} INFO - Sync 1 DAGs
[2024-11-22T11:56:20.591+0000] {logging_mixin.py:190} INFO - [2024-11-22T11:56:20.591+0000] {dag.py:4180} INFO - Setting next_dagrun for tutorial to 2024-11-21 00:00:00+00:00, run_after=2024-11-22 00:00:00+00:00
[2024-11-22T11:56:20.606+0000] {processor.py:208} INFO - Processing /home/airflow/.local/lib/python3.12/site-packages/airflow/example_dags/tutorial.py took 0.072 seconds
[2024-11-22T11:56:50.889+0000] {processor.py:186} INFO - Started process (PID=1106) to work on /home/airflow/.local/lib/python3.12/site-packages/airflow/example_dags/tutorial.py
[2024-11-22T11:56:50.890+0000] {processor.py:914} INFO - Processing file /home/airflow/.local/lib/python3.12/site-packages/airflow/example_dags/tutorial.py for tasks to queue
[2024-11-22T11:56:50.893+0000] {logging_mixin.py:190} INFO - [2024-11-22T11:56:50.892+0000] {dagbag.py:588} INFO - Filling up the DagBag from /home/airflow/.local/lib/python3.12/site-packages/airflow/example_dags/tutorial.py
[2024-11-22T11:56:50.903+0000] {processor.py:925} INFO - DAG(s) 'tutorial' retrieved from /home/airflow/.local/lib/python3.12/site-packages/airflow/example_dags/tutorial.py
[2024-11-22T11:56:50.931+0000] {logging_mixin.py:190} INFO - [2024-11-22T11:56:50.930+0000] {dag.py:3239} INFO - Sync 1 DAGs
[2024-11-22T11:56:50.959+0000] {logging_mixin.py:190} INFO - [2024-11-22T11:56:50.958+0000] {dag.py:4180} INFO - Setting next_dagrun for tutorial to 2024-11-21 00:00:00+00:00, run_after=2024-11-22 00:00:00+00:00
[2024-11-22T11:56:50.979+0000] {processor.py:208} INFO - Processing /home/airflow/.local/lib/python3.12/site-packages/airflow/example_dags/tutorial.py took 0.099 seconds
