[2024-11-22T13:04:03.279+0000] {local_task_job_runner.py:123} INFO - ::group::Pre task execution logs
[2024-11-22T13:04:03.358+0000] {taskinstance.py:2613} INFO - Dependencies all met for dep_context=non-requeueable deps ti=<TaskInstance: fetch_and_store_amazon_books.fetch_book_data scheduled__2024-06-24T00:00:00+00:00 [queued]>
[2024-11-22T13:04:03.392+0000] {taskinstance.py:2613} INFO - Dependencies all met for dep_context=requeueable deps ti=<TaskInstance: fetch_and_store_amazon_books.fetch_book_data scheduled__2024-06-24T00:00:00+00:00 [queued]>
[2024-11-22T13:04:03.392+0000] {taskinstance.py:2866} INFO - Starting attempt 1 of 2
[2024-11-22T13:04:03.446+0000] {taskinstance.py:2889} INFO - Executing <Task(PythonOperator): fetch_book_data> on 2024-06-24 00:00:00+00:00
[2024-11-22T13:04:03.672+0000] {warnings.py:112} WARNING - /home/***/.local/lib/python3.12/site-packages/***/task/task_runner/standard_task_runner.py:70: DeprecationWarning: This process (pid=329) is multi-threaded, use of fork() may lead to deadlocks in the child.
  pid = os.fork()

[2024-11-22T13:04:03.676+0000] {standard_task_runner.py:72} INFO - Started process 353 to run task
[2024-11-22T13:04:03.689+0000] {standard_task_runner.py:104} INFO - Running: ['***', 'tasks', 'run', 'fetch_and_store_amazon_books', 'fetch_book_data', 'scheduled__2024-06-24T00:00:00+00:00', '--job-id', '10', '--raw', '--subdir', 'DAGS_FOLDER/dag.py', '--cfg-path', '/tmp/tmp3npv6zmh']
[2024-11-22T13:04:03.691+0000] {standard_task_runner.py:105} INFO - Job 10: Subtask fetch_book_data
[2024-11-22T13:04:04.113+0000] {task_command.py:467} INFO - Running <TaskInstance: fetch_and_store_amazon_books.fetch_book_data scheduled__2024-06-24T00:00:00+00:00 [running]> on host cda6774c7b37
[2024-11-22T13:04:05.462+0000] {taskinstance.py:3132} INFO - Exporting env vars: AIRFLOW_CTX_DAG_OWNER='***' AIRFLOW_CTX_DAG_ID='fetch_and_store_amazon_books' AIRFLOW_CTX_TASK_ID='fetch_book_data' AIRFLOW_CTX_EXECUTION_DATE='2024-06-24T00:00:00+00:00' AIRFLOW_CTX_TRY_NUMBER='1' AIRFLOW_CTX_DAG_RUN_ID='scheduled__2024-06-24T00:00:00+00:00'
[2024-11-22T13:04:05.493+0000] {logging_mixin.py:190} INFO - Task instance is in running state
[2024-11-22T13:04:05.536+0000] {logging_mixin.py:190} INFO -  Previous state of the Task instance: queued
[2024-11-22T13:04:05.536+0000] {logging_mixin.py:190} INFO - Current task name:fetch_book_data state:running start_date:2024-11-22 13:04:03.359185+00:00
[2024-11-22T13:04:05.537+0000] {logging_mixin.py:190} INFO - Dag name:fetch_and_store_amazon_books and current dag run status:running
[2024-11-22T13:04:05.537+0000] {taskinstance.py:731} INFO - ::endgroup::
[2024-11-22T13:04:19.506+0000] {job.py:229} INFO - Heartbeat recovered after 21.15 seconds
[2024-11-22T13:04:20.084+0000] {logging_mixin.py:190} INFO - Failed to retrieve the page
[2024-11-22T13:04:20.445+0000] {python.py:240} INFO - Done. Returned value was: None
[2024-11-22T13:04:20.518+0000] {taskinstance.py:340} INFO - ::group::Post task execution logs
[2024-11-22T13:04:20.520+0000] {taskinstance.py:352} INFO - Marking task as SUCCESS. dag_id=fetch_and_store_amazon_books, task_id=fetch_book_data, run_id=scheduled__2024-06-24T00:00:00+00:00, execution_date=20240624T000000, start_date=20241122T130403, end_date=20241122T130420
[2024-11-22T13:04:20.575+0000] {logging_mixin.py:190} INFO - Task instance in success state
[2024-11-22T13:04:20.575+0000] {logging_mixin.py:190} INFO -  Previous state of the Task instance: running
[2024-11-22T13:04:20.576+0000] {logging_mixin.py:190} INFO - Dag name:fetch_and_store_amazon_books queued_at:2024-11-22 13:03:06.167162+00:00
[2024-11-22T13:04:20.576+0000] {logging_mixin.py:190} INFO - Task hostname:cda6774c7b37 operator:PythonOperator
[2024-11-22T13:04:20.669+0000] {local_task_job_runner.py:266} INFO - Task exited with return code 0
[2024-11-22T13:04:20.741+0000] {local_task_job_runner.py:245} INFO - ::endgroup::
