[2024-11-22T13:04:49.112+0000] {local_task_job_runner.py:123} INFO - ::group::Pre task execution logs
[2024-11-22T13:05:10.523+0000] {taskinstance.py:2613} INFO - Dependencies all met for dep_context=non-requeueable deps ti=<TaskInstance: fetch_and_store_amazon_books.create_table scheduled__2024-06-20T00:00:00+00:00 [queued]>
[2024-11-22T13:05:10.640+0000] {taskinstance.py:2613} INFO - Dependencies all met for dep_context=requeueable deps ti=<TaskInstance: fetch_and_store_amazon_books.create_table scheduled__2024-06-20T00:00:00+00:00 [queued]>
[2024-11-22T13:05:10.641+0000] {taskinstance.py:2866} INFO - Starting attempt 1 of 2
[2024-11-22T13:05:10.718+0000] {taskinstance.py:2889} INFO - Executing <Task(PostgresOperator): create_table> on 2024-06-20 00:00:00+00:00
[2024-11-22T13:05:10.785+0000] {warnings.py:112} WARNING - /home/***/.local/lib/python3.12/site-packages/***/task/task_runner/standard_task_runner.py:70: DeprecationWarning: This process (pid=388) is multi-threaded, use of fork() may lead to deadlocks in the child.
  pid = os.fork()

[2024-11-22T13:05:10.790+0000] {standard_task_runner.py:72} INFO - Started process 425 to run task
[2024-11-22T13:05:10.785+0000] {standard_task_runner.py:104} INFO - Running: ['***', 'tasks', 'run', 'fetch_and_store_amazon_books', 'create_table', 'scheduled__2024-06-20T00:00:00+00:00', '--job-id', '30', '--raw', '--subdir', 'DAGS_FOLDER/dag.py', '--cfg-path', '/tmp/tmpwe02rdjf']
[2024-11-22T13:05:10.805+0000] {standard_task_runner.py:105} INFO - Job 30: Subtask create_table
[2024-11-22T13:05:11.178+0000] {task_command.py:467} INFO - Running <TaskInstance: fetch_and_store_amazon_books.create_table scheduled__2024-06-20T00:00:00+00:00 [running]> on host cda6774c7b37
[2024-11-22T13:05:11.454+0000] {taskinstance.py:3132} INFO - Exporting env vars: AIRFLOW_CTX_DAG_OWNER='***' AIRFLOW_CTX_DAG_ID='fetch_and_store_amazon_books' AIRFLOW_CTX_TASK_ID='create_table' AIRFLOW_CTX_EXECUTION_DATE='2024-06-20T00:00:00+00:00' AIRFLOW_CTX_TRY_NUMBER='1' AIRFLOW_CTX_DAG_RUN_ID='scheduled__2024-06-20T00:00:00+00:00'
[2024-11-22T13:05:11.456+0000] {logging_mixin.py:190} INFO - Task instance is in running state
[2024-11-22T13:05:11.464+0000] {logging_mixin.py:190} INFO -  Previous state of the Task instance: queued
[2024-11-22T13:05:11.464+0000] {logging_mixin.py:190} INFO - Current task name:create_table state:running start_date:2024-11-22 13:05:10.527555+00:00
[2024-11-22T13:05:11.465+0000] {logging_mixin.py:190} INFO - Dag name:fetch_and_store_amazon_books and current dag run status:running
[2024-11-22T13:05:11.465+0000] {taskinstance.py:731} INFO - ::endgroup::
[2024-11-22T13:05:11.470+0000] {sql.py:278} INFO - Executing: 
    CREATE TABLE IF NOT EXISTS books (
        id SERIAL PRIMARY KEY,
        title TEXT NOT NULL,
        authors TEXT,
        price TEXT,
        rating TEXT
    );
    
[2024-11-22T13:05:11.512+0000] {base.py:84} INFO - Retrieving connection 'books_connection'
[2024-11-22T13:05:11.549+0000] {base.py:84} INFO - Retrieving connection 'books_connection'
[2024-11-22T13:05:11.601+0000] {sql.py:544} INFO - Running statement: 
    CREATE TABLE IF NOT EXISTS books (
        id SERIAL PRIMARY KEY,
        title TEXT NOT NULL,
        authors TEXT,
        price TEXT,
        rating TEXT
    );
    , parameters: None
[2024-11-22T13:05:11.754+0000] {taskinstance.py:340} INFO - ::group::Post task execution logs
[2024-11-22T13:05:11.756+0000] {taskinstance.py:352} INFO - Marking task as SUCCESS. dag_id=fetch_and_store_amazon_books, task_id=create_table, run_id=scheduled__2024-06-20T00:00:00+00:00, execution_date=20240620T000000, start_date=20241122T130510, end_date=20241122T130511
[2024-11-22T13:05:11.794+0000] {logging_mixin.py:190} INFO - Task instance in success state
[2024-11-22T13:05:11.794+0000] {logging_mixin.py:190} INFO -  Previous state of the Task instance: running
[2024-11-22T13:05:11.798+0000] {logging_mixin.py:190} INFO - Dag name:fetch_and_store_amazon_books queued_at:2024-11-22 13:03:03.734714+00:00
[2024-11-22T13:05:11.804+0000] {logging_mixin.py:190} INFO - Task hostname:cda6774c7b37 operator:PostgresOperator
[2024-11-22T13:05:11.886+0000] {local_task_job_runner.py:266} INFO - Task exited with return code 0
[2024-11-22T13:05:12.165+0000] {taskinstance.py:3895} INFO - 1 downstream tasks scheduled from follow-on schedule check
[2024-11-22T13:05:12.177+0000] {local_task_job_runner.py:245} INFO - ::endgroup::
