[2024-11-22T13:04:04.714+0000] {local_task_job_runner.py:123} INFO - ::group::Pre task execution logs
[2024-11-22T13:04:04.781+0000] {taskinstance.py:2613} INFO - Dependencies all met for dep_context=non-requeueable deps ti=<TaskInstance: fetch_and_store_amazon_books.fetch_book_data scheduled__2024-06-29T00:00:00+00:00 [queued]>
[2024-11-22T13:04:04.801+0000] {taskinstance.py:2613} INFO - Dependencies all met for dep_context=requeueable deps ti=<TaskInstance: fetch_and_store_amazon_books.fetch_book_data scheduled__2024-06-29T00:00:00+00:00 [queued]>
[2024-11-22T13:04:04.802+0000] {taskinstance.py:2866} INFO - Starting attempt 1 of 2
[2024-11-22T13:04:04.853+0000] {taskinstance.py:2889} INFO - Executing <Task(PythonOperator): fetch_book_data> on 2024-06-29 00:00:00+00:00
[2024-11-22T13:04:04.933+0000] {warnings.py:112} WARNING - /home/***/.local/lib/python3.12/site-packages/***/task/task_runner/standard_task_runner.py:70: DeprecationWarning: This process (pid=340) is multi-threaded, use of fork() may lead to deadlocks in the child.
  pid = os.fork()

[2024-11-22T13:04:04.936+0000] {standard_task_runner.py:72} INFO - Started process 357 to run task
[2024-11-22T13:04:04.955+0000] {standard_task_runner.py:104} INFO - Running: ['***', 'tasks', 'run', 'fetch_and_store_amazon_books', 'fetch_book_data', 'scheduled__2024-06-29T00:00:00+00:00', '--job-id', '19', '--raw', '--subdir', 'DAGS_FOLDER/dag.py', '--cfg-path', '/tmp/tmpp_j_435x']
[2024-11-22T13:04:04.984+0000] {standard_task_runner.py:105} INFO - Job 19: Subtask fetch_book_data
[2024-11-22T13:04:05.676+0000] {task_command.py:467} INFO - Running <TaskInstance: fetch_and_store_amazon_books.fetch_book_data scheduled__2024-06-29T00:00:00+00:00 [running]> on host cda6774c7b37
[2024-11-22T13:04:19.833+0000] {job.py:229} INFO - Heartbeat recovered after 15.45 seconds
[2024-11-22T13:04:20.098+0000] {taskinstance.py:3132} INFO - Exporting env vars: AIRFLOW_CTX_DAG_OWNER='***' AIRFLOW_CTX_DAG_ID='fetch_and_store_amazon_books' AIRFLOW_CTX_TASK_ID='fetch_book_data' AIRFLOW_CTX_EXECUTION_DATE='2024-06-29T00:00:00+00:00' AIRFLOW_CTX_TRY_NUMBER='1' AIRFLOW_CTX_DAG_RUN_ID='scheduled__2024-06-29T00:00:00+00:00'
[2024-11-22T13:04:20.101+0000] {logging_mixin.py:190} INFO - Task instance is in running state
[2024-11-22T13:04:20.101+0000] {logging_mixin.py:190} INFO -  Previous state of the Task instance: queued
[2024-11-22T13:04:20.102+0000] {logging_mixin.py:190} INFO - Current task name:fetch_book_data state:running start_date:2024-11-22 13:04:04.782226+00:00
[2024-11-22T13:04:20.102+0000] {logging_mixin.py:190} INFO - Dag name:fetch_and_store_amazon_books and current dag run status:running
[2024-11-22T13:04:20.103+0000] {taskinstance.py:731} INFO - ::endgroup::
[2024-11-22T13:04:20.441+0000] {logging_mixin.py:190} INFO - Failed to retrieve the page
[2024-11-22T13:04:20.635+0000] {python.py:240} INFO - Done. Returned value was: None
[2024-11-22T13:04:20.754+0000] {taskinstance.py:340} INFO - ::group::Post task execution logs
[2024-11-22T13:04:20.764+0000] {taskinstance.py:352} INFO - Marking task as SUCCESS. dag_id=fetch_and_store_amazon_books, task_id=fetch_book_data, run_id=scheduled__2024-06-29T00:00:00+00:00, execution_date=20240629T000000, start_date=20241122T130404, end_date=20241122T130420
[2024-11-22T13:04:20.800+0000] {logging_mixin.py:190} INFO - Task instance in success state
[2024-11-22T13:04:20.801+0000] {logging_mixin.py:190} INFO -  Previous state of the Task instance: running
[2024-11-22T13:04:20.801+0000] {logging_mixin.py:190} INFO - Dag name:fetch_and_store_amazon_books queued_at:2024-11-22 13:03:07.985830+00:00
[2024-11-22T13:04:20.802+0000] {logging_mixin.py:190} INFO - Task hostname:cda6774c7b37 operator:PythonOperator
[2024-11-22T13:04:20.922+0000] {local_task_job_runner.py:266} INFO - Task exited with return code 0
[2024-11-22T13:04:20.970+0000] {local_task_job_runner.py:245} INFO - ::endgroup::
